[2025-03-11 13:24:34,468] [INFO] Starting node at localhost:30167 | index=168 | f=1, k=4 | Role: Replica
[2025-03-11 13:24:42,612] [INFO] [30167] Received PREPARE: id:1741667081917, from:30074, delay:0.0000s, distance:200.18m (Euclidean)
[2025-03-11 13:24:42,612] [INFO] [30167] Missing PRE-PREPARE for REQUEST 1741667081917; ignoring PREPARE
[2025-03-11 13:24:42,738] [INFO] [30167] Received PREPARE: id:1741667081917, from:30041, delay:0.0000s, distance:200.32m (Euclidean)
[2025-03-11 13:24:42,738] [INFO] [30167] Missing PRE-PREPARE for REQUEST 1741667081917; ignoring PREPARE
[2025-03-11 13:24:42,843] [INFO] [30167] Received PREPARE: id:1741667081917, from:30013, delay:0.0000s, distance:299.32m (Euclidean)
[2025-03-11 13:24:42,843] [INFO] [30167] Missing PRE-PREPARE for REQUEST 1741667081917; ignoring PREPARE
[2025-03-11 13:24:43,222] [INFO] [30167] Received PREPARE: id:1741667081917, from:30086, delay:0.0000s, distance:38.65m (Euclidean)
[2025-03-11 13:24:43,222] [INFO] [30167] Missing PRE-PREPARE for REQUEST 1741667081917; ignoring PREPARE
[2025-03-11 13:24:43,268] [INFO] [30167] Received COMMIT: id:1741667081917, from:30041, delay:0.0000s, distance:200.32m (Euclidean)
[2025-03-11 13:24:43,543] [INFO] [30167] Received PREPARE: id:1741667081917, from:30011, delay:0.0000s, distance:200.74m (Euclidean)
[2025-03-11 13:24:43,543] [INFO] [30167] Missing PRE-PREPARE for REQUEST 1741667081917; ignoring PREPARE
[2025-03-11 13:24:43,562] [INFO] [30167] Received COMMIT: id:1741667081917, from:30086, delay:0.0000s, distance:38.65m (Euclidean)
[2025-03-11 13:24:44,352] [INFO] [30167] Received PREPARE: id:1741667081917, from:30161, delay:0.0000s, distance:190.67m (Euclidean)
[2025-03-11 13:24:44,352] [INFO] [30167] Missing PRE-PREPARE for REQUEST 1741667081917; ignoring PREPARE
[2025-03-11 13:24:44,396] [INFO] [30167] Received COMMIT: id:1741667081917, from:30161, delay:0.0000s, distance:190.67m (Euclidean)
[2025-03-11 13:24:44,743] [INFO] [30167] Received COMMIT: id:1741667081917, from:30013, delay:0.0000s, distance:299.32m (Euclidean)
[2025-03-11 13:24:44,824] [INFO] [30167] Received PREPARE: id:1741667081917, from:30080, delay:0.0001s, distance:154.39m (Euclidean)
[2025-03-11 13:24:44,824] [INFO] [30167] Missing PRE-PREPARE for REQUEST 1741667081917; ignoring PREPARE
[2025-03-11 13:24:44,824] [INFO] [30167] Received COMMIT: id:1741667081917, from:30080, delay:0.0001s, distance:154.39m (Euclidean)
[2025-03-11 13:24:44,875] [INFO] [30167] Received PREPARE: id:1741667081917, from:30028, delay:0.0001s, distance:182.80m (Euclidean)
[2025-03-11 13:24:44,875] [INFO] [30167] Missing PRE-PREPARE for REQUEST 1741667081917; ignoring PREPARE
[2025-03-11 13:24:45,089] [INFO] [30167] Received COMMIT: id:1741667081917, from:30011, delay:0.0000s, distance:200.74m (Euclidean)
[2025-03-11 13:24:45,208] [INFO] [30167] Received PREPARE: id:1741667081917, from:30059, delay:0.0002s, distance:255.65m (Euclidean)
[2025-03-11 13:24:45,208] [INFO] [30167] Missing PRE-PREPARE for REQUEST 1741667081917; ignoring PREPARE
[2025-03-11 13:24:45,208] [INFO] [30167] Received PREPARE: id:1741667081917, from:30048, delay:0.0000s, distance:123.14m (Euclidean)
[2025-03-11 13:24:45,208] [INFO] [30167] Missing PRE-PREPARE for REQUEST 1741667081917; ignoring PREPARE
[2025-03-11 13:24:45,208] [INFO] [30167] Received COMMIT: id:1741667081917, from:30048, delay:0.0000s, distance:123.14m (Euclidean)
[2025-03-11 13:24:45,212] [INFO] [30167] Received COMMIT: id:1741667081917, from:30059, delay:0.0002s, distance:255.65m (Euclidean)
[2025-03-11 13:24:45,242] [INFO] [30167] Received PREPARE: id:1741667081917, from:30029, delay:0.0002s, distance:282.74m (Euclidean)
[2025-03-11 13:24:45,242] [INFO] [30167] Missing PRE-PREPARE for REQUEST 1741667081917; ignoring PREPARE
[2025-03-11 13:24:45,317] [INFO] [30167] Received PREPARE: id:1741667081917, from:30083, delay:0.0002s, distance:279.36m (Euclidean)
[2025-03-11 13:24:45,317] [INFO] [30167] Missing PRE-PREPARE for REQUEST 1741667081917; ignoring PREPARE
[2025-03-11 13:24:45,347] [INFO] [30167] Received COMMIT: id:1741667081917, from:30083, delay:0.0002s, distance:279.36m (Euclidean)
[2025-03-11 13:24:45,495] [INFO] [30167] Received COMMIT: id:1741667081917, from:30029, delay:0.0002s, distance:282.74m (Euclidean)
[2025-03-11 13:24:45,693] [INFO] [30167] Received COMMIT: id:1741667081917, from:30028, delay:0.0001s, distance:182.80m (Euclidean)
[2025-03-11 13:24:46,012] [INFO] [30167] Received PREPARE: id:1741667081917, from:30003, delay:0.0000s, distance:80.50m (Euclidean)
[2025-03-11 13:24:46,012] [INFO] [30167] Missing PRE-PREPARE for REQUEST 1741667081917; ignoring PREPARE
[2025-03-11 13:24:46,012] [INFO] [30167] Received COMMIT: id:1741667081917, from:30003, delay:0.0000s, distance:80.50m (Euclidean)
[2025-03-11 13:24:46,085] [INFO] [30167] Received COMMIT: id:1741667081917, from:30074, delay:0.0000s, distance:200.18m (Euclidean)
[2025-03-11 13:24:46,181] [INFO] [30167] Received PREPARE: id:1741667081917, from:30045, delay:0.0002s, distance:255.64m (Euclidean)
[2025-03-11 13:24:46,181] [INFO] [30167] Missing PRE-PREPARE for REQUEST 1741667081917; ignoring PREPARE
[2025-03-11 13:24:46,181] [INFO] [30167] Received COMMIT: id:1741667081917, from:30045, delay:0.0002s, distance:255.64m (Euclidean)
[2025-03-11 13:24:46,247] [INFO] [30167] Received PREPARE: id:1741667081917, from:30005, delay:0.0000s, distance:139.03m (Euclidean)
[2025-03-11 13:24:46,274] [INFO] [30167] Missing PRE-PREPARE for REQUEST 1741667081917; ignoring PREPARE
[2025-03-11 13:24:46,274] [INFO] [30167] Received COMMIT: id:1741667081917, from:30005, delay:0.0000s, distance:139.03m (Euclidean)
[2025-03-11 13:24:46,290] [INFO] [30167] Received PREPARE: id:1741667081917, from:30042, delay:0.0001s, distance:274.99m (Euclidean)
[2025-03-11 13:24:46,290] [INFO] [30167] Missing PRE-PREPARE for REQUEST 1741667081917; ignoring PREPARE
[2025-03-11 13:24:46,338] [INFO] [30167] Received PREPARE: id:1741667081917, from:30070, delay:0.0001s, distance:226.35m (Euclidean)
[2025-03-11 13:24:46,338] [INFO] [30167] Missing PRE-PREPARE for REQUEST 1741667081917; ignoring PREPARE
[2025-03-11 13:24:46,338] [INFO] [30167] Received COMMIT: id:1741667081917, from:30070, delay:0.0001s, distance:226.35m (Euclidean)
[2025-03-11 13:24:46,361] [INFO] [30167] Received PREPARE: id:1741667081917, from:30190, delay:0.0001s, distance:195.45m (Euclidean)
[2025-03-11 13:24:46,361] [INFO] [30167] Missing PRE-PREPARE for REQUEST 1741667081917; ignoring PREPARE
[2025-03-11 13:24:46,361] [INFO] [30167] Received COMMIT: id:1741667081917, from:30190, delay:0.0001s, distance:195.45m (Euclidean)
[2025-03-11 13:24:46,389] [INFO] [30167] Received PREPARE: id:1741667081917, from:30095, delay:0.0002s, distance:257.54m (Euclidean)
[2025-03-11 13:24:46,389] [INFO] [30167] Missing PRE-PREPARE for REQUEST 1741667081917; ignoring PREPARE
[2025-03-11 13:24:46,389] [INFO] [30167] Received COMMIT: id:1741667081917, from:30095, delay:0.0002s, distance:257.54m (Euclidean)
[2025-03-11 13:24:46,496] [INFO] [30167] Received PREPARE: id:1741667081917, from:30039, delay:0.0002s, distance:295.49m (Euclidean)
[2025-03-11 13:24:46,496] [INFO] [30167] Missing PRE-PREPARE for REQUEST 1741667081917; ignoring PREPARE
[2025-03-11 13:24:46,532] [INFO] [30167] Received PREPARE: id:1741667081917, from:30017, delay:0.0001s, distance:151.78m (Euclidean)
[2025-03-11 13:24:46,532] [INFO] [30167] Missing PRE-PREPARE for REQUEST 1741667081917; ignoring PREPARE
[2025-03-11 13:24:46,532] [INFO] [30167] Received COMMIT: id:1741667081917, from:30017, delay:0.0001s, distance:151.78m (Euclidean)
[2025-03-11 13:24:46,700] [INFO] [30167] Received PREPARE: id:1741667081917, from:30098, delay:0.0001s, distance:228.69m (Euclidean)
[2025-03-11 13:24:46,700] [INFO] [30167] Missing PRE-PREPARE for REQUEST 1741667081917; ignoring PREPARE
[2025-03-11 13:24:46,700] [INFO] [30167] Received COMMIT: id:1741667081917, from:30098, delay:0.0001s, distance:228.69m (Euclidean)
[2025-03-11 13:24:46,724] [INFO] [30167] Received COMMIT: id:1741667081917, from:30042, delay:0.0001s, distance:274.99m (Euclidean)
[2025-03-11 13:24:46,737] [INFO] [30167] Received PREPARE: id:1741667081917, from:30034, delay:0.0001s, distance:210.18m (Euclidean)
[2025-03-11 13:24:46,737] [INFO] [30167] Missing PRE-PREPARE for REQUEST 1741667081917; ignoring PREPARE
[2025-03-11 13:24:46,747] [INFO] [30167] Received COMMIT: id:1741667081917, from:30039, delay:0.0002s, distance:295.49m (Euclidean)
[2025-03-11 13:24:46,849] [INFO] [30167] Received PREPARE: id:1741667081917, from:30064, delay:0.0001s, distance:187.18m (Euclidean)
[2025-03-11 13:24:46,849] [INFO] [30167] Missing PRE-PREPARE for REQUEST 1741667081917; ignoring PREPARE
[2025-03-11 13:24:46,849] [INFO] [30167] Received COMMIT: id:1741667081917, from:30064, delay:0.0001s, distance:187.18m (Euclidean)
[2025-03-11 13:24:46,854] [INFO] [30167] Received PREPARE: id:1741667081917, from:30058, delay:0.0002s, distance:295.88m (Euclidean)
[2025-03-11 13:24:46,854] [INFO] [30167] Missing PRE-PREPARE for REQUEST 1741667081917; ignoring PREPARE
[2025-03-11 13:24:46,854] [INFO] [30167] Received COMMIT: id:1741667081917, from:30058, delay:0.0002s, distance:295.88m (Euclidean)
[2025-03-11 13:24:47,018] [INFO] [30167] Received PREPARE: id:1741667081917, from:30091, delay:0.0001s, distance:202.95m (Euclidean)
[2025-03-11 13:24:47,018] [INFO] [30167] Missing PRE-PREPARE for REQUEST 1741667081917; ignoring PREPARE
[2025-03-11 13:24:47,018] [INFO] [30167] Received PREPARE: id:1741667081917, from:30033, delay:0.0001s, distance:151.47m (Euclidean)
[2025-03-11 13:24:47,018] [INFO] [30167] Missing PRE-PREPARE for REQUEST 1741667081917; ignoring PREPARE
[2025-03-11 13:24:47,018] [INFO] [30167] Received COMMIT: id:1741667081917, from:30033, delay:0.0001s, distance:151.47m (Euclidean)
[2025-03-11 13:24:47,018] [INFO] [30167] Received COMMIT: id:1741667081917, from:30093, delay:0.0002s, distance:268.14m (Euclidean)
[2025-03-11 13:24:47,018] [INFO] [30167] Received COMMIT: id:1741667081917, from:30091, delay:0.0001s, distance:202.95m (Euclidean)
[2025-03-11 13:24:47,018] [INFO] [30167] Received PREPARE: id:1741667081917, from:30093, delay:0.0002s, distance:268.14m (Euclidean)
[2025-03-11 13:24:47,018] [INFO] [30167] Missing PRE-PREPARE for REQUEST 1741667081917; ignoring PREPARE
[2025-03-11 13:24:47,085] [INFO] [30167] Received PREPARE: id:1741667081917, from:30026, delay:0.0001s, distance:202.78m (Euclidean)
[2025-03-11 13:24:47,085] [INFO] [30167] Missing PRE-PREPARE for REQUEST 1741667081917; ignoring PREPARE
[2025-03-11 13:24:47,085] [INFO] [30167] Received COMMIT: id:1741667081917, from:30026, delay:0.0001s, distance:202.78m (Euclidean)
[2025-03-11 13:24:47,206] [INFO] [30167] Received PREPARE: id:1741667081917, from:30084, delay:0.0001s, distance:232.92m (Euclidean)
[2025-03-11 13:24:47,206] [INFO] [30167] Missing PRE-PREPARE for REQUEST 1741667081917; ignoring PREPARE
[2025-03-11 13:24:47,207] [INFO] [30167] Received COMMIT: id:1741667081917, from:30084, delay:0.0001s, distance:232.92m (Euclidean)
[2025-03-11 13:24:47,304] [INFO] [30167] Received PREPARE: id:1741667081917, from:30094, delay:0.0002s, distance:283.51m (Euclidean)
[2025-03-11 13:24:47,304] [INFO] [30167] Missing PRE-PREPARE for REQUEST 1741667081917; ignoring PREPARE
[2025-03-11 13:24:47,304] [INFO] [30167] Received COMMIT: id:1741667081917, from:30094, delay:0.0002s, distance:283.51m (Euclidean)
[2025-03-11 13:24:47,322] [INFO] [30167] Received PREPARE: id:1741667081917, from:30096, delay:0.0001s, distance:212.93m (Euclidean)
[2025-03-11 13:24:47,322] [INFO] [30167] Missing PRE-PREPARE for REQUEST 1741667081917; ignoring PREPARE
[2025-03-11 13:24:47,322] [INFO] [30167] Received COMMIT: id:1741667081917, from:30096, delay:0.0001s, distance:212.93m (Euclidean)
[2025-03-11 13:24:47,514] [INFO] [30167] Received PREPARE: id:1741667081917, from:30075, delay:0.0002s, distance:284.02m (Euclidean)
[2025-03-11 13:24:47,514] [INFO] [30167] Missing PRE-PREPARE for REQUEST 1741667081917; ignoring PREPARE
[2025-03-11 13:24:47,514] [INFO] [30167] Received COMMIT: id:1741667081917, from:30075, delay:0.0002s, distance:284.02m (Euclidean)
[2025-03-11 13:24:47,566] [INFO] [30167] Received PREPARE: id:1741667081917, from:30099, delay:0.0001s, distance:211.11m (Euclidean)
[2025-03-11 13:24:47,566] [INFO] [30167] Missing PRE-PREPARE for REQUEST 1741667081917; ignoring PREPARE
[2025-03-11 13:24:47,566] [INFO] [30167] Received COMMIT: id:1741667081917, from:30099, delay:0.0001s, distance:211.11m (Euclidean)
[2025-03-11 13:24:47,663] [INFO] [30167] Received PREPARE: id:1741667081917, from:30085, delay:0.0001s, distance:247.85m (Euclidean)
[2025-03-11 13:24:47,663] [INFO] [30167] Missing PRE-PREPARE for REQUEST 1741667081917; ignoring PREPARE
[2025-03-11 13:24:47,663] [INFO] [30167] Received COMMIT: id:1741667081917, from:30085, delay:0.0001s, distance:247.85m (Euclidean)
[2025-03-11 13:24:47,750] [INFO] [30167] Received PREPARE: id:1741667081917, from:30053, delay:0.0001s, distance:220.80m (Euclidean)
[2025-03-11 13:24:47,750] [INFO] [30167] Missing PRE-PREPARE for REQUEST 1741667081917; ignoring PREPARE
[2025-03-11 13:24:47,752] [INFO] [30167] Received COMMIT: id:1741667081917, from:30053, delay:0.0001s, distance:220.80m (Euclidean)
[2025-03-11 13:24:48,038] [INFO] [30167] Received PREPARE: id:1741667081917, from:30073, delay:0.0002s, distance:287.78m (Euclidean)
[2025-03-11 13:24:48,038] [INFO] [30167] Missing PRE-PREPARE for REQUEST 1741667081917; ignoring PREPARE
[2025-03-11 13:24:48,040] [INFO] [30167] Received PREPARE: id:1741667081917, from:30055, delay:0.0001s, distance:240.79m (Euclidean)
[2025-03-11 13:24:48,040] [INFO] [30167] Missing PRE-PREPARE for REQUEST 1741667081917; ignoring PREPARE
[2025-03-11 13:24:48,040] [INFO] [30167] Received COMMIT: id:1741667081917, from:30010, delay:0.0002s, distance:273.99m (Euclidean)
[2025-03-11 13:24:48,040] [INFO] [30167] Received COMMIT: id:1741667081917, from:30055, delay:0.0001s, distance:240.79m (Euclidean)
[2025-03-11 13:24:48,040] [INFO] [30167] Received COMMIT: id:1741667081917, from:30089, delay:0.0002s, distance:290.36m (Euclidean)
[2025-03-11 13:24:48,040] [INFO] [30167] Received COMMIT: id:1741667081917, from:30073, delay:0.0002s, distance:287.78m (Euclidean)
[2025-03-11 13:24:48,040] [INFO] [30167] Received PREPARE: id:1741667081917, from:30010, delay:0.0002s, distance:273.99m (Euclidean)
[2025-03-11 13:24:48,040] [INFO] [30167] Missing PRE-PREPARE for REQUEST 1741667081917; ignoring PREPARE
[2025-03-11 13:24:48,042] [INFO] [30167] Received PREPARE: id:1741667081917, from:30027, delay:0.0002s, distance:265.70m (Euclidean)
[2025-03-11 13:24:48,042] [INFO] [30167] Missing PRE-PREPARE for REQUEST 1741667081917; ignoring PREPARE
[2025-03-11 13:24:48,042] [INFO] [30167] Received PREPARE: id:1741667081917, from:30089, delay:0.0002s, distance:290.36m (Euclidean)
[2025-03-11 13:24:48,042] [INFO] [30167] Missing PRE-PREPARE for REQUEST 1741667081917; ignoring PREPARE
[2025-03-11 13:24:48,042] [INFO] [30167] Received COMMIT: id:1741667081917, from:30027, delay:0.0002s, distance:265.70m (Euclidean)
[2025-03-11 13:24:48,070] [INFO] [30167] Received PREPARE: id:1741667081917, from:30007, delay:0.0000s, distance:186.13m (Euclidean)
[2025-03-11 13:24:48,070] [INFO] [30167] Missing PRE-PREPARE for REQUEST 1741667081917; ignoring PREPARE
[2025-03-11 13:24:48,074] [INFO] [30167] Received COMMIT: id:1741667081917, from:30007, delay:0.0000s, distance:186.13m (Euclidean)
[2025-03-11 13:24:48,205] [INFO] [30167] Received PREPARE: id:1741667081917, from:30100, delay:0.0001s, distance:181.98m (Euclidean)
[2025-03-11 13:24:48,205] [INFO] [30167] Missing PRE-PREPARE for REQUEST 1741667081917; ignoring PREPARE
[2025-03-11 13:24:48,205] [INFO] [30167] Received COMMIT: id:1741667081917, from:30100, delay:0.0001s, distance:181.98m (Euclidean)
[2025-03-11 13:24:48,376] [INFO] [30167] Received PREPARE: id:1741667081917, from:30103, delay:0.0000s, distance:136.11m (Euclidean)
[2025-03-11 13:24:48,376] [INFO] [30167] Missing PRE-PREPARE for REQUEST 1741667081917; ignoring PREPARE
[2025-03-11 13:24:48,376] [INFO] [30167] Received PREPARE: id:1741667081917, from:30037, delay:0.0001s, distance:231.68m (Euclidean)
[2025-03-11 13:24:48,376] [INFO] [30167] Missing PRE-PREPARE for REQUEST 1741667081917; ignoring PREPARE
[2025-03-11 13:24:48,376] [INFO] [30167] Received COMMIT: id:1741667081917, from:30103, delay:0.0000s, distance:136.11m (Euclidean)
[2025-03-11 13:24:48,376] [INFO] [30167] Received COMMIT: id:1741667081917, from:30037, delay:0.0001s, distance:231.68m (Euclidean)
[2025-03-11 13:24:48,570] [INFO] [30167] Received PREPARE: id:1741667081917, from:30002, delay:0.0001s, distance:228.43m (Euclidean)
[2025-03-11 13:24:48,570] [INFO] [30167] Missing PRE-PREPARE for REQUEST 1741667081917; ignoring PREPARE
[2025-03-11 13:24:48,570] [INFO] [30167] Received COMMIT: id:1741667081917, from:30002, delay:0.0001s, distance:228.43m (Euclidean)
[2025-03-11 13:24:48,593] [INFO] [30167] Received PREPARE: id:1741667081917, from:30040, delay:0.0001s, distance:216.18m (Euclidean)
[2025-03-11 13:24:48,593] [INFO] [30167] Missing PRE-PREPARE for REQUEST 1741667081917; ignoring PREPARE
[2025-03-11 13:24:48,593] [INFO] [30167] Received PREPARE: id:1741667081917, from:30018, delay:0.0001s, distance:251.13m (Euclidean)
[2025-03-11 13:24:48,593] [INFO] [30167] Missing PRE-PREPARE for REQUEST 1741667081917; ignoring PREPARE
[2025-03-11 13:24:48,593] [INFO] [30167] Received COMMIT: id:1741667081917, from:30040, delay:0.0001s, distance:216.18m (Euclidean)
[2025-03-11 13:24:48,595] [INFO] [30167] Received COMMIT: id:1741667081917, from:30018, delay:0.0001s, distance:251.13m (Euclidean)
[2025-03-11 13:24:48,645] [INFO] [30167] Received PREPARE: id:1741667081917, from:30063, delay:0.0001s, distance:232.85m (Euclidean)
[2025-03-11 13:24:48,645] [INFO] [30167] Missing PRE-PREPARE for REQUEST 1741667081917; ignoring PREPARE
[2025-03-11 13:24:48,649] [INFO] [30167] Received COMMIT: id:1741667081917, from:30063, delay:0.0001s, distance:232.85m (Euclidean)
[2025-03-11 13:24:48,694] [INFO] [30167] Received PREPARE: id:1741667081917, from:30035, delay:0.0000s, distance:140.39m (Euclidean)
[2025-03-11 13:24:48,694] [INFO] [30167] Missing PRE-PREPARE for REQUEST 1741667081917; ignoring PREPARE
[2025-03-11 13:24:48,694] [INFO] [30167] Received COMMIT: id:1741667081917, from:30035, delay:0.0000s, distance:140.39m (Euclidean)
[2025-03-11 13:24:48,694] [INFO] [30167] Received COMMIT: id:1741667081917, from:30034, delay:0.0001s, distance:210.18m (Euclidean)
[2025-03-11 13:24:48,716] [INFO] [30167] Received PREPARE: id:1741667081917, from:30068, delay:0.0000s, distance:65.06m (Euclidean)
[2025-03-11 13:24:48,723] [INFO] [30167] Missing PRE-PREPARE for REQUEST 1741667081917; ignoring PREPARE
[2025-03-11 13:24:48,723] [INFO] [30167] Received COMMIT: id:1741667081917, from:30068, delay:0.0000s, distance:65.06m (Euclidean)
[2025-03-11 13:24:48,820] [INFO] [30167] Received PREPARE: id:1741667081917, from:30092, delay:0.0002s, distance:258.44m (Euclidean)
[2025-03-11 13:24:48,820] [INFO] [30167] Missing PRE-PREPARE for REQUEST 1741667081917; ignoring PREPARE
[2025-03-11 13:24:48,820] [INFO] [30167] Received COMMIT: id:1741667081917, from:30092, delay:0.0002s, distance:258.44m (Euclidean)
[2025-03-11 13:24:49,076] [INFO] [30167] Received PREPARE: id:1741667081917, from:30066, delay:0.0001s, distance:228.08m (Euclidean)
[2025-03-11 13:24:49,078] [INFO] [30167] Missing PRE-PREPARE for REQUEST 1741667081917; ignoring PREPARE
[2025-03-11 13:24:49,078] [INFO] [30167] Received COMMIT: id:1741667081917, from:30066, delay:0.0001s, distance:228.08m (Euclidean)
[2025-03-11 13:24:49,126] [INFO] [30167] Received PREPARE: id:1741667081917, from:30049, delay:0.0001s, distance:209.68m (Euclidean)
[2025-03-11 13:24:49,126] [INFO] [30167] Missing PRE-PREPARE for REQUEST 1741667081917; ignoring PREPARE
[2025-03-11 13:24:49,126] [INFO] [30167] Received COMMIT: id:1741667081917, from:30049, delay:0.0001s, distance:209.68m (Euclidean)
[2025-03-11 13:24:49,478] [INFO] [30167] Received PREPARE: id:1741667081917, from:30021, delay:0.0000s, distance:157.71m (Euclidean)
[2025-03-11 13:24:49,478] [INFO] [30167] Missing PRE-PREPARE for REQUEST 1741667081917; ignoring PREPARE
[2025-03-11 13:24:49,478] [INFO] [30167] Received COMMIT: id:1741667081917, from:30021, delay:0.0000s, distance:157.71m (Euclidean)
[2025-03-11 13:24:49,505] [INFO] [30167] Received PREPARE: id:1741667081917, from:30025, delay:0.0002s, distance:268.46m (Euclidean)
[2025-03-11 13:24:49,505] [INFO] [30167] Missing PRE-PREPARE for REQUEST 1741667081917; ignoring PREPARE
[2025-03-11 13:24:49,507] [INFO] [30167] Received COMMIT: id:1741667081917, from:30025, delay:0.0002s, distance:268.46m (Euclidean)
[2025-03-11 13:24:49,592] [INFO] [30167] Received PREPARE: id:1741667081917, from:30024, delay:0.0001s, distance:197.99m (Euclidean)
[2025-03-11 13:24:49,592] [INFO] [30167] Missing PRE-PREPARE for REQUEST 1741667081917; ignoring PREPARE
[2025-03-11 13:24:49,594] [INFO] [30167] Received COMMIT: id:1741667081917, from:30024, delay:0.0001s, distance:197.99m (Euclidean)
[2025-03-11 13:24:49,922] [INFO] [30167] Received PREPARE: id:1741667081917, from:30022, delay:0.0000s, distance:135.22m (Euclidean)
[2025-03-11 13:24:49,922] [INFO] [30167] Missing PRE-PREPARE for REQUEST 1741667081917; ignoring PREPARE
[2025-03-11 13:24:49,922] [INFO] [30167] Received COMMIT: id:1741667081917, from:30022, delay:0.0000s, distance:135.22m (Euclidean)
[2025-03-11 13:24:50,033] [INFO] [30167] Received PREPARE: id:1741667081917, from:30004, delay:0.0001s, distance:223.32m (Euclidean)
[2025-03-11 13:24:50,033] [INFO] [30167] Missing PRE-PREPARE for REQUEST 1741667081917; ignoring PREPARE
[2025-03-11 13:24:50,033] [INFO] [30167] Received COMMIT: id:1741667081917, from:30004, delay:0.0001s, distance:223.32m (Euclidean)
[2025-03-11 13:24:50,108] [INFO] [30167] Received PREPARE: id:1741667081917, from:30046, delay:0.0001s, distance:233.86m (Euclidean)
[2025-03-11 13:24:50,108] [INFO] [30167] Missing PRE-PREPARE for REQUEST 1741667081917; ignoring PREPARE
[2025-03-11 13:24:50,108] [INFO] [30167] Received COMMIT: id:1741667081917, from:30046, delay:0.0001s, distance:233.86m (Euclidean)
[2025-03-11 13:24:50,166] [INFO] [30167] Received PREPARE: id:1741667081917, from:30051, delay:0.0002s, distance:286.87m (Euclidean)
[2025-03-11 13:24:50,166] [INFO] [30167] Missing PRE-PREPARE for REQUEST 1741667081917; ignoring PREPARE
[2025-03-11 13:24:50,166] [INFO] [30167] Received COMMIT: id:1741667081917, from:30051, delay:0.0002s, distance:286.87m (Euclidean)
[2025-03-11 13:24:50,236] [INFO] [30167] Received PREPARE: id:1741667081917, from:30090, delay:0.0000s, distance:128.87m (Euclidean)
[2025-03-11 13:24:50,236] [INFO] [30167] Missing PRE-PREPARE for REQUEST 1741667081917; ignoring PREPARE
[2025-03-11 13:24:50,238] [INFO] [30167] Received COMMIT: id:1741667081917, from:30090, delay:0.0000s, distance:128.87m (Euclidean)
[2025-03-11 13:24:50,383] [INFO] [30167] Received PREPARE: id:1741667081917, from:30081, delay:0.0001s, distance:213.32m (Euclidean)
[2025-03-11 13:24:50,383] [INFO] [30167] Missing PRE-PREPARE for REQUEST 1741667081917; ignoring PREPARE
[2025-03-11 13:24:50,393] [INFO] [30167] Received COMMIT: id:1741667081917, from:30081, delay:0.0001s, distance:213.32m (Euclidean)
[2025-03-11 13:24:50,460] [INFO] [30167] Received PREPARE: id:1741667081917, from:30008, delay:0.0001s, distance:248.09m (Euclidean)
[2025-03-11 13:24:50,460] [INFO] [30167] Missing PRE-PREPARE for REQUEST 1741667081917; ignoring PREPARE
[2025-03-11 13:24:50,460] [INFO] [30167] Received COMMIT: id:1741667081917, from:30008, delay:0.0001s, distance:248.09m (Euclidean)
[2025-03-11 13:24:50,805] [INFO] [30167] Received PREPARE: id:1741667081917, from:30015, delay:0.0000s, distance:183.47m (Euclidean)
[2025-03-11 13:24:50,805] [INFO] [30167] Missing PRE-PREPARE for REQUEST 1741667081917; ignoring PREPARE
[2025-03-11 13:24:50,805] [INFO] [30167] Received COMMIT: id:1741667081917, from:30015, delay:0.0000s, distance:183.47m (Euclidean)
[2025-03-11 13:24:50,864] [INFO] [30167] Received PREPARE: id:1741667081917, from:30050, delay:0.0002s, distance:260.87m (Euclidean)
[2025-03-11 13:24:50,864] [INFO] [30167] Missing PRE-PREPARE for REQUEST 1741667081917; ignoring PREPARE
[2025-03-11 13:24:50,864] [INFO] [30167] Received PREPARE: id:1741667081917, from:30088, delay:0.0002s, distance:280.61m (Euclidean)
[2025-03-11 13:24:50,864] [INFO] [30167] Missing PRE-PREPARE for REQUEST 1741667081917; ignoring PREPARE
[2025-03-11 13:24:50,864] [INFO] [30167] Received COMMIT: id:1741667081917, from:30088, delay:0.0002s, distance:280.61m (Euclidean)
[2025-03-11 13:24:50,866] [INFO] [30167] Received COMMIT: id:1741667081917, from:30050, delay:0.0002s, distance:260.87m (Euclidean)
[2025-03-11 13:24:50,981] [INFO] [30167] Received PREPARE: id:1741667081917, from:30101, delay:0.0001s, distance:231.03m (Euclidean)
[2025-03-11 13:24:50,981] [INFO] [30167] Missing PRE-PREPARE for REQUEST 1741667081917; ignoring PREPARE
[2025-03-11 13:24:50,981] [INFO] [30167] Received COMMIT: id:1741667081917, from:30101, delay:0.0001s, distance:231.03m (Euclidean)
[2025-03-11 13:24:51,146] [INFO] [30167] Received PREPARE: id:1741667081917, from:30030, delay:0.0001s, distance:211.32m (Euclidean)
[2025-03-11 13:24:51,146] [INFO] [30167] Missing PRE-PREPARE for REQUEST 1741667081917; ignoring PREPARE
[2025-03-11 13:24:51,146] [INFO] [30167] Received COMMIT: id:1741667081917, from:30030, delay:0.0001s, distance:211.32m (Euclidean)
[2025-03-11 13:24:51,218] [INFO] [30167] Received PREPARE: id:1741667081917, from:30023, delay:0.0002s, distance:264.58m (Euclidean)
[2025-03-11 13:24:51,218] [INFO] [30167] Missing PRE-PREPARE for REQUEST 1741667081917; ignoring PREPARE
[2025-03-11 13:24:51,218] [INFO] [30167] Received COMMIT: id:1741667081917, from:30023, delay:0.0002s, distance:264.58m (Euclidean)
[2025-03-11 13:24:51,241] [INFO] [30167] Received PREPARE: id:1741667081917, from:30078, delay:0.0001s, distance:244.60m (Euclidean)
[2025-03-11 13:24:51,241] [INFO] [30167] Missing PRE-PREPARE for REQUEST 1741667081917; ignoring PREPARE
[2025-03-11 13:24:51,241] [INFO] [30167] Received COMMIT: id:1741667081917, from:30078, delay:0.0001s, distance:244.60m (Euclidean)
[2025-03-11 13:24:51,410] [INFO] [30167] Received PREPARE: id:1741667081917, from:30020, delay:0.0000s, distance:102.88m (Euclidean)
[2025-03-11 13:24:51,410] [INFO] [30167] Missing PRE-PREPARE for REQUEST 1741667081917; ignoring PREPARE
[2025-03-11 13:24:51,410] [INFO] [30167] Received PREPARE: id:1741667081917, from:30054, delay:0.0001s, distance:239.00m (Euclidean)
[2025-03-11 13:24:51,410] [INFO] [30167] Missing PRE-PREPARE for REQUEST 1741667081917; ignoring PREPARE
[2025-03-11 13:24:51,410] [INFO] [30167] Received COMMIT: id:1741667081917, from:30054, delay:0.0001s, distance:239.00m (Euclidean)
[2025-03-11 13:24:51,410] [INFO] [30167] Received COMMIT: id:1741667081917, from:30020, delay:0.0000s, distance:102.88m (Euclidean)
[2025-03-11 13:24:51,754] [INFO] [30167] Received PREPARE: id:1741667081917, from:30076, delay:0.0001s, distance:202.10m (Euclidean)
[2025-03-11 13:24:51,754] [INFO] [30167] Missing PRE-PREPARE for REQUEST 1741667081917; ignoring PREPARE
[2025-03-11 13:24:51,756] [INFO] [30167] Received COMMIT: id:1741667081917, from:30076, delay:0.0001s, distance:202.10m (Euclidean)
[2025-03-11 13:24:51,758] [INFO] [30167] Received PREPARE: id:1741667081917, from:30006, delay:0.0002s, distance:286.70m (Euclidean)
[2025-03-11 13:24:51,758] [INFO] [30167] Missing PRE-PREPARE for REQUEST 1741667081917; ignoring PREPARE
[2025-03-11 13:24:51,758] [INFO] [30167] Received COMMIT: id:1741667081917, from:30006, delay:0.0002s, distance:286.70m (Euclidean)
[2025-03-11 13:24:51,979] [INFO] [30167] Received PREPARE: id:1741667081917, from:30056, delay:0.0001s, distance:175.83m (Euclidean)
[2025-03-11 13:24:51,979] [INFO] [30167] Missing PRE-PREPARE for REQUEST 1741667081917; ignoring PREPARE
[2025-03-11 13:24:51,979] [INFO] [30167] Received PREPARE: id:1741667081917, from:30097, delay:0.0001s, distance:229.16m (Euclidean)
[2025-03-11 13:24:51,979] [INFO] [30167] Missing PRE-PREPARE for REQUEST 1741667081917; ignoring PREPARE
[2025-03-11 13:24:51,979] [INFO] [30167] Received COMMIT: id:1741667081917, from:30056, delay:0.0001s, distance:175.83m (Euclidean)
[2025-03-11 13:24:51,981] [INFO] [30167] Received COMMIT: id:1741667081917, from:30097, delay:0.0001s, distance:229.16m (Euclidean)
[2025-03-11 13:24:52,206] [INFO] [30167] Received PREPARE: id:1741667081917, from:30043, delay:0.0000s, distance:197.91m (Euclidean)
[2025-03-11 13:24:52,206] [INFO] [30167] Missing PRE-PREPARE for REQUEST 1741667081917; ignoring PREPARE
[2025-03-11 13:24:52,213] [INFO] [30167] Received COMMIT: id:1741667081917, from:30043, delay:0.0000s, distance:197.91m (Euclidean)
[2025-03-11 13:24:52,221] [INFO] [30167] Received PREPARE: id:1741667081917, from:30062, delay:0.0000s, distance:75.05m (Euclidean)
[2025-03-11 13:24:52,223] [INFO] [30167] Missing PRE-PREPARE for REQUEST 1741667081917; ignoring PREPARE
[2025-03-11 13:24:52,223] [INFO] [30167] Received COMMIT: id:1741667081917, from:30062, delay:0.0000s, distance:75.05m (Euclidean)
[2025-03-11 13:24:52,357] [INFO] [30167] Received PREPARE: id:1741667081917, from:30019, delay:0.0000s, distance:59.71m (Euclidean)
[2025-03-11 13:24:52,357] [INFO] [30167] Missing PRE-PREPARE for REQUEST 1741667081917; ignoring PREPARE
[2025-03-11 13:24:52,357] [INFO] [30167] Received COMMIT: id:1741667081917, from:30019, delay:0.0000s, distance:59.71m (Euclidean)
[2025-03-11 13:24:52,962] [INFO] [30167] Received PREPARE: id:1741667081917, from:30065, delay:0.0001s, distance:191.87m (Euclidean)
[2025-03-11 13:24:52,962] [INFO] [30167] Missing PRE-PREPARE for REQUEST 1741667081917; ignoring PREPARE
[2025-03-11 13:24:52,962] [INFO] [30167] Received COMMIT: id:1741667081917, from:30065, delay:0.0001s, distance:191.87m (Euclidean)
[2025-03-11 13:24:53,139] [INFO] [30167] Received PREPARE: id:1741667081917, from:30127, delay:0.0000s, distance:299.85m (Euclidean)
[2025-03-11 13:24:53,139] [INFO] [30167] Missing PRE-PREPARE for REQUEST 1741667081917; ignoring PREPARE
[2025-03-11 13:24:53,194] [INFO] [30167] Received PREPARE: id:1741667081917, from:30102, delay:0.0000s, distance:171.54m (Euclidean)
[2025-03-11 13:24:53,194] [INFO] [30167] Missing PRE-PREPARE for REQUEST 1741667081917; ignoring PREPARE
[2025-03-11 13:24:53,194] [INFO] [30167] Received COMMIT: id:1741667081917, from:30102, delay:0.0000s, distance:171.54m (Euclidean)
[2025-03-11 13:24:53,649] [INFO] [30167] Received PRE-PREPARE: id:1741667081917, from:Leader(30000), delay:0.0000s, distance:179.30m (Euclidean)
[2025-03-11 13:24:53,649] [INFO] [30167] Broadcasting PREPARE for REQUEST 1741667081917
[2025-03-11 13:24:53,651] [INFO] [30167] Not broadcasting to fault node: 30077
[2025-03-11 13:24:53,659] [INFO] [30167] Not broadcasting to fault node: 30184
[2025-03-11 13:24:53,951] [INFO] [30167] Received COMMIT: id:1741667081917, from:30127, delay:0.0000s, distance:299.85m (Euclidean)
[2025-03-11 13:24:54,030] [INFO] [30167] Received COMMIT: id:1741667081917, from:30177, delay:0.0001s, distance:183.78m (Euclidean)
[2025-03-11 13:24:54,030] [INFO] [30167] Received PREPARE: id:1741667081917, from:30177, delay:0.0001s, distance:183.78m (Euclidean)
[2025-03-11 13:24:54,030] [INFO] [30167] Broadcasting COMMIT for REQUEST 1741667081917
[2025-03-11 13:24:54,041] [INFO] [30167] Not broadcasting to fault node: 30077
[2025-03-11 13:24:54,059] [INFO] [30167] Not broadcasting to fault node: 30184
[2025-03-11 13:24:54,546] [INFO] [30167] Received PREPARE: id:1741667081917, from:30133, delay:0.0002s, distance:257.49m (Euclidean)
[2025-03-11 13:24:54,546] [INFO] [30167] Received COMMIT: id:1741667081917, from:30133, delay:0.0002s, distance:257.49m (Euclidean)
[2025-03-11 13:24:54,719] [INFO] [30167] Received PREPARE: id:1741667081917, from:30108, delay:0.0001s, distance:238.42m (Euclidean)
[2025-03-11 13:24:54,719] [INFO] [30167] Received COMMIT: id:1741667081917, from:30108, delay:0.0001s, distance:238.42m (Euclidean)
[2025-03-11 13:24:54,899] [INFO] [30167] Received PREPARE: id:1741667081917, from:30197, delay:0.0000s, distance:83.06m (Euclidean)
[2025-03-11 13:24:54,899] [INFO] [30167] Received COMMIT: id:1741667081917, from:30197, delay:0.0000s, distance:83.06m (Euclidean)
[2025-03-11 13:24:54,903] [INFO] [30167] Received PREPARE: id:1741667081917, from:30137, delay:0.0002s, distance:288.60m (Euclidean)
[2025-03-11 13:24:54,903] [INFO] [30167] Received COMMIT: id:1741667081917, from:30137, delay:0.0002s, distance:288.60m (Euclidean)
[2025-03-11 13:24:55,746] [INFO] [30167] Received PREPARE: id:1741667081917, from:30144, delay:0.0000s, distance:96.69m (Euclidean)
[2025-03-11 13:24:55,746] [INFO] [30167] Received COMMIT: id:1741667081917, from:30144, delay:0.0000s, distance:96.69m (Euclidean)
[2025-03-11 13:24:55,765] [INFO] [30167] Received PREPARE: id:1741667081917, from:30111, delay:0.0001s, distance:202.76m (Euclidean)
[2025-03-11 13:24:55,765] [INFO] [30167] Received COMMIT: id:1741667081917, from:30111, delay:0.0001s, distance:202.76m (Euclidean)
[2025-03-11 13:24:56,044] [INFO] [30167] Received PREPARE: id:1741667081917, from:30152, delay:0.0001s, distance:184.84m (Euclidean)
[2025-03-11 13:24:56,044] [INFO] [30167] Received COMMIT: id:1741667081917, from:30152, delay:0.0001s, distance:184.84m (Euclidean)
[2025-03-11 13:24:56,769] [INFO] [30167] Received PREPARE: id:1741667081917, from:30181, delay:0.0002s, distance:262.27m (Euclidean)
[2025-03-11 13:24:56,771] [INFO] [30167] Received COMMIT: id:1741667081917, from:30181, delay:0.0002s, distance:262.27m (Euclidean)
[2025-03-11 13:24:57,087] [INFO] [30167] Received PREPARE: id:1741667081917, from:30125, delay:0.0000s, distance:124.74m (Euclidean)
[2025-03-11 13:24:57,095] [INFO] [30167] Received COMMIT: id:1741667081917, from:30125, delay:0.0000s, distance:124.74m (Euclidean)
[2025-03-11 13:24:57,140] [INFO] [30167] Received PREPARE: id:1741667081917, from:30107, delay:0.0000s, distance:79.55m (Euclidean)
[2025-03-11 13:24:57,140] [INFO] [30167] Received COMMIT: id:1741667081917, from:30107, delay:0.0000s, distance:79.55m (Euclidean)
[2025-03-11 13:24:57,792] [INFO] [30167] Received PREPARE: id:1741667081917, from:30109, delay:0.0001s, distance:165.87m (Euclidean)
[2025-03-11 13:24:57,792] [INFO] [30167] Received COMMIT: id:1741667081917, from:30109, delay:0.0001s, distance:165.87m (Euclidean)
[2025-03-11 13:24:57,982] [INFO] [30167] Received PREPARE: id:1741667081917, from:30194, delay:0.0000s, distance:130.15m (Euclidean)
[2025-03-11 13:24:58,168] [INFO] [30167] Received PREPARE: id:1741667081917, from:30191, delay:0.0000s, distance:140.78m (Euclidean)
[2025-03-11 13:24:58,168] [INFO] [30167] Received COMMIT: id:1741667081917, from:30191, delay:0.0000s, distance:140.78m (Euclidean)
[2025-03-11 13:24:58,730] [INFO] [30167] Received PREPARE: id:1741667081917, from:30159, delay:0.0000s, distance:129.99m (Euclidean)
[2025-03-11 13:24:58,730] [INFO] [30167] Received COMMIT: id:1741667081917, from:30159, delay:0.0000s, distance:129.99m (Euclidean)
[2025-03-11 13:24:58,756] [INFO] [30167] Received PREPARE: id:1741667081917, from:30158, delay:0.0000s, distance:143.29m (Euclidean)
[2025-03-11 13:24:58,756] [INFO] [30167] Received COMMIT: id:1741667081917, from:30158, delay:0.0000s, distance:143.29m (Euclidean)
[2025-03-11 13:24:58,860] [INFO] [30167] Received PREPARE: id:1741667081917, from:30141, delay:0.0001s, distance:164.62m (Euclidean)
[2025-03-11 13:24:58,860] [INFO] [30167] Received PREPARE: id:1741667081917, from:30126, delay:0.0001s, distance:223.17m (Euclidean)
[2025-03-11 13:24:58,891] [INFO] [30167] Received COMMIT: id:1741667081917, from:30141, delay:0.0001s, distance:164.62m (Euclidean)
[2025-03-11 13:24:59,195] [INFO] [30167] Received PREPARE: id:1741667081917, from:30183, delay:0.0001s, distance:197.62m (Euclidean)
[2025-03-11 13:24:59,195] [INFO] [30167] Received COMMIT: id:1741667081917, from:30183, delay:0.0001s, distance:197.62m (Euclidean)
[2025-03-11 13:24:59,248] [INFO] [30167] Received PREPARE: id:1741667081917, from:30168, delay:0.0002s, distance:278.96m (Euclidean)
[2025-03-11 13:24:59,250] [INFO] [30167] Received COMMIT: id:1741667081917, from:30168, delay:0.0002s, distance:278.96m (Euclidean)
[2025-03-11 13:24:59,714] [INFO] [30167] Received PREPARE: id:1741667081917, from:30172, delay:0.0002s, distance:271.44m (Euclidean)
[2025-03-11 13:24:59,890] [INFO] [30167] Received PREPARE: id:1741667081917, from:30164, delay:0.0001s, distance:222.32m (Euclidean)
[2025-03-11 13:24:59,906] [INFO] [30167] Received COMMIT: id:1741667081917, from:30164, delay:0.0001s, distance:222.32m (Euclidean)
[2025-03-11 13:24:59,934] [INFO] [30167] Received PREPARE: id:1741667081917, from:30116, delay:0.0001s, distance:245.11m (Euclidean)
[2025-03-11 13:24:59,949] [INFO] [30167] Received COMMIT: id:1741667081917, from:30116, delay:0.0001s, distance:245.11m (Euclidean)
[2025-03-11 13:25:00,055] [INFO] [30167] Received PREPARE: id:1741667081917, from:30118, delay:0.0002s, distance:286.64m (Euclidean)
[2025-03-11 13:25:00,057] [INFO] [30167] Received PREPARE: id:1741667081917, from:30163, delay:0.0002s, distance:288.45m (Euclidean)
[2025-03-11 13:25:00,057] [INFO] [30167] Received COMMIT: id:1741667081917, from:30118, delay:0.0002s, distance:286.64m (Euclidean)
[2025-03-11 13:25:00,057] [INFO] [30167] Received COMMIT: id:1741667081917, from:30163, delay:0.0002s, distance:288.45m (Euclidean)
[2025-03-11 13:25:00,161] [INFO] [30167] Received PREPARE: id:1741667081917, from:30192, delay:0.0002s, distance:264.79m (Euclidean)
[2025-03-11 13:25:00,174] [INFO] [30167] Received COMMIT: id:1741667081917, from:30192, delay:0.0002s, distance:264.79m (Euclidean)
[2025-03-11 13:25:00,440] [INFO] [30167] Received PREPARE: id:1741667081917, from:30148, delay:0.0001s, distance:220.68m (Euclidean)
[2025-03-11 13:25:00,440] [INFO] [30167] Received COMMIT: id:1741667081917, from:30148, delay:0.0001s, distance:220.68m (Euclidean)
[2025-03-11 13:25:00,872] [INFO] [30167] Received PREPARE: id:1741667081917, from:30180, delay:0.0000s, distance:46.18m (Euclidean)
[2025-03-11 13:25:01,054] [INFO] [30167] Received PREPARE: id:1741667081917, from:30110, delay:0.0000s, distance:180.20m (Euclidean)
[2025-03-11 13:25:01,054] [INFO] [30167] Received COMMIT: id:1741667081917, from:30110, delay:0.0000s, distance:180.20m (Euclidean)
[2025-03-11 13:25:01,148] [INFO] [30167] Received COMMIT: id:1741667081917, from:30126, delay:0.0001s, distance:223.17m (Euclidean)
[2025-03-11 13:25:01,148] [INFO] [30167] Received PREPARE: id:1741667081917, from:30117, delay:0.0001s, distance:173.49m (Euclidean)
[2025-03-11 13:25:01,151] [INFO] [30167] Received COMMIT: id:1741667081917, from:30117, delay:0.0001s, distance:173.49m (Euclidean)
[2025-03-11 13:25:01,182] [INFO] [30167] Received PREPARE: id:1741667081917, from:30179, delay:0.0000s, distance:71.51m (Euclidean)
[2025-03-11 13:25:01,194] [INFO] [30167] Received COMMIT: id:1741667081917, from:30179, delay:0.0000s, distance:71.51m (Euclidean)
[2025-03-11 13:25:01,255] [INFO] [30167] Received PREPARE: id:1741667081917, from:30032, delay:0.0001s, distance:238.63m (Euclidean)
[2025-03-11 13:25:01,257] [INFO] [30167] Received COMMIT: id:1741667081917, from:30032, delay:0.0001s, distance:238.63m (Euclidean)
[2025-03-11 13:25:01,342] [INFO] [30167] Received PREPARE: id:1741667081917, from:30154, delay:0.0000s, distance:174.53m (Euclidean)
[2025-03-11 13:25:01,342] [INFO] [30167] Received COMMIT: id:1741667081917, from:30154, delay:0.0000s, distance:174.53m (Euclidean)
[2025-03-11 13:25:01,468] [INFO] [30167] Received PREPARE: id:1741667081917, from:30069, delay:0.0001s, distance:235.76m (Euclidean)
[2025-03-11 13:25:01,468] [INFO] [30167] Received COMMIT: id:1741667081917, from:30069, delay:0.0001s, distance:235.76m (Euclidean)
[2025-03-11 13:25:01,590] [INFO] [30167] Received COMMIT: id:1741667081917, from:30194, delay:0.0000s, distance:130.15m (Euclidean)
[2025-03-11 13:25:01,765] [INFO] [30167] Received PREPARE: id:1741667081917, from:30173, delay:0.0002s, distance:278.77m (Euclidean)
[2025-03-11 13:25:01,767] [INFO] [30167] Received PREPARE: id:1741667081917, from:30121, delay:0.0002s, distance:284.47m (Euclidean)
[2025-03-11 13:25:01,800] [INFO] [30167] Received COMMIT: id:1741667081917, from:30121, delay:0.0002s, distance:284.47m (Euclidean)
[2025-03-11 13:25:01,800] [INFO] [30167] Received COMMIT: id:1741667081917, from:30193, delay:0.0001s, distance:219.55m (Euclidean)
[2025-03-11 13:25:01,800] [INFO] [30167] Received COMMIT: id:1741667081917, from:30173, delay:0.0002s, distance:278.77m (Euclidean)
[2025-03-11 13:25:01,800] [INFO] [30167] Received PREPARE: id:1741667081917, from:30193, delay:0.0001s, distance:219.55m (Euclidean)
[2025-03-11 13:25:01,852] [INFO] [30167] Received COMMIT: id:1741667081917, from:30172, delay:0.0002s, distance:271.44m (Euclidean)
[2025-03-11 13:25:01,963] [INFO] [30167] Received COMMIT: id:1741667081917, from:30180, delay:0.0000s, distance:46.18m (Euclidean)
[2025-03-11 13:25:02,192] [INFO] [30167] Received PREPARE: id:1741667081917, from:30188, delay:0.0001s, distance:207.69m (Euclidean)
[2025-03-11 13:25:02,192] [INFO] [30167] Received COMMIT: id:1741667081917, from:30188, delay:0.0001s, distance:207.69m (Euclidean)
[2025-03-11 13:25:02,445] [INFO] [30167] Received PREPARE: id:1741667081917, from:30160, delay:0.0001s, distance:180.10m (Euclidean)
[2025-03-11 13:25:02,445] [INFO] [30167] Received COMMIT: id:1741667081917, from:30160, delay:0.0001s, distance:180.10m (Euclidean)
[2025-03-11 13:25:02,720] [INFO] [30167] Received PREPARE: id:1741667081917, from:30157, delay:0.0002s, distance:258.79m (Euclidean)
[2025-03-11 13:25:02,732] [INFO] [30167] Received COMMIT: id:1741667081917, from:30157, delay:0.0002s, distance:258.79m (Euclidean)
[2025-03-11 13:25:02,751] [INFO] [30167] Received PREPARE: id:1741667081917, from:30176, delay:0.0001s, distance:216.74m (Euclidean)
[2025-03-11 13:25:02,751] [INFO] [30167] Received COMMIT: id:1741667081917, from:30176, delay:0.0001s, distance:216.74m (Euclidean)
[2025-03-11 13:25:02,801] [INFO] [30167] Received PREPARE: id:1741667081917, from:30130, delay:0.0002s, distance:294.75m (Euclidean)
[2025-03-11 13:25:02,809] [INFO] [30167] Received PREPARE: id:1741667081917, from:30140, delay:0.0000s, distance:123.53m (Euclidean)
[2025-03-11 13:25:02,809] [INFO] [30167] Received COMMIT: id:1741667081917, from:30130, delay:0.0002s, distance:294.75m (Euclidean)
[2025-03-11 13:25:02,870] [INFO] [30167] Received PREPARE: id:1741667081917, from:30129, delay:0.0001s, distance:246.06m (Euclidean)
[2025-03-11 13:25:02,870] [INFO] [30167] Received COMMIT: id:1741667081917, from:30129, delay:0.0001s, distance:246.06m (Euclidean)
[2025-03-11 13:25:03,062] [INFO] [30167] Received PREPARE: id:1741667081917, from:30174, delay:0.0001s, distance:192.19m (Euclidean)
[2025-03-11 13:25:03,062] [INFO] [30167] Received PREPARE: id:1741667081917, from:30136, delay:0.0000s, distance:100.38m (Euclidean)
[2025-03-11 13:25:03,062] [INFO] [30167] Received COMMIT: id:1741667081917, from:30174, delay:0.0001s, distance:192.19m (Euclidean)
[2025-03-11 13:25:03,616] [INFO] [30167] Received PREPARE: id:1741667081917, from:30139, delay:0.0002s, distance:287.62m (Euclidean)
[2025-03-11 13:25:03,616] [INFO] [30167] Received COMMIT: id:1741667081917, from:30139, delay:0.0002s, distance:287.62m (Euclidean)
[2025-03-11 13:25:03,860] [INFO] [30167] Received COMMIT: id:1741667081917, from:30140, delay:0.0000s, distance:123.53m (Euclidean)
[2025-03-11 13:25:03,860] [INFO] [30167] Received PREPARE: id:1741667081917, from:30128, delay:0.0000s, distance:95.88m (Euclidean)
[2025-03-11 13:25:03,872] [INFO] [30167] Received COMMIT: id:1741667081917, from:30128, delay:0.0000s, distance:95.88m (Euclidean)
[2025-03-11 13:25:04,369] [INFO] [30167] Received PREPARE: id:1741667081917, from:30196, delay:0.0002s, distance:264.26m (Euclidean)
[2025-03-11 13:25:04,369] [INFO] [30167] Received COMMIT: id:1741667081917, from:30196, delay:0.0002s, distance:264.26m (Euclidean)
[2025-03-11 13:25:04,443] [INFO] [30167] Received PREPARE: id:1741667081917, from:30131, delay:0.0002s, distance:251.48m (Euclidean)
[2025-03-11 13:25:04,443] [INFO] [30167] Received COMMIT: id:1741667081917, from:30131, delay:0.0002s, distance:251.48m (Euclidean)
[2025-03-11 13:25:04,586] [INFO] [30167] Received COMMIT: id:1741667081917, from:30000, delay:0.0000s, distance:179.30m (Euclidean)
[2025-03-11 13:25:04,752] [INFO] [30167] Received PREPARE: id:1741667081917, from:30120, delay:0.0001s, distance:182.49m (Euclidean)
[2025-03-11 13:25:04,752] [INFO] [30167] Received COMMIT: id:1741667081917, from:30120, delay:0.0001s, distance:182.49m (Euclidean)
[2025-03-11 13:25:04,785] [INFO] [30167] Received PREPARE: id:1741667081917, from:30182, delay:0.0000s, distance:122.82m (Euclidean)
[2025-03-11 13:25:04,945] [INFO] [30167] Received COMMIT: id:1741667081917, from:30182, delay:0.0000s, distance:122.82m (Euclidean)
[2025-03-11 13:25:05,276] [INFO] [30167] Received PREPARE: id:1741667081917, from:30119, delay:0.0000s, distance:114.52m (Euclidean)
[2025-03-11 13:25:05,292] [INFO] [30167] Received COMMIT: id:1741667081917, from:30119, delay:0.0000s, distance:114.52m (Euclidean)
[2025-03-11 13:25:05,553] [INFO] [30167] Received PREPARE: id:1741667081917, from:30115, delay:0.0001s, distance:231.36m (Euclidean)
[2025-03-11 13:25:05,553] [INFO] [30167] Received COMMIT: id:1741667081917, from:30115, delay:0.0001s, distance:231.36m (Euclidean)
[2025-03-11 13:25:05,937] [INFO] [30167] Received PREPARE: id:1741667081917, from:30113, delay:0.0000s, distance:179.12m (Euclidean)
[2025-03-11 13:25:05,937] [INFO] [30167] Received COMMIT: id:1741667081917, from:30113, delay:0.0000s, distance:179.12m (Euclidean)
[2025-03-11 13:25:06,002] [INFO] [30167] Received PREPARE: id:1741667081917, from:30171, delay:0.0001s, distance:242.16m (Euclidean)
[2025-03-11 13:25:06,023] [INFO] [30167] Received COMMIT: id:1741667081917, from:30171, delay:0.0001s, distance:242.16m (Euclidean)
[2025-03-11 13:25:06,244] [INFO] [30167] Received PREPARE: id:1741667081917, from:30146, delay:0.0001s, distance:234.60m (Euclidean)
[2025-03-11 13:25:06,244] [INFO] [30167] Received COMMIT: id:1741667081917, from:30146, delay:0.0001s, distance:234.60m (Euclidean)
[2025-03-11 13:25:06,326] [INFO] [30167] Received PREPARE: id:1741667081917, from:30067, delay:0.0002s, distance:255.19m (Euclidean)
[2025-03-11 13:25:06,328] [INFO] [30167] Received COMMIT: id:1741667081917, from:30067, delay:0.0002s, distance:255.19m (Euclidean)
[2025-03-11 13:25:06,362] [INFO] [30167] Received PREPARE: id:1741667081917, from:30150, delay:0.0000s, distance:170.65m (Euclidean)
[2025-03-11 13:25:06,362] [INFO] [30167] Received COMMIT: id:1741667081917, from:30150, delay:0.0000s, distance:170.65m (Euclidean)
[2025-03-11 13:25:06,490] [INFO] [30167] Received PREPARE: id:1741667081917, from:30186, delay:0.0001s, distance:215.36m (Euclidean)
[2025-03-11 13:25:06,490] [INFO] [30167] Received COMMIT: id:1741667081917, from:30186, delay:0.0001s, distance:215.36m (Euclidean)
[2025-03-11 13:25:06,513] [INFO] [30167] Received PREPARE: id:1741667081917, from:30189, delay:0.0001s, distance:233.06m (Euclidean)
[2025-03-11 13:25:06,515] [INFO] [30167] Received COMMIT: id:1741667081917, from:30189, delay:0.0001s, distance:233.06m (Euclidean)
[2025-03-11 13:25:06,836] [INFO] [30167] Received PREPARE: id:1741667081917, from:30151, delay:0.0001s, distance:241.78m (Euclidean)
[2025-03-11 13:25:06,836] [INFO] [30167] Received COMMIT: id:1741667081917, from:30151, delay:0.0001s, distance:241.78m (Euclidean)
[2025-03-11 13:25:07,284] [INFO] [30167] Received PREPARE: id:1741667081917, from:30153, delay:0.0000s, distance:62.61m (Euclidean)
[2025-03-11 13:25:07,922] [INFO] [30167] Received PREPARE: id:1741667081917, from:30195, delay:0.0001s, distance:180.61m (Euclidean)
[2025-03-11 13:25:07,986] [INFO] [30167] Received COMMIT: id:1741667081917, from:30195, delay:0.0001s, distance:180.61m (Euclidean)
[2025-03-11 13:25:08,144] [INFO] [30167] Received COMMIT: id:1741667081917, from:30136, delay:0.0000s, distance:100.38m (Euclidean)
[2025-03-11 13:25:08,173] [INFO] [30167] Received PREPARE: id:1741667081917, from:30178, delay:0.0000s, distance:128.42m (Euclidean)
[2025-03-11 13:25:08,255] [INFO] [30167] Received COMMIT: id:1741667081917, from:30178, delay:0.0000s, distance:128.42m (Euclidean)
[2025-03-11 13:25:08,345] [INFO] [30167] Received PREPARE: id:1741667081917, from:30124, delay:0.0001s, distance:185.09m (Euclidean)
[2025-03-11 13:25:08,360] [INFO] [30167] Received COMMIT: id:1741667081917, from:30124, delay:0.0001s, distance:185.09m (Euclidean)
[2025-03-11 13:25:08,640] [INFO] [30167] Received PREPARE: id:1741667081917, from:30071, delay:0.0001s, distance:211.09m (Euclidean)
[2025-03-11 13:25:08,669] [INFO] [30167] Received COMMIT: id:1741667081917, from:30071, delay:0.0001s, distance:211.09m (Euclidean)
[2025-03-11 13:25:09,288] [INFO] [30167] Received COMMIT: id:1741667081917, from:30153, delay:0.0000s, distance:62.61m (Euclidean)
[2025-03-11 13:25:09,544] [INFO] [30167] Received COMMIT: id:1741667081917, from:30135, delay:0.0002s, distance:259.85m (Euclidean)
[2025-03-11 13:27:26,666] [INFO] Starting node at localhost:30167 | index=168 | f=1, k=4 | Role: Replica
[2025-03-11 13:27:34,703] [INFO] [30167] Received PREPARE: id:1741667253959, from:30074, delay:0.0000s, distance:200.18m (Euclidean)
[2025-03-11 13:27:34,703] [INFO] [30167] Missing PRE-PREPARE for REQUEST 1741667253959; ignoring PREPARE
[2025-03-11 13:27:34,837] [INFO] [30167] Received PREPARE: id:1741667253959, from:30013, delay:0.0000s, distance:299.32m (Euclidean)
[2025-03-11 13:27:34,837] [INFO] [30167] Missing PRE-PREPARE for REQUEST 1741667253959; ignoring PREPARE
[2025-03-11 13:27:35,060] [INFO] [30167] Received PREPARE: id:1741667253959, from:30085, delay:0.0001s, distance:247.85m (Euclidean)
[2025-03-11 13:27:35,060] [INFO] [30167] Missing PRE-PREPARE for REQUEST 1741667253959; ignoring PREPARE
[2025-03-11 13:27:35,098] [INFO] [30167] Received PREPARE: id:1741667253959, from:30041, delay:0.0000s, distance:200.32m (Euclidean)
[2025-03-11 13:27:35,098] [INFO] [30167] Missing PRE-PREPARE for REQUEST 1741667253959; ignoring PREPARE
[2025-03-11 13:27:35,309] [INFO] [30167] Received COMMIT: id:1741667253959, from:30074, delay:0.0000s, distance:200.18m (Euclidean)
[2025-03-11 13:27:35,329] [INFO] [30167] Received COMMIT: id:1741667253959, from:30085, delay:0.0001s, distance:247.85m (Euclidean)
[2025-03-11 13:27:35,458] [INFO] [30167] Received PREPARE: id:1741667253959, from:30086, delay:0.0000s, distance:38.65m (Euclidean)
[2025-03-11 13:27:35,458] [INFO] [30167] Missing PRE-PREPARE for REQUEST 1741667253959; ignoring PREPARE
[2025-03-11 13:27:36,103] [INFO] [30167] Received PREPARE: id:1741667253959, from:30028, delay:0.0001s, distance:182.80m (Euclidean)
[2025-03-11 13:27:36,103] [INFO] [30167] Missing PRE-PREPARE for REQUEST 1741667253959; ignoring PREPARE
[2025-03-11 13:27:36,127] [INFO] [30167] Received COMMIT: id:1741667253959, from:30041, delay:0.0000s, distance:200.32m (Euclidean)
[2025-03-11 13:27:36,148] [INFO] [30167] Received COMMIT: id:1741667253959, from:30028, delay:0.0001s, distance:182.80m (Euclidean)
[2025-03-11 13:27:36,251] [INFO] [30167] Received PREPARE: id:1741667253959, from:30011, delay:0.0000s, distance:200.74m (Euclidean)
[2025-03-11 13:27:36,251] [INFO] [30167] Missing PRE-PREPARE for REQUEST 1741667253959; ignoring PREPARE
[2025-03-11 13:27:36,305] [INFO] [30167] Received COMMIT: id:1741667253959, from:30086, delay:0.0000s, distance:38.65m (Euclidean)
[2025-03-11 13:27:36,488] [INFO] [30167] Received PREPARE: id:1741667253959, from:30062, delay:0.0000s, distance:75.05m (Euclidean)
[2025-03-11 13:27:36,488] [INFO] [30167] Missing PRE-PREPARE for REQUEST 1741667253959; ignoring PREPARE
[2025-03-11 13:27:36,539] [INFO] [30167] Received PREPARE: id:1741667253959, from:30050, delay:0.0002s, distance:260.87m (Euclidean)
[2025-03-11 13:27:36,539] [INFO] [30167] Missing PRE-PREPARE for REQUEST 1741667253959; ignoring PREPARE
[2025-03-11 13:27:36,546] [INFO] [30167] Received PREPARE: id:1741667253959, from:30019, delay:0.0000s, distance:59.71m (Euclidean)
[2025-03-11 13:27:36,546] [INFO] [30167] Missing PRE-PREPARE for REQUEST 1741667253959; ignoring PREPARE
[2025-03-11 13:27:37,024] [INFO] [30167] Received COMMIT: id:1741667253959, from:30019, delay:0.0000s, distance:59.71m (Euclidean)
[2025-03-11 13:27:37,055] [INFO] [30167] Received COMMIT: id:1741667253959, from:30011, delay:0.0000s, distance:200.74m (Euclidean)
[2025-03-11 13:27:37,114] [INFO] [30167] Received PREPARE: id:1741667253959, from:30080, delay:0.0001s, distance:154.39m (Euclidean)
[2025-03-11 13:27:37,114] [INFO] [30167] Missing PRE-PREPARE for REQUEST 1741667253959; ignoring PREPARE
[2025-03-11 13:27:37,114] [INFO] [30167] Received COMMIT: id:1741667253959, from:30080, delay:0.0001s, distance:154.39m (Euclidean)
[2025-03-11 13:27:37,118] [INFO] [30167] Received COMMIT: id:1741667253959, from:30062, delay:0.0000s, distance:75.05m (Euclidean)
[2025-03-11 13:27:37,307] [INFO] [30167] Received PREPARE: id:1741667253959, from:30083, delay:0.0002s, distance:279.36m (Euclidean)
[2025-03-11 13:27:37,307] [INFO] [30167] Missing PRE-PREPARE for REQUEST 1741667253959; ignoring PREPARE
[2025-03-11 13:27:37,310] [INFO] [30167] Received COMMIT: id:1741667253959, from:30083, delay:0.0002s, distance:279.36m (Euclidean)
[2025-03-11 13:27:37,340] [INFO] [30167] Received COMMIT: id:1741667253959, from:30050, delay:0.0002s, distance:260.87m (Euclidean)
[2025-03-11 13:27:37,392] [INFO] [30167] Received PREPARE: id:1741667253959, from:30029, delay:0.0002s, distance:282.74m (Euclidean)
[2025-03-11 13:27:37,392] [INFO] [30167] Missing PRE-PREPARE for REQUEST 1741667253959; ignoring PREPARE
[2025-03-11 13:27:37,394] [INFO] [30167] Received COMMIT: id:1741667253959, from:30029, delay:0.0002s, distance:282.74m (Euclidean)
[2025-03-11 13:27:37,608] [INFO] [30167] Received PREPARE: id:1741667253959, from:30090, delay:0.0000s, distance:128.87m (Euclidean)
[2025-03-11 13:27:37,608] [INFO] [30167] Missing PRE-PREPARE for REQUEST 1741667253959; ignoring PREPARE
[2025-03-11 13:27:37,608] [INFO] [30167] Received PREPARE: id:1741667253959, from:30023, delay:0.0002s, distance:264.58m (Euclidean)
[2025-03-11 13:27:37,608] [INFO] [30167] Missing PRE-PREPARE for REQUEST 1741667253959; ignoring PREPARE
[2025-03-11 13:27:37,608] [INFO] [30167] Received COMMIT: id:1741667253959, from:30090, delay:0.0000s, distance:128.87m (Euclidean)
[2025-03-11 13:27:37,709] [INFO] [30167] Received PREPARE: id:1741667253959, from:30078, delay:0.0001s, distance:244.60m (Euclidean)
[2025-03-11 13:27:37,709] [INFO] [30167] Missing PRE-PREPARE for REQUEST 1741667253959; ignoring PREPARE
[2025-03-11 13:27:37,709] [INFO] [30167] Received COMMIT: id:1741667253959, from:30078, delay:0.0001s, distance:244.60m (Euclidean)
[2025-03-11 13:27:37,771] [INFO] [30167] Received PREPARE: id:1741667253959, from:30113, delay:0.0000s, distance:179.12m (Euclidean)
[2025-03-11 13:27:37,771] [INFO] [30167] Missing PRE-PREPARE for REQUEST 1741667253959; ignoring PREPARE
[2025-03-11 13:27:38,052] [INFO] [30167] Received PREPARE: id:1741667253959, from:30015, delay:0.0000s, distance:183.47m (Euclidean)
[2025-03-11 13:27:38,052] [INFO] [30167] Missing PRE-PREPARE for REQUEST 1741667253959; ignoring PREPARE
[2025-03-11 13:27:38,437] [INFO] [30167] Received PREPARE: id:1741667253959, from:30070, delay:0.0001s, distance:226.35m (Euclidean)
[2025-03-11 13:27:38,437] [INFO] [30167] Missing PRE-PREPARE for REQUEST 1741667253959; ignoring PREPARE
[2025-03-11 13:27:38,437] [INFO] [30167] Received PREPARE: id:1741667253959, from:30081, delay:0.0001s, distance:213.32m (Euclidean)
[2025-03-11 13:27:38,438] [INFO] [30167] Missing PRE-PREPARE for REQUEST 1741667253959; ignoring PREPARE
[2025-03-11 13:27:38,438] [INFO] [30167] Received COMMIT: id:1741667253959, from:30070, delay:0.0001s, distance:226.35m (Euclidean)
[2025-03-11 13:27:38,438] [INFO] [30167] Received COMMIT: id:1741667253959, from:30081, delay:0.0001s, distance:213.32m (Euclidean)
[2025-03-11 13:27:38,466] [INFO] [30167] Received PREPARE: id:1741667253959, from:30045, delay:0.0002s, distance:255.64m (Euclidean)
[2025-03-11 13:27:38,466] [INFO] [30167] Missing PRE-PREPARE for REQUEST 1741667253959; ignoring PREPARE
[2025-03-11 13:27:38,466] [INFO] [30167] Received COMMIT: id:1741667253959, from:30045, delay:0.0002s, distance:255.64m (Euclidean)
[2025-03-11 13:27:38,513] [INFO] [30167] Received PREPARE: id:1741667253959, from:30032, delay:0.0001s, distance:238.63m (Euclidean)
[2025-03-11 13:27:38,513] [INFO] [30167] Missing PRE-PREPARE for REQUEST 1741667253959; ignoring PREPARE
[2025-03-11 13:27:38,513] [INFO] [30167] Received COMMIT: id:1741667253959, from:30032, delay:0.0001s, distance:238.63m (Euclidean)
[2025-03-11 13:27:38,606] [INFO] [30167] Received COMMIT: id:1741667253959, from:30023, delay:0.0002s, distance:264.58m (Euclidean)
[2025-03-11 13:27:38,606] [INFO] [30167] Received PREPARE: id:1741667253959, from:30066, delay:0.0001s, distance:228.08m (Euclidean)
[2025-03-11 13:27:38,606] [INFO] [30167] Missing PRE-PREPARE for REQUEST 1741667253959; ignoring PREPARE
[2025-03-11 13:27:38,606] [INFO] [30167] Received COMMIT: id:1741667253959, from:30066, delay:0.0001s, distance:228.08m (Euclidean)
[2025-03-11 13:27:38,606] [INFO] [30167] Received COMMIT: id:1741667253959, from:30094, delay:0.0002s, distance:283.51m (Euclidean)
[2025-03-11 13:27:38,606] [INFO] [30167] Received PREPARE: id:1741667253959, from:30094, delay:0.0002s, distance:283.51m (Euclidean)
[2025-03-11 13:27:38,606] [INFO] [30167] Missing PRE-PREPARE for REQUEST 1741667253959; ignoring PREPARE
[2025-03-11 13:27:38,680] [INFO] [30167] Received PREPARE: id:1741667253959, from:30039, delay:0.0002s, distance:295.49m (Euclidean)
[2025-03-11 13:27:38,680] [INFO] [30167] Missing PRE-PREPARE for REQUEST 1741667253959; ignoring PREPARE
[2025-03-11 13:27:38,680] [INFO] [30167] Received COMMIT: id:1741667253959, from:30039, delay:0.0002s, distance:295.49m (Euclidean)
[2025-03-11 13:27:38,815] [INFO] [30167] Received PREPARE: id:1741667253959, from:30017, delay:0.0001s, distance:151.78m (Euclidean)
[2025-03-11 13:27:38,815] [INFO] [30167] Missing PRE-PREPARE for REQUEST 1741667253959; ignoring PREPARE
[2025-03-11 13:27:38,815] [INFO] [30167] Received COMMIT: id:1741667253959, from:30017, delay:0.0001s, distance:151.78m (Euclidean)
[2025-03-11 13:27:38,853] [INFO] [30167] Received PREPARE: id:1741667253959, from:30095, delay:0.0002s, distance:257.54m (Euclidean)
[2025-03-11 13:27:38,856] [INFO] [30167] Missing PRE-PREPARE for REQUEST 1741667253959; ignoring PREPARE
[2025-03-11 13:27:38,856] [INFO] [30167] Received COMMIT: id:1741667253959, from:30095, delay:0.0002s, distance:257.54m (Euclidean)
[2025-03-11 13:27:38,856] [INFO] [30167] Received PREPARE: id:1741667253959, from:30030, delay:0.0001s, distance:211.32m (Euclidean)
[2025-03-11 13:27:38,856] [INFO] [30167] Missing PRE-PREPARE for REQUEST 1741667253959; ignoring PREPARE
[2025-03-11 13:27:38,919] [INFO] [30167] Received PREPARE: id:1741667253959, from:30157, delay:0.0002s, distance:258.79m (Euclidean)
[2025-03-11 13:27:38,919] [INFO] [30167] Missing PRE-PREPARE for REQUEST 1741667253959; ignoring PREPARE
[2025-03-11 13:27:38,919] [INFO] [30167] Received COMMIT: id:1741667253959, from:30157, delay:0.0002s, distance:258.79m (Euclidean)
[2025-03-11 13:27:39,014] [INFO] [30167] Received COMMIT: id:1741667253959, from:30030, delay:0.0001s, distance:211.32m (Euclidean)
[2025-03-11 13:27:39,065] [INFO] [30167] Received PREPARE: id:1741667253959, from:30063, delay:0.0001s, distance:232.85m (Euclidean)
[2025-03-11 13:27:39,065] [INFO] [30167] Missing PRE-PREPARE for REQUEST 1741667253959; ignoring PREPARE
[2025-03-11 13:27:39,065] [INFO] [30167] Received COMMIT: id:1741667253959, from:30063, delay:0.0001s, distance:232.85m (Euclidean)
[2025-03-11 13:27:39,095] [INFO] [30167] Received PREPARE: id:1741667253959, from:30006, delay:0.0002s, distance:286.70m (Euclidean)
[2025-03-11 13:27:39,095] [INFO] [30167] Missing PRE-PREPARE for REQUEST 1741667253959; ignoring PREPARE
[2025-03-11 13:27:39,095] [INFO] [30167] Received COMMIT: id:1741667253959, from:30006, delay:0.0002s, distance:286.70m (Euclidean)
[2025-03-11 13:27:39,171] [INFO] [30167] Received PREPARE: id:1741667253959, from:30018, delay:0.0001s, distance:251.13m (Euclidean)
[2025-03-11 13:27:39,171] [INFO] [30167] Missing PRE-PREPARE for REQUEST 1741667253959; ignoring PREPARE
[2025-03-11 13:27:39,171] [INFO] [30167] Received COMMIT: id:1741667253959, from:30015, delay:0.0000s, distance:183.47m (Euclidean)
[2025-03-11 13:27:39,174] [INFO] [30167] Received COMMIT: id:1741667253959, from:30018, delay:0.0001s, distance:251.13m (Euclidean)
[2025-03-11 13:27:39,514] [INFO] [30167] Received COMMIT: id:1741667253959, from:30013, delay:0.0000s, distance:299.32m (Euclidean)
[2025-03-11 13:27:39,689] [INFO] [30167] Received PREPARE: id:1741667253959, from:30075, delay:0.0002s, distance:284.02m (Euclidean)
[2025-03-11 13:27:39,689] [INFO] [30167] Missing PRE-PREPARE for REQUEST 1741667253959; ignoring PREPARE
[2025-03-11 13:27:39,691] [INFO] [30167] Received COMMIT: id:1741667253959, from:30075, delay:0.0002s, distance:284.02m (Euclidean)
[2025-03-11 13:27:39,914] [INFO] [30167] Received PREPARE: id:1741667253959, from:30007, delay:0.0000s, distance:186.13m (Euclidean)
[2025-03-11 13:27:39,914] [INFO] [30167] Missing PRE-PREPARE for REQUEST 1741667253959; ignoring PREPARE
[2025-03-11 13:27:39,914] [INFO] [30167] Received COMMIT: id:1741667253959, from:30007, delay:0.0000s, distance:186.13m (Euclidean)
[2025-03-11 13:27:40,183] [INFO] [30167] Received COMMIT: id:1741667253959, from:30113, delay:0.0000s, distance:179.12m (Euclidean)
[2025-03-11 13:27:40,280] [INFO] [30167] Received PREPARE: id:1741667253959, from:30003, delay:0.0000s, distance:80.50m (Euclidean)
[2025-03-11 13:27:40,280] [INFO] [30167] Missing PRE-PREPARE for REQUEST 1741667253959; ignoring PREPARE
[2025-03-11 13:27:40,316] [INFO] [30167] Received COMMIT: id:1741667253959, from:30003, delay:0.0000s, distance:80.50m (Euclidean)
[2025-03-11 13:27:40,355] [INFO] [30167] Received PREPARE: id:1741667253959, from:30161, delay:0.0000s, distance:190.67m (Euclidean)
[2025-03-11 13:27:40,355] [INFO] [30167] Missing PRE-PREPARE for REQUEST 1741667253959; ignoring PREPARE
[2025-03-11 13:27:40,371] [INFO] [30167] Received PREPARE: id:1741667253959, from:30056, delay:0.0001s, distance:175.83m (Euclidean)
[2025-03-11 13:27:40,371] [INFO] [30167] Missing PRE-PREPARE for REQUEST 1741667253959; ignoring PREPARE
[2025-03-11 13:27:40,371] [INFO] [30167] Received COMMIT: id:1741667253959, from:30161, delay:0.0000s, distance:190.67m (Euclidean)
[2025-03-11 13:27:40,371] [INFO] [30167] Received PREPARE: id:1741667253959, from:30048, delay:0.0000s, distance:123.14m (Euclidean)
[2025-03-11 13:27:40,371] [INFO] [30167] Missing PRE-PREPARE for REQUEST 1741667253959; ignoring PREPARE
[2025-03-11 13:27:40,371] [INFO] [30167] Received PREPARE: id:1741667253959, from:30025, delay:0.0002s, distance:268.46m (Euclidean)
[2025-03-11 13:27:40,371] [INFO] [30167] Missing PRE-PREPARE for REQUEST 1741667253959; ignoring PREPARE
[2025-03-11 13:27:40,371] [INFO] [30167] Received PREPARE: id:1741667253959, from:30071, delay:0.0001s, distance:211.09m (Euclidean)
[2025-03-11 13:27:40,371] [INFO] [30167] Missing PRE-PREPARE for REQUEST 1741667253959; ignoring PREPARE
[2025-03-11 13:27:40,371] [INFO] [30167] Received COMMIT: id:1741667253959, from:30048, delay:0.0000s, distance:123.14m (Euclidean)
[2025-03-11 13:27:40,371] [INFO] [30167] Received COMMIT: id:1741667253959, from:30025, delay:0.0002s, distance:268.46m (Euclidean)
[2025-03-11 13:27:40,371] [INFO] [30167] Received COMMIT: id:1741667253959, from:30071, delay:0.0001s, distance:211.09m (Euclidean)
[2025-03-11 13:27:40,371] [INFO] [30167] Received COMMIT: id:1741667253959, from:30056, delay:0.0001s, distance:175.83m (Euclidean)
[2025-03-11 13:27:40,436] [INFO] [30167] Received PREPARE: id:1741667253959, from:30088, delay:0.0002s, distance:280.61m (Euclidean)
[2025-03-11 13:27:40,436] [INFO] [30167] Missing PRE-PREPARE for REQUEST 1741667253959; ignoring PREPARE
[2025-03-11 13:27:40,436] [INFO] [30167] Received COMMIT: id:1741667253959, from:30088, delay:0.0002s, distance:280.61m (Euclidean)
[2025-03-11 13:27:40,598] [INFO] [30167] Received PREPARE: id:1741667253959, from:30037, delay:0.0001s, distance:231.68m (Euclidean)
[2025-03-11 13:27:40,598] [INFO] [30167] Missing PRE-PREPARE for REQUEST 1741667253959; ignoring PREPARE
[2025-03-11 13:27:40,598] [INFO] [30167] Received COMMIT: id:1741667253959, from:30037, delay:0.0001s, distance:231.68m (Euclidean)
[2025-03-11 13:27:40,984] [INFO] [30167] Received PREPARE: id:1741667253959, from:30051, delay:0.0002s, distance:286.87m (Euclidean)
[2025-03-11 13:27:41,043] [INFO] [30167] Missing PRE-PREPARE for REQUEST 1741667253959; ignoring PREPARE
[2025-03-11 13:27:41,043] [INFO] [30167] Received COMMIT: id:1741667253959, from:30051, delay:0.0002s, distance:286.87m (Euclidean)
[2025-03-11 13:27:41,156] [INFO] [30167] Received PREPARE: id:1741667253959, from:30093, delay:0.0002s, distance:268.14m (Euclidean)
[2025-03-11 13:27:41,156] [INFO] [30167] Missing PRE-PREPARE for REQUEST 1741667253959; ignoring PREPARE
[2025-03-11 13:27:41,159] [INFO] [30167] Received COMMIT: id:1741667253959, from:30093, delay:0.0002s, distance:268.14m (Euclidean)
[2025-03-11 13:27:41,179] [INFO] [30167] Received PREPARE: id:1741667253959, from:30026, delay:0.0001s, distance:202.78m (Euclidean)
[2025-03-11 13:27:41,179] [INFO] [30167] Missing PRE-PREPARE for REQUEST 1741667253959; ignoring PREPARE
[2025-03-11 13:27:41,179] [INFO] [30167] Received COMMIT: id:1741667253959, from:30026, delay:0.0001s, distance:202.78m (Euclidean)
[2025-03-11 13:27:41,214] [INFO] [30167] Received PREPARE: id:1741667253959, from:30058, delay:0.0002s, distance:295.88m (Euclidean)
[2025-03-11 13:27:41,214] [INFO] [30167] Missing PRE-PREPARE for REQUEST 1741667253959; ignoring PREPARE
[2025-03-11 13:27:41,219] [INFO] [30167] Received COMMIT: id:1741667253959, from:30058, delay:0.0002s, distance:295.88m (Euclidean)
[2025-03-11 13:27:41,260] [INFO] [30167] Received PREPARE: id:1741667253959, from:30024, delay:0.0001s, distance:197.99m (Euclidean)
[2025-03-11 13:27:41,260] [INFO] [30167] Missing PRE-PREPARE for REQUEST 1741667253959; ignoring PREPARE
[2025-03-11 13:27:41,260] [INFO] [30167] Received PREPARE: id:1741667253959, from:30154, delay:0.0000s, distance:174.53m (Euclidean)
[2025-03-11 13:27:41,260] [INFO] [30167] Missing PRE-PREPARE for REQUEST 1741667253959; ignoring PREPARE
[2025-03-11 13:27:41,260] [INFO] [30167] Received COMMIT: id:1741667253959, from:30024, delay:0.0001s, distance:197.99m (Euclidean)
[2025-03-11 13:27:41,317] [INFO] [30167] Received COMMIT: id:1741667253959, from:30154, delay:0.0000s, distance:174.53m (Euclidean)
[2025-03-11 13:27:41,322] [INFO] [30167] Received PREPARE: id:1741667253959, from:30065, delay:0.0001s, distance:191.87m (Euclidean)
[2025-03-11 13:27:41,322] [INFO] [30167] Missing PRE-PREPARE for REQUEST 1741667253959; ignoring PREPARE
[2025-03-11 13:27:41,322] [INFO] [30167] Received COMMIT: id:1741667253959, from:30065, delay:0.0001s, distance:191.87m (Euclidean)
[2025-03-11 13:27:41,460] [INFO] [30167] Received PREPARE: id:1741667253959, from:30055, delay:0.0001s, distance:240.79m (Euclidean)
[2025-03-11 13:27:41,460] [INFO] [30167] Missing PRE-PREPARE for REQUEST 1741667253959; ignoring PREPARE
[2025-03-11 13:27:41,460] [INFO] [30167] Received COMMIT: id:1741667253959, from:30055, delay:0.0001s, distance:240.79m (Euclidean)
[2025-03-11 13:27:41,619] [INFO] [30167] Received PREPARE: id:1741667253959, from:30010, delay:0.0002s, distance:273.99m (Euclidean)
[2025-03-11 13:27:41,619] [INFO] [30167] Missing PRE-PREPARE for REQUEST 1741667253959; ignoring PREPARE
[2025-03-11 13:27:41,619] [INFO] [30167] Received COMMIT: id:1741667253959, from:30010, delay:0.0002s, distance:273.99m (Euclidean)
[2025-03-11 13:27:41,619] [INFO] [30167] Received PREPARE: id:1741667253959, from:30190, delay:0.0001s, distance:195.45m (Euclidean)
[2025-03-11 13:27:41,619] [INFO] [30167] Missing PRE-PREPARE for REQUEST 1741667253959; ignoring PREPARE
[2025-03-11 13:27:41,619] [INFO] [30167] Received COMMIT: id:1741667253959, from:30190, delay:0.0001s, distance:195.45m (Euclidean)
[2025-03-11 13:27:41,781] [INFO] [30167] Received PREPARE: id:1741667253959, from:30043, delay:0.0000s, distance:197.91m (Euclidean)
[2025-03-11 13:27:41,781] [INFO] [30167] Missing PRE-PREPARE for REQUEST 1741667253959; ignoring PREPARE
[2025-03-11 13:27:41,781] [INFO] [30167] Received COMMIT: id:1741667253959, from:30043, delay:0.0000s, distance:197.91m (Euclidean)
[2025-03-11 13:27:41,806] [INFO] [30167] Received PREPARE: id:1741667253959, from:30054, delay:0.0001s, distance:239.00m (Euclidean)
[2025-03-11 13:27:41,806] [INFO] [30167] Missing PRE-PREPARE for REQUEST 1741667253959; ignoring PREPARE
[2025-03-11 13:27:41,809] [INFO] [30167] Received COMMIT: id:1741667253959, from:30054, delay:0.0001s, distance:239.00m (Euclidean)
[2025-03-11 13:27:42,364] [INFO] [30167] Received PREPARE: id:1741667253959, from:30069, delay:0.0001s, distance:235.76m (Euclidean)
[2025-03-11 13:27:42,364] [INFO] [30167] Missing PRE-PREPARE for REQUEST 1741667253959; ignoring PREPARE
[2025-03-11 13:27:42,366] [INFO] [30167] Received COMMIT: id:1741667253959, from:30069, delay:0.0001s, distance:235.76m (Euclidean)
[2025-03-11 13:27:42,366] [INFO] [30167] Received COMMIT: id:1741667253959, from:30008, delay:0.0001s, distance:248.09m (Euclidean)
[2025-03-11 13:27:42,366] [INFO] [30167] Received PREPARE: id:1741667253959, from:30008, delay:0.0001s, distance:248.09m (Euclidean)
[2025-03-11 13:27:42,366] [INFO] [30167] Missing PRE-PREPARE for REQUEST 1741667253959; ignoring PREPARE
[2025-03-11 13:27:42,466] [INFO] [30167] Received PREPARE: id:1741667253959, from:30136, delay:0.0000s, distance:100.38m (Euclidean)
[2025-03-11 13:27:42,466] [INFO] [30167] Missing PRE-PREPARE for REQUEST 1741667253959; ignoring PREPARE
[2025-03-11 13:27:42,573] [INFO] [30167] Received PREPARE: id:1741667253959, from:30092, delay:0.0002s, distance:258.44m (Euclidean)
[2025-03-11 13:27:42,573] [INFO] [30167] Missing PRE-PREPARE for REQUEST 1741667253959; ignoring PREPARE
[2025-03-11 13:27:42,573] [INFO] [30167] Received COMMIT: id:1741667253959, from:30092, delay:0.0002s, distance:258.44m (Euclidean)
[2025-03-11 13:27:42,776] [INFO] [30167] Received PREPARE: id:1741667253959, from:30089, delay:0.0002s, distance:290.36m (Euclidean)
[2025-03-11 13:27:42,776] [INFO] [30167] Missing PRE-PREPARE for REQUEST 1741667253959; ignoring PREPARE
[2025-03-11 13:27:42,776] [INFO] [30167] Received PREPARE: id:1741667253959, from:30034, delay:0.0001s, distance:210.18m (Euclidean)
[2025-03-11 13:27:42,776] [INFO] [30167] Missing PRE-PREPARE for REQUEST 1741667253959; ignoring PREPARE
[2025-03-11 13:27:42,779] [INFO] [30167] Received COMMIT: id:1741667253959, from:30089, delay:0.0002s, distance:290.36m (Euclidean)
[2025-03-11 13:27:42,779] [INFO] [30167] Received COMMIT: id:1741667253959, from:30034, delay:0.0001s, distance:210.18m (Euclidean)
[2025-03-11 13:27:42,779] [INFO] [30167] Received COMMIT: id:1741667253959, from:30049, delay:0.0001s, distance:209.68m (Euclidean)
[2025-03-11 13:27:42,779] [INFO] [30167] Received PREPARE: id:1741667253959, from:30049, delay:0.0001s, distance:209.68m (Euclidean)
[2025-03-11 13:27:42,779] [INFO] [30167] Missing PRE-PREPARE for REQUEST 1741667253959; ignoring PREPARE
[2025-03-11 13:27:43,078] [INFO] [30167] Received PREPARE: id:1741667253959, from:30027, delay:0.0002s, distance:265.70m (Euclidean)
[2025-03-11 13:27:43,078] [INFO] [30167] Missing PRE-PREPARE for REQUEST 1741667253959; ignoring PREPARE
[2025-03-11 13:27:43,078] [INFO] [30167] Received COMMIT: id:1741667253959, from:30027, delay:0.0002s, distance:265.70m (Euclidean)
[2025-03-11 13:27:43,122] [INFO] [30167] Received PREPARE: id:1741667253959, from:30002, delay:0.0001s, distance:228.43m (Euclidean)
[2025-03-11 13:27:43,122] [INFO] [30167] Missing PRE-PREPARE for REQUEST 1741667253959; ignoring PREPARE
[2025-03-11 13:27:43,122] [INFO] [30167] Received COMMIT: id:1741667253959, from:30002, delay:0.0001s, distance:228.43m (Euclidean)
[2025-03-11 13:27:43,178] [INFO] [30167] Received PREPARE: id:1741667253959, from:30076, delay:0.0001s, distance:202.10m (Euclidean)
[2025-03-11 13:27:43,178] [INFO] [30167] Missing PRE-PREPARE for REQUEST 1741667253959; ignoring PREPARE
[2025-03-11 13:27:43,178] [INFO] [30167] Received COMMIT: id:1741667253959, from:30076, delay:0.0001s, distance:202.10m (Euclidean)
[2025-03-11 13:27:43,257] [INFO] [30167] Received PREPARE: id:1741667253959, from:30053, delay:0.0001s, distance:220.80m (Euclidean)
[2025-03-11 13:27:43,257] [INFO] [30167] Missing PRE-PREPARE for REQUEST 1741667253959; ignoring PREPARE
[2025-03-11 13:27:43,257] [INFO] [30167] Received COMMIT: id:1741667253959, from:30053, delay:0.0001s, distance:220.80m (Euclidean)
[2025-03-11 13:27:43,304] [INFO] [30167] Received PREPARE: id:1741667253959, from:30020, delay:0.0000s, distance:102.88m (Euclidean)
[2025-03-11 13:27:43,304] [INFO] [30167] Missing PRE-PREPARE for REQUEST 1741667253959; ignoring PREPARE
[2025-03-11 13:27:43,304] [INFO] [30167] Received COMMIT: id:1741667253959, from:30020, delay:0.0000s, distance:102.88m (Euclidean)
[2025-03-11 13:27:43,439] [INFO] [30167] Received PREPARE: id:1741667253959, from:30059, delay:0.0002s, distance:255.65m (Euclidean)
[2025-03-11 13:27:43,439] [INFO] [30167] Missing PRE-PREPARE for REQUEST 1741667253959; ignoring PREPARE
[2025-03-11 13:27:43,439] [INFO] [30167] Received COMMIT: id:1741667253959, from:30059, delay:0.0002s, distance:255.65m (Euclidean)
[2025-03-11 13:27:43,595] [INFO] [30167] Received PREPARE: id:1741667253959, from:30005, delay:0.0000s, distance:139.03m (Euclidean)
[2025-03-11 13:27:43,595] [INFO] [30167] Missing PRE-PREPARE for REQUEST 1741667253959; ignoring PREPARE
[2025-03-11 13:27:43,595] [INFO] [30167] Received PREPARE: id:1741667253959, from:30022, delay:0.0000s, distance:135.22m (Euclidean)
[2025-03-11 13:27:43,595] [INFO] [30167] Missing PRE-PREPARE for REQUEST 1741667253959; ignoring PREPARE
[2025-03-11 13:27:43,595] [INFO] [30167] Received COMMIT: id:1741667253959, from:30005, delay:0.0000s, distance:139.03m (Euclidean)
[2025-03-11 13:27:43,595] [INFO] [30167] Received COMMIT: id:1741667253959, from:30022, delay:0.0000s, distance:135.22m (Euclidean)
[2025-03-11 13:27:43,621] [INFO] [30167] Received PREPARE: id:1741667253959, from:30040, delay:0.0001s, distance:216.18m (Euclidean)
[2025-03-11 13:27:43,621] [INFO] [30167] Missing PRE-PREPARE for REQUEST 1741667253959; ignoring PREPARE
[2025-03-11 13:27:43,621] [INFO] [30167] Received COMMIT: id:1741667253959, from:30040, delay:0.0001s, distance:216.18m (Euclidean)
[2025-03-11 13:27:43,621] [INFO] [30167] Received PREPARE: id:1741667253959, from:30068, delay:0.0000s, distance:65.06m (Euclidean)
[2025-03-11 13:27:43,621] [INFO] [30167] Missing PRE-PREPARE for REQUEST 1741667253959; ignoring PREPARE
[2025-03-11 13:27:43,637] [INFO] [30167] Received COMMIT: id:1741667253959, from:30068, delay:0.0000s, distance:65.06m (Euclidean)
[2025-03-11 13:27:43,731] [INFO] [30167] Received PREPARE: id:1741667253959, from:30033, delay:0.0001s, distance:151.47m (Euclidean)
[2025-03-11 13:27:43,731] [INFO] [30167] Missing PRE-PREPARE for REQUEST 1741667253959; ignoring PREPARE
[2025-03-11 13:27:43,731] [INFO] [30167] Received COMMIT: id:1741667253959, from:30033, delay:0.0001s, distance:151.47m (Euclidean)
[2025-03-11 13:27:44,120] [INFO] [30167] Received PREPARE: id:1741667253959, from:30046, delay:0.0001s, distance:233.86m (Euclidean)
[2025-03-11 13:27:44,120] [INFO] [30167] Missing PRE-PREPARE for REQUEST 1741667253959; ignoring PREPARE
[2025-03-11 13:27:44,125] [INFO] [30167] Received COMMIT: id:1741667253959, from:30046, delay:0.0001s, distance:233.86m (Euclidean)
[2025-03-11 13:27:44,164] [INFO] [30167] Received PREPARE: id:1741667253959, from:30073, delay:0.0002s, distance:287.78m (Euclidean)
[2025-03-11 13:27:44,164] [INFO] [30167] Missing PRE-PREPARE for REQUEST 1741667253959; ignoring PREPARE
[2025-03-11 13:27:44,164] [INFO] [30167] Received COMMIT: id:1741667253959, from:30073, delay:0.0002s, distance:287.78m (Euclidean)
[2025-03-11 13:27:44,359] [INFO] [30167] Received PREPARE: id:1741667253959, from:30064, delay:0.0001s, distance:187.18m (Euclidean)
[2025-03-11 13:27:44,359] [INFO] [30167] Missing PRE-PREPARE for REQUEST 1741667253959; ignoring PREPARE
[2025-03-11 13:27:44,361] [INFO] [30167] Received COMMIT: id:1741667253959, from:30064, delay:0.0001s, distance:187.18m (Euclidean)
[2025-03-11 13:27:44,487] [INFO] [30167] Received PREPARE: id:1741667253959, from:30084, delay:0.0001s, distance:232.92m (Euclidean)
[2025-03-11 13:27:44,487] [INFO] [30167] Missing PRE-PREPARE for REQUEST 1741667253959; ignoring PREPARE
[2025-03-11 13:27:44,487] [INFO] [30167] Received COMMIT: id:1741667253959, from:30084, delay:0.0001s, distance:232.92m (Euclidean)
[2025-03-11 13:27:44,582] [INFO] [30167] Received PREPARE: id:1741667253959, from:30035, delay:0.0000s, distance:140.39m (Euclidean)
[2025-03-11 13:27:44,582] [INFO] [30167] Missing PRE-PREPARE for REQUEST 1741667253959; ignoring PREPARE
[2025-03-11 13:27:44,582] [INFO] [30167] Received PREPARE: id:1741667253959, from:30067, delay:0.0002s, distance:255.19m (Euclidean)
[2025-03-11 13:27:44,582] [INFO] [30167] Missing PRE-PREPARE for REQUEST 1741667253959; ignoring PREPARE
[2025-03-11 13:27:44,582] [INFO] [30167] Received COMMIT: id:1741667253959, from:30035, delay:0.0000s, distance:140.39m (Euclidean)
[2025-03-11 13:27:44,582] [INFO] [30167] Received COMMIT: id:1741667253959, from:30067, delay:0.0002s, distance:255.19m (Euclidean)
[2025-03-11 13:27:44,613] [INFO] [30167] Received PREPARE: id:1741667253959, from:30091, delay:0.0001s, distance:202.95m (Euclidean)
[2025-03-11 13:27:44,613] [INFO] [30167] Missing PRE-PREPARE for REQUEST 1741667253959; ignoring PREPARE
[2025-03-11 13:27:44,613] [INFO] [30167] Received COMMIT: id:1741667253959, from:30091, delay:0.0001s, distance:202.95m (Euclidean)
[2025-03-11 13:27:44,923] [INFO] [30167] Received PREPARE: id:1741667253959, from:30021, delay:0.0000s, distance:157.71m (Euclidean)
[2025-03-11 13:27:44,923] [INFO] [30167] Missing PRE-PREPARE for REQUEST 1741667253959; ignoring PREPARE
[2025-03-11 13:27:44,930] [INFO] [30167] Received COMMIT: id:1741667253959, from:30021, delay:0.0000s, distance:157.71m (Euclidean)
[2025-03-11 13:27:44,971] [INFO] [30167] Received PREPARE: id:1741667253959, from:30004, delay:0.0001s, distance:223.32m (Euclidean)
[2025-03-11 13:27:44,971] [INFO] [30167] Missing PRE-PREPARE for REQUEST 1741667253959; ignoring PREPARE
[2025-03-11 13:27:44,971] [INFO] [30167] Received COMMIT: id:1741667253959, from:30004, delay:0.0001s, distance:223.32m (Euclidean)
[2025-03-11 13:27:45,112] [INFO] [30167] Received PREPARE: id:1741667253959, from:30042, delay:0.0001s, distance:274.99m (Euclidean)
[2025-03-11 13:27:45,112] [INFO] [30167] Missing PRE-PREPARE for REQUEST 1741667253959; ignoring PREPARE
[2025-03-11 13:27:45,112] [INFO] [30167] Received COMMIT: id:1741667253959, from:30042, delay:0.0001s, distance:274.99m (Euclidean)
[2025-03-11 13:27:46,524] [INFO] [30167] Received PREPARE: id:1741667253959, from:30180, delay:0.0000s, distance:46.18m (Euclidean)
[2025-03-11 13:27:46,524] [INFO] [30167] Missing PRE-PREPARE for REQUEST 1741667253959; ignoring PREPARE
[2025-03-11 13:27:46,607] [INFO] [30167] Received PREPARE: id:1741667253959, from:30119, delay:0.0000s, distance:114.52m (Euclidean)
[2025-03-11 13:27:46,607] [INFO] [30167] Missing PRE-PREPARE for REQUEST 1741667253959; ignoring PREPARE
[2025-03-11 13:27:46,607] [INFO] [30167] Received COMMIT: id:1741667253959, from:30119, delay:0.0000s, distance:114.52m (Euclidean)
[2025-03-11 13:27:47,155] [INFO] [30167] Received COMMIT: id:1741667253959, from:30136, delay:0.0000s, distance:100.38m (Euclidean)
[2025-03-11 13:27:47,602] [INFO] [30167] Received PREPARE: id:1741667253959, from:30135, delay:0.0002s, distance:259.85m (Euclidean)
[2025-03-11 13:27:47,602] [INFO] [30167] Missing PRE-PREPARE for REQUEST 1741667253959; ignoring PREPARE
[2025-03-11 13:27:47,615] [INFO] [30167] Received COMMIT: id:1741667253959, from:30135, delay:0.0002s, distance:259.85m (Euclidean)
[2025-03-11 13:27:47,900] [INFO] [30167] Received PREPARE: id:1741667253959, from:30155, delay:0.0000s, distance:52.47m (Euclidean)
[2025-03-11 13:27:47,900] [INFO] [30167] Missing PRE-PREPARE for REQUEST 1741667253959; ignoring PREPARE
[2025-03-11 13:27:47,901] [INFO] [30167] Received COMMIT: id:1741667253959, from:30155, delay:0.0000s, distance:52.47m (Euclidean)
[2025-03-11 13:27:48,195] [INFO] [30167] Received PREPARE: id:1741667253959, from:30199, delay:0.0002s, distance:259.53m (Euclidean)
[2025-03-11 13:27:48,195] [INFO] [30167] Missing PRE-PREPARE for REQUEST 1741667253959; ignoring PREPARE
[2025-03-11 13:27:48,211] [INFO] [30167] Received COMMIT: id:1741667253959, from:30199, delay:0.0002s, distance:259.53m (Euclidean)
[2025-03-11 13:27:48,321] [INFO] [30167] Received PREPARE: id:1741667253959, from:30103, delay:0.0000s, distance:136.11m (Euclidean)
[2025-03-11 13:27:48,321] [INFO] [30167] Missing PRE-PREPARE for REQUEST 1741667253959; ignoring PREPARE
[2025-03-11 13:27:48,321] [INFO] [30167] Received COMMIT: id:1741667253959, from:30103, delay:0.0000s, distance:136.11m (Euclidean)
[2025-03-11 13:27:48,383] [INFO] [30167] Received PREPARE: id:1741667253959, from:30179, delay:0.0000s, distance:71.51m (Euclidean)
[2025-03-11 13:27:48,383] [INFO] [30167] Missing PRE-PREPARE for REQUEST 1741667253959; ignoring PREPARE
[2025-03-11 13:27:48,621] [INFO] [30167] Received PREPARE: id:1741667253959, from:30147, delay:0.0001s, distance:167.68m (Euclidean)
[2025-03-11 13:27:48,621] [INFO] [30167] Missing PRE-PREPARE for REQUEST 1741667253959; ignoring PREPARE
[2025-03-11 13:27:48,621] [INFO] [30167] Received COMMIT: id:1741667253959, from:30147, delay:0.0001s, distance:167.68m (Euclidean)
[2025-03-11 13:27:48,684] [INFO] [30167] Received PREPARE: id:1741667253959, from:30168, delay:0.0002s, distance:278.96m (Euclidean)
[2025-03-11 13:27:48,684] [INFO] [30167] Missing PRE-PREPARE for REQUEST 1741667253959; ignoring PREPARE
[2025-03-11 13:27:48,684] [INFO] [30167] Received COMMIT: id:1741667253959, from:30168, delay:0.0002s, distance:278.96m (Euclidean)
[2025-03-11 13:27:48,870] [INFO] [30167] Received PREPARE: id:1741667253959, from:30134, delay:0.0000s, distance:140.88m (Euclidean)
[2025-03-11 13:27:48,870] [INFO] [30167] Missing PRE-PREPARE for REQUEST 1741667253959; ignoring PREPARE
[2025-03-11 13:27:48,870] [INFO] [30167] Received COMMIT: id:1741667253959, from:30134, delay:0.0000s, distance:140.88m (Euclidean)
[2025-03-11 13:27:49,319] [INFO] [30167] Received PREPARE: id:1741667253959, from:30181, delay:0.0002s, distance:262.27m (Euclidean)
[2025-03-11 13:27:49,319] [INFO] [30167] Missing PRE-PREPARE for REQUEST 1741667253959; ignoring PREPARE
[2025-03-11 13:27:49,319] [INFO] [30167] Received COMMIT: id:1741667253959, from:30181, delay:0.0002s, distance:262.27m (Euclidean)
[2025-03-11 13:27:49,492] [INFO] [30167] Received PREPARE: id:1741667253959, from:30150, delay:0.0000s, distance:170.65m (Euclidean)
[2025-03-11 13:27:49,492] [INFO] [30167] Missing PRE-PREPARE for REQUEST 1741667253959; ignoring PREPARE
[2025-03-11 13:27:49,697] [INFO] [30167] Received COMMIT: id:1741667253959, from:30150, delay:0.0000s, distance:170.65m (Euclidean)
[2025-03-11 13:27:49,697] [INFO] [30167] Received PREPARE: id:1741667253959, from:30189, delay:0.0001s, distance:233.06m (Euclidean)
[2025-03-11 13:27:49,697] [INFO] [30167] Missing PRE-PREPARE for REQUEST 1741667253959; ignoring PREPARE
[2025-03-11 13:27:49,697] [INFO] [30167] Received COMMIT: id:1741667253959, from:30189, delay:0.0001s, distance:233.06m (Euclidean)
[2025-03-11 13:27:49,729] [INFO] [30167] Received PREPARE: id:1741667253959, from:30197, delay:0.0000s, distance:83.06m (Euclidean)
[2025-03-11 13:27:49,729] [INFO] [30167] Missing PRE-PREPARE for REQUEST 1741667253959; ignoring PREPARE
[2025-03-11 13:27:49,729] [INFO] [30167] Received COMMIT: id:1741667253959, from:30197, delay:0.0000s, distance:83.06m (Euclidean)
[2025-03-11 13:27:50,174] [INFO] [30167] Received PREPARE: id:1741667253959, from:30195, delay:0.0001s, distance:180.61m (Euclidean)
[2025-03-11 13:27:50,174] [INFO] [30167] Missing PRE-PREPARE for REQUEST 1741667253959; ignoring PREPARE
[2025-03-11 13:27:50,174] [INFO] [30167] Received COMMIT: id:1741667253959, from:30195, delay:0.0001s, distance:180.61m (Euclidean)
[2025-03-11 13:27:50,245] [INFO] [30167] Received PREPARE: id:1741667253959, from:30183, delay:0.0001s, distance:197.62m (Euclidean)
[2025-03-11 13:27:50,245] [INFO] [30167] Missing PRE-PREPARE for REQUEST 1741667253959; ignoring PREPARE
[2025-03-11 13:27:50,245] [INFO] [30167] Received COMMIT: id:1741667253959, from:30183, delay:0.0001s, distance:197.62m (Euclidean)
[2025-03-11 13:27:50,346] [INFO] [30167] Received PREPARE: id:1741667253959, from:30158, delay:0.0000s, distance:143.29m (Euclidean)
[2025-03-11 13:27:50,346] [INFO] [30167] Missing PRE-PREPARE for REQUEST 1741667253959; ignoring PREPARE
[2025-03-11 13:27:50,348] [INFO] [30167] Received COMMIT: id:1741667253959, from:30158, delay:0.0000s, distance:143.29m (Euclidean)
[2025-03-11 13:27:50,767] [INFO] [30167] Received PREPARE: id:1741667253959, from:30109, delay:0.0001s, distance:165.87m (Euclidean)
[2025-03-11 13:27:50,767] [INFO] [30167] Missing PRE-PREPARE for REQUEST 1741667253959; ignoring PREPARE
[2025-03-11 13:27:50,815] [INFO] [30167] Received COMMIT: id:1741667253959, from:30179, delay:0.0000s, distance:71.51m (Euclidean)
[2025-03-11 13:27:51,113] [INFO] [30167] Received PREPARE: id:1741667253959, from:30170, delay:0.0001s, distance:205.68m (Euclidean)
[2025-03-11 13:27:51,115] [INFO] [30167] Missing PRE-PREPARE for REQUEST 1741667253959; ignoring PREPARE
[2025-03-11 13:27:51,115] [INFO] [30167] Received COMMIT: id:1741667253959, from:30170, delay:0.0001s, distance:205.68m (Euclidean)
[2025-03-11 13:27:51,461] [INFO] [30167] Received PREPARE: id:1741667253959, from:30115, delay:0.0001s, distance:231.36m (Euclidean)
[2025-03-11 13:27:51,461] [INFO] [30167] Missing PRE-PREPARE for REQUEST 1741667253959; ignoring PREPARE
[2025-03-11 13:27:51,461] [INFO] [30167] Received COMMIT: id:1741667253959, from:30115, delay:0.0001s, distance:231.36m (Euclidean)
[2025-03-11 13:27:51,591] [INFO] [30167] Received COMMIT: id:1741667253959, from:30109, delay:0.0001s, distance:165.87m (Euclidean)
[2025-03-11 13:27:51,628] [INFO] [30167] Received PREPARE: id:1741667253959, from:30152, delay:0.0001s, distance:184.84m (Euclidean)
[2025-03-11 13:27:51,628] [INFO] [30167] Missing PRE-PREPARE for REQUEST 1741667253959; ignoring PREPARE
[2025-03-11 13:27:51,628] [INFO] [30167] Received COMMIT: id:1741667253959, from:30152, delay:0.0001s, distance:184.84m (Euclidean)
[2025-03-11 13:27:51,761] [INFO] [30167] Received PREPARE: id:1741667253959, from:30166, delay:0.0002s, distance:272.17m (Euclidean)
[2025-03-11 13:27:51,761] [INFO] [30167] Missing PRE-PREPARE for REQUEST 1741667253959; ignoring PREPARE
[2025-03-11 13:27:51,761] [INFO] [30167] Received COMMIT: id:1741667253959, from:30166, delay:0.0002s, distance:272.17m (Euclidean)
[2025-03-11 13:27:51,888] [INFO] [30167] Received PREPARE: id:1741667253959, from:30193, delay:0.0001s, distance:219.55m (Euclidean)
[2025-03-11 13:27:51,888] [INFO] [30167] Missing PRE-PREPARE for REQUEST 1741667253959; ignoring PREPARE
[2025-03-11 13:27:51,888] [INFO] [30167] Received COMMIT: id:1741667253959, from:30193, delay:0.0001s, distance:219.55m (Euclidean)
[2025-03-11 13:27:52,106] [INFO] [30167] Received PREPARE: id:1741667253959, from:30172, delay:0.0002s, distance:271.44m (Euclidean)
[2025-03-11 13:27:52,106] [INFO] [30167] Missing PRE-PREPARE for REQUEST 1741667253959; ignoring PREPARE
[2025-03-11 13:27:52,106] [INFO] [30167] Received COMMIT: id:1741667253959, from:30172, delay:0.0002s, distance:271.44m (Euclidean)
[2025-03-11 13:27:52,316] [INFO] [30167] Received PREPARE: id:1741667253959, from:30176, delay:0.0001s, distance:216.74m (Euclidean)
[2025-03-11 13:27:52,316] [INFO] [30167] Missing PRE-PREPARE for REQUEST 1741667253959; ignoring PREPARE
[2025-03-11 13:27:52,316] [INFO] [30167] Received COMMIT: id:1741667253959, from:30176, delay:0.0001s, distance:216.74m (Euclidean)
[2025-03-11 13:27:52,331] [INFO] [30167] Received PREPARE: id:1741667253959, from:30117, delay:0.0001s, distance:173.49m (Euclidean)
[2025-03-11 13:27:52,331] [INFO] [30167] Missing PRE-PREPARE for REQUEST 1741667253959; ignoring PREPARE
[2025-03-11 13:27:52,529] [INFO] [30167] Received PREPARE: id:1741667253959, from:30174, delay:0.0001s, distance:192.19m (Euclidean)
[2025-03-11 13:27:52,529] [INFO] [30167] Missing PRE-PREPARE for REQUEST 1741667253959; ignoring PREPARE
[2025-03-11 13:27:52,529] [INFO] [30167] Received COMMIT: id:1741667253959, from:30174, delay:0.0001s, distance:192.19m (Euclidean)
[2025-03-11 13:27:52,673] [INFO] [30167] Received PRE-PREPARE: id:1741667253959, from:Leader(30000), delay:0.0000s, distance:179.30m (Euclidean)
[2025-03-11 13:27:52,673] [INFO] [30167] Broadcasting PREPARE for REQUEST 1741667253959
[2025-03-11 13:27:52,686] [INFO] [30167] Not broadcasting to fault node: 30077
[2025-03-11 13:27:52,706] [INFO] [30167] Not broadcasting to fault node: 30184
[2025-03-11 13:27:52,743] [INFO] [30167] Received PREPARE: id:1741667253959, from:30144, delay:0.0000s, distance:96.69m (Euclidean)
[2025-03-11 13:27:52,743] [INFO] [30167] Broadcasting COMMIT for REQUEST 1741667253959
[2025-03-11 13:27:52,749] [INFO] [30167] Not broadcasting to fault node: 30077
[2025-03-11 13:27:52,770] [INFO] [30167] Not broadcasting to fault node: 30184
[2025-03-11 13:27:52,854] [INFO] [30167] Received COMMIT: id:1741667253959, from:30144, delay:0.0000s, distance:96.69m (Euclidean)
[2025-03-11 13:27:52,891] [INFO] [30167] Received PREPARE: id:1741667253959, from:30133, delay:0.0002s, distance:257.49m (Euclidean)
[2025-03-11 13:27:52,891] [INFO] [30167] Received COMMIT: id:1741667253959, from:30133, delay:0.0002s, distance:257.49m (Euclidean)
[2025-03-11 13:27:52,985] [INFO] [30167] Received COMMIT: id:1741667253959, from:30180, delay:0.0000s, distance:46.18m (Euclidean)
[2025-03-11 13:27:53,075] [INFO] [30167] Received PREPARE: id:1741667253959, from:30153, delay:0.0000s, distance:62.61m (Euclidean)
[2025-03-11 13:27:53,077] [INFO] [30167] Received PREPARE: id:1741667253959, from:30160, delay:0.0001s, distance:180.10m (Euclidean)
[2025-03-11 13:27:53,077] [INFO] [30167] Received COMMIT: id:1741667253959, from:30153, delay:0.0000s, distance:62.61m (Euclidean)
[2025-03-11 13:27:53,077] [INFO] [30167] Received COMMIT: id:1741667253959, from:30160, delay:0.0001s, distance:180.10m (Euclidean)
[2025-03-11 13:27:53,337] [INFO] [30167] Received PREPARE: id:1741667253959, from:30141, delay:0.0001s, distance:164.62m (Euclidean)
[2025-03-11 13:27:53,338] [INFO] [30167] Received COMMIT: id:1741667253959, from:30141, delay:0.0001s, distance:164.62m (Euclidean)
[2025-03-11 13:27:53,552] [INFO] [30167] Received PREPARE: id:1741667253959, from:30107, delay:0.0000s, distance:79.55m (Euclidean)
[2025-03-11 13:27:53,554] [INFO] [30167] Received COMMIT: id:1741667253959, from:30107, delay:0.0000s, distance:79.55m (Euclidean)
[2025-03-11 13:27:53,725] [INFO] [30167] Received PREPARE: id:1741667253959, from:30173, delay:0.0002s, distance:278.77m (Euclidean)
[2025-03-11 13:27:53,729] [INFO] [30167] Received COMMIT: id:1741667253959, from:30173, delay:0.0002s, distance:278.77m (Euclidean)
[2025-03-11 13:27:53,837] [INFO] [30167] Received COMMIT: id:1741667253959, from:30117, delay:0.0001s, distance:173.49m (Euclidean)
[2025-03-11 13:27:54,365] [INFO] [30167] Received PREPARE: id:1741667253959, from:30097, delay:0.0001s, distance:229.16m (Euclidean)
[2025-03-11 13:27:54,365] [INFO] [30167] Received COMMIT: id:1741667253959, from:30097, delay:0.0001s, distance:229.16m (Euclidean)
[2025-03-11 13:27:54,444] [INFO] [30167] Received PREPARE: id:1741667253959, from:30121, delay:0.0002s, distance:284.47m (Euclidean)
[2025-03-11 13:27:54,444] [INFO] [30167] Received COMMIT: id:1741667253959, from:30121, delay:0.0002s, distance:284.47m (Euclidean)
[2025-03-11 13:27:54,649] [INFO] [30167] Received PREPARE: id:1741667253959, from:30175, delay:0.0000s, distance:189.03m (Euclidean)
[2025-03-11 13:27:54,649] [INFO] [30167] Received COMMIT: id:1741667253959, from:30175, delay:0.0000s, distance:189.03m (Euclidean)
[2025-03-11 13:27:54,806] [INFO] [30167] Received PREPARE: id:1741667253959, from:30186, delay:0.0001s, distance:215.36m (Euclidean)
[2025-03-11 13:27:54,806] [INFO] [30167] Received COMMIT: id:1741667253959, from:30186, delay:0.0001s, distance:215.36m (Euclidean)
[2025-03-11 13:27:54,927] [INFO] [30167] Received COMMIT: id:1741667253959, from:30000, delay:0.0000s, distance:179.30m (Euclidean)
[2025-03-11 13:27:54,990] [INFO] [30167] Received PREPARE: id:1741667253959, from:30148, delay:0.0001s, distance:220.68m (Euclidean)
[2025-03-11 13:27:54,990] [INFO] [30167] Received COMMIT: id:1741667253959, from:30148, delay:0.0001s, distance:220.68m (Euclidean)
[2025-03-11 13:27:54,990] [INFO] [30167] Received PREPARE: id:1741667253959, from:30140, delay:0.0000s, distance:123.53m (Euclidean)
[2025-03-11 13:27:54,990] [INFO] [30167] Received COMMIT: id:1741667253959, from:30140, delay:0.0000s, distance:123.53m (Euclidean)
[2025-03-11 13:27:55,082] [INFO] [30167] Received COMMIT: id:1741667253959, from:30196, delay:0.0002s, distance:264.26m (Euclidean)
[2025-03-11 13:27:55,082] [INFO] [30167] Received PREPARE: id:1741667253959, from:30196, delay:0.0002s, distance:264.26m (Euclidean)
[2025-03-11 13:27:55,114] [INFO] [30167] Received PREPARE: id:1741667253959, from:30130, delay:0.0002s, distance:294.75m (Euclidean)
[2025-03-11 13:27:55,122] [INFO] [30167] Received COMMIT: id:1741667253959, from:30130, delay:0.0002s, distance:294.75m (Euclidean)
[2025-03-11 13:27:55,338] [INFO] [30167] Received PREPARE: id:1741667253959, from:30129, delay:0.0001s, distance:246.06m (Euclidean)
[2025-03-11 13:27:55,348] [INFO] [30167] Received COMMIT: id:1741667253959, from:30129, delay:0.0001s, distance:246.06m (Euclidean)
[2025-03-11 13:27:55,348] [INFO] [30167] Received PREPARE: id:1741667253959, from:30127, delay:0.0000s, distance:299.85m (Euclidean)
[2025-03-11 13:27:55,423] [INFO] [30167] Received PREPARE: id:1741667253959, from:30156, delay:0.0001s, distance:231.38m (Euclidean)
[2025-03-11 13:27:55,425] [INFO] [30167] Received COMMIT: id:1741667253959, from:30156, delay:0.0001s, distance:231.38m (Euclidean)
[2025-03-11 13:27:55,425] [INFO] [30167] Received COMMIT: id:1741667253959, from:30164, delay:0.0001s, distance:222.32m (Euclidean)
[2025-03-11 13:27:55,425] [INFO] [30167] Received PREPARE: id:1741667253959, from:30164, delay:0.0001s, distance:222.32m (Euclidean)
[2025-03-11 13:27:55,513] [INFO] [30167] Received PREPARE: id:1741667253959, from:30098, delay:0.0001s, distance:228.69m (Euclidean)
[2025-03-11 13:27:55,546] [INFO] [30167] Received COMMIT: id:1741667253959, from:30098, delay:0.0001s, distance:228.69m (Euclidean)
[2025-03-11 13:27:55,726] [INFO] [30167] Received PREPARE: id:1741667253959, from:30124, delay:0.0001s, distance:185.09m (Euclidean)
[2025-03-11 13:27:55,726] [INFO] [30167] Received COMMIT: id:1741667253959, from:30124, delay:0.0001s, distance:185.09m (Euclidean)
[2025-03-11 13:27:55,779] [INFO] [30167] Received PREPARE: id:1741667253959, from:30118, delay:0.0002s, distance:286.64m (Euclidean)
[2025-03-11 13:27:55,779] [INFO] [30167] Received COMMIT: id:1741667253959, from:30118, delay:0.0002s, distance:286.64m (Euclidean)
[2025-03-11 13:27:56,525] [INFO] [30167] Received PREPARE: id:1741667253959, from:30101, delay:0.0001s, distance:231.03m (Euclidean)
[2025-03-11 13:27:56,525] [INFO] [30167] Received COMMIT: id:1741667253959, from:30101, delay:0.0001s, distance:231.03m (Euclidean)
[2025-03-11 13:27:56,872] [INFO] [30167] Received PREPARE: id:1741667253959, from:30100, delay:0.0001s, distance:181.98m (Euclidean)
[2025-03-11 13:27:56,872] [INFO] [30167] Received COMMIT: id:1741667253959, from:30100, delay:0.0001s, distance:181.98m (Euclidean)
[2025-03-11 13:27:56,961] [INFO] [30167] Received PREPARE: id:1741667253959, from:30111, delay:0.0001s, distance:202.76m (Euclidean)
[2025-03-11 13:27:56,965] [INFO] [30167] Received COMMIT: id:1741667253959, from:30111, delay:0.0001s, distance:202.76m (Euclidean)
[2025-03-11 13:27:57,367] [INFO] [30167] Received COMMIT: id:1741667253959, from:30182, delay:0.0000s, distance:122.82m (Euclidean)
[2025-03-11 13:27:57,367] [INFO] [30167] Received PREPARE: id:1741667253959, from:30182, delay:0.0000s, distance:122.82m (Euclidean)
[2025-03-11 13:27:57,709] [INFO] [30167] Received COMMIT: id:1741667253959, from:30108, delay:0.0001s, distance:238.42m (Euclidean)
[2025-03-11 13:27:57,709] [INFO] [30167] Received PREPARE: id:1741667253959, from:30108, delay:0.0001s, distance:238.42m (Euclidean)
[2025-03-11 13:27:57,887] [INFO] [30167] Received COMMIT: id:1741667253959, from:30171, delay:0.0001s, distance:242.16m (Euclidean)
[2025-03-11 13:27:57,887] [INFO] [30167] Received PREPARE: id:1741667253959, from:30171, delay:0.0001s, distance:242.16m (Euclidean)
[2025-03-11 13:27:57,980] [INFO] [30167] Received PREPARE: id:1741667253959, from:30151, delay:0.0001s, distance:241.78m (Euclidean)
[2025-03-11 13:27:57,980] [INFO] [30167] Received COMMIT: id:1741667253959, from:30151, delay:0.0001s, distance:241.78m (Euclidean)
[2025-03-11 13:27:58,037] [INFO] [30167] Received PREPARE: id:1741667253959, from:30194, delay:0.0000s, distance:130.15m (Euclidean)
[2025-03-11 13:27:58,037] [INFO] [30167] Received COMMIT: id:1741667253959, from:30194, delay:0.0000s, distance:130.15m (Euclidean)
[2025-03-11 13:27:58,104] [INFO] [30167] Received PREPARE: id:1741667253959, from:30163, delay:0.0002s, distance:288.45m (Euclidean)
[2025-03-11 13:27:58,104] [INFO] [30167] Received COMMIT: id:1741667253959, from:30163, delay:0.0002s, distance:288.45m (Euclidean)
[2025-03-11 13:27:58,343] [INFO] [30167] Received COMMIT: id:1741667253959, from:30126, delay:0.0001s, distance:223.17m (Euclidean)
[2025-03-11 13:27:58,343] [INFO] [30167] Received PREPARE: id:1741667253959, from:30126, delay:0.0001s, distance:223.17m (Euclidean)
[2025-03-11 13:27:58,890] [INFO] [30167] Received PREPARE: id:1741667253959, from:30159, delay:0.0000s, distance:129.99m (Euclidean)
[2025-03-11 13:27:58,900] [INFO] [30167] Received PREPARE: id:1741667253959, from:30162, delay:0.0001s, distance:191.36m (Euclidean)
[2025-03-11 13:27:58,910] [INFO] [30167] Received COMMIT: id:1741667253959, from:30162, delay:0.0001s, distance:191.36m (Euclidean)
[2025-03-11 13:27:59,495] [INFO] [30167] Received PREPARE: id:1741667253959, from:30146, delay:0.0001s, distance:234.60m (Euclidean)
[2025-03-11 13:27:59,495] [INFO] [30167] Received COMMIT: id:1741667253959, from:30146, delay:0.0001s, distance:234.60m (Euclidean)
[2025-03-11 13:27:59,940] [INFO] [30167] Received COMMIT: id:1741667253959, from:30159, delay:0.0000s, distance:129.99m (Euclidean)
[2025-03-11 13:27:59,940] [INFO] [30167] Received PREPARE: id:1741667253959, from:30139, delay:0.0002s, distance:287.62m (Euclidean)
[2025-03-11 13:27:59,949] [INFO] [30167] Received COMMIT: id:1741667253959, from:30139, delay:0.0002s, distance:287.62m (Euclidean)
[2025-03-11 13:28:00,236] [INFO] [30167] Received PREPARE: id:1741667253959, from:30102, delay:0.0000s, distance:171.54m (Euclidean)
[2025-03-11 13:28:00,361] [INFO] [30167] Received PREPARE: id:1741667253959, from:30123, delay:0.0002s, distance:255.54m (Euclidean)
[2025-03-11 13:28:00,480] [INFO] [30167] Received COMMIT: id:1741667253959, from:30123, delay:0.0002s, distance:255.54m (Euclidean)
[2025-03-11 13:28:00,687] [INFO] [30167] Received PREPARE: id:1741667253959, from:30191, delay:0.0000s, distance:140.78m (Euclidean)
[2025-03-11 13:28:00,687] [INFO] [30167] Received COMMIT: id:1741667253959, from:30191, delay:0.0000s, distance:140.78m (Euclidean)
[2025-03-11 13:28:00,901] [INFO] [30167] Received PREPARE: id:1741667253959, from:30178, delay:0.0000s, distance:128.42m (Euclidean)
[2025-03-11 13:28:01,118] [INFO] [30167] Received PREPARE: id:1741667253959, from:30125, delay:0.0000s, distance:124.74m (Euclidean)
[2025-03-11 13:28:01,158] [INFO] [30167] Received COMMIT: id:1741667253959, from:30125, delay:0.0000s, distance:124.74m (Euclidean)
[2025-03-11 13:28:02,962] [ERROR] [30167] Error sending to http://localhost:30193/commit: Cannot connect to host localhost:30193 ssl:default [         ]
Traceback (most recent call last):
  File "D:\anaconda\envs\PBFT\lib\site-packages\aiohttp\connector.py", line 980, in _wrap_create_connection
    return await self._loop.create_connection(*args, **kwargs)  # type: ignore[return-value]  # noqa
  File "D:\anaconda\envs\PBFT\lib\asyncio\base_events.py", line 948, in create_connection
    raise exceptions[0]
  File "D:\anaconda\envs\PBFT\lib\asyncio\base_events.py", line 935, in create_connection
    await self.sock_connect(sock, address)
  File "D:\anaconda\envs\PBFT\lib\asyncio\selector_events.py", line 475, in sock_connect
    return await fut
  File "D:\anaconda\envs\PBFT\lib\asyncio\selector_events.py", line 480, in _sock_connect
    sock.connect(address)
OSError: [WinError 10055]          

The above exception was the direct cause of the following exception:

Traceback (most recent call last):
  File "pbft.py", line 249, in send_message
    await send_with_delay(self.session, self.node_info, target, url, data, self.bandwidth_data)
  File "pbft.py", line 63, in send_with_delay
    async with session.post(url, json=data) as resp:
  File "D:\anaconda\envs\PBFT\lib\site-packages\aiohttp\client.py", line 1141, in __aenter__
    self._resp = await self._coro
  File "D:\anaconda\envs\PBFT\lib\site-packages\aiohttp\client.py", line 537, in _request
    req, traces=traces, timeout=real_timeout
  File "D:\anaconda\envs\PBFT\lib\site-packages\aiohttp\connector.py", line 540, in connect
    proto = await self._create_connection(req, traces, timeout)
  File "D:\anaconda\envs\PBFT\lib\site-packages\aiohttp\connector.py", line 901, in _create_connection
    _, proto = await self._create_direct_connection(req, traces, timeout)
  File "D:\anaconda\envs\PBFT\lib\site-packages\aiohttp\connector.py", line 1206, in _create_direct_connection
    raise last_exc
  File "D:\anaconda\envs\PBFT\lib\site-packages\aiohttp\connector.py", line 1187, in _create_direct_connection
    client_error=client_error,
  File "D:\anaconda\envs\PBFT\lib\site-packages\aiohttp\connector.py", line 988, in _wrap_create_connection
    raise client_error(req.connection_key, exc) from exc
aiohttp.client_exceptions.ClientConnectorError: Cannot connect to host localhost:30193 ssl:default [         ]
[2025-03-11 13:28:03,079] [ERROR] [30167] Error sending to http://localhost:30176/prepare: Cannot connect to host localhost:30176 ssl:default [         ]
Traceback (most recent call last):
  File "D:\anaconda\envs\PBFT\lib\site-packages\aiohttp\connector.py", line 980, in _wrap_create_connection
    return await self._loop.create_connection(*args, **kwargs)  # type: ignore[return-value]  # noqa
  File "D:\anaconda\envs\PBFT\lib\asyncio\base_events.py", line 948, in create_connection
    raise exceptions[0]
  File "D:\anaconda\envs\PBFT\lib\asyncio\base_events.py", line 935, in create_connection
    await self.sock_connect(sock, address)
  File "D:\anaconda\envs\PBFT\lib\asyncio\selector_events.py", line 475, in sock_connect
    return await fut
  File "D:\anaconda\envs\PBFT\lib\asyncio\selector_events.py", line 480, in _sock_connect
    sock.connect(address)
OSError: [WinError 10055]          

The above exception was the direct cause of the following exception:

Traceback (most recent call last):
  File "pbft.py", line 249, in send_message
    await send_with_delay(self.session, self.node_info, target, url, data, self.bandwidth_data)
  File "pbft.py", line 63, in send_with_delay
    async with session.post(url, json=data) as resp:
  File "D:\anaconda\envs\PBFT\lib\site-packages\aiohttp\client.py", line 1141, in __aenter__
    self._resp = await self._coro
  File "D:\anaconda\envs\PBFT\lib\site-packages\aiohttp\client.py", line 537, in _request
    req, traces=traces, timeout=real_timeout
  File "D:\anaconda\envs\PBFT\lib\site-packages\aiohttp\connector.py", line 540, in connect
    proto = await self._create_connection(req, traces, timeout)
  File "D:\anaconda\envs\PBFT\lib\site-packages\aiohttp\connector.py", line 901, in _create_connection
    _, proto = await self._create_direct_connection(req, traces, timeout)
  File "D:\anaconda\envs\PBFT\lib\site-packages\aiohttp\connector.py", line 1206, in _create_direct_connection
    raise last_exc
  File "D:\anaconda\envs\PBFT\lib\site-packages\aiohttp\connector.py", line 1187, in _create_direct_connection
    client_error=client_error,
  File "D:\anaconda\envs\PBFT\lib\site-packages\aiohttp\connector.py", line 988, in _wrap_create_connection
    raise client_error(req.connection_key, exc) from exc
aiohttp.client_exceptions.ClientConnectorError: Cannot connect to host localhost:30176 ssl:default [         ]
[2025-03-11 13:28:03,087] [ERROR] [30167] Error sending to http://localhost:30196/prepare: Cannot connect to host localhost:30196 ssl:default [          ]
Traceback (most recent call last):
  File "D:\anaconda\envs\PBFT\lib\site-packages\aiohttp\connector.py", line 980, in _wrap_create_connection
    return await self._loop.create_connection(*args, **kwargs)  # type: ignore[return-value]  # noqa
  File "D:\anaconda\envs\PBFT\lib\asyncio\base_events.py", line 948, in create_connection
    raise exceptions[0]
  File "D:\anaconda\envs\PBFT\lib\asyncio\base_events.py", line 935, in create_connection
    await self.sock_connect(sock, address)
  File "D:\anaconda\envs\PBFT\lib\asyncio\selector_events.py", line 475, in sock_connect
    return await fut
  File "D:\anaconda\envs\PBFT\lib\asyncio\selector_events.py", line 480, in _sock_connect
    sock.connect(address)
OSError: [WinError 10014]           

The above exception was the direct cause of the following exception:

Traceback (most recent call last):
  File "pbft.py", line 249, in send_message
    await send_with_delay(self.session, self.node_info, target, url, data, self.bandwidth_data)
  File "pbft.py", line 63, in send_with_delay
    async with session.post(url, json=data) as resp:
  File "D:\anaconda\envs\PBFT\lib\site-packages\aiohttp\client.py", line 1141, in __aenter__
    self._resp = await self._coro
  File "D:\anaconda\envs\PBFT\lib\site-packages\aiohttp\client.py", line 537, in _request
    req, traces=traces, timeout=real_timeout
  File "D:\anaconda\envs\PBFT\lib\site-packages\aiohttp\connector.py", line 540, in connect
    proto = await self._create_connection(req, traces, timeout)
  File "D:\anaconda\envs\PBFT\lib\site-packages\aiohttp\connector.py", line 901, in _create_connection
    _, proto = await self._create_direct_connection(req, traces, timeout)
  File "D:\anaconda\envs\PBFT\lib\site-packages\aiohttp\connector.py", line 1206, in _create_direct_connection
    raise last_exc
  File "D:\anaconda\envs\PBFT\lib\site-packages\aiohttp\connector.py", line 1187, in _create_direct_connection
    client_error=client_error,
  File "D:\anaconda\envs\PBFT\lib\site-packages\aiohttp\connector.py", line 988, in _wrap_create_connection
    raise client_error(req.connection_key, exc) from exc
aiohttp.client_exceptions.ClientConnectorError: Cannot connect to host localhost:30196 ssl:default [          ]
[2025-03-11 13:28:03,106] [ERROR] [30167] Error sending to http://localhost:30163/prepare: Cannot connect to host localhost:30163 ssl:default [         ]
Traceback (most recent call last):
  File "D:\anaconda\envs\PBFT\lib\site-packages\aiohttp\connector.py", line 980, in _wrap_create_connection
    return await self._loop.create_connection(*args, **kwargs)  # type: ignore[return-value]  # noqa
  File "D:\anaconda\envs\PBFT\lib\asyncio\base_events.py", line 948, in create_connection
    raise exceptions[0]
  File "D:\anaconda\envs\PBFT\lib\asyncio\base_events.py", line 935, in create_connection
    await self.sock_connect(sock, address)
  File "D:\anaconda\envs\PBFT\lib\asyncio\selector_events.py", line 475, in sock_connect
    return await fut
  File "D:\anaconda\envs\PBFT\lib\asyncio\selector_events.py", line 480, in _sock_connect
    sock.connect(address)
OSError: [WinError 10055]          

The above exception was the direct cause of the following exception:

Traceback (most recent call last):
  File "pbft.py", line 249, in send_message
    await send_with_delay(self.session, self.node_info, target, url, data, self.bandwidth_data)
  File "pbft.py", line 63, in send_with_delay
    async with session.post(url, json=data) as resp:
  File "D:\anaconda\envs\PBFT\lib\site-packages\aiohttp\client.py", line 1141, in __aenter__
    self._resp = await self._coro
  File "D:\anaconda\envs\PBFT\lib\site-packages\aiohttp\client.py", line 537, in _request
    req, traces=traces, timeout=real_timeout
  File "D:\anaconda\envs\PBFT\lib\site-packages\aiohttp\connector.py", line 540, in connect
    proto = await self._create_connection(req, traces, timeout)
  File "D:\anaconda\envs\PBFT\lib\site-packages\aiohttp\connector.py", line 901, in _create_connection
    _, proto = await self._create_direct_connection(req, traces, timeout)
  File "D:\anaconda\envs\PBFT\lib\site-packages\aiohttp\connector.py", line 1206, in _create_direct_connection
    raise last_exc
  File "D:\anaconda\envs\PBFT\lib\site-packages\aiohttp\connector.py", line 1187, in _create_direct_connection
    client_error=client_error,
  File "D:\anaconda\envs\PBFT\lib\site-packages\aiohttp\connector.py", line 988, in _wrap_create_connection
    raise client_error(req.connection_key, exc) from exc
aiohttp.client_exceptions.ClientConnectorError: Cannot connect to host localhost:30163 ssl:default [         ]
[2025-03-11 13:28:03,110] [ERROR] [30167] Error sending to http://localhost:30117/prepare: Cannot connect to host localhost:30117 ssl:default [         ]
Traceback (most recent call last):
  File "D:\anaconda\envs\PBFT\lib\site-packages\aiohttp\connector.py", line 980, in _wrap_create_connection
    return await self._loop.create_connection(*args, **kwargs)  # type: ignore[return-value]  # noqa
  File "D:\anaconda\envs\PBFT\lib\asyncio\base_events.py", line 948, in create_connection
    raise exceptions[0]
  File "D:\anaconda\envs\PBFT\lib\asyncio\base_events.py", line 935, in create_connection
    await self.sock_connect(sock, address)
  File "D:\anaconda\envs\PBFT\lib\asyncio\selector_events.py", line 475, in sock_connect
    return await fut
  File "D:\anaconda\envs\PBFT\lib\asyncio\selector_events.py", line 480, in _sock_connect
    sock.connect(address)
OSError: [WinError 10055]          

The above exception was the direct cause of the following exception:

Traceback (most recent call last):
  File "pbft.py", line 249, in send_message
    await send_with_delay(self.session, self.node_info, target, url, data, self.bandwidth_data)
  File "pbft.py", line 63, in send_with_delay
    async with session.post(url, json=data) as resp:
  File "D:\anaconda\envs\PBFT\lib\site-packages\aiohttp\client.py", line 1141, in __aenter__
    self._resp = await self._coro
  File "D:\anaconda\envs\PBFT\lib\site-packages\aiohttp\client.py", line 537, in _request
    req, traces=traces, timeout=real_timeout
  File "D:\anaconda\envs\PBFT\lib\site-packages\aiohttp\connector.py", line 540, in connect
    proto = await self._create_connection(req, traces, timeout)
  File "D:\anaconda\envs\PBFT\lib\site-packages\aiohttp\connector.py", line 901, in _create_connection
    _, proto = await self._create_direct_connection(req, traces, timeout)
  File "D:\anaconda\envs\PBFT\lib\site-packages\aiohttp\connector.py", line 1206, in _create_direct_connection
    raise last_exc
  File "D:\anaconda\envs\PBFT\lib\site-packages\aiohttp\connector.py", line 1187, in _create_direct_connection
    client_error=client_error,
  File "D:\anaconda\envs\PBFT\lib\site-packages\aiohttp\connector.py", line 988, in _wrap_create_connection
    raise client_error(req.connection_key, exc) from exc
aiohttp.client_exceptions.ClientConnectorError: Cannot connect to host localhost:30117 ssl:default [         ]
[2025-03-11 13:28:03,114] [ERROR] [30167] Error sending to http://localhost:30166/prepare: Cannot connect to host localhost:30166 ssl:default [         ]
Traceback (most recent call last):
  File "D:\anaconda\envs\PBFT\lib\site-packages\aiohttp\connector.py", line 980, in _wrap_create_connection
    return await self._loop.create_connection(*args, **kwargs)  # type: ignore[return-value]  # noqa
  File "D:\anaconda\envs\PBFT\lib\asyncio\base_events.py", line 948, in create_connection
    raise exceptions[0]
  File "D:\anaconda\envs\PBFT\lib\asyncio\base_events.py", line 935, in create_connection
    await self.sock_connect(sock, address)
  File "D:\anaconda\envs\PBFT\lib\asyncio\selector_events.py", line 475, in sock_connect
    return await fut
  File "D:\anaconda\envs\PBFT\lib\asyncio\selector_events.py", line 480, in _sock_connect
    sock.connect(address)
OSError: [WinError 10055]          

The above exception was the direct cause of the following exception:

Traceback (most recent call last):
  File "pbft.py", line 249, in send_message
    await send_with_delay(self.session, self.node_info, target, url, data, self.bandwidth_data)
  File "pbft.py", line 63, in send_with_delay
    async with session.post(url, json=data) as resp:
  File "D:\anaconda\envs\PBFT\lib\site-packages\aiohttp\client.py", line 1141, in __aenter__
    self._resp = await self._coro
  File "D:\anaconda\envs\PBFT\lib\site-packages\aiohttp\client.py", line 537, in _request
    req, traces=traces, timeout=real_timeout
  File "D:\anaconda\envs\PBFT\lib\site-packages\aiohttp\connector.py", line 540, in connect
    proto = await self._create_connection(req, traces, timeout)
  File "D:\anaconda\envs\PBFT\lib\site-packages\aiohttp\connector.py", line 901, in _create_connection
    _, proto = await self._create_direct_connection(req, traces, timeout)
  File "D:\anaconda\envs\PBFT\lib\site-packages\aiohttp\connector.py", line 1206, in _create_direct_connection
    raise last_exc
  File "D:\anaconda\envs\PBFT\lib\site-packages\aiohttp\connector.py", line 1187, in _create_direct_connection
    client_error=client_error,
  File "D:\anaconda\envs\PBFT\lib\site-packages\aiohttp\connector.py", line 988, in _wrap_create_connection
    raise client_error(req.connection_key, exc) from exc
aiohttp.client_exceptions.ClientConnectorError: Cannot connect to host localhost:30166 ssl:default [         ]
[2025-03-11 13:28:03,116] [ERROR] [30167] Error sending to http://localhost:30152/prepare: Cannot connect to host localhost:30152 ssl:default [         ]
Traceback (most recent call last):
  File "D:\anaconda\envs\PBFT\lib\site-packages\aiohttp\connector.py", line 980, in _wrap_create_connection
    return await self._loop.create_connection(*args, **kwargs)  # type: ignore[return-value]  # noqa
  File "D:\anaconda\envs\PBFT\lib\asyncio\base_events.py", line 948, in create_connection
    raise exceptions[0]
  File "D:\anaconda\envs\PBFT\lib\asyncio\base_events.py", line 935, in create_connection
    await self.sock_connect(sock, address)
  File "D:\anaconda\envs\PBFT\lib\asyncio\selector_events.py", line 475, in sock_connect
    return await fut
  File "D:\anaconda\envs\PBFT\lib\asyncio\selector_events.py", line 480, in _sock_connect
    sock.connect(address)
OSError: [WinError 10055]          

The above exception was the direct cause of the following exception:

Traceback (most recent call last):
  File "pbft.py", line 249, in send_message
    await send_with_delay(self.session, self.node_info, target, url, data, self.bandwidth_data)
  File "pbft.py", line 63, in send_with_delay
    async with session.post(url, json=data) as resp:
  File "D:\anaconda\envs\PBFT\lib\site-packages\aiohttp\client.py", line 1141, in __aenter__
    self._resp = await self._coro
  File "D:\anaconda\envs\PBFT\lib\site-packages\aiohttp\client.py", line 537, in _request
    req, traces=traces, timeout=real_timeout
  File "D:\anaconda\envs\PBFT\lib\site-packages\aiohttp\connector.py", line 540, in connect
    proto = await self._create_connection(req, traces, timeout)
  File "D:\anaconda\envs\PBFT\lib\site-packages\aiohttp\connector.py", line 901, in _create_connection
    _, proto = await self._create_direct_connection(req, traces, timeout)
  File "D:\anaconda\envs\PBFT\lib\site-packages\aiohttp\connector.py", line 1206, in _create_direct_connection
    raise last_exc
  File "D:\anaconda\envs\PBFT\lib\site-packages\aiohttp\connector.py", line 1187, in _create_direct_connection
    client_error=client_error,
  File "D:\anaconda\envs\PBFT\lib\site-packages\aiohttp\connector.py", line 988, in _wrap_create_connection
    raise client_error(req.connection_key, exc) from exc
aiohttp.client_exceptions.ClientConnectorError: Cannot connect to host localhost:30152 ssl:default [         ]
[2025-03-11 13:28:03,126] [ERROR] [30167] Error sending to http://localhost:30177/prepare: Cannot connect to host localhost:30177 ssl:default [         ]
Traceback (most recent call last):
  File "D:\anaconda\envs\PBFT\lib\site-packages\aiohttp\connector.py", line 980, in _wrap_create_connection
    return await self._loop.create_connection(*args, **kwargs)  # type: ignore[return-value]  # noqa
  File "D:\anaconda\envs\PBFT\lib\asyncio\base_events.py", line 948, in create_connection
    raise exceptions[0]
  File "D:\anaconda\envs\PBFT\lib\asyncio\base_events.py", line 935, in create_connection
    await self.sock_connect(sock, address)
  File "D:\anaconda\envs\PBFT\lib\asyncio\selector_events.py", line 475, in sock_connect
    return await fut
  File "D:\anaconda\envs\PBFT\lib\asyncio\selector_events.py", line 480, in _sock_connect
    sock.connect(address)
OSError: [WinError 10055]          

The above exception was the direct cause of the following exception:

Traceback (most recent call last):
  File "pbft.py", line 249, in send_message
    await send_with_delay(self.session, self.node_info, target, url, data, self.bandwidth_data)
  File "pbft.py", line 63, in send_with_delay
    async with session.post(url, json=data) as resp:
  File "D:\anaconda\envs\PBFT\lib\site-packages\aiohttp\client.py", line 1141, in __aenter__
    self._resp = await self._coro
  File "D:\anaconda\envs\PBFT\lib\site-packages\aiohttp\client.py", line 537, in _request
    req, traces=traces, timeout=real_timeout
  File "D:\anaconda\envs\PBFT\lib\site-packages\aiohttp\connector.py", line 540, in connect
    proto = await self._create_connection(req, traces, timeout)
  File "D:\anaconda\envs\PBFT\lib\site-packages\aiohttp\connector.py", line 901, in _create_connection
    _, proto = await self._create_direct_connection(req, traces, timeout)
  File "D:\anaconda\envs\PBFT\lib\site-packages\aiohttp\connector.py", line 1206, in _create_direct_connection
    raise last_exc
  File "D:\anaconda\envs\PBFT\lib\site-packages\aiohttp\connector.py", line 1187, in _create_direct_connection
    client_error=client_error,
  File "D:\anaconda\envs\PBFT\lib\site-packages\aiohttp\connector.py", line 988, in _wrap_create_connection
    raise client_error(req.connection_key, exc) from exc
aiohttp.client_exceptions.ClientConnectorError: Cannot connect to host localhost:30177 ssl:default [         ]
[2025-03-11 13:28:03,150] [ERROR] [30167] Error sending to http://localhost:30130/prepare: Cannot connect to host localhost:30130 ssl:default [         ]
Traceback (most recent call last):
  File "D:\anaconda\envs\PBFT\lib\site-packages\aiohttp\connector.py", line 980, in _wrap_create_connection
    return await self._loop.create_connection(*args, **kwargs)  # type: ignore[return-value]  # noqa
  File "D:\anaconda\envs\PBFT\lib\asyncio\base_events.py", line 948, in create_connection
    raise exceptions[0]
  File "D:\anaconda\envs\PBFT\lib\asyncio\base_events.py", line 935, in create_connection
    await self.sock_connect(sock, address)
  File "D:\anaconda\envs\PBFT\lib\asyncio\selector_events.py", line 475, in sock_connect
    return await fut
  File "D:\anaconda\envs\PBFT\lib\asyncio\selector_events.py", line 480, in _sock_connect
    sock.connect(address)
OSError: [WinError 10055]          

The above exception was the direct cause of the following exception:

Traceback (most recent call last):
  File "pbft.py", line 249, in send_message
    await send_with_delay(self.session, self.node_info, target, url, data, self.bandwidth_data)
  File "pbft.py", line 63, in send_with_delay
    async with session.post(url, json=data) as resp:
  File "D:\anaconda\envs\PBFT\lib\site-packages\aiohttp\client.py", line 1141, in __aenter__
    self._resp = await self._coro
  File "D:\anaconda\envs\PBFT\lib\site-packages\aiohttp\client.py", line 537, in _request
    req, traces=traces, timeout=real_timeout
  File "D:\anaconda\envs\PBFT\lib\site-packages\aiohttp\connector.py", line 540, in connect
    proto = await self._create_connection(req, traces, timeout)
  File "D:\anaconda\envs\PBFT\lib\site-packages\aiohttp\connector.py", line 901, in _create_connection
    _, proto = await self._create_direct_connection(req, traces, timeout)
  File "D:\anaconda\envs\PBFT\lib\site-packages\aiohttp\connector.py", line 1206, in _create_direct_connection
    raise last_exc
  File "D:\anaconda\envs\PBFT\lib\site-packages\aiohttp\connector.py", line 1187, in _create_direct_connection
    client_error=client_error,
  File "D:\anaconda\envs\PBFT\lib\site-packages\aiohttp\connector.py", line 988, in _wrap_create_connection
    raise client_error(req.connection_key, exc) from exc
aiohttp.client_exceptions.ClientConnectorError: Cannot connect to host localhost:30130 ssl:default [         ]
[2025-03-11 13:28:03,152] [ERROR] [30167] Error sending to http://localhost:30170/prepare: Cannot connect to host localhost:30170 ssl:default [          ]
Traceback (most recent call last):
  File "D:\anaconda\envs\PBFT\lib\site-packages\aiohttp\connector.py", line 980, in _wrap_create_connection
    return await self._loop.create_connection(*args, **kwargs)  # type: ignore[return-value]  # noqa
  File "D:\anaconda\envs\PBFT\lib\asyncio\base_events.py", line 948, in create_connection
    raise exceptions[0]
  File "D:\anaconda\envs\PBFT\lib\asyncio\base_events.py", line 935, in create_connection
    await self.sock_connect(sock, address)
  File "D:\anaconda\envs\PBFT\lib\asyncio\selector_events.py", line 475, in sock_connect
    return await fut
  File "D:\anaconda\envs\PBFT\lib\asyncio\selector_events.py", line 480, in _sock_connect
    sock.connect(address)
OSError: [WinError 10014]           

The above exception was the direct cause of the following exception:

Traceback (most recent call last):
  File "pbft.py", line 249, in send_message
    await send_with_delay(self.session, self.node_info, target, url, data, self.bandwidth_data)
  File "pbft.py", line 63, in send_with_delay
    async with session.post(url, json=data) as resp:
  File "D:\anaconda\envs\PBFT\lib\site-packages\aiohttp\client.py", line 1141, in __aenter__
    self._resp = await self._coro
  File "D:\anaconda\envs\PBFT\lib\site-packages\aiohttp\client.py", line 537, in _request
    req, traces=traces, timeout=real_timeout
  File "D:\anaconda\envs\PBFT\lib\site-packages\aiohttp\connector.py", line 540, in connect
    proto = await self._create_connection(req, traces, timeout)
  File "D:\anaconda\envs\PBFT\lib\site-packages\aiohttp\connector.py", line 901, in _create_connection
    _, proto = await self._create_direct_connection(req, traces, timeout)
  File "D:\anaconda\envs\PBFT\lib\site-packages\aiohttp\connector.py", line 1206, in _create_direct_connection
    raise last_exc
  File "D:\anaconda\envs\PBFT\lib\site-packages\aiohttp\connector.py", line 1187, in _create_direct_connection
    client_error=client_error,
  File "D:\anaconda\envs\PBFT\lib\site-packages\aiohttp\connector.py", line 988, in _wrap_create_connection
    raise client_error(req.connection_key, exc) from exc
aiohttp.client_exceptions.ClientConnectorError: Cannot connect to host localhost:30170 ssl:default [          ]
[2025-03-11 13:28:03,160] [ERROR] [30167] Error sending to http://localhost:30172/commit: Cannot connect to host localhost:30172 ssl:default [         ]
Traceback (most recent call last):
  File "D:\anaconda\envs\PBFT\lib\site-packages\aiohttp\connector.py", line 980, in _wrap_create_connection
    return await self._loop.create_connection(*args, **kwargs)  # type: ignore[return-value]  # noqa
  File "D:\anaconda\envs\PBFT\lib\asyncio\base_events.py", line 948, in create_connection
    raise exceptions[0]
  File "D:\anaconda\envs\PBFT\lib\asyncio\base_events.py", line 935, in create_connection
    await self.sock_connect(sock, address)
  File "D:\anaconda\envs\PBFT\lib\asyncio\selector_events.py", line 475, in sock_connect
    return await fut
  File "D:\anaconda\envs\PBFT\lib\asyncio\selector_events.py", line 480, in _sock_connect
    sock.connect(address)
OSError: [WinError 10055]          

The above exception was the direct cause of the following exception:

Traceback (most recent call last):
  File "pbft.py", line 249, in send_message
    await send_with_delay(self.session, self.node_info, target, url, data, self.bandwidth_data)
  File "pbft.py", line 63, in send_with_delay
    async with session.post(url, json=data) as resp:
  File "D:\anaconda\envs\PBFT\lib\site-packages\aiohttp\client.py", line 1141, in __aenter__
    self._resp = await self._coro
  File "D:\anaconda\envs\PBFT\lib\site-packages\aiohttp\client.py", line 537, in _request
    req, traces=traces, timeout=real_timeout
  File "D:\anaconda\envs\PBFT\lib\site-packages\aiohttp\connector.py", line 540, in connect
    proto = await self._create_connection(req, traces, timeout)
  File "D:\anaconda\envs\PBFT\lib\site-packages\aiohttp\connector.py", line 901, in _create_connection
    _, proto = await self._create_direct_connection(req, traces, timeout)
  File "D:\anaconda\envs\PBFT\lib\site-packages\aiohttp\connector.py", line 1206, in _create_direct_connection
    raise last_exc
  File "D:\anaconda\envs\PBFT\lib\site-packages\aiohttp\connector.py", line 1187, in _create_direct_connection
    client_error=client_error,
  File "D:\anaconda\envs\PBFT\lib\site-packages\aiohttp\connector.py", line 988, in _wrap_create_connection
    raise client_error(req.connection_key, exc) from exc
aiohttp.client_exceptions.ClientConnectorError: Cannot connect to host localhost:30172 ssl:default [         ]
[2025-03-11 13:28:03,166] [ERROR] [30167] Error sending to http://localhost:30129/commit: Cannot connect to host localhost:30129 ssl:default [         ]
Traceback (most recent call last):
  File "D:\anaconda\envs\PBFT\lib\site-packages\aiohttp\connector.py", line 980, in _wrap_create_connection
    return await self._loop.create_connection(*args, **kwargs)  # type: ignore[return-value]  # noqa
  File "D:\anaconda\envs\PBFT\lib\asyncio\base_events.py", line 948, in create_connection
    raise exceptions[0]
  File "D:\anaconda\envs\PBFT\lib\asyncio\base_events.py", line 935, in create_connection
    await self.sock_connect(sock, address)
  File "D:\anaconda\envs\PBFT\lib\asyncio\selector_events.py", line 475, in sock_connect
    return await fut
  File "D:\anaconda\envs\PBFT\lib\asyncio\selector_events.py", line 480, in _sock_connect
    sock.connect(address)
OSError: [WinError 10055]          

The above exception was the direct cause of the following exception:

Traceback (most recent call last):
  File "pbft.py", line 249, in send_message
    await send_with_delay(self.session, self.node_info, target, url, data, self.bandwidth_data)
  File "pbft.py", line 63, in send_with_delay
    async with session.post(url, json=data) as resp:
  File "D:\anaconda\envs\PBFT\lib\site-packages\aiohttp\client.py", line 1141, in __aenter__
    self._resp = await self._coro
  File "D:\anaconda\envs\PBFT\lib\site-packages\aiohttp\client.py", line 537, in _request
    req, traces=traces, timeout=real_timeout
  File "D:\anaconda\envs\PBFT\lib\site-packages\aiohttp\connector.py", line 540, in connect
    proto = await self._create_connection(req, traces, timeout)
  File "D:\anaconda\envs\PBFT\lib\site-packages\aiohttp\connector.py", line 901, in _create_connection
    _, proto = await self._create_direct_connection(req, traces, timeout)
  File "D:\anaconda\envs\PBFT\lib\site-packages\aiohttp\connector.py", line 1206, in _create_direct_connection
    raise last_exc
  File "D:\anaconda\envs\PBFT\lib\site-packages\aiohttp\connector.py", line 1187, in _create_direct_connection
    client_error=client_error,
  File "D:\anaconda\envs\PBFT\lib\site-packages\aiohttp\connector.py", line 988, in _wrap_create_connection
    raise client_error(req.connection_key, exc) from exc
aiohttp.client_exceptions.ClientConnectorError: Cannot connect to host localhost:30129 ssl:default [         ]
[2025-03-11 13:28:03,193] [ERROR] [30167] Error sending to http://localhost:30151/commit: Cannot connect to host localhost:30151 ssl:default [         ]
Traceback (most recent call last):
  File "D:\anaconda\envs\PBFT\lib\site-packages\aiohttp\connector.py", line 980, in _wrap_create_connection
    return await self._loop.create_connection(*args, **kwargs)  # type: ignore[return-value]  # noqa
  File "D:\anaconda\envs\PBFT\lib\asyncio\base_events.py", line 948, in create_connection
    raise exceptions[0]
  File "D:\anaconda\envs\PBFT\lib\asyncio\base_events.py", line 935, in create_connection
    await self.sock_connect(sock, address)
  File "D:\anaconda\envs\PBFT\lib\asyncio\selector_events.py", line 475, in sock_connect
    return await fut
  File "D:\anaconda\envs\PBFT\lib\asyncio\selector_events.py", line 480, in _sock_connect
    sock.connect(address)
OSError: [WinError 10055]          

The above exception was the direct cause of the following exception:

Traceback (most recent call last):
  File "pbft.py", line 249, in send_message
    await send_with_delay(self.session, self.node_info, target, url, data, self.bandwidth_data)
  File "pbft.py", line 63, in send_with_delay
    async with session.post(url, json=data) as resp:
  File "D:\anaconda\envs\PBFT\lib\site-packages\aiohttp\client.py", line 1141, in __aenter__
    self._resp = await self._coro
  File "D:\anaconda\envs\PBFT\lib\site-packages\aiohttp\client.py", line 537, in _request
    req, traces=traces, timeout=real_timeout
  File "D:\anaconda\envs\PBFT\lib\site-packages\aiohttp\connector.py", line 540, in connect
    proto = await self._create_connection(req, traces, timeout)
  File "D:\anaconda\envs\PBFT\lib\site-packages\aiohttp\connector.py", line 901, in _create_connection
    _, proto = await self._create_direct_connection(req, traces, timeout)
  File "D:\anaconda\envs\PBFT\lib\site-packages\aiohttp\connector.py", line 1206, in _create_direct_connection
    raise last_exc
  File "D:\anaconda\envs\PBFT\lib\site-packages\aiohttp\connector.py", line 1187, in _create_direct_connection
    client_error=client_error,
  File "D:\anaconda\envs\PBFT\lib\site-packages\aiohttp\connector.py", line 988, in _wrap_create_connection
    raise client_error(req.connection_key, exc) from exc
aiohttp.client_exceptions.ClientConnectorError: Cannot connect to host localhost:30151 ssl:default [         ]
[2025-03-11 13:28:03,215] [ERROR] [30167] Error sending to http://localhost:30123/commit: Cannot connect to host localhost:30123 ssl:default [         ]
Traceback (most recent call last):
  File "D:\anaconda\envs\PBFT\lib\site-packages\aiohttp\connector.py", line 980, in _wrap_create_connection
    return await self._loop.create_connection(*args, **kwargs)  # type: ignore[return-value]  # noqa
  File "D:\anaconda\envs\PBFT\lib\asyncio\base_events.py", line 948, in create_connection
    raise exceptions[0]
  File "D:\anaconda\envs\PBFT\lib\asyncio\base_events.py", line 935, in create_connection
    await self.sock_connect(sock, address)
  File "D:\anaconda\envs\PBFT\lib\asyncio\selector_events.py", line 475, in sock_connect
    return await fut
  File "D:\anaconda\envs\PBFT\lib\asyncio\selector_events.py", line 480, in _sock_connect
    sock.connect(address)
OSError: [WinError 10055]          

The above exception was the direct cause of the following exception:

Traceback (most recent call last):
  File "pbft.py", line 249, in send_message
    await send_with_delay(self.session, self.node_info, target, url, data, self.bandwidth_data)
  File "pbft.py", line 63, in send_with_delay
    async with session.post(url, json=data) as resp:
  File "D:\anaconda\envs\PBFT\lib\site-packages\aiohttp\client.py", line 1141, in __aenter__
    self._resp = await self._coro
  File "D:\anaconda\envs\PBFT\lib\site-packages\aiohttp\client.py", line 537, in _request
    req, traces=traces, timeout=real_timeout
  File "D:\anaconda\envs\PBFT\lib\site-packages\aiohttp\connector.py", line 540, in connect
    proto = await self._create_connection(req, traces, timeout)
  File "D:\anaconda\envs\PBFT\lib\site-packages\aiohttp\connector.py", line 901, in _create_connection
    _, proto = await self._create_direct_connection(req, traces, timeout)
  File "D:\anaconda\envs\PBFT\lib\site-packages\aiohttp\connector.py", line 1206, in _create_direct_connection
    raise last_exc
  File "D:\anaconda\envs\PBFT\lib\site-packages\aiohttp\connector.py", line 1187, in _create_direct_connection
    client_error=client_error,
  File "D:\anaconda\envs\PBFT\lib\site-packages\aiohttp\connector.py", line 988, in _wrap_create_connection
    raise client_error(req.connection_key, exc) from exc
aiohttp.client_exceptions.ClientConnectorError: Cannot connect to host localhost:30123 ssl:default [         ]
[2025-03-11 13:28:03,223] [ERROR] [30167] Error sending to http://localhost:30158/commit: Cannot connect to host localhost:30158 ssl:default [         ]
Traceback (most recent call last):
  File "D:\anaconda\envs\PBFT\lib\site-packages\aiohttp\connector.py", line 980, in _wrap_create_connection
    return await self._loop.create_connection(*args, **kwargs)  # type: ignore[return-value]  # noqa
  File "D:\anaconda\envs\PBFT\lib\asyncio\base_events.py", line 948, in create_connection
    raise exceptions[0]
  File "D:\anaconda\envs\PBFT\lib\asyncio\base_events.py", line 935, in create_connection
    await self.sock_connect(sock, address)
  File "D:\anaconda\envs\PBFT\lib\asyncio\selector_events.py", line 475, in sock_connect
    return await fut
  File "D:\anaconda\envs\PBFT\lib\asyncio\selector_events.py", line 480, in _sock_connect
    sock.connect(address)
OSError: [WinError 10055]          

The above exception was the direct cause of the following exception:

Traceback (most recent call last):
  File "pbft.py", line 249, in send_message
    await send_with_delay(self.session, self.node_info, target, url, data, self.bandwidth_data)
  File "pbft.py", line 63, in send_with_delay
    async with session.post(url, json=data) as resp:
  File "D:\anaconda\envs\PBFT\lib\site-packages\aiohttp\client.py", line 1141, in __aenter__
    self._resp = await self._coro
  File "D:\anaconda\envs\PBFT\lib\site-packages\aiohttp\client.py", line 537, in _request
    req, traces=traces, timeout=real_timeout
  File "D:\anaconda\envs\PBFT\lib\site-packages\aiohttp\connector.py", line 540, in connect
    proto = await self._create_connection(req, traces, timeout)
  File "D:\anaconda\envs\PBFT\lib\site-packages\aiohttp\connector.py", line 901, in _create_connection
    _, proto = await self._create_direct_connection(req, traces, timeout)
  File "D:\anaconda\envs\PBFT\lib\site-packages\aiohttp\connector.py", line 1206, in _create_direct_connection
    raise last_exc
  File "D:\anaconda\envs\PBFT\lib\site-packages\aiohttp\connector.py", line 1187, in _create_direct_connection
    client_error=client_error,
  File "D:\anaconda\envs\PBFT\lib\site-packages\aiohttp\connector.py", line 988, in _wrap_create_connection
    raise client_error(req.connection_key, exc) from exc
aiohttp.client_exceptions.ClientConnectorError: Cannot connect to host localhost:30158 ssl:default [         ]
[2025-03-11 13:28:03,225] [ERROR] [30167] Error sending to http://localhost:30126/commit: Cannot connect to host localhost:30126 ssl:default [         ]
Traceback (most recent call last):
  File "D:\anaconda\envs\PBFT\lib\site-packages\aiohttp\connector.py", line 980, in _wrap_create_connection
    return await self._loop.create_connection(*args, **kwargs)  # type: ignore[return-value]  # noqa
  File "D:\anaconda\envs\PBFT\lib\asyncio\base_events.py", line 948, in create_connection
    raise exceptions[0]
  File "D:\anaconda\envs\PBFT\lib\asyncio\base_events.py", line 935, in create_connection
    await self.sock_connect(sock, address)
  File "D:\anaconda\envs\PBFT\lib\asyncio\selector_events.py", line 475, in sock_connect
    return await fut
  File "D:\anaconda\envs\PBFT\lib\asyncio\selector_events.py", line 480, in _sock_connect
    sock.connect(address)
OSError: [WinError 10055]          

The above exception was the direct cause of the following exception:

Traceback (most recent call last):
  File "pbft.py", line 249, in send_message
    await send_with_delay(self.session, self.node_info, target, url, data, self.bandwidth_data)
  File "pbft.py", line 63, in send_with_delay
    async with session.post(url, json=data) as resp:
  File "D:\anaconda\envs\PBFT\lib\site-packages\aiohttp\client.py", line 1141, in __aenter__
    self._resp = await self._coro
  File "D:\anaconda\envs\PBFT\lib\site-packages\aiohttp\client.py", line 537, in _request
    req, traces=traces, timeout=real_timeout
  File "D:\anaconda\envs\PBFT\lib\site-packages\aiohttp\connector.py", line 540, in connect
    proto = await self._create_connection(req, traces, timeout)
  File "D:\anaconda\envs\PBFT\lib\site-packages\aiohttp\connector.py", line 901, in _create_connection
    _, proto = await self._create_direct_connection(req, traces, timeout)
  File "D:\anaconda\envs\PBFT\lib\site-packages\aiohttp\connector.py", line 1206, in _create_direct_connection
    raise last_exc
  File "D:\anaconda\envs\PBFT\lib\site-packages\aiohttp\connector.py", line 1187, in _create_direct_connection
    client_error=client_error,
  File "D:\anaconda\envs\PBFT\lib\site-packages\aiohttp\connector.py", line 988, in _wrap_create_connection
    raise client_error(req.connection_key, exc) from exc
aiohttp.client_exceptions.ClientConnectorError: Cannot connect to host localhost:30126 ssl:default [         ]
[2025-03-11 13:28:03,240] [ERROR] [30167] Error sending to http://localhost:30176/commit: Cannot connect to host localhost:30176 ssl:default [         ]
Traceback (most recent call last):
  File "D:\anaconda\envs\PBFT\lib\site-packages\aiohttp\connector.py", line 980, in _wrap_create_connection
    return await self._loop.create_connection(*args, **kwargs)  # type: ignore[return-value]  # noqa
  File "D:\anaconda\envs\PBFT\lib\asyncio\base_events.py", line 948, in create_connection
    raise exceptions[0]
  File "D:\anaconda\envs\PBFT\lib\asyncio\base_events.py", line 935, in create_connection
    await self.sock_connect(sock, address)
  File "D:\anaconda\envs\PBFT\lib\asyncio\selector_events.py", line 475, in sock_connect
    return await fut
  File "D:\anaconda\envs\PBFT\lib\asyncio\selector_events.py", line 480, in _sock_connect
    sock.connect(address)
OSError: [WinError 10055]          

The above exception was the direct cause of the following exception:

Traceback (most recent call last):
  File "pbft.py", line 249, in send_message
    await send_with_delay(self.session, self.node_info, target, url, data, self.bandwidth_data)
  File "pbft.py", line 63, in send_with_delay
    async with session.post(url, json=data) as resp:
  File "D:\anaconda\envs\PBFT\lib\site-packages\aiohttp\client.py", line 1141, in __aenter__
    self._resp = await self._coro
  File "D:\anaconda\envs\PBFT\lib\site-packages\aiohttp\client.py", line 537, in _request
    req, traces=traces, timeout=real_timeout
  File "D:\anaconda\envs\PBFT\lib\site-packages\aiohttp\connector.py", line 540, in connect
    proto = await self._create_connection(req, traces, timeout)
  File "D:\anaconda\envs\PBFT\lib\site-packages\aiohttp\connector.py", line 901, in _create_connection
    _, proto = await self._create_direct_connection(req, traces, timeout)
  File "D:\anaconda\envs\PBFT\lib\site-packages\aiohttp\connector.py", line 1206, in _create_direct_connection
    raise last_exc
  File "D:\anaconda\envs\PBFT\lib\site-packages\aiohttp\connector.py", line 1187, in _create_direct_connection
    client_error=client_error,
  File "D:\anaconda\envs\PBFT\lib\site-packages\aiohttp\connector.py", line 988, in _wrap_create_connection
    raise client_error(req.connection_key, exc) from exc
aiohttp.client_exceptions.ClientConnectorError: Cannot connect to host localhost:30176 ssl:default [         ]
[2025-03-11 13:28:03,250] [ERROR] [30167] Error sending to http://localhost:30196/commit: Cannot connect to host localhost:30196 ssl:default [         ]
Traceback (most recent call last):
  File "D:\anaconda\envs\PBFT\lib\site-packages\aiohttp\connector.py", line 980, in _wrap_create_connection
    return await self._loop.create_connection(*args, **kwargs)  # type: ignore[return-value]  # noqa
  File "D:\anaconda\envs\PBFT\lib\asyncio\base_events.py", line 948, in create_connection
    raise exceptions[0]
  File "D:\anaconda\envs\PBFT\lib\asyncio\base_events.py", line 935, in create_connection
    await self.sock_connect(sock, address)
  File "D:\anaconda\envs\PBFT\lib\asyncio\selector_events.py", line 475, in sock_connect
    return await fut
  File "D:\anaconda\envs\PBFT\lib\asyncio\selector_events.py", line 480, in _sock_connect
    sock.connect(address)
OSError: [WinError 10055]          

The above exception was the direct cause of the following exception:

Traceback (most recent call last):
  File "pbft.py", line 249, in send_message
    await send_with_delay(self.session, self.node_info, target, url, data, self.bandwidth_data)
  File "pbft.py", line 63, in send_with_delay
    async with session.post(url, json=data) as resp:
  File "D:\anaconda\envs\PBFT\lib\site-packages\aiohttp\client.py", line 1141, in __aenter__
    self._resp = await self._coro
  File "D:\anaconda\envs\PBFT\lib\site-packages\aiohttp\client.py", line 537, in _request
    req, traces=traces, timeout=real_timeout
  File "D:\anaconda\envs\PBFT\lib\site-packages\aiohttp\connector.py", line 540, in connect
    proto = await self._create_connection(req, traces, timeout)
  File "D:\anaconda\envs\PBFT\lib\site-packages\aiohttp\connector.py", line 901, in _create_connection
    _, proto = await self._create_direct_connection(req, traces, timeout)
  File "D:\anaconda\envs\PBFT\lib\site-packages\aiohttp\connector.py", line 1206, in _create_direct_connection
    raise last_exc
  File "D:\anaconda\envs\PBFT\lib\site-packages\aiohttp\connector.py", line 1187, in _create_direct_connection
    client_error=client_error,
  File "D:\anaconda\envs\PBFT\lib\site-packages\aiohttp\connector.py", line 988, in _wrap_create_connection
    raise client_error(req.connection_key, exc) from exc
aiohttp.client_exceptions.ClientConnectorError: Cannot connect to host localhost:30196 ssl:default [         ]
[2025-03-11 13:28:03,257] [ERROR] [30167] Error sending to http://localhost:30163/commit: Cannot connect to host localhost:30163 ssl:default [         ]
Traceback (most recent call last):
  File "D:\anaconda\envs\PBFT\lib\site-packages\aiohttp\connector.py", line 980, in _wrap_create_connection
    return await self._loop.create_connection(*args, **kwargs)  # type: ignore[return-value]  # noqa
  File "D:\anaconda\envs\PBFT\lib\asyncio\base_events.py", line 948, in create_connection
    raise exceptions[0]
  File "D:\anaconda\envs\PBFT\lib\asyncio\base_events.py", line 935, in create_connection
    await self.sock_connect(sock, address)
  File "D:\anaconda\envs\PBFT\lib\asyncio\selector_events.py", line 475, in sock_connect
    return await fut
  File "D:\anaconda\envs\PBFT\lib\asyncio\selector_events.py", line 480, in _sock_connect
    sock.connect(address)
OSError: [WinError 10055]          

The above exception was the direct cause of the following exception:

Traceback (most recent call last):
  File "pbft.py", line 249, in send_message
    await send_with_delay(self.session, self.node_info, target, url, data, self.bandwidth_data)
  File "pbft.py", line 63, in send_with_delay
    async with session.post(url, json=data) as resp:
  File "D:\anaconda\envs\PBFT\lib\site-packages\aiohttp\client.py", line 1141, in __aenter__
    self._resp = await self._coro
  File "D:\anaconda\envs\PBFT\lib\site-packages\aiohttp\client.py", line 537, in _request
    req, traces=traces, timeout=real_timeout
  File "D:\anaconda\envs\PBFT\lib\site-packages\aiohttp\connector.py", line 540, in connect
    proto = await self._create_connection(req, traces, timeout)
  File "D:\anaconda\envs\PBFT\lib\site-packages\aiohttp\connector.py", line 901, in _create_connection
    _, proto = await self._create_direct_connection(req, traces, timeout)
  File "D:\anaconda\envs\PBFT\lib\site-packages\aiohttp\connector.py", line 1206, in _create_direct_connection
    raise last_exc
  File "D:\anaconda\envs\PBFT\lib\site-packages\aiohttp\connector.py", line 1187, in _create_direct_connection
    client_error=client_error,
  File "D:\anaconda\envs\PBFT\lib\site-packages\aiohttp\connector.py", line 988, in _wrap_create_connection
    raise client_error(req.connection_key, exc) from exc
aiohttp.client_exceptions.ClientConnectorError: Cannot connect to host localhost:30163 ssl:default [         ]
[2025-03-11 13:28:03,262] [ERROR] [30167] Error sending to http://localhost:30117/commit: Cannot connect to host localhost:30117 ssl:default [         ]
Traceback (most recent call last):
  File "D:\anaconda\envs\PBFT\lib\site-packages\aiohttp\connector.py", line 980, in _wrap_create_connection
    return await self._loop.create_connection(*args, **kwargs)  # type: ignore[return-value]  # noqa
  File "D:\anaconda\envs\PBFT\lib\asyncio\base_events.py", line 948, in create_connection
    raise exceptions[0]
  File "D:\anaconda\envs\PBFT\lib\asyncio\base_events.py", line 935, in create_connection
    await self.sock_connect(sock, address)
  File "D:\anaconda\envs\PBFT\lib\asyncio\selector_events.py", line 475, in sock_connect
    return await fut
  File "D:\anaconda\envs\PBFT\lib\asyncio\selector_events.py", line 480, in _sock_connect
    sock.connect(address)
OSError: [WinError 10055]          

The above exception was the direct cause of the following exception:

Traceback (most recent call last):
  File "pbft.py", line 249, in send_message
    await send_with_delay(self.session, self.node_info, target, url, data, self.bandwidth_data)
  File "pbft.py", line 63, in send_with_delay
    async with session.post(url, json=data) as resp:
  File "D:\anaconda\envs\PBFT\lib\site-packages\aiohttp\client.py", line 1141, in __aenter__
    self._resp = await self._coro
  File "D:\anaconda\envs\PBFT\lib\site-packages\aiohttp\client.py", line 537, in _request
    req, traces=traces, timeout=real_timeout
  File "D:\anaconda\envs\PBFT\lib\site-packages\aiohttp\connector.py", line 540, in connect
    proto = await self._create_connection(req, traces, timeout)
  File "D:\anaconda\envs\PBFT\lib\site-packages\aiohttp\connector.py", line 901, in _create_connection
    _, proto = await self._create_direct_connection(req, traces, timeout)
  File "D:\anaconda\envs\PBFT\lib\site-packages\aiohttp\connector.py", line 1206, in _create_direct_connection
    raise last_exc
  File "D:\anaconda\envs\PBFT\lib\site-packages\aiohttp\connector.py", line 1187, in _create_direct_connection
    client_error=client_error,
  File "D:\anaconda\envs\PBFT\lib\site-packages\aiohttp\connector.py", line 988, in _wrap_create_connection
    raise client_error(req.connection_key, exc) from exc
aiohttp.client_exceptions.ClientConnectorError: Cannot connect to host localhost:30117 ssl:default [         ]
[2025-03-11 13:28:03,264] [ERROR] [30167] Error sending to http://localhost:30166/commit: Cannot connect to host localhost:30166 ssl:default [         ]
Traceback (most recent call last):
  File "D:\anaconda\envs\PBFT\lib\site-packages\aiohttp\connector.py", line 980, in _wrap_create_connection
    return await self._loop.create_connection(*args, **kwargs)  # type: ignore[return-value]  # noqa
  File "D:\anaconda\envs\PBFT\lib\asyncio\base_events.py", line 948, in create_connection
    raise exceptions[0]
  File "D:\anaconda\envs\PBFT\lib\asyncio\base_events.py", line 935, in create_connection
    await self.sock_connect(sock, address)
  File "D:\anaconda\envs\PBFT\lib\asyncio\selector_events.py", line 475, in sock_connect
    return await fut
  File "D:\anaconda\envs\PBFT\lib\asyncio\selector_events.py", line 480, in _sock_connect
    sock.connect(address)
OSError: [WinError 10055]          

The above exception was the direct cause of the following exception:

Traceback (most recent call last):
  File "pbft.py", line 249, in send_message
    await send_with_delay(self.session, self.node_info, target, url, data, self.bandwidth_data)
  File "pbft.py", line 63, in send_with_delay
    async with session.post(url, json=data) as resp:
  File "D:\anaconda\envs\PBFT\lib\site-packages\aiohttp\client.py", line 1141, in __aenter__
    self._resp = await self._coro
  File "D:\anaconda\envs\PBFT\lib\site-packages\aiohttp\client.py", line 537, in _request
    req, traces=traces, timeout=real_timeout
  File "D:\anaconda\envs\PBFT\lib\site-packages\aiohttp\connector.py", line 540, in connect
    proto = await self._create_connection(req, traces, timeout)
  File "D:\anaconda\envs\PBFT\lib\site-packages\aiohttp\connector.py", line 901, in _create_connection
    _, proto = await self._create_direct_connection(req, traces, timeout)
  File "D:\anaconda\envs\PBFT\lib\site-packages\aiohttp\connector.py", line 1206, in _create_direct_connection
    raise last_exc
  File "D:\anaconda\envs\PBFT\lib\site-packages\aiohttp\connector.py", line 1187, in _create_direct_connection
    client_error=client_error,
  File "D:\anaconda\envs\PBFT\lib\site-packages\aiohttp\connector.py", line 988, in _wrap_create_connection
    raise client_error(req.connection_key, exc) from exc
aiohttp.client_exceptions.ClientConnectorError: Cannot connect to host localhost:30166 ssl:default [         ]
[2025-03-11 13:28:03,266] [ERROR] [30167] Error sending to http://localhost:30152/commit: Cannot connect to host localhost:30152 ssl:default [         ]
Traceback (most recent call last):
  File "D:\anaconda\envs\PBFT\lib\site-packages\aiohttp\connector.py", line 980, in _wrap_create_connection
    return await self._loop.create_connection(*args, **kwargs)  # type: ignore[return-value]  # noqa
  File "D:\anaconda\envs\PBFT\lib\asyncio\base_events.py", line 948, in create_connection
    raise exceptions[0]
  File "D:\anaconda\envs\PBFT\lib\asyncio\base_events.py", line 935, in create_connection
    await self.sock_connect(sock, address)
  File "D:\anaconda\envs\PBFT\lib\asyncio\selector_events.py", line 475, in sock_connect
    return await fut
  File "D:\anaconda\envs\PBFT\lib\asyncio\selector_events.py", line 480, in _sock_connect
    sock.connect(address)
OSError: [WinError 10055]          

The above exception was the direct cause of the following exception:

Traceback (most recent call last):
  File "pbft.py", line 249, in send_message
    await send_with_delay(self.session, self.node_info, target, url, data, self.bandwidth_data)
  File "pbft.py", line 63, in send_with_delay
    async with session.post(url, json=data) as resp:
  File "D:\anaconda\envs\PBFT\lib\site-packages\aiohttp\client.py", line 1141, in __aenter__
    self._resp = await self._coro
  File "D:\anaconda\envs\PBFT\lib\site-packages\aiohttp\client.py", line 537, in _request
    req, traces=traces, timeout=real_timeout
  File "D:\anaconda\envs\PBFT\lib\site-packages\aiohttp\connector.py", line 540, in connect
    proto = await self._create_connection(req, traces, timeout)
  File "D:\anaconda\envs\PBFT\lib\site-packages\aiohttp\connector.py", line 901, in _create_connection
    _, proto = await self._create_direct_connection(req, traces, timeout)
  File "D:\anaconda\envs\PBFT\lib\site-packages\aiohttp\connector.py", line 1206, in _create_direct_connection
    raise last_exc
  File "D:\anaconda\envs\PBFT\lib\site-packages\aiohttp\connector.py", line 1187, in _create_direct_connection
    client_error=client_error,
  File "D:\anaconda\envs\PBFT\lib\site-packages\aiohttp\connector.py", line 988, in _wrap_create_connection
    raise client_error(req.connection_key, exc) from exc
aiohttp.client_exceptions.ClientConnectorError: Cannot connect to host localhost:30152 ssl:default [         ]
[2025-03-11 13:28:03,270] [ERROR] [30167] Error sending to http://localhost:30177/commit: Cannot connect to host localhost:30177 ssl:default [         ]
Traceback (most recent call last):
  File "D:\anaconda\envs\PBFT\lib\site-packages\aiohttp\connector.py", line 980, in _wrap_create_connection
    return await self._loop.create_connection(*args, **kwargs)  # type: ignore[return-value]  # noqa
  File "D:\anaconda\envs\PBFT\lib\asyncio\base_events.py", line 948, in create_connection
    raise exceptions[0]
  File "D:\anaconda\envs\PBFT\lib\asyncio\base_events.py", line 935, in create_connection
    await self.sock_connect(sock, address)
  File "D:\anaconda\envs\PBFT\lib\asyncio\selector_events.py", line 475, in sock_connect
    return await fut
  File "D:\anaconda\envs\PBFT\lib\asyncio\selector_events.py", line 480, in _sock_connect
    sock.connect(address)
OSError: [WinError 10055]          

The above exception was the direct cause of the following exception:

Traceback (most recent call last):
  File "pbft.py", line 249, in send_message
    await send_with_delay(self.session, self.node_info, target, url, data, self.bandwidth_data)
  File "pbft.py", line 63, in send_with_delay
    async with session.post(url, json=data) as resp:
  File "D:\anaconda\envs\PBFT\lib\site-packages\aiohttp\client.py", line 1141, in __aenter__
    self._resp = await self._coro
  File "D:\anaconda\envs\PBFT\lib\site-packages\aiohttp\client.py", line 537, in _request
    req, traces=traces, timeout=real_timeout
  File "D:\anaconda\envs\PBFT\lib\site-packages\aiohttp\connector.py", line 540, in connect
    proto = await self._create_connection(req, traces, timeout)
  File "D:\anaconda\envs\PBFT\lib\site-packages\aiohttp\connector.py", line 901, in _create_connection
    _, proto = await self._create_direct_connection(req, traces, timeout)
  File "D:\anaconda\envs\PBFT\lib\site-packages\aiohttp\connector.py", line 1206, in _create_direct_connection
    raise last_exc
  File "D:\anaconda\envs\PBFT\lib\site-packages\aiohttp\connector.py", line 1187, in _create_direct_connection
    client_error=client_error,
  File "D:\anaconda\envs\PBFT\lib\site-packages\aiohttp\connector.py", line 988, in _wrap_create_connection
    raise client_error(req.connection_key, exc) from exc
aiohttp.client_exceptions.ClientConnectorError: Cannot connect to host localhost:30177 ssl:default [         ]
[2025-03-11 13:28:03,270] [ERROR] [30167] Error sending to http://localhost:30130/commit: Cannot connect to host localhost:30130 ssl:default [         ]
Traceback (most recent call last):
  File "D:\anaconda\envs\PBFT\lib\site-packages\aiohttp\connector.py", line 980, in _wrap_create_connection
    return await self._loop.create_connection(*args, **kwargs)  # type: ignore[return-value]  # noqa
  File "D:\anaconda\envs\PBFT\lib\asyncio\base_events.py", line 948, in create_connection
    raise exceptions[0]
  File "D:\anaconda\envs\PBFT\lib\asyncio\base_events.py", line 935, in create_connection
    await self.sock_connect(sock, address)
  File "D:\anaconda\envs\PBFT\lib\asyncio\selector_events.py", line 475, in sock_connect
    return await fut
  File "D:\anaconda\envs\PBFT\lib\asyncio\selector_events.py", line 480, in _sock_connect
    sock.connect(address)
OSError: [WinError 10055]          

The above exception was the direct cause of the following exception:

Traceback (most recent call last):
  File "pbft.py", line 249, in send_message
    await send_with_delay(self.session, self.node_info, target, url, data, self.bandwidth_data)
  File "pbft.py", line 63, in send_with_delay
    async with session.post(url, json=data) as resp:
  File "D:\anaconda\envs\PBFT\lib\site-packages\aiohttp\client.py", line 1141, in __aenter__
    self._resp = await self._coro
  File "D:\anaconda\envs\PBFT\lib\site-packages\aiohttp\client.py", line 537, in _request
    req, traces=traces, timeout=real_timeout
  File "D:\anaconda\envs\PBFT\lib\site-packages\aiohttp\connector.py", line 540, in connect
    proto = await self._create_connection(req, traces, timeout)
  File "D:\anaconda\envs\PBFT\lib\site-packages\aiohttp\connector.py", line 901, in _create_connection
    _, proto = await self._create_direct_connection(req, traces, timeout)
  File "D:\anaconda\envs\PBFT\lib\site-packages\aiohttp\connector.py", line 1206, in _create_direct_connection
    raise last_exc
  File "D:\anaconda\envs\PBFT\lib\site-packages\aiohttp\connector.py", line 1187, in _create_direct_connection
    client_error=client_error,
  File "D:\anaconda\envs\PBFT\lib\site-packages\aiohttp\connector.py", line 988, in _wrap_create_connection
    raise client_error(req.connection_key, exc) from exc
aiohttp.client_exceptions.ClientConnectorError: Cannot connect to host localhost:30130 ssl:default [         ]
[2025-03-11 13:28:03,274] [ERROR] [30167] Error sending to http://localhost:30170/commit: Cannot connect to host localhost:30170 ssl:default [         ]
Traceback (most recent call last):
  File "D:\anaconda\envs\PBFT\lib\site-packages\aiohttp\connector.py", line 980, in _wrap_create_connection
    return await self._loop.create_connection(*args, **kwargs)  # type: ignore[return-value]  # noqa
  File "D:\anaconda\envs\PBFT\lib\asyncio\base_events.py", line 948, in create_connection
    raise exceptions[0]
  File "D:\anaconda\envs\PBFT\lib\asyncio\base_events.py", line 935, in create_connection
    await self.sock_connect(sock, address)
  File "D:\anaconda\envs\PBFT\lib\asyncio\selector_events.py", line 475, in sock_connect
    return await fut
  File "D:\anaconda\envs\PBFT\lib\asyncio\selector_events.py", line 480, in _sock_connect
    sock.connect(address)
OSError: [WinError 10055]          

The above exception was the direct cause of the following exception:

Traceback (most recent call last):
  File "pbft.py", line 249, in send_message
    await send_with_delay(self.session, self.node_info, target, url, data, self.bandwidth_data)
  File "pbft.py", line 63, in send_with_delay
    async with session.post(url, json=data) as resp:
  File "D:\anaconda\envs\PBFT\lib\site-packages\aiohttp\client.py", line 1141, in __aenter__
    self._resp = await self._coro
  File "D:\anaconda\envs\PBFT\lib\site-packages\aiohttp\client.py", line 537, in _request
    req, traces=traces, timeout=real_timeout
  File "D:\anaconda\envs\PBFT\lib\site-packages\aiohttp\connector.py", line 540, in connect
    proto = await self._create_connection(req, traces, timeout)
  File "D:\anaconda\envs\PBFT\lib\site-packages\aiohttp\connector.py", line 901, in _create_connection
    _, proto = await self._create_direct_connection(req, traces, timeout)
  File "D:\anaconda\envs\PBFT\lib\site-packages\aiohttp\connector.py", line 1206, in _create_direct_connection
    raise last_exc
  File "D:\anaconda\envs\PBFT\lib\site-packages\aiohttp\connector.py", line 1187, in _create_direct_connection
    client_error=client_error,
  File "D:\anaconda\envs\PBFT\lib\site-packages\aiohttp\connector.py", line 988, in _wrap_create_connection
    raise client_error(req.connection_key, exc) from exc
aiohttp.client_exceptions.ClientConnectorError: Cannot connect to host localhost:30170 ssl:default [         ]
[2025-03-11 13:28:03,779] [INFO] [30167] Received COMMIT: id:1741667253959, from:30102, delay:0.0000s, distance:171.54m (Euclidean)
[2025-03-11 13:28:03,883] [INFO] [30167] Received COMMIT: id:1741667253959, from:30127, delay:0.0000s, distance:299.85m (Euclidean)
[2025-03-11 13:28:03,898] [INFO] [30167] Received COMMIT: id:1741667253959, from:30178, delay:0.0000s, distance:128.42m (Euclidean)
[2025-03-11 13:28:09,870] [INFO] [30167] Received PREPARE: id:1741667289123, from:30129, delay:0.0001s, distance:246.06m (Euclidean)
[2025-03-11 13:28:09,870] [INFO] [30167] Missing PRE-PREPARE for REQUEST 1741667289123; ignoring PREPARE
[2025-03-11 13:28:10,111] [INFO] [30167] Received PREPARE: id:1741667289123, from:30118, delay:0.0002s, distance:286.64m (Euclidean)
[2025-03-11 13:28:10,111] [INFO] [30167] Missing PRE-PREPARE for REQUEST 1741667289123; ignoring PREPARE
[2025-03-11 13:28:10,252] [INFO] [30167] Received PREPARE: id:1741667289123, from:30100, delay:0.0001s, distance:181.98m (Euclidean)
[2025-03-11 13:28:10,252] [INFO] [30167] Missing PRE-PREPARE for REQUEST 1741667289123; ignoring PREPARE
[2025-03-11 13:28:10,408] [INFO] [30167] Received PREPARE: id:1741667289123, from:30136, delay:0.0000s, distance:100.38m (Euclidean)
[2025-03-11 13:28:10,414] [INFO] [30167] Missing PRE-PREPARE for REQUEST 1741667289123; ignoring PREPARE
[2025-03-11 13:28:10,595] [INFO] [30167] Received PREPARE: id:1741667289123, from:30074, delay:0.0000s, distance:200.18m (Euclidean)
[2025-03-11 13:28:10,597] [INFO] [30167] Missing PRE-PREPARE for REQUEST 1741667289123; ignoring PREPARE
[2025-03-11 13:28:11,187] [INFO] [30167] Received PREPARE: id:1741667289123, from:30102, delay:0.0000s, distance:171.54m (Euclidean)
[2025-03-11 13:28:11,188] [INFO] [30167] Missing PRE-PREPARE for REQUEST 1741667289123; ignoring PREPARE
[2025-03-11 13:28:12,889] [INFO] [30167] Received PREPARE: id:1741667289123, from:30041, delay:0.0000s, distance:200.32m (Euclidean)
[2025-03-11 13:28:12,889] [INFO] [30167] Missing PRE-PREPARE for REQUEST 1741667289123; ignoring PREPARE
[2025-03-11 13:28:14,737] [INFO] [30167] Received PREPARE: id:1741667289123, from:30011, delay:0.0000s, distance:200.74m (Euclidean)
[2025-03-11 13:28:14,737] [INFO] [30167] Missing PRE-PREPARE for REQUEST 1741667289123; ignoring PREPARE
[2025-03-11 13:28:15,395] [INFO] [30167] Received PREPARE: id:1741667289123, from:30110, delay:0.0000s, distance:180.20m (Euclidean)
[2025-03-11 13:28:15,395] [INFO] [30167] Missing PRE-PREPARE for REQUEST 1741667289123; ignoring PREPARE
[2025-03-11 13:28:16,482] [INFO] [30167] Received PREPARE: id:1741667289123, from:30120, delay:0.0001s, distance:182.49m (Euclidean)
[2025-03-11 13:28:16,484] [INFO] [30167] Missing PRE-PREPARE for REQUEST 1741667289123; ignoring PREPARE
[2025-03-11 13:28:18,838] [INFO] [30167] Received COMMIT: id:1741667289123, from:30102, delay:0.0000s, distance:171.54m (Euclidean)
[2025-03-11 13:28:22,881] [INFO] [30167] Received COMMIT: id:1741667289123, from:30110, delay:0.0000s, distance:180.20m (Euclidean)
[2025-03-11 13:28:23,005] [INFO] [30167] Received PREPARE: id:1741667289123, from:30013, delay:0.0000s, distance:299.32m (Euclidean)
[2025-03-11 13:28:23,005] [INFO] [30167] Missing PRE-PREPARE for REQUEST 1741667289123; ignoring PREPARE
[2025-03-11 13:28:24,933] [INFO] [30167] Received COMMIT: id:1741667289123, from:30120, delay:0.0001s, distance:182.49m (Euclidean)
[2025-03-11 13:28:58,539] [INFO] [30167] Received PREPARE: id:1741667289123, from:30131, delay:0.0002s, distance:251.48m (Euclidean)
[2025-03-11 13:28:58,539] [INFO] [30167] Missing PRE-PREPARE for REQUEST 1741667289123; ignoring PREPARE
[2025-03-11 13:28:58,539] [INFO] [30167] Received COMMIT: id:1741667289123, from:30131, delay:0.0002s, distance:251.48m (Euclidean)
[2025-03-11 13:29:40,594] [INFO] [30167] Received PREPARE: id:1741667289123, from:30019, delay:0.0000s, distance:59.71m (Euclidean)
[2025-03-11 13:29:40,594] [INFO] [30167] Missing PRE-PREPARE for REQUEST 1741667289123; ignoring PREPARE
[2025-03-11 13:29:40,594] [INFO] [30167] Received COMMIT: id:1741667289123, from:30019, delay:0.0000s, distance:59.71m (Euclidean)
[2025-03-11 13:29:48,418] [INFO] [30167] Received PREPARE: id:1741667289123, from:30063, delay:0.0001s, distance:232.85m (Euclidean)
[2025-03-11 13:29:48,418] [INFO] [30167] Missing PRE-PREPARE for REQUEST 1741667289123; ignoring PREPARE
[2025-03-11 13:29:48,418] [INFO] [30167] Received COMMIT: id:1741667289123, from:30063, delay:0.0001s, distance:232.85m (Euclidean)
[2025-03-11 13:29:52,988] [INFO] [30167] Received PREPARE: id:1741667289123, from:30140, delay:0.0000s, distance:123.53m (Euclidean)
[2025-03-11 13:29:52,988] [INFO] [30167] Missing PRE-PREPARE for REQUEST 1741667289123; ignoring PREPARE
[2025-03-11 13:29:52,992] [INFO] [30167] Received COMMIT: id:1741667289123, from:30140, delay:0.0000s, distance:123.53m (Euclidean)
[2025-03-11 13:29:52,992] [INFO] [30167] Received PREPARE: id:1741667289123, from:30018, delay:0.0001s, distance:251.13m (Euclidean)
[2025-03-11 13:29:52,992] [INFO] [30167] Missing PRE-PREPARE for REQUEST 1741667289123; ignoring PREPARE
[2025-03-11 13:29:53,746] [INFO] [30167] Received PREPARE: id:1741667289123, from:30086, delay:0.0000s, distance:38.65m (Euclidean)
[2025-03-11 13:29:53,746] [INFO] [30167] Missing PRE-PREPARE for REQUEST 1741667289123; ignoring PREPARE
[2025-03-11 13:29:56,871] [INFO] [30167] Received PREPARE: id:1741667289123, from:30046, delay:0.0001s, distance:233.86m (Euclidean)
[2025-03-11 13:29:56,871] [INFO] [30167] Missing PRE-PREPARE for REQUEST 1741667289123; ignoring PREPARE
[2025-03-11 13:29:58,962] [INFO] [30167] Received PREPARE: id:1741667289123, from:30115, delay:0.0001s, distance:231.36m (Euclidean)
[2025-03-11 13:29:58,962] [INFO] [30167] Missing PRE-PREPARE for REQUEST 1741667289123; ignoring PREPARE
[2025-03-11 13:29:58,962] [INFO] [30167] Received COMMIT: id:1741667289123, from:30115, delay:0.0001s, distance:231.36m (Euclidean)
[2025-03-11 13:30:00,619] [INFO] [30167] Received PREPARE: id:1741667289123, from:30078, delay:0.0001s, distance:244.60m (Euclidean)
[2025-03-11 13:30:00,619] [INFO] [30167] Missing PRE-PREPARE for REQUEST 1741667289123; ignoring PREPARE
[2025-03-11 13:30:00,619] [INFO] [30167] Received COMMIT: id:1741667289123, from:30078, delay:0.0001s, distance:244.60m (Euclidean)
