[2025-03-07 13:53:29,460] [INFO] Starting node at localhost:30133 | index=134 | f=1, k=4 | Role: Replica
[2025-03-07 13:53:39,959] [INFO] [30133] Received PREPARE: id:1741323218379, from:30060, delay:0.0000s, distance:133.61m (Euclidean)
[2025-03-07 13:53:39,959] [INFO] [30133] Missing PRE-PREPARE for REQUEST 1741323218379; ignoring PREPARE
[2025-03-07 13:53:40,307] [INFO] [30133] Received PREPARE: id:1741323218379, from:30005, delay:0.0001s, distance:188.27m (Euclidean)
[2025-03-07 13:53:40,307] [INFO] [30133] Missing PRE-PREPARE for REQUEST 1741323218379; ignoring PREPARE
[2025-03-07 13:53:40,307] [INFO] [30133] Received COMMIT: id:1741323218379, from:30005, delay:0.0001s, distance:188.27m (Euclidean)
[2025-03-07 13:53:40,656] [INFO] [30133] Received PREPARE: id:1741323218379, from:30030, delay:0.0000s, distance:147.61m (Euclidean)
[2025-03-07 13:53:40,656] [INFO] [30133] Missing PRE-PREPARE for REQUEST 1741323218379; ignoring PREPARE
[2025-03-07 13:53:40,656] [INFO] [30133] Received COMMIT: id:1741323218379, from:30030, delay:0.0000s, distance:147.61m (Euclidean)
[2025-03-07 13:53:40,671] [INFO] [30133] Received COMMIT: id:1741323218379, from:30060, delay:0.0000s, distance:133.61m (Euclidean)
[2025-03-07 13:53:40,703] [INFO] [30133] Received PREPARE: id:1741323218379, from:30021, delay:0.0002s, distance:288.37m (Euclidean)
[2025-03-07 13:53:40,703] [INFO] [30133] Missing PRE-PREPARE for REQUEST 1741323218379; ignoring PREPARE
[2025-03-07 13:53:40,703] [INFO] [30133] Received COMMIT: id:1741323218379, from:30021, delay:0.0002s, distance:288.37m (Euclidean)
[2025-03-07 13:53:40,719] [INFO] [30133] Received PREPARE: id:1741323218379, from:30086, delay:0.0000s, distance:127.47m (Euclidean)
[2025-03-07 13:53:40,719] [INFO] [30133] Missing PRE-PREPARE for REQUEST 1741323218379; ignoring PREPARE
[2025-03-07 13:53:41,212] [INFO] [30133] Received COMMIT: id:1741323218379, from:30086, delay:0.0000s, distance:127.47m (Euclidean)
[2025-03-07 13:53:41,462] [INFO] [30133] Received PREPARE: id:1741323218379, from:30096, delay:0.0001s, distance:232.21m (Euclidean)
[2025-03-07 13:53:41,462] [INFO] [30133] Missing PRE-PREPARE for REQUEST 1741323218379; ignoring PREPARE
[2025-03-07 13:53:41,538] [INFO] [30133] Received COMMIT: id:1741323218379, from:30096, delay:0.0001s, distance:232.21m (Euclidean)
[2025-03-07 13:53:41,652] [INFO] [30133] Received PREPARE: id:1741323218379, from:30073, delay:0.0000s, distance:102.41m (Euclidean)
[2025-03-07 13:53:41,652] [INFO] [30133] Missing PRE-PREPARE for REQUEST 1741323218379; ignoring PREPARE
[2025-03-07 13:53:41,652] [INFO] [30133] Received COMMIT: id:1741323218379, from:30073, delay:0.0000s, distance:102.41m (Euclidean)
[2025-03-07 13:53:41,668] [INFO] [30133] Received PREPARE: id:1741323218379, from:30087, delay:0.0002s, distance:264.13m (Euclidean)
[2025-03-07 13:53:41,668] [INFO] [30133] Missing PRE-PREPARE for REQUEST 1741323218379; ignoring PREPARE
[2025-03-07 13:53:41,668] [INFO] [30133] Received COMMIT: id:1741323218379, from:30087, delay:0.0002s, distance:264.13m (Euclidean)
[2025-03-07 13:53:41,952] [INFO] [30133] Received PREPARE: id:1741323218379, from:30099, delay:0.0001s, distance:218.84m (Euclidean)
[2025-03-07 13:53:41,952] [INFO] [30133] Missing PRE-PREPARE for REQUEST 1741323218379; ignoring PREPARE
[2025-03-07 13:53:41,952] [INFO] [30133] Received PREPARE: id:1741323218379, from:30062, delay:0.0002s, distance:274.04m (Euclidean)
[2025-03-07 13:53:41,952] [INFO] [30133] Missing PRE-PREPARE for REQUEST 1741323218379; ignoring PREPARE
[2025-03-07 13:53:41,952] [INFO] [30133] Received COMMIT: id:1741323218379, from:30083, delay:0.0001s, distance:162.46m (Euclidean)
[2025-03-07 13:53:41,952] [INFO] [30133] Received COMMIT: id:1741323218379, from:30099, delay:0.0001s, distance:218.84m (Euclidean)
[2025-03-07 13:53:41,952] [INFO] [30133] Received PREPARE: id:1741323218379, from:30083, delay:0.0001s, distance:162.46m (Euclidean)
[2025-03-07 13:53:41,952] [INFO] [30133] Missing PRE-PREPARE for REQUEST 1741323218379; ignoring PREPARE
[2025-03-07 13:53:41,969] [INFO] [30133] Received PREPARE: id:1741323218379, from:30041, delay:0.0000s, distance:199.16m (Euclidean)
[2025-03-07 13:53:41,969] [INFO] [30133] Missing PRE-PREPARE for REQUEST 1741323218379; ignoring PREPARE
[2025-03-07 13:53:41,974] [INFO] [30133] Received COMMIT: id:1741323218379, from:30041, delay:0.0000s, distance:199.16m (Euclidean)
[2025-03-07 13:53:41,975] [INFO] [30133] Received COMMIT: id:1741323218379, from:30062, delay:0.0002s, distance:274.04m (Euclidean)
[2025-03-07 13:53:41,978] [INFO] [30133] Received PREPARE: id:1741323218379, from:30117, delay:0.0001s, distance:158.59m (Euclidean)
[2025-03-07 13:53:41,978] [INFO] [30133] Missing PRE-PREPARE for REQUEST 1741323218379; ignoring PREPARE
[2025-03-07 13:53:41,984] [INFO] [30133] Received COMMIT: id:1741323218379, from:30117, delay:0.0001s, distance:158.59m (Euclidean)
[2025-03-07 13:53:42,127] [INFO] [30133] Received PREPARE: id:1741323218379, from:30089, delay:0.0001s, distance:203.36m (Euclidean)
[2025-03-07 13:53:42,127] [INFO] [30133] Missing PRE-PREPARE for REQUEST 1741323218379; ignoring PREPARE
[2025-03-07 13:53:42,143] [INFO] [30133] Received COMMIT: id:1741323218379, from:30089, delay:0.0001s, distance:203.36m (Euclidean)
[2025-03-07 13:53:42,143] [INFO] [30133] Received PREPARE: id:1741323218379, from:30090, delay:0.0001s, distance:206.48m (Euclidean)
[2025-03-07 13:53:42,143] [INFO] [30133] Missing PRE-PREPARE for REQUEST 1741323218379; ignoring PREPARE
[2025-03-07 13:53:42,143] [INFO] [30133] Received COMMIT: id:1741323218379, from:30090, delay:0.0001s, distance:206.48m (Euclidean)
[2025-03-07 13:53:42,222] [INFO] [30133] Received PREPARE: id:1741323218379, from:30052, delay:0.0000s, distance:119.44m (Euclidean)
[2025-03-07 13:53:42,222] [INFO] [30133] Missing PRE-PREPARE for REQUEST 1741323218379; ignoring PREPARE
[2025-03-07 13:53:42,222] [INFO] [30133] Received COMMIT: id:1741323218379, from:30052, delay:0.0000s, distance:119.44m (Euclidean)
[2025-03-07 13:53:42,590] [INFO] [30133] Received PREPARE: id:1741323218379, from:30026, delay:0.0002s, distance:260.92m (Euclidean)
[2025-03-07 13:53:42,590] [INFO] [30133] Missing PRE-PREPARE for REQUEST 1741323218379; ignoring PREPARE
[2025-03-07 13:53:42,590] [INFO] [30133] Received COMMIT: id:1741323218379, from:30026, delay:0.0002s, distance:260.92m (Euclidean)
[2025-03-07 13:53:42,590] [INFO] [30133] Received PREPARE: id:1741323218379, from:30095, delay:0.0000s, distance:88.27m (Euclidean)
[2025-03-07 13:53:42,590] [INFO] [30133] Missing PRE-PREPARE for REQUEST 1741323218379; ignoring PREPARE
[2025-03-07 13:53:43,216] [INFO] [30133] Received PREPARE: id:1741323218379, from:30043, delay:0.0001s, distance:240.52m (Euclidean)
[2025-03-07 13:53:43,216] [INFO] [30133] Missing PRE-PREPARE for REQUEST 1741323218379; ignoring PREPARE
[2025-03-07 13:53:43,216] [INFO] [30133] Received COMMIT: id:1741323218379, from:30043, delay:0.0001s, distance:240.52m (Euclidean)
[2025-03-07 13:53:43,298] [INFO] [30133] Received PREPARE: id:1741323218379, from:30048, delay:0.0000s, distance:133.52m (Euclidean)
[2025-03-07 13:53:43,298] [INFO] [30133] Missing PRE-PREPARE for REQUEST 1741323218379; ignoring PREPARE
[2025-03-07 13:53:43,298] [INFO] [30133] Received COMMIT: id:1741323218379, from:30048, delay:0.0000s, distance:133.52m (Euclidean)
[2025-03-07 13:53:43,411] [INFO] [30133] Received PREPARE: id:1741323218379, from:30003, delay:0.0000s, distance:104.98m (Euclidean)
[2025-03-07 13:53:43,411] [INFO] [30133] Missing PRE-PREPARE for REQUEST 1741323218379; ignoring PREPARE
[2025-03-07 13:53:43,643] [INFO] [30133] Received PREPARE: id:1741323218379, from:30158, delay:0.0000s, distance:150.23m (Euclidean)
[2025-03-07 13:53:43,643] [INFO] [30133] Missing PRE-PREPARE for REQUEST 1741323218379; ignoring PREPARE
[2025-03-07 13:53:43,738] [INFO] [30133] Received PREPARE: id:1741323218379, from:30053, delay:0.0002s, distance:297.45m (Euclidean)
[2025-03-07 13:53:43,738] [INFO] [30133] Missing PRE-PREPARE for REQUEST 1741323218379; ignoring PREPARE
[2025-03-07 13:53:43,738] [INFO] [30133] Received COMMIT: id:1741323218379, from:30053, delay:0.0002s, distance:297.45m (Euclidean)
[2025-03-07 13:53:43,806] [INFO] [30133] Received PREPARE: id:1741323218379, from:30002, delay:0.0001s, distance:205.54m (Euclidean)
[2025-03-07 13:53:43,806] [INFO] [30133] Missing PRE-PREPARE for REQUEST 1741323218379; ignoring PREPARE
[2025-03-07 13:53:43,806] [INFO] [30133] Received COMMIT: id:1741323218379, from:30002, delay:0.0001s, distance:205.54m (Euclidean)
[2025-03-07 13:53:43,992] [INFO] [30133] Received PREPARE: id:1741323218379, from:30016, delay:0.0002s, distance:267.75m (Euclidean)
[2025-03-07 13:53:44,072] [INFO] [30133] Missing PRE-PREPARE for REQUEST 1741323218379; ignoring PREPARE
[2025-03-07 13:53:44,072] [INFO] [30133] Received COMMIT: id:1741323218379, from:30016, delay:0.0002s, distance:267.75m (Euclidean)
[2025-03-07 13:53:44,072] [INFO] [30133] Received COMMIT: id:1741323218379, from:30095, delay:0.0000s, distance:88.27m (Euclidean)
[2025-03-07 13:53:44,151] [INFO] [30133] Received PREPARE: id:1741323218379, from:30097, delay:0.0002s, distance:280.60m (Euclidean)
[2025-03-07 13:53:44,151] [INFO] [30133] Missing PRE-PREPARE for REQUEST 1741323218379; ignoring PREPARE
[2025-03-07 13:53:44,151] [INFO] [30133] Received COMMIT: id:1741323218379, from:30097, delay:0.0002s, distance:280.60m (Euclidean)
[2025-03-07 13:53:44,181] [INFO] [30133] Received PREPARE: id:1741323218379, from:30046, delay:0.0000s, distance:113.56m (Euclidean)
[2025-03-07 13:53:44,181] [INFO] [30133] Missing PRE-PREPARE for REQUEST 1741323218379; ignoring PREPARE
[2025-03-07 13:53:44,181] [INFO] [30133] Received COMMIT: id:1741323218379, from:30046, delay:0.0000s, distance:113.56m (Euclidean)
[2025-03-07 13:53:44,371] [INFO] [30133] Received PREPARE: id:1741323218379, from:30088, delay:0.0001s, distance:229.21m (Euclidean)
[2025-03-07 13:53:44,371] [INFO] [30133] Missing PRE-PREPARE for REQUEST 1741323218379; ignoring PREPARE
[2025-03-07 13:53:44,371] [INFO] [30133] Received COMMIT: id:1741323218379, from:30088, delay:0.0001s, distance:229.21m (Euclidean)
[2025-03-07 13:53:44,402] [INFO] [30133] Received PREPARE: id:1741323218379, from:30018, delay:0.0001s, distance:228.41m (Euclidean)
[2025-03-07 13:53:44,402] [INFO] [30133] Missing PRE-PREPARE for REQUEST 1741323218379; ignoring PREPARE
[2025-03-07 13:53:44,411] [INFO] [30133] Received COMMIT: id:1741323218379, from:30018, delay:0.0001s, distance:228.41m (Euclidean)
[2025-03-07 13:53:44,656] [INFO] [30133] Received PREPARE: id:1741323218379, from:30028, delay:0.0001s, distance:238.00m (Euclidean)
[2025-03-07 13:53:44,656] [INFO] [30133] Missing PRE-PREPARE for REQUEST 1741323218379; ignoring PREPARE
[2025-03-07 13:53:44,656] [INFO] [30133] Received COMMIT: id:1741323218379, from:30055, delay:0.0001s, distance:220.97m (Euclidean)
[2025-03-07 13:53:44,656] [INFO] [30133] Received COMMIT: id:1741323218379, from:30028, delay:0.0001s, distance:238.00m (Euclidean)
[2025-03-07 13:53:44,656] [INFO] [30133] Received COMMIT: id:1741323218379, from:30047, delay:0.0002s, distance:278.33m (Euclidean)
[2025-03-07 13:53:44,656] [INFO] [30133] Received PREPARE: id:1741323218379, from:30055, delay:0.0001s, distance:220.97m (Euclidean)
[2025-03-07 13:53:44,656] [INFO] [30133] Missing PRE-PREPARE for REQUEST 1741323218379; ignoring PREPARE
[2025-03-07 13:53:44,656] [INFO] [30133] Received PREPARE: id:1741323218379, from:30047, delay:0.0002s, distance:278.33m (Euclidean)
[2025-03-07 13:53:44,656] [INFO] [30133] Missing PRE-PREPARE for REQUEST 1741323218379; ignoring PREPARE
[2025-03-07 13:53:44,801] [INFO] [30133] Received PREPARE: id:1741323218379, from:30040, delay:0.0002s, distance:287.30m (Euclidean)
[2025-03-07 13:53:44,801] [INFO] [30133] Missing PRE-PREPARE for REQUEST 1741323218379; ignoring PREPARE
[2025-03-07 13:53:44,801] [INFO] [30133] Received COMMIT: id:1741323218379, from:30040, delay:0.0002s, distance:287.30m (Euclidean)
[2025-03-07 13:53:45,056] [INFO] [30133] Received PREPARE: id:1741323218379, from:30035, delay:0.0001s, distance:238.21m (Euclidean)
[2025-03-07 13:53:45,056] [INFO] [30133] Missing PRE-PREPARE for REQUEST 1741323218379; ignoring PREPARE
[2025-03-07 13:53:45,056] [INFO] [30133] Received COMMIT: id:1741323218379, from:30035, delay:0.0001s, distance:238.21m (Euclidean)
[2025-03-07 13:53:45,056] [INFO] [30133] Received COMMIT: id:1741323218379, from:30094, delay:0.0002s, distance:273.91m (Euclidean)
[2025-03-07 13:53:45,056] [INFO] [30133] Received PREPARE: id:1741323218379, from:30094, delay:0.0002s, distance:273.91m (Euclidean)
[2025-03-07 13:53:45,056] [INFO] [30133] Missing PRE-PREPARE for REQUEST 1741323218379; ignoring PREPARE
[2025-03-07 13:53:45,066] [INFO] [30133] Received PREPARE: id:1741323218379, from:30033, delay:0.0001s, distance:182.17m (Euclidean)
[2025-03-07 13:53:45,066] [INFO] [30133] Missing PRE-PREPARE for REQUEST 1741323218379; ignoring PREPARE
[2025-03-07 13:53:45,066] [INFO] [30133] Received COMMIT: id:1741323218379, from:30033, delay:0.0001s, distance:182.17m (Euclidean)
[2025-03-07 13:53:45,177] [INFO] [30133] Received PREPARE: id:1741323218379, from:30024, delay:0.0002s, distance:256.91m (Euclidean)
[2025-03-07 13:53:45,177] [INFO] [30133] Missing PRE-PREPARE for REQUEST 1741323218379; ignoring PREPARE
[2025-03-07 13:53:45,177] [INFO] [30133] Received COMMIT: id:1741323218379, from:30024, delay:0.0002s, distance:256.91m (Euclidean)
[2025-03-07 13:53:45,527] [INFO] [30133] Received PREPARE: id:1741323218379, from:30039, delay:0.0001s, distance:242.58m (Euclidean)
[2025-03-07 13:53:45,527] [INFO] [30133] Missing PRE-PREPARE for REQUEST 1741323218379; ignoring PREPARE
[2025-03-07 13:53:45,527] [INFO] [30133] Received COMMIT: id:1741323218379, from:30011, delay:0.0002s, distance:266.36m (Euclidean)
[2025-03-07 13:53:45,527] [INFO] [30133] Received COMMIT: id:1741323218379, from:30039, delay:0.0001s, distance:242.58m (Euclidean)
[2025-03-07 13:53:45,527] [INFO] [30133] Received PREPARE: id:1741323218379, from:30001, delay:0.0002s, distance:251.77m (Euclidean)
[2025-03-07 13:53:45,527] [INFO] [30133] Missing PRE-PREPARE for REQUEST 1741323218379; ignoring PREPARE
[2025-03-07 13:53:45,527] [INFO] [30133] Received PREPARE: id:1741323218379, from:30011, delay:0.0002s, distance:266.36m (Euclidean)
[2025-03-07 13:53:45,527] [INFO] [30133] Missing PRE-PREPARE for REQUEST 1741323218379; ignoring PREPARE
[2025-03-07 13:53:45,527] [INFO] [30133] Received COMMIT: id:1741323218379, from:30001, delay:0.0002s, distance:251.77m (Euclidean)
[2025-03-07 13:53:45,527] [INFO] [30133] Received PREPARE: id:1741323218379, from:30049, delay:0.0001s, distance:208.41m (Euclidean)
[2025-03-07 13:53:45,527] [INFO] [30133] Missing PRE-PREPARE for REQUEST 1741323218379; ignoring PREPARE
[2025-03-07 13:53:45,541] [INFO] [30133] Received COMMIT: id:1741323218379, from:30049, delay:0.0001s, distance:208.41m (Euclidean)
[2025-03-07 13:53:45,559] [INFO] [30133] Received PREPARE: id:1741323218379, from:30004, delay:0.0002s, distance:264.23m (Euclidean)
[2025-03-07 13:53:45,559] [INFO] [30133] Missing PRE-PREPARE for REQUEST 1741323218379; ignoring PREPARE
[2025-03-07 13:53:45,559] [INFO] [30133] Received COMMIT: id:1741323218379, from:30004, delay:0.0002s, distance:264.23m (Euclidean)
[2025-03-07 13:53:45,658] [INFO] [30133] Received COMMIT: id:1741323218379, from:30003, delay:0.0000s, distance:104.98m (Euclidean)
[2025-03-07 13:53:45,715] [INFO] [30133] Received PREPARE: id:1741323218379, from:30034, delay:0.0002s, distance:282.07m (Euclidean)
[2025-03-07 13:53:45,715] [INFO] [30133] Missing PRE-PREPARE for REQUEST 1741323218379; ignoring PREPARE
[2025-03-07 13:53:45,715] [INFO] [30133] Received COMMIT: id:1741323218379, from:30034, delay:0.0002s, distance:282.07m (Euclidean)
[2025-03-07 13:53:45,797] [INFO] [30133] Received PREPARE: id:1741323218379, from:30010, delay:0.0000s, distance:146.82m (Euclidean)
[2025-03-07 13:53:45,797] [INFO] [30133] Missing PRE-PREPARE for REQUEST 1741323218379; ignoring PREPARE
[2025-03-07 13:53:45,797] [INFO] [30133] Received COMMIT: id:1741323218379, from:30010, delay:0.0000s, distance:146.82m (Euclidean)
[2025-03-07 13:53:46,003] [INFO] [30133] Received PREPARE: id:1741323218379, from:30091, delay:0.0001s, distance:159.57m (Euclidean)
[2025-03-07 13:53:46,003] [INFO] [30133] Missing PRE-PREPARE for REQUEST 1741323218379; ignoring PREPARE
[2025-03-07 13:53:46,011] [INFO] [30133] Received COMMIT: id:1741323218379, from:30091, delay:0.0001s, distance:159.57m (Euclidean)
[2025-03-07 13:53:46,143] [INFO] [30133] Received PREPARE: id:1741323218379, from:30017, delay:0.0001s, distance:210.79m (Euclidean)
[2025-03-07 13:53:46,143] [INFO] [30133] Missing PRE-PREPARE for REQUEST 1741323218379; ignoring PREPARE
[2025-03-07 13:53:46,158] [INFO] [30133] Received COMMIT: id:1741323218379, from:30017, delay:0.0001s, distance:210.79m (Euclidean)
[2025-03-07 13:53:46,237] [INFO] [30133] Received PREPARE: id:1741323218379, from:30070, delay:0.0001s, distance:219.57m (Euclidean)
[2025-03-07 13:53:46,237] [INFO] [30133] Missing PRE-PREPARE for REQUEST 1741323218379; ignoring PREPARE
[2025-03-07 13:53:46,256] [INFO] [30133] Received COMMIT: id:1741323218379, from:30070, delay:0.0001s, distance:219.57m (Euclidean)
[2025-03-07 13:53:46,317] [INFO] [30133] Received PREPARE: id:1741323218379, from:30036, delay:0.0002s, distance:296.18m (Euclidean)
[2025-03-07 13:53:46,317] [INFO] [30133] Missing PRE-PREPARE for REQUEST 1741323218379; ignoring PREPARE
[2025-03-07 13:53:46,317] [INFO] [30133] Received COMMIT: id:1741323218379, from:30036, delay:0.0002s, distance:296.18m (Euclidean)
[2025-03-07 13:53:46,386] [INFO] [30133] Received PREPARE: id:1741323218379, from:30061, delay:0.0001s, distance:190.63m (Euclidean)
[2025-03-07 13:53:46,433] [INFO] [30133] Missing PRE-PREPARE for REQUEST 1741323218379; ignoring PREPARE
[2025-03-07 13:53:46,433] [INFO] [30133] Received COMMIT: id:1741323218379, from:30061, delay:0.0001s, distance:190.63m (Euclidean)
[2025-03-07 13:53:46,507] [INFO] [30133] Received PREPARE: id:1741323218379, from:30104, delay:0.0000s, distance:148.06m (Euclidean)
[2025-03-07 13:53:46,507] [INFO] [30133] Missing PRE-PREPARE for REQUEST 1741323218379; ignoring PREPARE
[2025-03-07 13:53:46,507] [INFO] [30133] Received COMMIT: id:1741323218379, from:30104, delay:0.0000s, distance:148.06m (Euclidean)
[2025-03-07 13:53:46,902] [INFO] [30133] Received PREPARE: id:1741323218379, from:30032, delay:0.0000s, distance:124.11m (Euclidean)
[2025-03-07 13:53:46,902] [INFO] [30133] Missing PRE-PREPARE for REQUEST 1741323218379; ignoring PREPARE
[2025-03-07 13:53:46,902] [INFO] [30133] Received COMMIT: id:1741323218379, from:30032, delay:0.0000s, distance:124.11m (Euclidean)
[2025-03-07 13:53:46,918] [INFO] [30133] Received PREPARE: id:1741323218379, from:30102, delay:0.0002s, distance:273.66m (Euclidean)
[2025-03-07 13:53:46,918] [INFO] [30133] Missing PRE-PREPARE for REQUEST 1741323218379; ignoring PREPARE
[2025-03-07 13:53:46,918] [INFO] [30133] Received COMMIT: id:1741323218379, from:30102, delay:0.0002s, distance:273.66m (Euclidean)
[2025-03-07 13:53:47,060] [INFO] [30133] Received PREPARE: id:1741323218379, from:30110, delay:0.0000s, distance:123.31m (Euclidean)
[2025-03-07 13:53:47,060] [INFO] [30133] Missing PRE-PREPARE for REQUEST 1741323218379; ignoring PREPARE
[2025-03-07 13:53:47,076] [INFO] [30133] Received PREPARE: id:1741323218379, from:30134, delay:0.0000s, distance:99.88m (Euclidean)
[2025-03-07 13:53:47,076] [INFO] [30133] Missing PRE-PREPARE for REQUEST 1741323218379; ignoring PREPARE
[2025-03-07 13:53:47,076] [INFO] [30133] Received COMMIT: id:1741323218379, from:30134, delay:0.0000s, distance:99.88m (Euclidean)
[2025-03-07 13:53:47,180] [INFO] [30133] Received COMMIT: id:1741323218379, from:30110, delay:0.0000s, distance:123.31m (Euclidean)
[2025-03-07 13:53:47,409] [INFO] [30133] Received PREPARE: id:1741323218379, from:30007, delay:0.0002s, distance:294.63m (Euclidean)
[2025-03-07 13:53:47,410] [INFO] [30133] Missing PRE-PREPARE for REQUEST 1741323218379; ignoring PREPARE
[2025-03-07 13:53:47,413] [INFO] [30133] Received COMMIT: id:1741323218379, from:30007, delay:0.0002s, distance:294.63m (Euclidean)
[2025-03-07 13:53:47,665] [INFO] [30133] Received COMMIT: id:1741323218379, from:30158, delay:0.0000s, distance:150.23m (Euclidean)
[2025-03-07 13:53:47,665] [INFO] [30133] Received PREPARE: id:1741323218379, from:30136, delay:0.0002s, distance:291.09m (Euclidean)
[2025-03-07 13:53:47,665] [INFO] [30133] Missing PRE-PREPARE for REQUEST 1741323218379; ignoring PREPARE
[2025-03-07 13:53:47,677] [INFO] [30133] Received COMMIT: id:1741323218379, from:30136, delay:0.0002s, distance:291.09m (Euclidean)
[2025-03-07 13:53:47,756] [INFO] [30133] Received PREPARE: id:1741323218379, from:30154, delay:0.0001s, distance:218.22m (Euclidean)
[2025-03-07 13:53:47,756] [INFO] [30133] Missing PRE-PREPARE for REQUEST 1741323218379; ignoring PREPARE
[2025-03-07 13:53:47,834] [INFO] [30133] Received PREPARE: id:1741323218379, from:30153, delay:0.0000s, distance:81.24m (Euclidean)
[2025-03-07 13:53:47,834] [INFO] [30133] Missing PRE-PREPARE for REQUEST 1741323218379; ignoring PREPARE
[2025-03-07 13:53:47,884] [INFO] [30133] Received COMMIT: id:1741323218379, from:30153, delay:0.0000s, distance:81.24m (Euclidean)
[2025-03-07 13:53:47,964] [INFO] [30133] Received PREPARE: id:1741323218379, from:30105, delay:0.0001s, distance:172.94m (Euclidean)
[2025-03-07 13:53:47,964] [INFO] [30133] Missing PRE-PREPARE for REQUEST 1741323218379; ignoring PREPARE
[2025-03-07 13:53:47,964] [INFO] [30133] Received COMMIT: id:1741323218379, from:30105, delay:0.0001s, distance:172.94m (Euclidean)
[2025-03-07 13:53:48,062] [INFO] [30133] Received PREPARE: id:1741323218379, from:30122, delay:0.0002s, distance:264.99m (Euclidean)
[2025-03-07 13:53:48,062] [INFO] [30133] Missing PRE-PREPARE for REQUEST 1741323218379; ignoring PREPARE
[2025-03-07 13:53:48,062] [INFO] [30133] Received COMMIT: id:1741323218379, from:30154, delay:0.0001s, distance:218.22m (Euclidean)
[2025-03-07 13:53:48,062] [INFO] [30133] Received COMMIT: id:1741323218379, from:30122, delay:0.0002s, distance:264.99m (Euclidean)
[2025-03-07 13:53:48,150] [INFO] [30133] Received PREPARE: id:1741323218379, from:30147, delay:0.0000s, distance:93.99m (Euclidean)
[2025-03-07 13:53:48,150] [INFO] [30133] Missing PRE-PREPARE for REQUEST 1741323218379; ignoring PREPARE
[2025-03-07 13:53:48,150] [INFO] [30133] Received COMMIT: id:1741323218379, from:30147, delay:0.0000s, distance:93.99m (Euclidean)
[2025-03-07 13:53:48,284] [INFO] [30133] Received PREPARE: id:1741323218379, from:30139, delay:0.0001s, distance:213.99m (Euclidean)
[2025-03-07 13:53:48,284] [INFO] [30133] Missing PRE-PREPARE for REQUEST 1741323218379; ignoring PREPARE
[2025-03-07 13:53:48,284] [INFO] [30133] Received COMMIT: id:1741323218379, from:30139, delay:0.0001s, distance:213.99m (Euclidean)
[2025-03-07 13:53:48,311] [INFO] [30133] Received PREPARE: id:1741323218379, from:30109, delay:0.0001s, distance:169.92m (Euclidean)
[2025-03-07 13:53:48,311] [INFO] [30133] Missing PRE-PREPARE for REQUEST 1741323218379; ignoring PREPARE
[2025-03-07 13:53:48,311] [INFO] [30133] Received COMMIT: id:1741323218379, from:30109, delay:0.0001s, distance:169.92m (Euclidean)
[2025-03-07 13:53:48,333] [INFO] [30133] Received PREPARE: id:1741323218379, from:30157, delay:0.0001s, distance:196.06m (Euclidean)
[2025-03-07 13:53:48,333] [INFO] [30133] Missing PRE-PREPARE for REQUEST 1741323218379; ignoring PREPARE
[2025-03-07 13:53:48,333] [INFO] [30133] Received COMMIT: id:1741323218379, from:30157, delay:0.0001s, distance:196.06m (Euclidean)
[2025-03-07 13:53:48,365] [INFO] [30133] Received PRE-PREPARE: id:1741323218379, from:Leader(30000), delay:0.0001s, distance:218.70m (Euclidean)
[2025-03-07 13:53:48,365] [INFO] [30133] Broadcasting PREPARE for REQUEST 1741323218379
[2025-03-07 13:53:48,576] [INFO] [30133] Received PREPARE: id:1741323218379, from:30131, delay:0.0001s, distance:204.77m (Euclidean)
[2025-03-07 13:53:48,576] [INFO] [30133] Broadcasting COMMIT for REQUEST 1741323218379
[2025-03-07 13:53:48,646] [INFO] [30133] Received COMMIT: id:1741323218379, from:30131, delay:0.0001s, distance:204.77m (Euclidean)
[2025-03-07 13:53:48,693] [INFO] [30133] Received PREPARE: id:1741323218379, from:30128, delay:0.0001s, distance:205.04m (Euclidean)
[2025-03-07 13:53:48,693] [INFO] [30133] Received COMMIT: id:1741323218379, from:30128, delay:0.0001s, distance:205.04m (Euclidean)
[2025-03-07 13:53:48,970] [INFO] [30133] Received PREPARE: id:1741323218379, from:30144, delay:0.0000s, distance:108.99m (Euclidean)
[2025-03-07 13:53:48,977] [INFO] [30133] Received COMMIT: id:1741323218379, from:30144, delay:0.0000s, distance:108.99m (Euclidean)
[2025-03-07 13:53:49,107] [INFO] [30133] Received PREPARE: id:1741323218379, from:30107, delay:0.0002s, distance:289.28m (Euclidean)
[2025-03-07 13:53:49,120] [INFO] [30133] Received COMMIT: id:1741323218379, from:30107, delay:0.0002s, distance:289.28m (Euclidean)
[2025-03-07 13:53:49,246] [INFO] [30133] Received COMMIT: id:1741323218379, from:30112, delay:0.0000s, distance:66.50m (Euclidean)
[2025-03-07 13:53:49,246] [INFO] [30133] Received PREPARE: id:1741323218379, from:30112, delay:0.0000s, distance:66.50m (Euclidean)
[2025-03-07 13:53:49,391] [INFO] [30133] Received PREPARE: id:1741323218379, from:30151, delay:0.0002s, distance:272.27m (Euclidean)
[2025-03-07 13:53:49,391] [INFO] [30133] Received COMMIT: id:1741323218379, from:30151, delay:0.0002s, distance:272.27m (Euclidean)
[2025-03-07 13:53:49,890] [INFO] [30133] Received PREPARE: id:1741323218379, from:30148, delay:0.0002s, distance:259.88m (Euclidean)
[2025-03-07 13:53:49,893] [INFO] [30133] Received COMMIT: id:1741323218379, from:30148, delay:0.0002s, distance:259.88m (Euclidean)
[2025-03-07 13:53:50,001] [INFO] [30133] Received PREPARE: id:1741323218379, from:30114, delay:0.0001s, distance:235.74m (Euclidean)
[2025-03-07 13:53:50,165] [INFO] [30133] Received COMMIT: id:1741323218379, from:30114, delay:0.0001s, distance:235.74m (Euclidean)
[2025-03-07 13:53:50,217] [INFO] [30133] Received PREPARE: id:1741323218379, from:30015, delay:0.0000s, distance:40.25m (Euclidean)
[2025-03-07 13:53:50,217] [INFO] [30133] Received COMMIT: id:1741323218379, from:30015, delay:0.0000s, distance:40.25m (Euclidean)
[2025-03-07 13:53:50,250] [INFO] [30133] Received PREPARE: id:1741323218379, from:30130, delay:0.0000s, distance:88.11m (Euclidean)
[2025-03-07 13:53:50,259] [INFO] [30133] Received COMMIT: id:1741323218379, from:30130, delay:0.0000s, distance:88.11m (Euclidean)
[2025-03-07 13:53:50,314] [INFO] [30133] Received PREPARE: id:1741323218379, from:30126, delay:0.0001s, distance:226.82m (Euclidean)
[2025-03-07 13:53:50,433] [INFO] [30133] Received COMMIT: id:1741323218379, from:30126, delay:0.0001s, distance:226.82m (Euclidean)
[2025-03-07 13:53:50,618] [INFO] [30133] Received COMMIT: id:1741323218379, from:30000, delay:0.0001s, distance:218.70m (Euclidean)
[2025-03-07 13:53:51,298] [ERROR] [30133] Error sending to http://localhost:30100/prepare: Cannot connect to host localhost:30100 ssl:default [호출에 대한 포인터 인수를 사용하려는 동안 시스템에서 잘못된 포인터 주소를 감지했습니다]
Traceback (most recent call last):
  File "D:\anaconda\envs\PBFT\lib\site-packages\aiohttp\connector.py", line 980, in _wrap_create_connection
    return await self._loop.create_connection(*args, **kwargs)  # type: ignore[return-value]  # noqa
  File "D:\anaconda\envs\PBFT\lib\asyncio\base_events.py", line 948, in create_connection
    raise exceptions[0]
  File "D:\anaconda\envs\PBFT\lib\asyncio\base_events.py", line 935, in create_connection
    await self.sock_connect(sock, address)
  File "D:\anaconda\envs\PBFT\lib\asyncio\selector_events.py", line 475, in sock_connect
    return await fut
  File "D:\anaconda\envs\PBFT\lib\asyncio\selector_events.py", line 480, in _sock_connect
    sock.connect(address)
OSError: [WinError 10014] 호출에 대한 포인터 인수를 사용하려는 동안 시스템에서 잘못된 포인터 주소를 감지했습니다

The above exception was the direct cause of the following exception:

Traceback (most recent call last):
  File "pbft.py", line 236, in send_message
    await send_with_delay(self.session, self.node_info, target, url, data, self.bandwidth_data)
  File "pbft.py", line 63, in send_with_delay
    async with session.post(url, json=data) as resp:
  File "D:\anaconda\envs\PBFT\lib\site-packages\aiohttp\client.py", line 1141, in __aenter__
    self._resp = await self._coro
  File "D:\anaconda\envs\PBFT\lib\site-packages\aiohttp\client.py", line 537, in _request
    req, traces=traces, timeout=real_timeout
  File "D:\anaconda\envs\PBFT\lib\site-packages\aiohttp\connector.py", line 540, in connect
    proto = await self._create_connection(req, traces, timeout)
  File "D:\anaconda\envs\PBFT\lib\site-packages\aiohttp\connector.py", line 901, in _create_connection
    _, proto = await self._create_direct_connection(req, traces, timeout)
  File "D:\anaconda\envs\PBFT\lib\site-packages\aiohttp\connector.py", line 1206, in _create_direct_connection
    raise last_exc
  File "D:\anaconda\envs\PBFT\lib\site-packages\aiohttp\connector.py", line 1187, in _create_direct_connection
    client_error=client_error,
  File "D:\anaconda\envs\PBFT\lib\site-packages\aiohttp\connector.py", line 988, in _wrap_create_connection
    raise client_error(req.connection_key, exc) from exc
aiohttp.client_exceptions.ClientConnectorError: Cannot connect to host localhost:30100 ssl:default [호출에 대한 포인터 인수를 사용하려는 동안 시스템에서 잘못된 포인터 주소를 감지했습니다]
[2025-03-07 13:53:52,528] [ERROR] [30133] Error sending to http://localhost:30076/prepare: Cannot connect to host localhost:30076 ssl:default [Connect call failed ('127.0.0.1', 30076)]
Traceback (most recent call last):
  File "D:\anaconda\envs\PBFT\lib\site-packages\aiohttp\connector.py", line 980, in _wrap_create_connection
    return await self._loop.create_connection(*args, **kwargs)  # type: ignore[return-value]  # noqa
  File "D:\anaconda\envs\PBFT\lib\asyncio\base_events.py", line 948, in create_connection
    raise exceptions[0]
  File "D:\anaconda\envs\PBFT\lib\asyncio\base_events.py", line 935, in create_connection
    await self.sock_connect(sock, address)
  File "D:\anaconda\envs\PBFT\lib\asyncio\selector_events.py", line 475, in sock_connect
    return await fut
  File "D:\anaconda\envs\PBFT\lib\asyncio\selector_events.py", line 505, in _sock_connect_cb
    raise OSError(err, f'Connect call failed {address}')
ConnectionRefusedError: [Errno 10061] Connect call failed ('127.0.0.1', 30076)

The above exception was the direct cause of the following exception:

Traceback (most recent call last):
  File "pbft.py", line 236, in send_message
    await send_with_delay(self.session, self.node_info, target, url, data, self.bandwidth_data)
  File "pbft.py", line 63, in send_with_delay
    async with session.post(url, json=data) as resp:
  File "D:\anaconda\envs\PBFT\lib\site-packages\aiohttp\client.py", line 1141, in __aenter__
    self._resp = await self._coro
  File "D:\anaconda\envs\PBFT\lib\site-packages\aiohttp\client.py", line 537, in _request
    req, traces=traces, timeout=real_timeout
  File "D:\anaconda\envs\PBFT\lib\site-packages\aiohttp\connector.py", line 540, in connect
    proto = await self._create_connection(req, traces, timeout)
  File "D:\anaconda\envs\PBFT\lib\site-packages\aiohttp\connector.py", line 901, in _create_connection
    _, proto = await self._create_direct_connection(req, traces, timeout)
  File "D:\anaconda\envs\PBFT\lib\site-packages\aiohttp\connector.py", line 1206, in _create_direct_connection
    raise last_exc
  File "D:\anaconda\envs\PBFT\lib\site-packages\aiohttp\connector.py", line 1187, in _create_direct_connection
    client_error=client_error,
  File "D:\anaconda\envs\PBFT\lib\site-packages\aiohttp\connector.py", line 988, in _wrap_create_connection
    raise client_error(req.connection_key, exc) from exc
aiohttp.client_exceptions.ClientConnectorError: Cannot connect to host localhost:30076 ssl:default [Connect call failed ('127.0.0.1', 30076)]
[2025-03-07 13:53:52,591] [ERROR] [30133] Error sending to http://localhost:30066/prepare: Cannot connect to host localhost:30066 ssl:default [Connect call failed ('127.0.0.1', 30066)]
Traceback (most recent call last):
  File "D:\anaconda\envs\PBFT\lib\site-packages\aiohttp\connector.py", line 980, in _wrap_create_connection
    return await self._loop.create_connection(*args, **kwargs)  # type: ignore[return-value]  # noqa
  File "D:\anaconda\envs\PBFT\lib\asyncio\base_events.py", line 948, in create_connection
    raise exceptions[0]
  File "D:\anaconda\envs\PBFT\lib\asyncio\base_events.py", line 935, in create_connection
    await self.sock_connect(sock, address)
  File "D:\anaconda\envs\PBFT\lib\asyncio\selector_events.py", line 475, in sock_connect
    return await fut
  File "D:\anaconda\envs\PBFT\lib\asyncio\selector_events.py", line 505, in _sock_connect_cb
    raise OSError(err, f'Connect call failed {address}')
ConnectionRefusedError: [Errno 10061] Connect call failed ('127.0.0.1', 30066)

The above exception was the direct cause of the following exception:

Traceback (most recent call last):
  File "pbft.py", line 236, in send_message
    await send_with_delay(self.session, self.node_info, target, url, data, self.bandwidth_data)
  File "pbft.py", line 63, in send_with_delay
    async with session.post(url, json=data) as resp:
  File "D:\anaconda\envs\PBFT\lib\site-packages\aiohttp\client.py", line 1141, in __aenter__
    self._resp = await self._coro
  File "D:\anaconda\envs\PBFT\lib\site-packages\aiohttp\client.py", line 537, in _request
    req, traces=traces, timeout=real_timeout
  File "D:\anaconda\envs\PBFT\lib\site-packages\aiohttp\connector.py", line 540, in connect
    proto = await self._create_connection(req, traces, timeout)
  File "D:\anaconda\envs\PBFT\lib\site-packages\aiohttp\connector.py", line 901, in _create_connection
    _, proto = await self._create_direct_connection(req, traces, timeout)
  File "D:\anaconda\envs\PBFT\lib\site-packages\aiohttp\connector.py", line 1206, in _create_direct_connection
    raise last_exc
  File "D:\anaconda\envs\PBFT\lib\site-packages\aiohttp\connector.py", line 1187, in _create_direct_connection
    client_error=client_error,
  File "D:\anaconda\envs\PBFT\lib\site-packages\aiohttp\connector.py", line 988, in _wrap_create_connection
    raise client_error(req.connection_key, exc) from exc
aiohttp.client_exceptions.ClientConnectorError: Cannot connect to host localhost:30066 ssl:default [Connect call failed ('127.0.0.1', 30066)]
[2025-03-07 13:53:52,703] [ERROR] [30133] Error sending to http://localhost:30023/prepare: Cannot connect to host localhost:30023 ssl:default [Connect call failed ('127.0.0.1', 30023)]
Traceback (most recent call last):
  File "D:\anaconda\envs\PBFT\lib\site-packages\aiohttp\connector.py", line 980, in _wrap_create_connection
    return await self._loop.create_connection(*args, **kwargs)  # type: ignore[return-value]  # noqa
  File "D:\anaconda\envs\PBFT\lib\asyncio\base_events.py", line 948, in create_connection
    raise exceptions[0]
  File "D:\anaconda\envs\PBFT\lib\asyncio\base_events.py", line 935, in create_connection
    await self.sock_connect(sock, address)
  File "D:\anaconda\envs\PBFT\lib\asyncio\selector_events.py", line 475, in sock_connect
    return await fut
  File "D:\anaconda\envs\PBFT\lib\asyncio\selector_events.py", line 505, in _sock_connect_cb
    raise OSError(err, f'Connect call failed {address}')
ConnectionRefusedError: [Errno 10061] Connect call failed ('127.0.0.1', 30023)

The above exception was the direct cause of the following exception:

Traceback (most recent call last):
  File "pbft.py", line 236, in send_message
    await send_with_delay(self.session, self.node_info, target, url, data, self.bandwidth_data)
  File "pbft.py", line 63, in send_with_delay
    async with session.post(url, json=data) as resp:
  File "D:\anaconda\envs\PBFT\lib\site-packages\aiohttp\client.py", line 1141, in __aenter__
    self._resp = await self._coro
  File "D:\anaconda\envs\PBFT\lib\site-packages\aiohttp\client.py", line 537, in _request
    req, traces=traces, timeout=real_timeout
  File "D:\anaconda\envs\PBFT\lib\site-packages\aiohttp\connector.py", line 540, in connect
    proto = await self._create_connection(req, traces, timeout)
  File "D:\anaconda\envs\PBFT\lib\site-packages\aiohttp\connector.py", line 901, in _create_connection
    _, proto = await self._create_direct_connection(req, traces, timeout)
  File "D:\anaconda\envs\PBFT\lib\site-packages\aiohttp\connector.py", line 1206, in _create_direct_connection
    raise last_exc
  File "D:\anaconda\envs\PBFT\lib\site-packages\aiohttp\connector.py", line 1187, in _create_direct_connection
    client_error=client_error,
  File "D:\anaconda\envs\PBFT\lib\site-packages\aiohttp\connector.py", line 988, in _wrap_create_connection
    raise client_error(req.connection_key, exc) from exc
aiohttp.client_exceptions.ClientConnectorError: Cannot connect to host localhost:30023 ssl:default [Connect call failed ('127.0.0.1', 30023)]
[2025-03-07 13:53:52,747] [INFO] [30133] Received PREPARE: id:1741323218379, from:30118, delay:0.0001s, distance:241.40m (Euclidean)
[2025-03-07 13:53:52,747] [INFO] [30133] Received COMMIT: id:1741323218379, from:30118, delay:0.0001s, distance:241.40m (Euclidean)
[2025-03-07 13:53:52,767] [ERROR] [30133] Error sending to http://localhost:30075/commit: Cannot connect to host localhost:30075 ssl:default [Connect call failed ('::1', 30075, 0, 0)]
Traceback (most recent call last):
  File "D:\anaconda\envs\PBFT\lib\site-packages\aiohttp\connector.py", line 980, in _wrap_create_connection
    return await self._loop.create_connection(*args, **kwargs)  # type: ignore[return-value]  # noqa
  File "D:\anaconda\envs\PBFT\lib\asyncio\base_events.py", line 948, in create_connection
    raise exceptions[0]
  File "D:\anaconda\envs\PBFT\lib\asyncio\base_events.py", line 935, in create_connection
    await self.sock_connect(sock, address)
  File "D:\anaconda\envs\PBFT\lib\asyncio\selector_events.py", line 475, in sock_connect
    return await fut
  File "D:\anaconda\envs\PBFT\lib\asyncio\selector_events.py", line 505, in _sock_connect_cb
    raise OSError(err, f'Connect call failed {address}')
ConnectionRefusedError: [Errno 10061] Connect call failed ('::1', 30075, 0, 0)

The above exception was the direct cause of the following exception:

Traceback (most recent call last):
  File "pbft.py", line 236, in send_message
    await send_with_delay(self.session, self.node_info, target, url, data, self.bandwidth_data)
  File "pbft.py", line 63, in send_with_delay
    async with session.post(url, json=data) as resp:
  File "D:\anaconda\envs\PBFT\lib\site-packages\aiohttp\client.py", line 1141, in __aenter__
    self._resp = await self._coro
  File "D:\anaconda\envs\PBFT\lib\site-packages\aiohttp\client.py", line 537, in _request
    req, traces=traces, timeout=real_timeout
  File "D:\anaconda\envs\PBFT\lib\site-packages\aiohttp\connector.py", line 540, in connect
    proto = await self._create_connection(req, traces, timeout)
  File "D:\anaconda\envs\PBFT\lib\site-packages\aiohttp\connector.py", line 901, in _create_connection
    _, proto = await self._create_direct_connection(req, traces, timeout)
  File "D:\anaconda\envs\PBFT\lib\site-packages\aiohttp\connector.py", line 1206, in _create_direct_connection
    raise last_exc
  File "D:\anaconda\envs\PBFT\lib\site-packages\aiohttp\connector.py", line 1187, in _create_direct_connection
    client_error=client_error,
  File "D:\anaconda\envs\PBFT\lib\site-packages\aiohttp\connector.py", line 988, in _wrap_create_connection
    raise client_error(req.connection_key, exc) from exc
aiohttp.client_exceptions.ClientConnectorError: Cannot connect to host localhost:30075 ssl:default [Connect call failed ('::1', 30075, 0, 0)]
[2025-03-07 13:53:52,767] [ERROR] [30133] Error sending to http://localhost:30071/prepare: Cannot connect to host localhost:30071 ssl:default [Connect call failed ('127.0.0.1', 30071)]
Traceback (most recent call last):
  File "D:\anaconda\envs\PBFT\lib\site-packages\aiohttp\connector.py", line 980, in _wrap_create_connection
    return await self._loop.create_connection(*args, **kwargs)  # type: ignore[return-value]  # noqa
  File "D:\anaconda\envs\PBFT\lib\asyncio\base_events.py", line 948, in create_connection
    raise exceptions[0]
  File "D:\anaconda\envs\PBFT\lib\asyncio\base_events.py", line 935, in create_connection
    await self.sock_connect(sock, address)
  File "D:\anaconda\envs\PBFT\lib\asyncio\selector_events.py", line 475, in sock_connect
    return await fut
  File "D:\anaconda\envs\PBFT\lib\asyncio\selector_events.py", line 505, in _sock_connect_cb
    raise OSError(err, f'Connect call failed {address}')
ConnectionRefusedError: [Errno 10061] Connect call failed ('127.0.0.1', 30071)

The above exception was the direct cause of the following exception:

Traceback (most recent call last):
  File "pbft.py", line 236, in send_message
    await send_with_delay(self.session, self.node_info, target, url, data, self.bandwidth_data)
  File "pbft.py", line 63, in send_with_delay
    async with session.post(url, json=data) as resp:
  File "D:\anaconda\envs\PBFT\lib\site-packages\aiohttp\client.py", line 1141, in __aenter__
    self._resp = await self._coro
  File "D:\anaconda\envs\PBFT\lib\site-packages\aiohttp\client.py", line 537, in _request
    req, traces=traces, timeout=real_timeout
  File "D:\anaconda\envs\PBFT\lib\site-packages\aiohttp\connector.py", line 540, in connect
    proto = await self._create_connection(req, traces, timeout)
  File "D:\anaconda\envs\PBFT\lib\site-packages\aiohttp\connector.py", line 901, in _create_connection
    _, proto = await self._create_direct_connection(req, traces, timeout)
  File "D:\anaconda\envs\PBFT\lib\site-packages\aiohttp\connector.py", line 1206, in _create_direct_connection
    raise last_exc
  File "D:\anaconda\envs\PBFT\lib\site-packages\aiohttp\connector.py", line 1187, in _create_direct_connection
    client_error=client_error,
  File "D:\anaconda\envs\PBFT\lib\site-packages\aiohttp\connector.py", line 988, in _wrap_create_connection
    raise client_error(req.connection_key, exc) from exc
aiohttp.client_exceptions.ClientConnectorError: Cannot connect to host localhost:30071 ssl:default [Connect call failed ('127.0.0.1', 30071)]
[2025-03-07 13:53:52,767] [INFO] [30133] Received PREPARE: id:1741323218379, from:30113, delay:0.0000s, distance:119.55m (Euclidean)
[2025-03-07 13:53:52,767] [INFO] [30133] Received COMMIT: id:1741323218379, from:30113, delay:0.0000s, distance:119.55m (Euclidean)
[2025-03-07 13:53:52,800] [ERROR] [30133] Error sending to http://localhost:30029/prepare: Cannot connect to host localhost:30029 ssl:default [Connect call failed ('127.0.0.1', 30029)]
Traceback (most recent call last):
  File "D:\anaconda\envs\PBFT\lib\site-packages\aiohttp\connector.py", line 980, in _wrap_create_connection
    return await self._loop.create_connection(*args, **kwargs)  # type: ignore[return-value]  # noqa
  File "D:\anaconda\envs\PBFT\lib\asyncio\base_events.py", line 948, in create_connection
    raise exceptions[0]
  File "D:\anaconda\envs\PBFT\lib\asyncio\base_events.py", line 935, in create_connection
    await self.sock_connect(sock, address)
  File "D:\anaconda\envs\PBFT\lib\asyncio\selector_events.py", line 475, in sock_connect
    return await fut
  File "D:\anaconda\envs\PBFT\lib\asyncio\selector_events.py", line 505, in _sock_connect_cb
    raise OSError(err, f'Connect call failed {address}')
ConnectionRefusedError: [Errno 10061] Connect call failed ('127.0.0.1', 30029)

The above exception was the direct cause of the following exception:

Traceback (most recent call last):
  File "pbft.py", line 236, in send_message
    await send_with_delay(self.session, self.node_info, target, url, data, self.bandwidth_data)
  File "pbft.py", line 63, in send_with_delay
    async with session.post(url, json=data) as resp:
  File "D:\anaconda\envs\PBFT\lib\site-packages\aiohttp\client.py", line 1141, in __aenter__
    self._resp = await self._coro
  File "D:\anaconda\envs\PBFT\lib\site-packages\aiohttp\client.py", line 537, in _request
    req, traces=traces, timeout=real_timeout
  File "D:\anaconda\envs\PBFT\lib\site-packages\aiohttp\connector.py", line 540, in connect
    proto = await self._create_connection(req, traces, timeout)
  File "D:\anaconda\envs\PBFT\lib\site-packages\aiohttp\connector.py", line 901, in _create_connection
    _, proto = await self._create_direct_connection(req, traces, timeout)
  File "D:\anaconda\envs\PBFT\lib\site-packages\aiohttp\connector.py", line 1206, in _create_direct_connection
    raise last_exc
  File "D:\anaconda\envs\PBFT\lib\site-packages\aiohttp\connector.py", line 1187, in _create_direct_connection
    client_error=client_error,
  File "D:\anaconda\envs\PBFT\lib\site-packages\aiohttp\connector.py", line 988, in _wrap_create_connection
    raise client_error(req.connection_key, exc) from exc
aiohttp.client_exceptions.ClientConnectorError: Cannot connect to host localhost:30029 ssl:default [Connect call failed ('127.0.0.1', 30029)]
[2025-03-07 13:53:52,800] [ERROR] [30133] Error sending to http://localhost:30075/prepare: Cannot connect to host localhost:30075 ssl:default [Connect call failed ('127.0.0.1', 30075)]
Traceback (most recent call last):
  File "D:\anaconda\envs\PBFT\lib\site-packages\aiohttp\connector.py", line 980, in _wrap_create_connection
    return await self._loop.create_connection(*args, **kwargs)  # type: ignore[return-value]  # noqa
  File "D:\anaconda\envs\PBFT\lib\asyncio\base_events.py", line 948, in create_connection
    raise exceptions[0]
  File "D:\anaconda\envs\PBFT\lib\asyncio\base_events.py", line 935, in create_connection
    await self.sock_connect(sock, address)
  File "D:\anaconda\envs\PBFT\lib\asyncio\selector_events.py", line 475, in sock_connect
    return await fut
  File "D:\anaconda\envs\PBFT\lib\asyncio\selector_events.py", line 505, in _sock_connect_cb
    raise OSError(err, f'Connect call failed {address}')
ConnectionRefusedError: [Errno 10061] Connect call failed ('127.0.0.1', 30075)

The above exception was the direct cause of the following exception:

Traceback (most recent call last):
  File "pbft.py", line 236, in send_message
    await send_with_delay(self.session, self.node_info, target, url, data, self.bandwidth_data)
  File "pbft.py", line 63, in send_with_delay
    async with session.post(url, json=data) as resp:
  File "D:\anaconda\envs\PBFT\lib\site-packages\aiohttp\client.py", line 1141, in __aenter__
    self._resp = await self._coro
  File "D:\anaconda\envs\PBFT\lib\site-packages\aiohttp\client.py", line 537, in _request
    req, traces=traces, timeout=real_timeout
  File "D:\anaconda\envs\PBFT\lib\site-packages\aiohttp\connector.py", line 540, in connect
    proto = await self._create_connection(req, traces, timeout)
  File "D:\anaconda\envs\PBFT\lib\site-packages\aiohttp\connector.py", line 901, in _create_connection
    _, proto = await self._create_direct_connection(req, traces, timeout)
  File "D:\anaconda\envs\PBFT\lib\site-packages\aiohttp\connector.py", line 1206, in _create_direct_connection
    raise last_exc
  File "D:\anaconda\envs\PBFT\lib\site-packages\aiohttp\connector.py", line 1187, in _create_direct_connection
    client_error=client_error,
  File "D:\anaconda\envs\PBFT\lib\site-packages\aiohttp\connector.py", line 988, in _wrap_create_connection
    raise client_error(req.connection_key, exc) from exc
aiohttp.client_exceptions.ClientConnectorError: Cannot connect to host localhost:30075 ssl:default [Connect call failed ('127.0.0.1', 30075)]
[2025-03-07 13:53:52,815] [ERROR] [30133] Error sending to http://localhost:30093/commit: Cannot connect to host localhost:30093 ssl:default [Connect call failed ('::1', 30093, 0, 0)]
Traceback (most recent call last):
  File "D:\anaconda\envs\PBFT\lib\site-packages\aiohttp\connector.py", line 980, in _wrap_create_connection
    return await self._loop.create_connection(*args, **kwargs)  # type: ignore[return-value]  # noqa
  File "D:\anaconda\envs\PBFT\lib\asyncio\base_events.py", line 948, in create_connection
    raise exceptions[0]
  File "D:\anaconda\envs\PBFT\lib\asyncio\base_events.py", line 935, in create_connection
    await self.sock_connect(sock, address)
  File "D:\anaconda\envs\PBFT\lib\asyncio\selector_events.py", line 475, in sock_connect
    return await fut
  File "D:\anaconda\envs\PBFT\lib\asyncio\selector_events.py", line 505, in _sock_connect_cb
    raise OSError(err, f'Connect call failed {address}')
ConnectionRefusedError: [Errno 10061] Connect call failed ('::1', 30093, 0, 0)

The above exception was the direct cause of the following exception:

Traceback (most recent call last):
  File "pbft.py", line 236, in send_message
    await send_with_delay(self.session, self.node_info, target, url, data, self.bandwidth_data)
  File "pbft.py", line 63, in send_with_delay
    async with session.post(url, json=data) as resp:
  File "D:\anaconda\envs\PBFT\lib\site-packages\aiohttp\client.py", line 1141, in __aenter__
    self._resp = await self._coro
  File "D:\anaconda\envs\PBFT\lib\site-packages\aiohttp\client.py", line 537, in _request
    req, traces=traces, timeout=real_timeout
  File "D:\anaconda\envs\PBFT\lib\site-packages\aiohttp\connector.py", line 540, in connect
    proto = await self._create_connection(req, traces, timeout)
  File "D:\anaconda\envs\PBFT\lib\site-packages\aiohttp\connector.py", line 901, in _create_connection
    _, proto = await self._create_direct_connection(req, traces, timeout)
  File "D:\anaconda\envs\PBFT\lib\site-packages\aiohttp\connector.py", line 1206, in _create_direct_connection
    raise last_exc
  File "D:\anaconda\envs\PBFT\lib\site-packages\aiohttp\connector.py", line 1187, in _create_direct_connection
    client_error=client_error,
  File "D:\anaconda\envs\PBFT\lib\site-packages\aiohttp\connector.py", line 988, in _wrap_create_connection
    raise client_error(req.connection_key, exc) from exc
aiohttp.client_exceptions.ClientConnectorError: Cannot connect to host localhost:30093 ssl:default [Connect call failed ('::1', 30093, 0, 0)]
[2025-03-07 13:53:52,815] [ERROR] [30133] Error sending to http://localhost:30093/prepare: Cannot connect to host localhost:30093 ssl:default [Connect call failed ('127.0.0.1', 30093)]
Traceback (most recent call last):
  File "D:\anaconda\envs\PBFT\lib\site-packages\aiohttp\connector.py", line 980, in _wrap_create_connection
    return await self._loop.create_connection(*args, **kwargs)  # type: ignore[return-value]  # noqa
  File "D:\anaconda\envs\PBFT\lib\asyncio\base_events.py", line 948, in create_connection
    raise exceptions[0]
  File "D:\anaconda\envs\PBFT\lib\asyncio\base_events.py", line 935, in create_connection
    await self.sock_connect(sock, address)
  File "D:\anaconda\envs\PBFT\lib\asyncio\selector_events.py", line 475, in sock_connect
    return await fut
  File "D:\anaconda\envs\PBFT\lib\asyncio\selector_events.py", line 505, in _sock_connect_cb
    raise OSError(err, f'Connect call failed {address}')
ConnectionRefusedError: [Errno 10061] Connect call failed ('127.0.0.1', 30093)

The above exception was the direct cause of the following exception:

Traceback (most recent call last):
  File "pbft.py", line 236, in send_message
    await send_with_delay(self.session, self.node_info, target, url, data, self.bandwidth_data)
  File "pbft.py", line 63, in send_with_delay
    async with session.post(url, json=data) as resp:
  File "D:\anaconda\envs\PBFT\lib\site-packages\aiohttp\client.py", line 1141, in __aenter__
    self._resp = await self._coro
  File "D:\anaconda\envs\PBFT\lib\site-packages\aiohttp\client.py", line 537, in _request
    req, traces=traces, timeout=real_timeout
  File "D:\anaconda\envs\PBFT\lib\site-packages\aiohttp\connector.py", line 540, in connect
    proto = await self._create_connection(req, traces, timeout)
  File "D:\anaconda\envs\PBFT\lib\site-packages\aiohttp\connector.py", line 901, in _create_connection
    _, proto = await self._create_direct_connection(req, traces, timeout)
  File "D:\anaconda\envs\PBFT\lib\site-packages\aiohttp\connector.py", line 1206, in _create_direct_connection
    raise last_exc
  File "D:\anaconda\envs\PBFT\lib\site-packages\aiohttp\connector.py", line 1187, in _create_direct_connection
    client_error=client_error,
  File "D:\anaconda\envs\PBFT\lib\site-packages\aiohttp\connector.py", line 988, in _wrap_create_connection
    raise client_error(req.connection_key, exc) from exc
aiohttp.client_exceptions.ClientConnectorError: Cannot connect to host localhost:30093 ssl:default [Connect call failed ('127.0.0.1', 30093)]
[2025-03-07 13:53:52,862] [INFO] [30133] Received PREPARE: id:1741323218379, from:30129, delay:0.0000s, distance:161.75m (Euclidean)
[2025-03-07 13:53:52,862] [INFO] [30133] Received COMMIT: id:1741323218379, from:30129, delay:0.0000s, distance:161.75m (Euclidean)
[2025-03-07 13:53:52,878] [ERROR] [30133] Error sending to http://localhost:30029/commit: Cannot connect to host localhost:30029 ssl:default [Connect call failed ('::1', 30029, 0, 0)]
Traceback (most recent call last):
  File "D:\anaconda\envs\PBFT\lib\site-packages\aiohttp\connector.py", line 980, in _wrap_create_connection
    return await self._loop.create_connection(*args, **kwargs)  # type: ignore[return-value]  # noqa
  File "D:\anaconda\envs\PBFT\lib\asyncio\base_events.py", line 948, in create_connection
    raise exceptions[0]
  File "D:\anaconda\envs\PBFT\lib\asyncio\base_events.py", line 935, in create_connection
    await self.sock_connect(sock, address)
  File "D:\anaconda\envs\PBFT\lib\asyncio\selector_events.py", line 475, in sock_connect
    return await fut
  File "D:\anaconda\envs\PBFT\lib\asyncio\selector_events.py", line 505, in _sock_connect_cb
    raise OSError(err, f'Connect call failed {address}')
ConnectionRefusedError: [Errno 10061] Connect call failed ('::1', 30029, 0, 0)

The above exception was the direct cause of the following exception:

Traceback (most recent call last):
  File "pbft.py", line 236, in send_message
    await send_with_delay(self.session, self.node_info, target, url, data, self.bandwidth_data)
  File "pbft.py", line 63, in send_with_delay
    async with session.post(url, json=data) as resp:
  File "D:\anaconda\envs\PBFT\lib\site-packages\aiohttp\client.py", line 1141, in __aenter__
    self._resp = await self._coro
  File "D:\anaconda\envs\PBFT\lib\site-packages\aiohttp\client.py", line 537, in _request
    req, traces=traces, timeout=real_timeout
  File "D:\anaconda\envs\PBFT\lib\site-packages\aiohttp\connector.py", line 540, in connect
    proto = await self._create_connection(req, traces, timeout)
  File "D:\anaconda\envs\PBFT\lib\site-packages\aiohttp\connector.py", line 901, in _create_connection
    _, proto = await self._create_direct_connection(req, traces, timeout)
  File "D:\anaconda\envs\PBFT\lib\site-packages\aiohttp\connector.py", line 1206, in _create_direct_connection
    raise last_exc
  File "D:\anaconda\envs\PBFT\lib\site-packages\aiohttp\connector.py", line 1187, in _create_direct_connection
    client_error=client_error,
  File "D:\anaconda\envs\PBFT\lib\site-packages\aiohttp\connector.py", line 988, in _wrap_create_connection
    raise client_error(req.connection_key, exc) from exc
aiohttp.client_exceptions.ClientConnectorError: Cannot connect to host localhost:30029 ssl:default [Connect call failed ('::1', 30029, 0, 0)]
[2025-03-07 13:53:52,893] [ERROR] [30133] Error sending to http://localhost:30038/prepare: Cannot connect to host localhost:30038 ssl:default [Connect call failed ('127.0.0.1', 30038)]
Traceback (most recent call last):
  File "D:\anaconda\envs\PBFT\lib\site-packages\aiohttp\connector.py", line 980, in _wrap_create_connection
    return await self._loop.create_connection(*args, **kwargs)  # type: ignore[return-value]  # noqa
  File "D:\anaconda\envs\PBFT\lib\asyncio\base_events.py", line 948, in create_connection
    raise exceptions[0]
  File "D:\anaconda\envs\PBFT\lib\asyncio\base_events.py", line 935, in create_connection
    await self.sock_connect(sock, address)
  File "D:\anaconda\envs\PBFT\lib\asyncio\selector_events.py", line 475, in sock_connect
    return await fut
  File "D:\anaconda\envs\PBFT\lib\asyncio\selector_events.py", line 505, in _sock_connect_cb
    raise OSError(err, f'Connect call failed {address}')
ConnectionRefusedError: [Errno 10061] Connect call failed ('127.0.0.1', 30038)

The above exception was the direct cause of the following exception:

Traceback (most recent call last):
  File "pbft.py", line 236, in send_message
    await send_with_delay(self.session, self.node_info, target, url, data, self.bandwidth_data)
  File "pbft.py", line 63, in send_with_delay
    async with session.post(url, json=data) as resp:
  File "D:\anaconda\envs\PBFT\lib\site-packages\aiohttp\client.py", line 1141, in __aenter__
    self._resp = await self._coro
  File "D:\anaconda\envs\PBFT\lib\site-packages\aiohttp\client.py", line 537, in _request
    req, traces=traces, timeout=real_timeout
  File "D:\anaconda\envs\PBFT\lib\site-packages\aiohttp\connector.py", line 540, in connect
    proto = await self._create_connection(req, traces, timeout)
  File "D:\anaconda\envs\PBFT\lib\site-packages\aiohttp\connector.py", line 901, in _create_connection
    _, proto = await self._create_direct_connection(req, traces, timeout)
  File "D:\anaconda\envs\PBFT\lib\site-packages\aiohttp\connector.py", line 1206, in _create_direct_connection
    raise last_exc
  File "D:\anaconda\envs\PBFT\lib\site-packages\aiohttp\connector.py", line 1187, in _create_direct_connection
    client_error=client_error,
  File "D:\anaconda\envs\PBFT\lib\site-packages\aiohttp\connector.py", line 988, in _wrap_create_connection
    raise client_error(req.connection_key, exc) from exc
aiohttp.client_exceptions.ClientConnectorError: Cannot connect to host localhost:30038 ssl:default [Connect call failed ('127.0.0.1', 30038)]
[2025-03-07 13:53:52,909] [ERROR] [30133] Error sending to http://localhost:30027/prepare: Cannot connect to host localhost:30027 ssl:default [Connect call failed ('127.0.0.1', 30027)]
Traceback (most recent call last):
  File "D:\anaconda\envs\PBFT\lib\site-packages\aiohttp\connector.py", line 980, in _wrap_create_connection
    return await self._loop.create_connection(*args, **kwargs)  # type: ignore[return-value]  # noqa
  File "D:\anaconda\envs\PBFT\lib\asyncio\base_events.py", line 948, in create_connection
    raise exceptions[0]
  File "D:\anaconda\envs\PBFT\lib\asyncio\base_events.py", line 935, in create_connection
    await self.sock_connect(sock, address)
  File "D:\anaconda\envs\PBFT\lib\asyncio\selector_events.py", line 475, in sock_connect
    return await fut
  File "D:\anaconda\envs\PBFT\lib\asyncio\selector_events.py", line 505, in _sock_connect_cb
    raise OSError(err, f'Connect call failed {address}')
ConnectionRefusedError: [Errno 10061] Connect call failed ('127.0.0.1', 30027)

The above exception was the direct cause of the following exception:

Traceback (most recent call last):
  File "pbft.py", line 236, in send_message
    await send_with_delay(self.session, self.node_info, target, url, data, self.bandwidth_data)
  File "pbft.py", line 63, in send_with_delay
    async with session.post(url, json=data) as resp:
  File "D:\anaconda\envs\PBFT\lib\site-packages\aiohttp\client.py", line 1141, in __aenter__
    self._resp = await self._coro
  File "D:\anaconda\envs\PBFT\lib\site-packages\aiohttp\client.py", line 537, in _request
    req, traces=traces, timeout=real_timeout
  File "D:\anaconda\envs\PBFT\lib\site-packages\aiohttp\connector.py", line 540, in connect
    proto = await self._create_connection(req, traces, timeout)
  File "D:\anaconda\envs\PBFT\lib\site-packages\aiohttp\connector.py", line 901, in _create_connection
    _, proto = await self._create_direct_connection(req, traces, timeout)
  File "D:\anaconda\envs\PBFT\lib\site-packages\aiohttp\connector.py", line 1206, in _create_direct_connection
    raise last_exc
  File "D:\anaconda\envs\PBFT\lib\site-packages\aiohttp\connector.py", line 1187, in _create_direct_connection
    client_error=client_error,
  File "D:\anaconda\envs\PBFT\lib\site-packages\aiohttp\connector.py", line 988, in _wrap_create_connection
    raise client_error(req.connection_key, exc) from exc
aiohttp.client_exceptions.ClientConnectorError: Cannot connect to host localhost:30027 ssl:default [Connect call failed ('127.0.0.1', 30027)]
[2025-03-07 13:53:52,941] [ERROR] [30133] Error sending to http://localhost:30025/prepare: Cannot connect to host localhost:30025 ssl:default [Connect call failed ('127.0.0.1', 30025)]
Traceback (most recent call last):
  File "D:\anaconda\envs\PBFT\lib\site-packages\aiohttp\connector.py", line 980, in _wrap_create_connection
    return await self._loop.create_connection(*args, **kwargs)  # type: ignore[return-value]  # noqa
  File "D:\anaconda\envs\PBFT\lib\asyncio\base_events.py", line 948, in create_connection
    raise exceptions[0]
  File "D:\anaconda\envs\PBFT\lib\asyncio\base_events.py", line 935, in create_connection
    await self.sock_connect(sock, address)
  File "D:\anaconda\envs\PBFT\lib\asyncio\selector_events.py", line 475, in sock_connect
    return await fut
  File "D:\anaconda\envs\PBFT\lib\asyncio\selector_events.py", line 505, in _sock_connect_cb
    raise OSError(err, f'Connect call failed {address}')
ConnectionRefusedError: [Errno 10061] Connect call failed ('127.0.0.1', 30025)

The above exception was the direct cause of the following exception:

Traceback (most recent call last):
  File "pbft.py", line 236, in send_message
    await send_with_delay(self.session, self.node_info, target, url, data, self.bandwidth_data)
  File "pbft.py", line 63, in send_with_delay
    async with session.post(url, json=data) as resp:
  File "D:\anaconda\envs\PBFT\lib\site-packages\aiohttp\client.py", line 1141, in __aenter__
    self._resp = await self._coro
  File "D:\anaconda\envs\PBFT\lib\site-packages\aiohttp\client.py", line 537, in _request
    req, traces=traces, timeout=real_timeout
  File "D:\anaconda\envs\PBFT\lib\site-packages\aiohttp\connector.py", line 540, in connect
    proto = await self._create_connection(req, traces, timeout)
  File "D:\anaconda\envs\PBFT\lib\site-packages\aiohttp\connector.py", line 901, in _create_connection
    _, proto = await self._create_direct_connection(req, traces, timeout)
  File "D:\anaconda\envs\PBFT\lib\site-packages\aiohttp\connector.py", line 1206, in _create_direct_connection
    raise last_exc
  File "D:\anaconda\envs\PBFT\lib\site-packages\aiohttp\connector.py", line 1187, in _create_direct_connection
    client_error=client_error,
  File "D:\anaconda\envs\PBFT\lib\site-packages\aiohttp\connector.py", line 988, in _wrap_create_connection
    raise client_error(req.connection_key, exc) from exc
aiohttp.client_exceptions.ClientConnectorError: Cannot connect to host localhost:30025 ssl:default [Connect call failed ('127.0.0.1', 30025)]
[2025-03-07 13:53:52,957] [ERROR] [30133] Error sending to http://localhost:30027/commit: Cannot connect to host localhost:30027 ssl:default [Connect call failed ('::1', 30027, 0, 0)]
Traceback (most recent call last):
  File "D:\anaconda\envs\PBFT\lib\site-packages\aiohttp\connector.py", line 980, in _wrap_create_connection
    return await self._loop.create_connection(*args, **kwargs)  # type: ignore[return-value]  # noqa
  File "D:\anaconda\envs\PBFT\lib\asyncio\base_events.py", line 948, in create_connection
    raise exceptions[0]
  File "D:\anaconda\envs\PBFT\lib\asyncio\base_events.py", line 935, in create_connection
    await self.sock_connect(sock, address)
  File "D:\anaconda\envs\PBFT\lib\asyncio\selector_events.py", line 475, in sock_connect
    return await fut
  File "D:\anaconda\envs\PBFT\lib\asyncio\selector_events.py", line 505, in _sock_connect_cb
    raise OSError(err, f'Connect call failed {address}')
ConnectionRefusedError: [Errno 10061] Connect call failed ('::1', 30027, 0, 0)

The above exception was the direct cause of the following exception:

Traceback (most recent call last):
  File "pbft.py", line 236, in send_message
    await send_with_delay(self.session, self.node_info, target, url, data, self.bandwidth_data)
  File "pbft.py", line 63, in send_with_delay
    async with session.post(url, json=data) as resp:
  File "D:\anaconda\envs\PBFT\lib\site-packages\aiohttp\client.py", line 1141, in __aenter__
    self._resp = await self._coro
  File "D:\anaconda\envs\PBFT\lib\site-packages\aiohttp\client.py", line 537, in _request
    req, traces=traces, timeout=real_timeout
  File "D:\anaconda\envs\PBFT\lib\site-packages\aiohttp\connector.py", line 540, in connect
    proto = await self._create_connection(req, traces, timeout)
  File "D:\anaconda\envs\PBFT\lib\site-packages\aiohttp\connector.py", line 901, in _create_connection
    _, proto = await self._create_direct_connection(req, traces, timeout)
  File "D:\anaconda\envs\PBFT\lib\site-packages\aiohttp\connector.py", line 1206, in _create_direct_connection
    raise last_exc
  File "D:\anaconda\envs\PBFT\lib\site-packages\aiohttp\connector.py", line 1187, in _create_direct_connection
    client_error=client_error,
  File "D:\anaconda\envs\PBFT\lib\site-packages\aiohttp\connector.py", line 988, in _wrap_create_connection
    raise client_error(req.connection_key, exc) from exc
aiohttp.client_exceptions.ClientConnectorError: Cannot connect to host localhost:30027 ssl:default [Connect call failed ('::1', 30027, 0, 0)]
[2025-03-07 13:53:52,963] [INFO] [30133] Received PREPARE: id:1741323218379, from:30142, delay:0.0000s, distance:76.45m (Euclidean)
[2025-03-07 13:53:52,963] [INFO] [30133] Received COMMIT: id:1741323218379, from:30142, delay:0.0000s, distance:76.45m (Euclidean)
[2025-03-07 13:53:52,973] [ERROR] [30133] Error sending to http://localhost:30085/prepare: Cannot connect to host localhost:30085 ssl:default [Connect call failed ('127.0.0.1', 30085)]
Traceback (most recent call last):
  File "D:\anaconda\envs\PBFT\lib\site-packages\aiohttp\connector.py", line 980, in _wrap_create_connection
    return await self._loop.create_connection(*args, **kwargs)  # type: ignore[return-value]  # noqa
  File "D:\anaconda\envs\PBFT\lib\asyncio\base_events.py", line 948, in create_connection
    raise exceptions[0]
  File "D:\anaconda\envs\PBFT\lib\asyncio\base_events.py", line 935, in create_connection
    await self.sock_connect(sock, address)
  File "D:\anaconda\envs\PBFT\lib\asyncio\selector_events.py", line 475, in sock_connect
    return await fut
  File "D:\anaconda\envs\PBFT\lib\asyncio\selector_events.py", line 505, in _sock_connect_cb
    raise OSError(err, f'Connect call failed {address}')
ConnectionRefusedError: [Errno 10061] Connect call failed ('127.0.0.1', 30085)

The above exception was the direct cause of the following exception:

Traceback (most recent call last):
  File "pbft.py", line 236, in send_message
    await send_with_delay(self.session, self.node_info, target, url, data, self.bandwidth_data)
  File "pbft.py", line 63, in send_with_delay
    async with session.post(url, json=data) as resp:
  File "D:\anaconda\envs\PBFT\lib\site-packages\aiohttp\client.py", line 1141, in __aenter__
    self._resp = await self._coro
  File "D:\anaconda\envs\PBFT\lib\site-packages\aiohttp\client.py", line 537, in _request
    req, traces=traces, timeout=real_timeout
  File "D:\anaconda\envs\PBFT\lib\site-packages\aiohttp\connector.py", line 540, in connect
    proto = await self._create_connection(req, traces, timeout)
  File "D:\anaconda\envs\PBFT\lib\site-packages\aiohttp\connector.py", line 901, in _create_connection
    _, proto = await self._create_direct_connection(req, traces, timeout)
  File "D:\anaconda\envs\PBFT\lib\site-packages\aiohttp\connector.py", line 1206, in _create_direct_connection
    raise last_exc
  File "D:\anaconda\envs\PBFT\lib\site-packages\aiohttp\connector.py", line 1187, in _create_direct_connection
    client_error=client_error,
  File "D:\anaconda\envs\PBFT\lib\site-packages\aiohttp\connector.py", line 988, in _wrap_create_connection
    raise client_error(req.connection_key, exc) from exc
aiohttp.client_exceptions.ClientConnectorError: Cannot connect to host localhost:30085 ssl:default [Connect call failed ('127.0.0.1', 30085)]
[2025-03-07 13:53:52,989] [ERROR] [30133] Error sending to http://localhost:30085/commit: Cannot connect to host localhost:30085 ssl:default [Connect call failed ('::1', 30085, 0, 0)]
Traceback (most recent call last):
  File "D:\anaconda\envs\PBFT\lib\site-packages\aiohttp\connector.py", line 980, in _wrap_create_connection
    return await self._loop.create_connection(*args, **kwargs)  # type: ignore[return-value]  # noqa
  File "D:\anaconda\envs\PBFT\lib\asyncio\base_events.py", line 948, in create_connection
    raise exceptions[0]
  File "D:\anaconda\envs\PBFT\lib\asyncio\base_events.py", line 935, in create_connection
    await self.sock_connect(sock, address)
  File "D:\anaconda\envs\PBFT\lib\asyncio\selector_events.py", line 475, in sock_connect
    return await fut
  File "D:\anaconda\envs\PBFT\lib\asyncio\selector_events.py", line 505, in _sock_connect_cb
    raise OSError(err, f'Connect call failed {address}')
ConnectionRefusedError: [Errno 10061] Connect call failed ('::1', 30085, 0, 0)

The above exception was the direct cause of the following exception:

Traceback (most recent call last):
  File "pbft.py", line 236, in send_message
    await send_with_delay(self.session, self.node_info, target, url, data, self.bandwidth_data)
  File "pbft.py", line 63, in send_with_delay
    async with session.post(url, json=data) as resp:
  File "D:\anaconda\envs\PBFT\lib\site-packages\aiohttp\client.py", line 1141, in __aenter__
    self._resp = await self._coro
  File "D:\anaconda\envs\PBFT\lib\site-packages\aiohttp\client.py", line 537, in _request
    req, traces=traces, timeout=real_timeout
  File "D:\anaconda\envs\PBFT\lib\site-packages\aiohttp\connector.py", line 540, in connect
    proto = await self._create_connection(req, traces, timeout)
  File "D:\anaconda\envs\PBFT\lib\site-packages\aiohttp\connector.py", line 901, in _create_connection
    _, proto = await self._create_direct_connection(req, traces, timeout)
  File "D:\anaconda\envs\PBFT\lib\site-packages\aiohttp\connector.py", line 1206, in _create_direct_connection
    raise last_exc
  File "D:\anaconda\envs\PBFT\lib\site-packages\aiohttp\connector.py", line 1187, in _create_direct_connection
    client_error=client_error,
  File "D:\anaconda\envs\PBFT\lib\site-packages\aiohttp\connector.py", line 988, in _wrap_create_connection
    raise client_error(req.connection_key, exc) from exc
aiohttp.client_exceptions.ClientConnectorError: Cannot connect to host localhost:30085 ssl:default [Connect call failed ('::1', 30085, 0, 0)]
[2025-03-07 13:53:53,005] [ERROR] [30133] Error sending to http://localhost:30071/commit: Cannot connect to host localhost:30071 ssl:default [Connect call failed ('::1', 30071, 0, 0)]
Traceback (most recent call last):
  File "D:\anaconda\envs\PBFT\lib\site-packages\aiohttp\connector.py", line 980, in _wrap_create_connection
    return await self._loop.create_connection(*args, **kwargs)  # type: ignore[return-value]  # noqa
  File "D:\anaconda\envs\PBFT\lib\asyncio\base_events.py", line 948, in create_connection
    raise exceptions[0]
  File "D:\anaconda\envs\PBFT\lib\asyncio\base_events.py", line 935, in create_connection
    await self.sock_connect(sock, address)
  File "D:\anaconda\envs\PBFT\lib\asyncio\selector_events.py", line 475, in sock_connect
    return await fut
  File "D:\anaconda\envs\PBFT\lib\asyncio\selector_events.py", line 505, in _sock_connect_cb
    raise OSError(err, f'Connect call failed {address}')
ConnectionRefusedError: [Errno 10061] Connect call failed ('::1', 30071, 0, 0)

The above exception was the direct cause of the following exception:

Traceback (most recent call last):
  File "pbft.py", line 236, in send_message
    await send_with_delay(self.session, self.node_info, target, url, data, self.bandwidth_data)
  File "pbft.py", line 63, in send_with_delay
    async with session.post(url, json=data) as resp:
  File "D:\anaconda\envs\PBFT\lib\site-packages\aiohttp\client.py", line 1141, in __aenter__
    self._resp = await self._coro
  File "D:\anaconda\envs\PBFT\lib\site-packages\aiohttp\client.py", line 537, in _request
    req, traces=traces, timeout=real_timeout
  File "D:\anaconda\envs\PBFT\lib\site-packages\aiohttp\connector.py", line 540, in connect
    proto = await self._create_connection(req, traces, timeout)
  File "D:\anaconda\envs\PBFT\lib\site-packages\aiohttp\connector.py", line 901, in _create_connection
    _, proto = await self._create_direct_connection(req, traces, timeout)
  File "D:\anaconda\envs\PBFT\lib\site-packages\aiohttp\connector.py", line 1206, in _create_direct_connection
    raise last_exc
  File "D:\anaconda\envs\PBFT\lib\site-packages\aiohttp\connector.py", line 1187, in _create_direct_connection
    client_error=client_error,
  File "D:\anaconda\envs\PBFT\lib\site-packages\aiohttp\connector.py", line 988, in _wrap_create_connection
    raise client_error(req.connection_key, exc) from exc
aiohttp.client_exceptions.ClientConnectorError: Cannot connect to host localhost:30071 ssl:default [Connect call failed ('::1', 30071, 0, 0)]
[2025-03-07 13:53:53,020] [ERROR] [30133] Error sending to http://localhost:30066/commit: Cannot connect to host localhost:30066 ssl:default [Connect call failed ('::1', 30066, 0, 0)]
Traceback (most recent call last):
  File "D:\anaconda\envs\PBFT\lib\site-packages\aiohttp\connector.py", line 980, in _wrap_create_connection
    return await self._loop.create_connection(*args, **kwargs)  # type: ignore[return-value]  # noqa
  File "D:\anaconda\envs\PBFT\lib\asyncio\base_events.py", line 948, in create_connection
    raise exceptions[0]
  File "D:\anaconda\envs\PBFT\lib\asyncio\base_events.py", line 935, in create_connection
    await self.sock_connect(sock, address)
  File "D:\anaconda\envs\PBFT\lib\asyncio\selector_events.py", line 475, in sock_connect
    return await fut
  File "D:\anaconda\envs\PBFT\lib\asyncio\selector_events.py", line 505, in _sock_connect_cb
    raise OSError(err, f'Connect call failed {address}')
ConnectionRefusedError: [Errno 10061] Connect call failed ('::1', 30066, 0, 0)

The above exception was the direct cause of the following exception:

Traceback (most recent call last):
  File "pbft.py", line 236, in send_message
    await send_with_delay(self.session, self.node_info, target, url, data, self.bandwidth_data)
  File "pbft.py", line 63, in send_with_delay
    async with session.post(url, json=data) as resp:
  File "D:\anaconda\envs\PBFT\lib\site-packages\aiohttp\client.py", line 1141, in __aenter__
    self._resp = await self._coro
  File "D:\anaconda\envs\PBFT\lib\site-packages\aiohttp\client.py", line 537, in _request
    req, traces=traces, timeout=real_timeout
  File "D:\anaconda\envs\PBFT\lib\site-packages\aiohttp\connector.py", line 540, in connect
    proto = await self._create_connection(req, traces, timeout)
  File "D:\anaconda\envs\PBFT\lib\site-packages\aiohttp\connector.py", line 901, in _create_connection
    _, proto = await self._create_direct_connection(req, traces, timeout)
  File "D:\anaconda\envs\PBFT\lib\site-packages\aiohttp\connector.py", line 1206, in _create_direct_connection
    raise last_exc
  File "D:\anaconda\envs\PBFT\lib\site-packages\aiohttp\connector.py", line 1187, in _create_direct_connection
    client_error=client_error,
  File "D:\anaconda\envs\PBFT\lib\site-packages\aiohttp\connector.py", line 988, in _wrap_create_connection
    raise client_error(req.connection_key, exc) from exc
aiohttp.client_exceptions.ClientConnectorError: Cannot connect to host localhost:30066 ssl:default [Connect call failed ('::1', 30066, 0, 0)]
[2025-03-07 13:53:53,020] [ERROR] [30133] Error sending to http://localhost:30038/commit: Cannot connect to host localhost:30038 ssl:default [Connect call failed ('::1', 30038, 0, 0)]
Traceback (most recent call last):
  File "D:\anaconda\envs\PBFT\lib\site-packages\aiohttp\connector.py", line 980, in _wrap_create_connection
    return await self._loop.create_connection(*args, **kwargs)  # type: ignore[return-value]  # noqa
  File "D:\anaconda\envs\PBFT\lib\asyncio\base_events.py", line 948, in create_connection
    raise exceptions[0]
  File "D:\anaconda\envs\PBFT\lib\asyncio\base_events.py", line 935, in create_connection
    await self.sock_connect(sock, address)
  File "D:\anaconda\envs\PBFT\lib\asyncio\selector_events.py", line 475, in sock_connect
    return await fut
  File "D:\anaconda\envs\PBFT\lib\asyncio\selector_events.py", line 505, in _sock_connect_cb
    raise OSError(err, f'Connect call failed {address}')
ConnectionRefusedError: [Errno 10061] Connect call failed ('::1', 30038, 0, 0)

The above exception was the direct cause of the following exception:

Traceback (most recent call last):
  File "pbft.py", line 236, in send_message
    await send_with_delay(self.session, self.node_info, target, url, data, self.bandwidth_data)
  File "pbft.py", line 63, in send_with_delay
    async with session.post(url, json=data) as resp:
  File "D:\anaconda\envs\PBFT\lib\site-packages\aiohttp\client.py", line 1141, in __aenter__
    self._resp = await self._coro
  File "D:\anaconda\envs\PBFT\lib\site-packages\aiohttp\client.py", line 537, in _request
    req, traces=traces, timeout=real_timeout
  File "D:\anaconda\envs\PBFT\lib\site-packages\aiohttp\connector.py", line 540, in connect
    proto = await self._create_connection(req, traces, timeout)
  File "D:\anaconda\envs\PBFT\lib\site-packages\aiohttp\connector.py", line 901, in _create_connection
    _, proto = await self._create_direct_connection(req, traces, timeout)
  File "D:\anaconda\envs\PBFT\lib\site-packages\aiohttp\connector.py", line 1206, in _create_direct_connection
    raise last_exc
  File "D:\anaconda\envs\PBFT\lib\site-packages\aiohttp\connector.py", line 1187, in _create_direct_connection
    client_error=client_error,
  File "D:\anaconda\envs\PBFT\lib\site-packages\aiohttp\connector.py", line 988, in _wrap_create_connection
    raise client_error(req.connection_key, exc) from exc
aiohttp.client_exceptions.ClientConnectorError: Cannot connect to host localhost:30038 ssl:default [Connect call failed ('::1', 30038, 0, 0)]
[2025-03-07 13:53:53,023] [ERROR] [30133] Error sending to http://localhost:30076/commit: Cannot connect to host localhost:30076 ssl:default [Connect call failed ('::1', 30076, 0, 0)]
Traceback (most recent call last):
  File "D:\anaconda\envs\PBFT\lib\site-packages\aiohttp\connector.py", line 980, in _wrap_create_connection
    return await self._loop.create_connection(*args, **kwargs)  # type: ignore[return-value]  # noqa
  File "D:\anaconda\envs\PBFT\lib\asyncio\base_events.py", line 948, in create_connection
    raise exceptions[0]
  File "D:\anaconda\envs\PBFT\lib\asyncio\base_events.py", line 935, in create_connection
    await self.sock_connect(sock, address)
  File "D:\anaconda\envs\PBFT\lib\asyncio\selector_events.py", line 475, in sock_connect
    return await fut
  File "D:\anaconda\envs\PBFT\lib\asyncio\selector_events.py", line 505, in _sock_connect_cb
    raise OSError(err, f'Connect call failed {address}')
ConnectionRefusedError: [Errno 10061] Connect call failed ('::1', 30076, 0, 0)

The above exception was the direct cause of the following exception:

Traceback (most recent call last):
  File "pbft.py", line 236, in send_message
    await send_with_delay(self.session, self.node_info, target, url, data, self.bandwidth_data)
  File "pbft.py", line 63, in send_with_delay
    async with session.post(url, json=data) as resp:
  File "D:\anaconda\envs\PBFT\lib\site-packages\aiohttp\client.py", line 1141, in __aenter__
    self._resp = await self._coro
  File "D:\anaconda\envs\PBFT\lib\site-packages\aiohttp\client.py", line 537, in _request
    req, traces=traces, timeout=real_timeout
  File "D:\anaconda\envs\PBFT\lib\site-packages\aiohttp\connector.py", line 540, in connect
    proto = await self._create_connection(req, traces, timeout)
  File "D:\anaconda\envs\PBFT\lib\site-packages\aiohttp\connector.py", line 901, in _create_connection
    _, proto = await self._create_direct_connection(req, traces, timeout)
  File "D:\anaconda\envs\PBFT\lib\site-packages\aiohttp\connector.py", line 1206, in _create_direct_connection
    raise last_exc
  File "D:\anaconda\envs\PBFT\lib\site-packages\aiohttp\connector.py", line 1187, in _create_direct_connection
    client_error=client_error,
  File "D:\anaconda\envs\PBFT\lib\site-packages\aiohttp\connector.py", line 988, in _wrap_create_connection
    raise client_error(req.connection_key, exc) from exc
aiohttp.client_exceptions.ClientConnectorError: Cannot connect to host localhost:30076 ssl:default [Connect call failed ('::1', 30076, 0, 0)]
[2025-03-07 13:53:53,036] [ERROR] [30133] Error sending to http://localhost:30025/commit: Cannot connect to host localhost:30025 ssl:default [Connect call failed ('::1', 30025, 0, 0)]
Traceback (most recent call last):
  File "D:\anaconda\envs\PBFT\lib\site-packages\aiohttp\connector.py", line 980, in _wrap_create_connection
    return await self._loop.create_connection(*args, **kwargs)  # type: ignore[return-value]  # noqa
  File "D:\anaconda\envs\PBFT\lib\asyncio\base_events.py", line 948, in create_connection
    raise exceptions[0]
  File "D:\anaconda\envs\PBFT\lib\asyncio\base_events.py", line 935, in create_connection
    await self.sock_connect(sock, address)
  File "D:\anaconda\envs\PBFT\lib\asyncio\selector_events.py", line 475, in sock_connect
    return await fut
  File "D:\anaconda\envs\PBFT\lib\asyncio\selector_events.py", line 505, in _sock_connect_cb
    raise OSError(err, f'Connect call failed {address}')
ConnectionRefusedError: [Errno 10061] Connect call failed ('::1', 30025, 0, 0)

The above exception was the direct cause of the following exception:

Traceback (most recent call last):
  File "pbft.py", line 236, in send_message
    await send_with_delay(self.session, self.node_info, target, url, data, self.bandwidth_data)
  File "pbft.py", line 63, in send_with_delay
    async with session.post(url, json=data) as resp:
  File "D:\anaconda\envs\PBFT\lib\site-packages\aiohttp\client.py", line 1141, in __aenter__
    self._resp = await self._coro
  File "D:\anaconda\envs\PBFT\lib\site-packages\aiohttp\client.py", line 537, in _request
    req, traces=traces, timeout=real_timeout
  File "D:\anaconda\envs\PBFT\lib\site-packages\aiohttp\connector.py", line 540, in connect
    proto = await self._create_connection(req, traces, timeout)
  File "D:\anaconda\envs\PBFT\lib\site-packages\aiohttp\connector.py", line 901, in _create_connection
    _, proto = await self._create_direct_connection(req, traces, timeout)
  File "D:\anaconda\envs\PBFT\lib\site-packages\aiohttp\connector.py", line 1206, in _create_direct_connection
    raise last_exc
  File "D:\anaconda\envs\PBFT\lib\site-packages\aiohttp\connector.py", line 1187, in _create_direct_connection
    client_error=client_error,
  File "D:\anaconda\envs\PBFT\lib\site-packages\aiohttp\connector.py", line 988, in _wrap_create_connection
    raise client_error(req.connection_key, exc) from exc
aiohttp.client_exceptions.ClientConnectorError: Cannot connect to host localhost:30025 ssl:default [Connect call failed ('::1', 30025, 0, 0)]
[2025-03-07 13:53:53,036] [ERROR] [30133] Error sending to http://localhost:30125/prepare: Cannot connect to host localhost:30125 ssl:default [Connect call failed ('127.0.0.1', 30125)]
Traceback (most recent call last):
  File "D:\anaconda\envs\PBFT\lib\site-packages\aiohttp\connector.py", line 980, in _wrap_create_connection
    return await self._loop.create_connection(*args, **kwargs)  # type: ignore[return-value]  # noqa
  File "D:\anaconda\envs\PBFT\lib\asyncio\base_events.py", line 948, in create_connection
    raise exceptions[0]
  File "D:\anaconda\envs\PBFT\lib\asyncio\base_events.py", line 935, in create_connection
    await self.sock_connect(sock, address)
  File "D:\anaconda\envs\PBFT\lib\asyncio\selector_events.py", line 475, in sock_connect
    return await fut
  File "D:\anaconda\envs\PBFT\lib\asyncio\selector_events.py", line 505, in _sock_connect_cb
    raise OSError(err, f'Connect call failed {address}')
ConnectionRefusedError: [Errno 10061] Connect call failed ('127.0.0.1', 30125)

The above exception was the direct cause of the following exception:

Traceback (most recent call last):
  File "pbft.py", line 236, in send_message
    await send_with_delay(self.session, self.node_info, target, url, data, self.bandwidth_data)
  File "pbft.py", line 63, in send_with_delay
    async with session.post(url, json=data) as resp:
  File "D:\anaconda\envs\PBFT\lib\site-packages\aiohttp\client.py", line 1141, in __aenter__
    self._resp = await self._coro
  File "D:\anaconda\envs\PBFT\lib\site-packages\aiohttp\client.py", line 537, in _request
    req, traces=traces, timeout=real_timeout
  File "D:\anaconda\envs\PBFT\lib\site-packages\aiohttp\connector.py", line 540, in connect
    proto = await self._create_connection(req, traces, timeout)
  File "D:\anaconda\envs\PBFT\lib\site-packages\aiohttp\connector.py", line 901, in _create_connection
    _, proto = await self._create_direct_connection(req, traces, timeout)
  File "D:\anaconda\envs\PBFT\lib\site-packages\aiohttp\connector.py", line 1206, in _create_direct_connection
    raise last_exc
  File "D:\anaconda\envs\PBFT\lib\site-packages\aiohttp\connector.py", line 1187, in _create_direct_connection
    client_error=client_error,
  File "D:\anaconda\envs\PBFT\lib\site-packages\aiohttp\connector.py", line 988, in _wrap_create_connection
    raise client_error(req.connection_key, exc) from exc
aiohttp.client_exceptions.ClientConnectorError: Cannot connect to host localhost:30125 ssl:default [Connect call failed ('127.0.0.1', 30125)]
[2025-03-07 13:53:53,052] [ERROR] [30133] Error sending to http://localhost:30140/prepare: Cannot connect to host localhost:30140 ssl:default [Connect call failed ('127.0.0.1', 30140)]
Traceback (most recent call last):
  File "D:\anaconda\envs\PBFT\lib\site-packages\aiohttp\connector.py", line 980, in _wrap_create_connection
    return await self._loop.create_connection(*args, **kwargs)  # type: ignore[return-value]  # noqa
  File "D:\anaconda\envs\PBFT\lib\asyncio\base_events.py", line 948, in create_connection
    raise exceptions[0]
  File "D:\anaconda\envs\PBFT\lib\asyncio\base_events.py", line 935, in create_connection
    await self.sock_connect(sock, address)
  File "D:\anaconda\envs\PBFT\lib\asyncio\selector_events.py", line 475, in sock_connect
    return await fut
  File "D:\anaconda\envs\PBFT\lib\asyncio\selector_events.py", line 505, in _sock_connect_cb
    raise OSError(err, f'Connect call failed {address}')
ConnectionRefusedError: [Errno 10061] Connect call failed ('127.0.0.1', 30140)

The above exception was the direct cause of the following exception:

Traceback (most recent call last):
  File "pbft.py", line 236, in send_message
    await send_with_delay(self.session, self.node_info, target, url, data, self.bandwidth_data)
  File "pbft.py", line 63, in send_with_delay
    async with session.post(url, json=data) as resp:
  File "D:\anaconda\envs\PBFT\lib\site-packages\aiohttp\client.py", line 1141, in __aenter__
    self._resp = await self._coro
  File "D:\anaconda\envs\PBFT\lib\site-packages\aiohttp\client.py", line 537, in _request
    req, traces=traces, timeout=real_timeout
  File "D:\anaconda\envs\PBFT\lib\site-packages\aiohttp\connector.py", line 540, in connect
    proto = await self._create_connection(req, traces, timeout)
  File "D:\anaconda\envs\PBFT\lib\site-packages\aiohttp\connector.py", line 901, in _create_connection
    _, proto = await self._create_direct_connection(req, traces, timeout)
  File "D:\anaconda\envs\PBFT\lib\site-packages\aiohttp\connector.py", line 1206, in _create_direct_connection
    raise last_exc
  File "D:\anaconda\envs\PBFT\lib\site-packages\aiohttp\connector.py", line 1187, in _create_direct_connection
    client_error=client_error,
  File "D:\anaconda\envs\PBFT\lib\site-packages\aiohttp\connector.py", line 988, in _wrap_create_connection
    raise client_error(req.connection_key, exc) from exc
aiohttp.client_exceptions.ClientConnectorError: Cannot connect to host localhost:30140 ssl:default [Connect call failed ('127.0.0.1', 30140)]
[2025-03-07 13:53:53,068] [ERROR] [30133] Error sending to http://localhost:30138/prepare: Cannot connect to host localhost:30138 ssl:default [Connect call failed ('127.0.0.1', 30138)]
Traceback (most recent call last):
  File "D:\anaconda\envs\PBFT\lib\site-packages\aiohttp\connector.py", line 980, in _wrap_create_connection
    return await self._loop.create_connection(*args, **kwargs)  # type: ignore[return-value]  # noqa
  File "D:\anaconda\envs\PBFT\lib\asyncio\base_events.py", line 948, in create_connection
    raise exceptions[0]
  File "D:\anaconda\envs\PBFT\lib\asyncio\base_events.py", line 935, in create_connection
    await self.sock_connect(sock, address)
  File "D:\anaconda\envs\PBFT\lib\asyncio\selector_events.py", line 475, in sock_connect
    return await fut
  File "D:\anaconda\envs\PBFT\lib\asyncio\selector_events.py", line 505, in _sock_connect_cb
    raise OSError(err, f'Connect call failed {address}')
ConnectionRefusedError: [Errno 10061] Connect call failed ('127.0.0.1', 30138)

The above exception was the direct cause of the following exception:

Traceback (most recent call last):
  File "pbft.py", line 236, in send_message
    await send_with_delay(self.session, self.node_info, target, url, data, self.bandwidth_data)
  File "pbft.py", line 63, in send_with_delay
    async with session.post(url, json=data) as resp:
  File "D:\anaconda\envs\PBFT\lib\site-packages\aiohttp\client.py", line 1141, in __aenter__
    self._resp = await self._coro
  File "D:\anaconda\envs\PBFT\lib\site-packages\aiohttp\client.py", line 537, in _request
    req, traces=traces, timeout=real_timeout
  File "D:\anaconda\envs\PBFT\lib\site-packages\aiohttp\connector.py", line 540, in connect
    proto = await self._create_connection(req, traces, timeout)
  File "D:\anaconda\envs\PBFT\lib\site-packages\aiohttp\connector.py", line 901, in _create_connection
    _, proto = await self._create_direct_connection(req, traces, timeout)
  File "D:\anaconda\envs\PBFT\lib\site-packages\aiohttp\connector.py", line 1206, in _create_direct_connection
    raise last_exc
  File "D:\anaconda\envs\PBFT\lib\site-packages\aiohttp\connector.py", line 1187, in _create_direct_connection
    client_error=client_error,
  File "D:\anaconda\envs\PBFT\lib\site-packages\aiohttp\connector.py", line 988, in _wrap_create_connection
    raise client_error(req.connection_key, exc) from exc
aiohttp.client_exceptions.ClientConnectorError: Cannot connect to host localhost:30138 ssl:default [Connect call failed ('127.0.0.1', 30138)]
[2025-03-07 13:53:53,116] [ERROR] [30133] Error sending to http://localhost:30125/commit: Cannot connect to host localhost:30125 ssl:default [Connect call failed ('::1', 30125, 0, 0)]
Traceback (most recent call last):
  File "D:\anaconda\envs\PBFT\lib\site-packages\aiohttp\connector.py", line 980, in _wrap_create_connection
    return await self._loop.create_connection(*args, **kwargs)  # type: ignore[return-value]  # noqa
  File "D:\anaconda\envs\PBFT\lib\asyncio\base_events.py", line 948, in create_connection
    raise exceptions[0]
  File "D:\anaconda\envs\PBFT\lib\asyncio\base_events.py", line 935, in create_connection
    await self.sock_connect(sock, address)
  File "D:\anaconda\envs\PBFT\lib\asyncio\selector_events.py", line 475, in sock_connect
    return await fut
  File "D:\anaconda\envs\PBFT\lib\asyncio\selector_events.py", line 505, in _sock_connect_cb
    raise OSError(err, f'Connect call failed {address}')
ConnectionRefusedError: [Errno 10061] Connect call failed ('::1', 30125, 0, 0)

The above exception was the direct cause of the following exception:

Traceback (most recent call last):
  File "pbft.py", line 236, in send_message
    await send_with_delay(self.session, self.node_info, target, url, data, self.bandwidth_data)
  File "pbft.py", line 63, in send_with_delay
    async with session.post(url, json=data) as resp:
  File "D:\anaconda\envs\PBFT\lib\site-packages\aiohttp\client.py", line 1141, in __aenter__
    self._resp = await self._coro
  File "D:\anaconda\envs\PBFT\lib\site-packages\aiohttp\client.py", line 537, in _request
    req, traces=traces, timeout=real_timeout
  File "D:\anaconda\envs\PBFT\lib\site-packages\aiohttp\connector.py", line 540, in connect
    proto = await self._create_connection(req, traces, timeout)
  File "D:\anaconda\envs\PBFT\lib\site-packages\aiohttp\connector.py", line 901, in _create_connection
    _, proto = await self._create_direct_connection(req, traces, timeout)
  File "D:\anaconda\envs\PBFT\lib\site-packages\aiohttp\connector.py", line 1206, in _create_direct_connection
    raise last_exc
  File "D:\anaconda\envs\PBFT\lib\site-packages\aiohttp\connector.py", line 1187, in _create_direct_connection
    client_error=client_error,
  File "D:\anaconda\envs\PBFT\lib\site-packages\aiohttp\connector.py", line 988, in _wrap_create_connection
    raise client_error(req.connection_key, exc) from exc
aiohttp.client_exceptions.ClientConnectorError: Cannot connect to host localhost:30125 ssl:default [Connect call failed ('::1', 30125, 0, 0)]
[2025-03-07 13:53:53,116] [ERROR] [30133] Error sending to http://localhost:30140/commit: Cannot connect to host localhost:30140 ssl:default [Connect call failed ('::1', 30140, 0, 0)]
Traceback (most recent call last):
  File "D:\anaconda\envs\PBFT\lib\site-packages\aiohttp\connector.py", line 980, in _wrap_create_connection
    return await self._loop.create_connection(*args, **kwargs)  # type: ignore[return-value]  # noqa
  File "D:\anaconda\envs\PBFT\lib\asyncio\base_events.py", line 948, in create_connection
    raise exceptions[0]
  File "D:\anaconda\envs\PBFT\lib\asyncio\base_events.py", line 935, in create_connection
    await self.sock_connect(sock, address)
  File "D:\anaconda\envs\PBFT\lib\asyncio\selector_events.py", line 475, in sock_connect
    return await fut
  File "D:\anaconda\envs\PBFT\lib\asyncio\selector_events.py", line 505, in _sock_connect_cb
    raise OSError(err, f'Connect call failed {address}')
ConnectionRefusedError: [Errno 10061] Connect call failed ('::1', 30140, 0, 0)

The above exception was the direct cause of the following exception:

Traceback (most recent call last):
  File "pbft.py", line 236, in send_message
    await send_with_delay(self.session, self.node_info, target, url, data, self.bandwidth_data)
  File "pbft.py", line 63, in send_with_delay
    async with session.post(url, json=data) as resp:
  File "D:\anaconda\envs\PBFT\lib\site-packages\aiohttp\client.py", line 1141, in __aenter__
    self._resp = await self._coro
  File "D:\anaconda\envs\PBFT\lib\site-packages\aiohttp\client.py", line 537, in _request
    req, traces=traces, timeout=real_timeout
  File "D:\anaconda\envs\PBFT\lib\site-packages\aiohttp\connector.py", line 540, in connect
    proto = await self._create_connection(req, traces, timeout)
  File "D:\anaconda\envs\PBFT\lib\site-packages\aiohttp\connector.py", line 901, in _create_connection
    _, proto = await self._create_direct_connection(req, traces, timeout)
  File "D:\anaconda\envs\PBFT\lib\site-packages\aiohttp\connector.py", line 1206, in _create_direct_connection
    raise last_exc
  File "D:\anaconda\envs\PBFT\lib\site-packages\aiohttp\connector.py", line 1187, in _create_direct_connection
    client_error=client_error,
  File "D:\anaconda\envs\PBFT\lib\site-packages\aiohttp\connector.py", line 988, in _wrap_create_connection
    raise client_error(req.connection_key, exc) from exc
aiohttp.client_exceptions.ClientConnectorError: Cannot connect to host localhost:30140 ssl:default [Connect call failed ('::1', 30140, 0, 0)]
[2025-03-07 13:53:53,131] [ERROR] [30133] Error sending to http://localhost:30138/commit: Cannot connect to host localhost:30138 ssl:default [Connect call failed ('::1', 30138, 0, 0)]
Traceback (most recent call last):
  File "D:\anaconda\envs\PBFT\lib\site-packages\aiohttp\connector.py", line 980, in _wrap_create_connection
    return await self._loop.create_connection(*args, **kwargs)  # type: ignore[return-value]  # noqa
  File "D:\anaconda\envs\PBFT\lib\asyncio\base_events.py", line 948, in create_connection
    raise exceptions[0]
  File "D:\anaconda\envs\PBFT\lib\asyncio\base_events.py", line 935, in create_connection
    await self.sock_connect(sock, address)
  File "D:\anaconda\envs\PBFT\lib\asyncio\selector_events.py", line 475, in sock_connect
    return await fut
  File "D:\anaconda\envs\PBFT\lib\asyncio\selector_events.py", line 505, in _sock_connect_cb
    raise OSError(err, f'Connect call failed {address}')
ConnectionRefusedError: [Errno 10061] Connect call failed ('::1', 30138, 0, 0)

The above exception was the direct cause of the following exception:

Traceback (most recent call last):
  File "pbft.py", line 236, in send_message
    await send_with_delay(self.session, self.node_info, target, url, data, self.bandwidth_data)
  File "pbft.py", line 63, in send_with_delay
    async with session.post(url, json=data) as resp:
  File "D:\anaconda\envs\PBFT\lib\site-packages\aiohttp\client.py", line 1141, in __aenter__
    self._resp = await self._coro
  File "D:\anaconda\envs\PBFT\lib\site-packages\aiohttp\client.py", line 537, in _request
    req, traces=traces, timeout=real_timeout
  File "D:\anaconda\envs\PBFT\lib\site-packages\aiohttp\connector.py", line 540, in connect
    proto = await self._create_connection(req, traces, timeout)
  File "D:\anaconda\envs\PBFT\lib\site-packages\aiohttp\connector.py", line 901, in _create_connection
    _, proto = await self._create_direct_connection(req, traces, timeout)
  File "D:\anaconda\envs\PBFT\lib\site-packages\aiohttp\connector.py", line 1206, in _create_direct_connection
    raise last_exc
  File "D:\anaconda\envs\PBFT\lib\site-packages\aiohttp\connector.py", line 1187, in _create_direct_connection
    client_error=client_error,
  File "D:\anaconda\envs\PBFT\lib\site-packages\aiohttp\connector.py", line 988, in _wrap_create_connection
    raise client_error(req.connection_key, exc) from exc
aiohttp.client_exceptions.ClientConnectorError: Cannot connect to host localhost:30138 ssl:default [Connect call failed ('::1', 30138, 0, 0)]
[2025-03-07 13:53:53,131] [ERROR] [30133] Error sending to http://localhost:30124/commit: Cannot connect to host localhost:30124 ssl:default [Connect call failed ('::1', 30124, 0, 0)]
Traceback (most recent call last):
  File "D:\anaconda\envs\PBFT\lib\site-packages\aiohttp\connector.py", line 980, in _wrap_create_connection
    return await self._loop.create_connection(*args, **kwargs)  # type: ignore[return-value]  # noqa
  File "D:\anaconda\envs\PBFT\lib\asyncio\base_events.py", line 948, in create_connection
    raise exceptions[0]
  File "D:\anaconda\envs\PBFT\lib\asyncio\base_events.py", line 935, in create_connection
    await self.sock_connect(sock, address)
  File "D:\anaconda\envs\PBFT\lib\asyncio\selector_events.py", line 475, in sock_connect
    return await fut
  File "D:\anaconda\envs\PBFT\lib\asyncio\selector_events.py", line 505, in _sock_connect_cb
    raise OSError(err, f'Connect call failed {address}')
ConnectionRefusedError: [Errno 10061] Connect call failed ('::1', 30124, 0, 0)

The above exception was the direct cause of the following exception:

Traceback (most recent call last):
  File "pbft.py", line 236, in send_message
    await send_with_delay(self.session, self.node_info, target, url, data, self.bandwidth_data)
  File "pbft.py", line 63, in send_with_delay
    async with session.post(url, json=data) as resp:
  File "D:\anaconda\envs\PBFT\lib\site-packages\aiohttp\client.py", line 1141, in __aenter__
    self._resp = await self._coro
  File "D:\anaconda\envs\PBFT\lib\site-packages\aiohttp\client.py", line 537, in _request
    req, traces=traces, timeout=real_timeout
  File "D:\anaconda\envs\PBFT\lib\site-packages\aiohttp\connector.py", line 540, in connect
    proto = await self._create_connection(req, traces, timeout)
  File "D:\anaconda\envs\PBFT\lib\site-packages\aiohttp\connector.py", line 901, in _create_connection
    _, proto = await self._create_direct_connection(req, traces, timeout)
  File "D:\anaconda\envs\PBFT\lib\site-packages\aiohttp\connector.py", line 1206, in _create_direct_connection
    raise last_exc
  File "D:\anaconda\envs\PBFT\lib\site-packages\aiohttp\connector.py", line 1187, in _create_direct_connection
    client_error=client_error,
  File "D:\anaconda\envs\PBFT\lib\site-packages\aiohttp\connector.py", line 988, in _wrap_create_connection
    raise client_error(req.connection_key, exc) from exc
aiohttp.client_exceptions.ClientConnectorError: Cannot connect to host localhost:30124 ssl:default [Connect call failed ('::1', 30124, 0, 0)]
[2025-03-07 13:53:53,147] [ERROR] [30133] Error sending to http://localhost:30124/prepare: Cannot connect to host localhost:30124 ssl:default [Connect call failed ('127.0.0.1', 30124)]
Traceback (most recent call last):
  File "D:\anaconda\envs\PBFT\lib\site-packages\aiohttp\connector.py", line 980, in _wrap_create_connection
    return await self._loop.create_connection(*args, **kwargs)  # type: ignore[return-value]  # noqa
  File "D:\anaconda\envs\PBFT\lib\asyncio\base_events.py", line 948, in create_connection
    raise exceptions[0]
  File "D:\anaconda\envs\PBFT\lib\asyncio\base_events.py", line 935, in create_connection
    await self.sock_connect(sock, address)
  File "D:\anaconda\envs\PBFT\lib\asyncio\selector_events.py", line 475, in sock_connect
    return await fut
  File "D:\anaconda\envs\PBFT\lib\asyncio\selector_events.py", line 505, in _sock_connect_cb
    raise OSError(err, f'Connect call failed {address}')
ConnectionRefusedError: [Errno 10061] Connect call failed ('127.0.0.1', 30124)

The above exception was the direct cause of the following exception:

Traceback (most recent call last):
  File "pbft.py", line 236, in send_message
    await send_with_delay(self.session, self.node_info, target, url, data, self.bandwidth_data)
  File "pbft.py", line 63, in send_with_delay
    async with session.post(url, json=data) as resp:
  File "D:\anaconda\envs\PBFT\lib\site-packages\aiohttp\client.py", line 1141, in __aenter__
    self._resp = await self._coro
  File "D:\anaconda\envs\PBFT\lib\site-packages\aiohttp\client.py", line 537, in _request
    req, traces=traces, timeout=real_timeout
  File "D:\anaconda\envs\PBFT\lib\site-packages\aiohttp\connector.py", line 540, in connect
    proto = await self._create_connection(req, traces, timeout)
  File "D:\anaconda\envs\PBFT\lib\site-packages\aiohttp\connector.py", line 901, in _create_connection
    _, proto = await self._create_direct_connection(req, traces, timeout)
  File "D:\anaconda\envs\PBFT\lib\site-packages\aiohttp\connector.py", line 1206, in _create_direct_connection
    raise last_exc
  File "D:\anaconda\envs\PBFT\lib\site-packages\aiohttp\connector.py", line 1187, in _create_direct_connection
    client_error=client_error,
  File "D:\anaconda\envs\PBFT\lib\site-packages\aiohttp\connector.py", line 988, in _wrap_create_connection
    raise client_error(req.connection_key, exc) from exc
aiohttp.client_exceptions.ClientConnectorError: Cannot connect to host localhost:30124 ssl:default [Connect call failed ('127.0.0.1', 30124)]
[2025-03-07 13:53:53,163] [ERROR] [30133] Error sending to http://localhost:30137/commit: Cannot connect to host localhost:30137 ssl:default [Connect call failed ('::1', 30137, 0, 0)]
Traceback (most recent call last):
  File "D:\anaconda\envs\PBFT\lib\site-packages\aiohttp\connector.py", line 980, in _wrap_create_connection
    return await self._loop.create_connection(*args, **kwargs)  # type: ignore[return-value]  # noqa
  File "D:\anaconda\envs\PBFT\lib\asyncio\base_events.py", line 948, in create_connection
    raise exceptions[0]
  File "D:\anaconda\envs\PBFT\lib\asyncio\base_events.py", line 935, in create_connection
    await self.sock_connect(sock, address)
  File "D:\anaconda\envs\PBFT\lib\asyncio\selector_events.py", line 475, in sock_connect
    return await fut
  File "D:\anaconda\envs\PBFT\lib\asyncio\selector_events.py", line 505, in _sock_connect_cb
    raise OSError(err, f'Connect call failed {address}')
ConnectionRefusedError: [Errno 10061] Connect call failed ('::1', 30137, 0, 0)

The above exception was the direct cause of the following exception:

Traceback (most recent call last):
  File "pbft.py", line 236, in send_message
    await send_with_delay(self.session, self.node_info, target, url, data, self.bandwidth_data)
  File "pbft.py", line 63, in send_with_delay
    async with session.post(url, json=data) as resp:
  File "D:\anaconda\envs\PBFT\lib\site-packages\aiohttp\client.py", line 1141, in __aenter__
    self._resp = await self._coro
  File "D:\anaconda\envs\PBFT\lib\site-packages\aiohttp\client.py", line 537, in _request
    req, traces=traces, timeout=real_timeout
  File "D:\anaconda\envs\PBFT\lib\site-packages\aiohttp\connector.py", line 540, in connect
    proto = await self._create_connection(req, traces, timeout)
  File "D:\anaconda\envs\PBFT\lib\site-packages\aiohttp\connector.py", line 901, in _create_connection
    _, proto = await self._create_direct_connection(req, traces, timeout)
  File "D:\anaconda\envs\PBFT\lib\site-packages\aiohttp\connector.py", line 1206, in _create_direct_connection
    raise last_exc
  File "D:\anaconda\envs\PBFT\lib\site-packages\aiohttp\connector.py", line 1187, in _create_direct_connection
    client_error=client_error,
  File "D:\anaconda\envs\PBFT\lib\site-packages\aiohttp\connector.py", line 988, in _wrap_create_connection
    raise client_error(req.connection_key, exc) from exc
aiohttp.client_exceptions.ClientConnectorError: Cannot connect to host localhost:30137 ssl:default [Connect call failed ('::1', 30137, 0, 0)]
[2025-03-07 13:53:53,194] [ERROR] [30133] Error sending to http://localhost:30137/prepare: Cannot connect to host localhost:30137 ssl:default [Connect call failed ('127.0.0.1', 30137)]
Traceback (most recent call last):
  File "D:\anaconda\envs\PBFT\lib\site-packages\aiohttp\connector.py", line 980, in _wrap_create_connection
    return await self._loop.create_connection(*args, **kwargs)  # type: ignore[return-value]  # noqa
  File "D:\anaconda\envs\PBFT\lib\asyncio\base_events.py", line 948, in create_connection
    raise exceptions[0]
  File "D:\anaconda\envs\PBFT\lib\asyncio\base_events.py", line 935, in create_connection
    await self.sock_connect(sock, address)
  File "D:\anaconda\envs\PBFT\lib\asyncio\selector_events.py", line 475, in sock_connect
    return await fut
  File "D:\anaconda\envs\PBFT\lib\asyncio\selector_events.py", line 505, in _sock_connect_cb
    raise OSError(err, f'Connect call failed {address}')
ConnectionRefusedError: [Errno 10061] Connect call failed ('127.0.0.1', 30137)

The above exception was the direct cause of the following exception:

Traceback (most recent call last):
  File "pbft.py", line 236, in send_message
    await send_with_delay(self.session, self.node_info, target, url, data, self.bandwidth_data)
  File "pbft.py", line 63, in send_with_delay
    async with session.post(url, json=data) as resp:
  File "D:\anaconda\envs\PBFT\lib\site-packages\aiohttp\client.py", line 1141, in __aenter__
    self._resp = await self._coro
  File "D:\anaconda\envs\PBFT\lib\site-packages\aiohttp\client.py", line 537, in _request
    req, traces=traces, timeout=real_timeout
  File "D:\anaconda\envs\PBFT\lib\site-packages\aiohttp\connector.py", line 540, in connect
    proto = await self._create_connection(req, traces, timeout)
  File "D:\anaconda\envs\PBFT\lib\site-packages\aiohttp\connector.py", line 901, in _create_connection
    _, proto = await self._create_direct_connection(req, traces, timeout)
  File "D:\anaconda\envs\PBFT\lib\site-packages\aiohttp\connector.py", line 1206, in _create_direct_connection
    raise last_exc
  File "D:\anaconda\envs\PBFT\lib\site-packages\aiohttp\connector.py", line 1187, in _create_direct_connection
    client_error=client_error,
  File "D:\anaconda\envs\PBFT\lib\site-packages\aiohttp\connector.py", line 988, in _wrap_create_connection
    raise client_error(req.connection_key, exc) from exc
aiohttp.client_exceptions.ClientConnectorError: Cannot connect to host localhost:30137 ssl:default [Connect call failed ('127.0.0.1', 30137)]
[2025-03-07 13:53:53,196] [ERROR] [30133] Error sending to http://localhost:30023/commit: Cannot connect to host localhost:30023 ssl:default [Connect call failed ('::1', 30023, 0, 0)]
Traceback (most recent call last):
  File "D:\anaconda\envs\PBFT\lib\site-packages\aiohttp\connector.py", line 980, in _wrap_create_connection
    return await self._loop.create_connection(*args, **kwargs)  # type: ignore[return-value]  # noqa
  File "D:\anaconda\envs\PBFT\lib\asyncio\base_events.py", line 948, in create_connection
    raise exceptions[0]
  File "D:\anaconda\envs\PBFT\lib\asyncio\base_events.py", line 935, in create_connection
    await self.sock_connect(sock, address)
  File "D:\anaconda\envs\PBFT\lib\asyncio\selector_events.py", line 475, in sock_connect
    return await fut
  File "D:\anaconda\envs\PBFT\lib\asyncio\selector_events.py", line 505, in _sock_connect_cb
    raise OSError(err, f'Connect call failed {address}')
ConnectionRefusedError: [Errno 10061] Connect call failed ('::1', 30023, 0, 0)

The above exception was the direct cause of the following exception:

Traceback (most recent call last):
  File "pbft.py", line 236, in send_message
    await send_with_delay(self.session, self.node_info, target, url, data, self.bandwidth_data)
  File "pbft.py", line 63, in send_with_delay
    async with session.post(url, json=data) as resp:
  File "D:\anaconda\envs\PBFT\lib\site-packages\aiohttp\client.py", line 1141, in __aenter__
    self._resp = await self._coro
  File "D:\anaconda\envs\PBFT\lib\site-packages\aiohttp\client.py", line 537, in _request
    req, traces=traces, timeout=real_timeout
  File "D:\anaconda\envs\PBFT\lib\site-packages\aiohttp\connector.py", line 540, in connect
    proto = await self._create_connection(req, traces, timeout)
  File "D:\anaconda\envs\PBFT\lib\site-packages\aiohttp\connector.py", line 901, in _create_connection
    _, proto = await self._create_direct_connection(req, traces, timeout)
  File "D:\anaconda\envs\PBFT\lib\site-packages\aiohttp\connector.py", line 1206, in _create_direct_connection
    raise last_exc
  File "D:\anaconda\envs\PBFT\lib\site-packages\aiohttp\connector.py", line 1187, in _create_direct_connection
    client_error=client_error,
  File "D:\anaconda\envs\PBFT\lib\site-packages\aiohttp\connector.py", line 988, in _wrap_create_connection
    raise client_error(req.connection_key, exc) from exc
aiohttp.client_exceptions.ClientConnectorError: Cannot connect to host localhost:30023 ssl:default [Connect call failed ('::1', 30023, 0, 0)]
[2025-03-07 13:53:53,210] [ERROR] [30133] Error sending to http://localhost:30101/prepare: Cannot connect to host localhost:30101 ssl:default [Connect call failed ('127.0.0.1', 30101)]
Traceback (most recent call last):
  File "D:\anaconda\envs\PBFT\lib\site-packages\aiohttp\connector.py", line 980, in _wrap_create_connection
    return await self._loop.create_connection(*args, **kwargs)  # type: ignore[return-value]  # noqa
  File "D:\anaconda\envs\PBFT\lib\asyncio\base_events.py", line 948, in create_connection
    raise exceptions[0]
  File "D:\anaconda\envs\PBFT\lib\asyncio\base_events.py", line 935, in create_connection
    await self.sock_connect(sock, address)
  File "D:\anaconda\envs\PBFT\lib\asyncio\selector_events.py", line 475, in sock_connect
    return await fut
  File "D:\anaconda\envs\PBFT\lib\asyncio\selector_events.py", line 505, in _sock_connect_cb
    raise OSError(err, f'Connect call failed {address}')
ConnectionRefusedError: [Errno 10061] Connect call failed ('127.0.0.1', 30101)

The above exception was the direct cause of the following exception:

Traceback (most recent call last):
  File "pbft.py", line 236, in send_message
    await send_with_delay(self.session, self.node_info, target, url, data, self.bandwidth_data)
  File "pbft.py", line 63, in send_with_delay
    async with session.post(url, json=data) as resp:
  File "D:\anaconda\envs\PBFT\lib\site-packages\aiohttp\client.py", line 1141, in __aenter__
    self._resp = await self._coro
  File "D:\anaconda\envs\PBFT\lib\site-packages\aiohttp\client.py", line 537, in _request
    req, traces=traces, timeout=real_timeout
  File "D:\anaconda\envs\PBFT\lib\site-packages\aiohttp\connector.py", line 540, in connect
    proto = await self._create_connection(req, traces, timeout)
  File "D:\anaconda\envs\PBFT\lib\site-packages\aiohttp\connector.py", line 901, in _create_connection
    _, proto = await self._create_direct_connection(req, traces, timeout)
  File "D:\anaconda\envs\PBFT\lib\site-packages\aiohttp\connector.py", line 1206, in _create_direct_connection
    raise last_exc
  File "D:\anaconda\envs\PBFT\lib\site-packages\aiohttp\connector.py", line 1187, in _create_direct_connection
    client_error=client_error,
  File "D:\anaconda\envs\PBFT\lib\site-packages\aiohttp\connector.py", line 988, in _wrap_create_connection
    raise client_error(req.connection_key, exc) from exc
aiohttp.client_exceptions.ClientConnectorError: Cannot connect to host localhost:30101 ssl:default [Connect call failed ('127.0.0.1', 30101)]
[2025-03-07 13:53:53,226] [ERROR] [30133] Error sending to http://localhost:30101/commit: Cannot connect to host localhost:30101 ssl:default [Connect call failed ('::1', 30101, 0, 0)]
Traceback (most recent call last):
  File "D:\anaconda\envs\PBFT\lib\site-packages\aiohttp\connector.py", line 980, in _wrap_create_connection
    return await self._loop.create_connection(*args, **kwargs)  # type: ignore[return-value]  # noqa
  File "D:\anaconda\envs\PBFT\lib\asyncio\base_events.py", line 948, in create_connection
    raise exceptions[0]
  File "D:\anaconda\envs\PBFT\lib\asyncio\base_events.py", line 935, in create_connection
    await self.sock_connect(sock, address)
  File "D:\anaconda\envs\PBFT\lib\asyncio\selector_events.py", line 475, in sock_connect
    return await fut
  File "D:\anaconda\envs\PBFT\lib\asyncio\selector_events.py", line 505, in _sock_connect_cb
    raise OSError(err, f'Connect call failed {address}')
ConnectionRefusedError: [Errno 10061] Connect call failed ('::1', 30101, 0, 0)

The above exception was the direct cause of the following exception:

Traceback (most recent call last):
  File "pbft.py", line 236, in send_message
    await send_with_delay(self.session, self.node_info, target, url, data, self.bandwidth_data)
  File "pbft.py", line 63, in send_with_delay
    async with session.post(url, json=data) as resp:
  File "D:\anaconda\envs\PBFT\lib\site-packages\aiohttp\client.py", line 1141, in __aenter__
    self._resp = await self._coro
  File "D:\anaconda\envs\PBFT\lib\site-packages\aiohttp\client.py", line 537, in _request
    req, traces=traces, timeout=real_timeout
  File "D:\anaconda\envs\PBFT\lib\site-packages\aiohttp\connector.py", line 540, in connect
    proto = await self._create_connection(req, traces, timeout)
  File "D:\anaconda\envs\PBFT\lib\site-packages\aiohttp\connector.py", line 901, in _create_connection
    _, proto = await self._create_direct_connection(req, traces, timeout)
  File "D:\anaconda\envs\PBFT\lib\site-packages\aiohttp\connector.py", line 1206, in _create_direct_connection
    raise last_exc
  File "D:\anaconda\envs\PBFT\lib\site-packages\aiohttp\connector.py", line 1187, in _create_direct_connection
    client_error=client_error,
  File "D:\anaconda\envs\PBFT\lib\site-packages\aiohttp\connector.py", line 988, in _wrap_create_connection
    raise client_error(req.connection_key, exc) from exc
aiohttp.client_exceptions.ClientConnectorError: Cannot connect to host localhost:30101 ssl:default [Connect call failed ('::1', 30101, 0, 0)]
[2025-03-07 13:53:53,258] [INFO] [30133] Received PREPARE: id:1741323218379, from:30121, delay:0.0001s, distance:194.72m (Euclidean)
[2025-03-07 13:53:53,258] [INFO] [30133] Received COMMIT: id:1741323218379, from:30121, delay:0.0001s, distance:194.72m (Euclidean)
[2025-03-07 13:53:53,274] [ERROR] [30133] Error sending to http://localhost:30103/prepare: Cannot connect to host localhost:30103 ssl:default [Connect call failed ('127.0.0.1', 30103)]
Traceback (most recent call last):
  File "D:\anaconda\envs\PBFT\lib\site-packages\aiohttp\connector.py", line 980, in _wrap_create_connection
    return await self._loop.create_connection(*args, **kwargs)  # type: ignore[return-value]  # noqa
  File "D:\anaconda\envs\PBFT\lib\asyncio\base_events.py", line 948, in create_connection
    raise exceptions[0]
  File "D:\anaconda\envs\PBFT\lib\asyncio\base_events.py", line 935, in create_connection
    await self.sock_connect(sock, address)
  File "D:\anaconda\envs\PBFT\lib\asyncio\selector_events.py", line 475, in sock_connect
    return await fut
  File "D:\anaconda\envs\PBFT\lib\asyncio\selector_events.py", line 505, in _sock_connect_cb
    raise OSError(err, f'Connect call failed {address}')
ConnectionRefusedError: [Errno 10061] Connect call failed ('127.0.0.1', 30103)

The above exception was the direct cause of the following exception:

Traceback (most recent call last):
  File "pbft.py", line 236, in send_message
    await send_with_delay(self.session, self.node_info, target, url, data, self.bandwidth_data)
  File "pbft.py", line 63, in send_with_delay
    async with session.post(url, json=data) as resp:
  File "D:\anaconda\envs\PBFT\lib\site-packages\aiohttp\client.py", line 1141, in __aenter__
    self._resp = await self._coro
  File "D:\anaconda\envs\PBFT\lib\site-packages\aiohttp\client.py", line 537, in _request
    req, traces=traces, timeout=real_timeout
  File "D:\anaconda\envs\PBFT\lib\site-packages\aiohttp\connector.py", line 540, in connect
    proto = await self._create_connection(req, traces, timeout)
  File "D:\anaconda\envs\PBFT\lib\site-packages\aiohttp\connector.py", line 901, in _create_connection
    _, proto = await self._create_direct_connection(req, traces, timeout)
  File "D:\anaconda\envs\PBFT\lib\site-packages\aiohttp\connector.py", line 1206, in _create_direct_connection
    raise last_exc
  File "D:\anaconda\envs\PBFT\lib\site-packages\aiohttp\connector.py", line 1187, in _create_direct_connection
    client_error=client_error,
  File "D:\anaconda\envs\PBFT\lib\site-packages\aiohttp\connector.py", line 988, in _wrap_create_connection
    raise client_error(req.connection_key, exc) from exc
aiohttp.client_exceptions.ClientConnectorError: Cannot connect to host localhost:30103 ssl:default [Connect call failed ('127.0.0.1', 30103)]
[2025-03-07 13:53:53,305] [ERROR] [30133] Error sending to http://localhost:30103/commit: Cannot connect to host localhost:30103 ssl:default [Connect call failed ('::1', 30103, 0, 0)]
Traceback (most recent call last):
  File "D:\anaconda\envs\PBFT\lib\site-packages\aiohttp\connector.py", line 980, in _wrap_create_connection
    return await self._loop.create_connection(*args, **kwargs)  # type: ignore[return-value]  # noqa
  File "D:\anaconda\envs\PBFT\lib\asyncio\base_events.py", line 948, in create_connection
    raise exceptions[0]
  File "D:\anaconda\envs\PBFT\lib\asyncio\base_events.py", line 935, in create_connection
    await self.sock_connect(sock, address)
  File "D:\anaconda\envs\PBFT\lib\asyncio\selector_events.py", line 475, in sock_connect
    return await fut
  File "D:\anaconda\envs\PBFT\lib\asyncio\selector_events.py", line 505, in _sock_connect_cb
    raise OSError(err, f'Connect call failed {address}')
ConnectionRefusedError: [Errno 10061] Connect call failed ('::1', 30103, 0, 0)

The above exception was the direct cause of the following exception:

Traceback (most recent call last):
  File "pbft.py", line 236, in send_message
    await send_with_delay(self.session, self.node_info, target, url, data, self.bandwidth_data)
  File "pbft.py", line 63, in send_with_delay
    async with session.post(url, json=data) as resp:
  File "D:\anaconda\envs\PBFT\lib\site-packages\aiohttp\client.py", line 1141, in __aenter__
    self._resp = await self._coro
  File "D:\anaconda\envs\PBFT\lib\site-packages\aiohttp\client.py", line 537, in _request
    req, traces=traces, timeout=real_timeout
  File "D:\anaconda\envs\PBFT\lib\site-packages\aiohttp\connector.py", line 540, in connect
    proto = await self._create_connection(req, traces, timeout)
  File "D:\anaconda\envs\PBFT\lib\site-packages\aiohttp\connector.py", line 901, in _create_connection
    _, proto = await self._create_direct_connection(req, traces, timeout)
  File "D:\anaconda\envs\PBFT\lib\site-packages\aiohttp\connector.py", line 1206, in _create_direct_connection
    raise last_exc
  File "D:\anaconda\envs\PBFT\lib\site-packages\aiohttp\connector.py", line 1187, in _create_direct_connection
    client_error=client_error,
  File "D:\anaconda\envs\PBFT\lib\site-packages\aiohttp\connector.py", line 988, in _wrap_create_connection
    raise client_error(req.connection_key, exc) from exc
aiohttp.client_exceptions.ClientConnectorError: Cannot connect to host localhost:30103 ssl:default [Connect call failed ('::1', 30103, 0, 0)]
[2025-03-07 13:53:53,352] [ERROR] [30133] Error sending to http://localhost:30100/commit: Cannot connect to host localhost:30100 ssl:default [Connect call failed ('::1', 30100, 0, 0)]
Traceback (most recent call last):
  File "D:\anaconda\envs\PBFT\lib\site-packages\aiohttp\connector.py", line 980, in _wrap_create_connection
    return await self._loop.create_connection(*args, **kwargs)  # type: ignore[return-value]  # noqa
  File "D:\anaconda\envs\PBFT\lib\asyncio\base_events.py", line 948, in create_connection
    raise exceptions[0]
  File "D:\anaconda\envs\PBFT\lib\asyncio\base_events.py", line 935, in create_connection
    await self.sock_connect(sock, address)
  File "D:\anaconda\envs\PBFT\lib\asyncio\selector_events.py", line 475, in sock_connect
    return await fut
  File "D:\anaconda\envs\PBFT\lib\asyncio\selector_events.py", line 505, in _sock_connect_cb
    raise OSError(err, f'Connect call failed {address}')
ConnectionRefusedError: [Errno 10061] Connect call failed ('::1', 30100, 0, 0)

The above exception was the direct cause of the following exception:

Traceback (most recent call last):
  File "pbft.py", line 236, in send_message
    await send_with_delay(self.session, self.node_info, target, url, data, self.bandwidth_data)
  File "pbft.py", line 63, in send_with_delay
    async with session.post(url, json=data) as resp:
  File "D:\anaconda\envs\PBFT\lib\site-packages\aiohttp\client.py", line 1141, in __aenter__
    self._resp = await self._coro
  File "D:\anaconda\envs\PBFT\lib\site-packages\aiohttp\client.py", line 537, in _request
    req, traces=traces, timeout=real_timeout
  File "D:\anaconda\envs\PBFT\lib\site-packages\aiohttp\connector.py", line 540, in connect
    proto = await self._create_connection(req, traces, timeout)
  File "D:\anaconda\envs\PBFT\lib\site-packages\aiohttp\connector.py", line 901, in _create_connection
    _, proto = await self._create_direct_connection(req, traces, timeout)
  File "D:\anaconda\envs\PBFT\lib\site-packages\aiohttp\connector.py", line 1206, in _create_direct_connection
    raise last_exc
  File "D:\anaconda\envs\PBFT\lib\site-packages\aiohttp\connector.py", line 1187, in _create_direct_connection
    client_error=client_error,
  File "D:\anaconda\envs\PBFT\lib\site-packages\aiohttp\connector.py", line 988, in _wrap_create_connection
    raise client_error(req.connection_key, exc) from exc
aiohttp.client_exceptions.ClientConnectorError: Cannot connect to host localhost:30100 ssl:default [Connect call failed ('::1', 30100, 0, 0)]
[2025-03-07 13:53:53,464] [INFO] [30133] Received PREPARE: id:1741323218379, from:30120, delay:0.0000s, distance:111.08m (Euclidean)
[2025-03-07 13:53:53,669] [INFO] [30133] Received PREPARE: id:1741323218379, from:30123, delay:0.0002s, distance:261.13m (Euclidean)
[2025-03-07 13:53:53,669] [INFO] [30133] Received COMMIT: id:1741323218379, from:30123, delay:0.0002s, distance:261.13m (Euclidean)
[2025-03-07 13:53:53,812] [INFO] [30133] Received PREPARE: id:1741323218379, from:30132, delay:0.0001s, distance:217.56m (Euclidean)
[2025-03-07 13:53:53,828] [INFO] [30133] Received PREPARE: id:1741323218379, from:30149, delay:0.0000s, distance:132.91m (Euclidean)
[2025-03-07 13:53:53,831] [INFO] [30133] Received COMMIT: id:1741323218379, from:30149, delay:0.0000s, distance:132.91m (Euclidean)
[2025-03-07 13:53:54,002] [INFO] [30133] Received COMMIT: id:1741323218379, from:30120, delay:0.0000s, distance:111.08m (Euclidean)
[2025-03-07 13:53:54,160] [INFO] [30133] Received COMMIT: id:1741323218379, from:30132, delay:0.0001s, distance:217.56m (Euclidean)
[2025-03-07 13:53:54,217] [INFO] [30133] Received PREPARE: id:1741323218379, from:30156, delay:0.0001s, distance:231.77m (Euclidean)
[2025-03-07 13:53:54,217] [INFO] [30133] Received COMMIT: id:1741323218379, from:30156, delay:0.0001s, distance:231.77m (Euclidean)
[2025-03-07 13:53:54,239] [INFO] [30133] Received PREPARE: id:1741323218379, from:30106, delay:0.0002s, distance:285.74m (Euclidean)
[2025-03-07 13:53:54,239] [INFO] [30133] Received COMMIT: id:1741323218379, from:30106, delay:0.0002s, distance:285.74m (Euclidean)
[2025-03-07 13:53:54,295] [INFO] [30133] Received PREPARE: id:1741323218379, from:30111, delay:0.0001s, distance:223.69m (Euclidean)
[2025-03-07 13:53:54,295] [INFO] [30133] Received COMMIT: id:1741323218379, from:30111, delay:0.0001s, distance:223.69m (Euclidean)
[2025-03-07 13:53:54,303] [INFO] [30133] Received PREPARE: id:1741323218379, from:30145, delay:0.0001s, distance:211.78m (Euclidean)
[2025-03-07 13:53:54,314] [INFO] [30133] Received COMMIT: id:1741323218379, from:30145, delay:0.0001s, distance:211.78m (Euclidean)
[2025-03-07 13:53:54,538] [INFO] [30133] Received PREPARE: id:1741323218379, from:30152, delay:0.0002s, distance:278.54m (Euclidean)
[2025-03-07 13:53:54,596] [INFO] [30133] Received PREPARE: id:1741323218379, from:30146, delay:0.0002s, distance:297.61m (Euclidean)
[2025-03-07 13:53:54,596] [INFO] [30133] Received COMMIT: id:1741323218379, from:30152, delay:0.0002s, distance:278.54m (Euclidean)
[2025-03-07 13:53:54,596] [INFO] [30133] Received COMMIT: id:1741323218379, from:30146, delay:0.0002s, distance:297.61m (Euclidean)
[2025-03-07 13:53:54,603] [INFO] [30133] Received PREPARE: id:1741323218379, from:30115, delay:0.0000s, distance:182.74m (Euclidean)
[2025-03-07 13:53:54,625] [INFO] [30133] Received COMMIT: id:1741323218379, from:30115, delay:0.0000s, distance:182.74m (Euclidean)
[2025-03-07 13:53:55,658] [INFO] [30133] Received COMMIT: id:1741323218379, from:30022, delay:0.0002s, distance:283.56m (Euclidean)
[2025-03-07 13:53:55,660] [INFO] [30133] Received PREPARE: id:1741323218379, from:30022, delay:0.0002s, distance:283.56m (Euclidean)
[2025-03-07 13:53:55,692] [INFO] [30133] Received PREPARE: id:1741323218379, from:30155, delay:0.0001s, distance:230.68m (Euclidean)
[2025-03-07 13:53:55,692] [INFO] [30133] Received COMMIT: id:1741323218379, from:30155, delay:0.0001s, distance:230.68m (Euclidean)
[2025-03-07 13:54:54,463] [INFO] Starting node at localhost:30133 | index=134 | f=1, k=4 | Role: Replica
[2025-03-07 13:57:40,910] [INFO] Starting node at localhost:30133 | index=134 | f=1, k=4 | Role: Replica
[2025-03-07 13:58:43,329] [INFO] Starting node at localhost:30133 | index=134 | f=1, k=4 | Role: Replica
[2025-03-07 13:59:02,562] [INFO] [30133] Received PRE-PREPARE: id:1741323542381, from:Leader(30000), delay:0.0000s, distance:87.09m (Euclidean)
[2025-03-07 13:59:02,564] [INFO] [30133] Broadcasting PREPARE for REQUEST 1741323542381
[2025-03-07 13:59:02,573] [INFO] [30133] Not broadcasting to fault node: 30077
[2025-03-07 13:59:02,587] [INFO] [30133] Not broadcasting to fault node: 30184
[2025-03-07 13:59:03,124] [INFO] [30133] Received PREPARE: id:1741323542381, from:30158, delay:0.0000s, distance:200.52m (Euclidean)
[2025-03-07 13:59:03,124] [INFO] [30133] Received PREPARE: id:1741323542381, from:30096, delay:0.0000s, distance:200.26m (Euclidean)
[2025-03-07 13:59:03,124] [INFO] [30133] Broadcasting COMMIT for REQUEST 1741323542381
[2025-03-07 13:59:03,138] [INFO] [30133] Not broadcasting to fault node: 30077
[2025-03-07 13:59:03,161] [INFO] [30133] Not broadcasting to fault node: 30184
[2025-03-07 13:59:03,224] [INFO] [30133] Received PREPARE: id:1741323542381, from:30057, delay:0.0000s, distance:200.59m (Euclidean)
[2025-03-07 13:59:03,408] [INFO] [30133] Received PREPARE: id:1741323542381, from:30007, delay:0.0000s, distance:150.55m (Euclidean)
[2025-03-07 13:59:03,424] [INFO] [30133] Received PREPARE: id:1741323542381, from:30029, delay:0.0000s, distance:100.41m (Euclidean)
[2025-03-07 13:59:04,005] [INFO] [30133] Received PREPARE: id:1741323542381, from:30155, delay:0.0001s, distance:237.72m (Euclidean)
[2025-03-07 13:59:04,007] [INFO] [30133] Received COMMIT: id:1741323542381, from:30155, delay:0.0001s, distance:237.72m (Euclidean)
[2025-03-07 13:59:04,007] [INFO] [30133] Received PREPARE: id:1741323542381, from:30100, delay:0.0000s, distance:137.73m (Euclidean)
[2025-03-07 13:59:04,007] [INFO] [30133] Received PREPARE: id:1741323542381, from:30102, delay:0.0000s, distance:113.00m (Euclidean)
[2025-03-07 13:59:04,053] [INFO] [30133] Received COMMIT: id:1741323542381, from:30102, delay:0.0000s, distance:113.00m (Euclidean)
[2025-03-07 13:59:04,053] [INFO] [LEADER 30133] Sending REPLY for REQUEST 1741323542381 to CLIENT
[2025-03-07 13:59:04,082] [INFO] [30133] Received PREPARE: id:1741323542381, from:30013, delay:0.0000s, distance:135.23m (Euclidean)
[2025-03-07 13:59:04,179] [INFO] [30133] Received PREPARE: id:1741323542381, from:30037, delay:0.0000s, distance:122.94m (Euclidean)
[2025-03-07 13:59:04,318] [INFO] [30133] Received PREPARE: id:1741323542381, from:30093, delay:0.0000s, distance:77.78m (Euclidean)
[2025-03-07 13:59:04,568] [INFO] [30133] Received COMMIT: id:1741323542381, from:30093, delay:0.0000s, distance:77.78m (Euclidean)
[2025-03-07 13:59:04,622] [INFO] [30133] Received PREPARE: id:1741323542381, from:30157, delay:0.0000s, distance:69.78m (Euclidean)
[2025-03-07 13:59:05,911] [INFO] [30133] Received PREPARE: id:1741323542381, from:30060, delay:0.0000s, distance:131.41m (Euclidean)
[2025-03-07 13:59:05,957] [INFO] [30133] Received PREPARE: id:1741323542381, from:30174, delay:0.0001s, distance:206.82m (Euclidean)
[2025-03-07 13:59:05,959] [INFO] [30133] Received PREPARE: id:1741323542381, from:30180, delay:0.0001s, distance:223.05m (Euclidean)
[2025-03-07 13:59:05,959] [INFO] [30133] Received PREPARE: id:1741323542381, from:30113, delay:0.0000s, distance:98.42m (Euclidean)
[2025-03-07 13:59:05,959] [INFO] [30133] Received COMMIT: id:1741323542381, from:30007, delay:0.0000s, distance:150.55m (Euclidean)
[2025-03-07 13:59:06,431] [INFO] [30133] Received COMMIT: id:1741323542381, from:30157, delay:0.0000s, distance:69.78m (Euclidean)
[2025-03-07 13:59:06,603] [INFO] [30133] Received PREPARE: id:1741323542381, from:30189, delay:0.0001s, distance:177.83m (Euclidean)
[2025-03-07 13:59:06,603] [INFO] [30133] Received PREPARE: id:1741323542381, from:30121, delay:0.0000s, distance:127.12m (Euclidean)
[2025-03-07 13:59:06,603] [INFO] [30133] Received PREPARE: id:1741323542381, from:30004, delay:0.0001s, distance:205.76m (Euclidean)
[2025-03-07 13:59:06,603] [INFO] [30133] Received PREPARE: id:1741323542381, from:30115, delay:0.0000s, distance:118.59m (Euclidean)
[2025-03-07 13:59:06,607] [INFO] [30133] Received PREPARE: id:1741323542381, from:30116, delay:0.0001s, distance:227.18m (Euclidean)
[2025-03-07 13:59:06,607] [INFO] [30133] Received PREPARE: id:1741323542381, from:30147, delay:0.0000s, distance:128.61m (Euclidean)
[2025-03-07 13:59:06,607] [INFO] [30133] Received PREPARE: id:1741323542381, from:30005, delay:0.0001s, distance:202.08m (Euclidean)
[2025-03-07 13:59:06,607] [INFO] [30133] Received PREPARE: id:1741323542381, from:30169, delay:0.0002s, distance:278.05m (Euclidean)
[2025-03-07 13:59:06,607] [INFO] [30133] Received PREPARE: id:1741323542381, from:30144, delay:0.0001s, distance:165.96m (Euclidean)
[2025-03-07 13:59:06,607] [INFO] [30133] Received PREPARE: id:1741323542381, from:30090, delay:0.0001s, distance:202.77m (Euclidean)
[2025-03-07 13:59:06,607] [INFO] [30133] Received PREPARE: id:1741323542381, from:30196, delay:0.0000s, distance:82.49m (Euclidean)
[2025-03-07 13:59:06,610] [INFO] [30133] Received PREPARE: id:1741323542381, from:30095, delay:0.0001s, distance:175.51m (Euclidean)
[2025-03-07 13:59:06,610] [INFO] [30133] Received PREPARE: id:1741323542381, from:30126, delay:0.0001s, distance:229.82m (Euclidean)
[2025-03-07 13:59:06,610] [INFO] [30133] Received COMMIT: id:1741323542381, from:30029, delay:0.0000s, distance:100.41m (Euclidean)
[2025-03-07 13:59:06,610] [INFO] [30133] Received PREPARE: id:1741323542381, from:30130, delay:0.0000s, distance:104.54m (Euclidean)
[2025-03-07 13:59:06,610] [INFO] [30133] Received PREPARE: id:1741323542381, from:30168, delay:0.0000s, distance:144.98m (Euclidean)
[2025-03-07 13:59:06,610] [INFO] [30133] Received PREPARE: id:1741323542381, from:30025, delay:0.0000s, distance:98.32m (Euclidean)
[2025-03-07 13:59:06,610] [INFO] [30133] Received PREPARE: id:1741323542381, from:30065, delay:0.0000s, distance:146.87m (Euclidean)
[2025-03-07 13:59:06,612] [INFO] [30133] Received PREPARE: id:1741323542381, from:30199, delay:0.0000s, distance:105.17m (Euclidean)
[2025-03-07 13:59:06,612] [INFO] [30133] Received PREPARE: id:1741323542381, from:30123, delay:0.0002s, distance:256.18m (Euclidean)
[2025-03-07 13:59:07,273] [INFO] [30133] Received COMMIT: id:1741323542381, from:30189, delay:0.0001s, distance:177.83m (Euclidean)
[2025-03-07 13:59:07,273] [INFO] [30133] Received COMMIT: id:1741323542381, from:30168, delay:0.0000s, distance:144.98m (Euclidean)
[2025-03-07 13:59:07,273] [INFO] [30133] Received COMMIT: id:1741323542381, from:30005, delay:0.0001s, distance:202.08m (Euclidean)
[2025-03-07 13:59:07,273] [INFO] [30133] Received COMMIT: id:1741323542381, from:30116, delay:0.0001s, distance:227.18m (Euclidean)
[2025-03-07 13:59:07,275] [INFO] [30133] Received COMMIT: id:1741323542381, from:30195, delay:0.0001s, distance:187.67m (Euclidean)
[2025-03-07 13:59:07,275] [INFO] [30133] Received COMMIT: id:1741323542381, from:30057, delay:0.0000s, distance:200.59m (Euclidean)
[2025-03-07 13:59:07,275] [INFO] [30133] Received COMMIT: id:1741323542381, from:30095, delay:0.0001s, distance:175.51m (Euclidean)
[2025-03-07 13:59:07,277] [INFO] [30133] Received COMMIT: id:1741323542381, from:30196, delay:0.0000s, distance:82.49m (Euclidean)
[2025-03-07 13:59:07,277] [INFO] [30133] Received COMMIT: id:1741323542381, from:30037, delay:0.0000s, distance:122.94m (Euclidean)
[2025-03-07 13:59:07,277] [INFO] [30133] Received COMMIT: id:1741323542381, from:30147, delay:0.0000s, distance:128.61m (Euclidean)
[2025-03-07 13:59:07,277] [INFO] [30133] Received COMMIT: id:1741323542381, from:30025, delay:0.0000s, distance:98.32m (Euclidean)
[2025-03-07 13:59:07,277] [INFO] [30133] Received COMMIT: id:1741323542381, from:30115, delay:0.0000s, distance:118.59m (Euclidean)
[2025-03-07 13:59:07,476] [INFO] [30133] Received PREPARE: id:1741323542381, from:30059, delay:0.0001s, distance:178.32m (Euclidean)
[2025-03-07 13:59:07,476] [INFO] [30133] Received COMMIT: id:1741323542381, from:30013, delay:0.0000s, distance:135.23m (Euclidean)
[2025-03-07 13:59:07,476] [INFO] [30133] Received PREPARE: id:1741323542381, from:30195, delay:0.0001s, distance:187.67m (Euclidean)
[2025-03-07 13:59:07,479] [INFO] [30133] Received PREPARE: id:1741323542381, from:30092, delay:0.0000s, distance:26.86m (Euclidean)
[2025-03-07 13:59:07,479] [INFO] [30133] Received COMMIT: id:1741323542381, from:30169, delay:0.0002s, distance:278.05m (Euclidean)
[2025-03-07 13:59:07,479] [INFO] [30133] Received PREPARE: id:1741323542381, from:30028, delay:0.0002s, distance:267.95m (Euclidean)
[2025-03-07 13:59:07,479] [INFO] [30133] Received PREPARE: id:1741323542381, from:30110, delay:0.0000s, distance:183.77m (Euclidean)
[2025-03-07 13:59:07,479] [INFO] [30133] Received PREPARE: id:1741323542381, from:30106, delay:0.0001s, distance:173.52m (Euclidean)
[2025-03-07 13:59:07,479] [INFO] [30133] Received PREPARE: id:1741323542381, from:30118, delay:0.0000s, distance:122.97m (Euclidean)
[2025-03-07 13:59:07,638] [INFO] [30133] Received COMMIT: id:1741323542381, from:30060, delay:0.0000s, distance:131.41m (Euclidean)
[2025-03-07 13:59:07,638] [INFO] [30133] Received PREPARE: id:1741323542381, from:30182, delay:0.0001s, distance:218.36m (Euclidean)
[2025-03-07 13:59:07,638] [INFO] [30133] Received COMMIT: id:1741323542381, from:30090, delay:0.0001s, distance:202.77m (Euclidean)
[2025-03-07 13:59:07,638] [INFO] [30133] Received COMMIT: id:1741323542381, from:30110, delay:0.0000s, distance:183.77m (Euclidean)
[2025-03-07 13:59:07,638] [INFO] [30133] Received COMMIT: id:1741323542381, from:30126, delay:0.0001s, distance:229.82m (Euclidean)
[2025-03-07 13:59:07,638] [INFO] [30133] Received COMMIT: id:1741323542381, from:30106, delay:0.0001s, distance:173.52m (Euclidean)
[2025-03-07 13:59:07,777] [INFO] [30133] Received PREPARE: id:1741323542381, from:30076, delay:0.0001s, distance:212.88m (Euclidean)
[2025-03-07 13:59:07,777] [INFO] [30133] Received PREPARE: id:1741323542381, from:30023, delay:0.0002s, distance:252.30m (Euclidean)
[2025-03-07 13:59:07,777] [INFO] [30133] Received COMMIT: id:1741323542381, from:30004, delay:0.0001s, distance:205.76m (Euclidean)
[2025-03-07 13:59:07,777] [INFO] [30133] Received PREPARE: id:1741323542381, from:30127, delay:0.0001s, distance:175.91m (Euclidean)
[2025-03-07 13:59:07,777] [INFO] [30133] Received PREPARE: id:1741323542381, from:30089, delay:0.0001s, distance:195.03m (Euclidean)
[2025-03-07 13:59:07,777] [INFO] [30133] Received COMMIT: id:1741323542381, from:30118, delay:0.0000s, distance:122.97m (Euclidean)
[2025-03-07 13:59:07,777] [INFO] [30133] Received COMMIT: id:1741323542381, from:30130, delay:0.0000s, distance:104.54m (Euclidean)
[2025-03-07 13:59:07,777] [INFO] [30133] Received COMMIT: id:1741323542381, from:30180, delay:0.0001s, distance:223.05m (Euclidean)
[2025-03-07 13:59:07,777] [INFO] [30133] Received COMMIT: id:1741323542381, from:30113, delay:0.0000s, distance:98.42m (Euclidean)
[2025-03-07 13:59:07,793] [INFO] [30133] Received PREPARE: id:1741323542381, from:30107, delay:0.0001s, distance:186.19m (Euclidean)
[2025-03-07 13:59:08,056] [INFO] [30133] Received PREPARE: id:1741323542381, from:30074, delay:0.0000s, distance:84.90m (Euclidean)
[2025-03-07 13:59:08,056] [INFO] [30133] Received COMMIT: id:1741323542381, from:30121, delay:0.0000s, distance:127.12m (Euclidean)
[2025-03-07 13:59:08,056] [INFO] [30133] Received PREPARE: id:1741323542381, from:30129, delay:0.0000s, distance:119.49m (Euclidean)
[2025-03-07 13:59:08,058] [INFO] [30133] Received COMMIT: id:1741323542381, from:30023, delay:0.0002s, distance:252.30m (Euclidean)
[2025-03-07 13:59:08,058] [INFO] [30133] Received COMMIT: id:1741323542381, from:30144, delay:0.0001s, distance:165.96m (Euclidean)
[2025-03-07 13:59:08,058] [INFO] [30133] Received COMMIT: id:1741323542381, from:30028, delay:0.0002s, distance:267.95m (Euclidean)
[2025-03-07 13:59:08,058] [INFO] [30133] Received COMMIT: id:1741323542381, from:30065, delay:0.0000s, distance:146.87m (Euclidean)
[2025-03-07 13:59:08,058] [INFO] [30133] Received COMMIT: id:1741323542381, from:30127, delay:0.0001s, distance:175.91m (Euclidean)
[2025-03-07 13:59:08,060] [INFO] [30133] Received COMMIT: id:1741323542381, from:30096, delay:0.0000s, distance:200.26m (Euclidean)
[2025-03-07 13:59:08,060] [INFO] [30133] Received PREPARE: id:1741323542381, from:30109, delay:0.0001s, distance:151.88m (Euclidean)
[2025-03-07 13:59:08,222] [INFO] [30133] Received PREPARE: id:1741323542381, from:30167, delay:0.0002s, distance:257.49m (Euclidean)
[2025-03-07 13:59:08,222] [INFO] [30133] Received PREPARE: id:1741323542381, from:30161, delay:0.0000s, distance:118.28m (Euclidean)
[2025-03-07 13:59:08,222] [INFO] [30133] Received PREPARE: id:1741323542381, from:30062, delay:0.0002s, distance:263.48m (Euclidean)
[2025-03-07 13:59:08,222] [INFO] [30133] Received PREPARE: id:1741323542381, from:30049, delay:0.0000s, distance:176.81m (Euclidean)
[2025-03-07 13:59:08,222] [INFO] [30133] Received PREPARE: id:1741323542381, from:30119, delay:0.0002s, distance:271.47m (Euclidean)
[2025-03-07 13:59:08,299] [INFO] [30133] Received COMMIT: id:1741323542381, from:30092, delay:0.0000s, distance:26.86m (Euclidean)
[2025-03-07 13:59:08,299] [INFO] [30133] Received COMMIT: id:1741323542381, from:30059, delay:0.0001s, distance:178.32m (Euclidean)
[2025-03-07 13:59:08,302] [INFO] [30133] Received COMMIT: id:1741323542381, from:30167, delay:0.0002s, distance:257.49m (Euclidean)
[2025-03-07 13:59:08,302] [INFO] [30133] Received COMMIT: id:1741323542381, from:30129, delay:0.0000s, distance:119.49m (Euclidean)
[2025-03-07 13:59:08,304] [INFO] [30133] Received COMMIT: id:1741323542381, from:30174, delay:0.0001s, distance:206.82m (Euclidean)
[2025-03-07 13:59:08,304] [INFO] [30133] Received COMMIT: id:1741323542381, from:30119, delay:0.0002s, distance:271.47m (Euclidean)
[2025-03-07 13:59:08,304] [INFO] [30133] Received COMMIT: id:1741323542381, from:30062, delay:0.0002s, distance:263.48m (Euclidean)
[2025-03-07 13:59:08,304] [INFO] [30133] Received COMMIT: id:1741323542381, from:30049, delay:0.0000s, distance:176.81m (Euclidean)
[2025-03-07 13:59:08,331] [INFO] [30133] Received PREPARE: id:1741323542381, from:30136, delay:0.0001s, distance:157.90m (Euclidean)
[2025-03-07 13:59:08,331] [INFO] [30133] Received COMMIT: id:1741323542381, from:30100, delay:0.0000s, distance:137.73m (Euclidean)
[2025-03-07 13:59:08,333] [INFO] [30133] Received COMMIT: id:1741323542381, from:30199, delay:0.0000s, distance:105.17m (Euclidean)
[2025-03-07 13:59:08,333] [INFO] [30133] Received PREPARE: id:1741323542381, from:30111, delay:0.0000s, distance:123.47m (Euclidean)
[2025-03-07 13:59:08,362] [INFO] [30133] Received COMMIT: id:1741323542381, from:30107, delay:0.0001s, distance:186.19m (Euclidean)
[2025-03-07 13:59:08,362] [INFO] [30133] Received COMMIT: id:1741323542381, from:30136, delay:0.0001s, distance:157.90m (Euclidean)
[2025-03-07 13:59:08,362] [INFO] [30133] Received COMMIT: id:1741323542381, from:30161, delay:0.0000s, distance:118.28m (Euclidean)
[2025-03-07 13:59:08,362] [INFO] [30133] Received COMMIT: id:1741323542381, from:30089, delay:0.0001s, distance:195.03m (Euclidean)
[2025-03-07 13:59:08,492] [INFO] [30133] Received PREPARE: id:1741323542381, from:30181, delay:0.0001s, distance:188.92m (Euclidean)
[2025-03-07 13:59:08,492] [INFO] [30133] Received PREPARE: id:1741323542381, from:30128, delay:0.0001s, distance:220.99m (Euclidean)
[2025-03-07 13:59:08,492] [INFO] [30133] Received PREPARE: id:1741323542381, from:30177, delay:0.0000s, distance:103.12m (Euclidean)
[2025-03-07 13:59:08,645] [INFO] [30133] Received COMMIT: id:1741323542381, from:30181, delay:0.0001s, distance:188.92m (Euclidean)
[2025-03-07 13:59:08,647] [INFO] [30133] Received COMMIT: id:1741323542381, from:30128, delay:0.0001s, distance:220.99m (Euclidean)
[2025-03-07 13:59:08,647] [INFO] [30133] Received COMMIT: id:1741323542381, from:30046, delay:0.0000s, distance:147.87m (Euclidean)
[2025-03-07 13:59:08,683] [INFO] [30133] Received PREPARE: id:1741323542381, from:30046, delay:0.0000s, distance:147.87m (Euclidean)
[2025-03-07 13:59:08,683] [INFO] [30133] Received COMMIT: id:1741323542381, from:30158, delay:0.0000s, distance:200.52m (Euclidean)
[2025-03-07 13:59:08,697] [INFO] [30133] Received COMMIT: id:1741323542381, from:30074, delay:0.0000s, distance:84.90m (Euclidean)
[2025-03-07 13:59:08,697] [INFO] [30133] Received COMMIT: id:1741323542381, from:30123, delay:0.0002s, distance:256.18m (Euclidean)
[2025-03-07 13:59:08,703] [INFO] [30133] Received COMMIT: id:1741323542381, from:30177, delay:0.0000s, distance:103.12m (Euclidean)
[2025-03-07 13:59:08,743] [INFO] [30133] Received PREPARE: id:1741323542381, from:30043, delay:0.0000s, distance:116.67m (Euclidean)
[2025-03-07 13:59:08,743] [INFO] [30133] Received COMMIT: id:1741323542381, from:30179, delay:0.0002s, distance:271.69m (Euclidean)
[2025-03-07 13:59:08,743] [INFO] [30133] Received PREPARE: id:1741323542381, from:30179, delay:0.0002s, distance:271.69m (Euclidean)
[2025-03-07 13:59:08,743] [INFO] [30133] Received COMMIT: id:1741323542381, from:30111, delay:0.0000s, distance:123.47m (Euclidean)
[2025-03-07 13:59:08,743] [INFO] [30133] Received COMMIT: id:1741323542381, from:30076, delay:0.0001s, distance:212.88m (Euclidean)
[2025-03-07 13:59:08,743] [INFO] [30133] Received COMMIT: id:1741323542381, from:30109, delay:0.0001s, distance:151.88m (Euclidean)
[2025-03-07 13:59:08,808] [INFO] [30133] Received COMMIT: id:1741323542381, from:30043, delay:0.0000s, distance:116.67m (Euclidean)
[2025-03-07 13:59:08,828] [INFO] [30133] Received PREPARE: id:1741323542381, from:30150, delay:0.0000s, distance:152.10m (Euclidean)
[2025-03-07 13:59:09,004] [INFO] [30133] Received COMMIT: id:1741323542381, from:30150, delay:0.0000s, distance:152.10m (Euclidean)
[2025-03-07 13:59:09,020] [INFO] [30133] Received PREPARE: id:1741323542381, from:30098, delay:0.0001s, distance:177.95m (Euclidean)
[2025-03-07 13:59:09,020] [INFO] [30133] Received PREPARE: id:1741323542381, from:30171, delay:0.0000s, distance:105.36m (Euclidean)
[2025-03-07 13:59:09,033] [INFO] [30133] Received COMMIT: id:1741323542381, from:30098, delay:0.0001s, distance:177.95m (Euclidean)
[2025-03-07 13:59:09,033] [INFO] [30133] Received COMMIT: id:1741323542381, from:30171, delay:0.0000s, distance:105.36m (Euclidean)
[2025-03-07 13:59:09,262] [INFO] [30133] Received COMMIT: id:1741323542381, from:30182, delay:0.0001s, distance:218.36m (Euclidean)
[2025-03-07 13:59:09,310] [INFO] [30133] Received PREPARE: id:1741323542381, from:30108, delay:0.0000s, distance:148.18m (Euclidean)
[2025-03-07 13:59:09,310] [INFO] [30133] Received COMMIT: id:1741323542381, from:30108, delay:0.0000s, distance:148.18m (Euclidean)
[2025-03-07 13:59:09,386] [INFO] [30133] Received PREPARE: id:1741323542381, from:30027, delay:0.0001s, distance:236.54m (Euclidean)
[2025-03-07 13:59:09,388] [INFO] [30133] Received COMMIT: id:1741323542381, from:30027, delay:0.0001s, distance:236.54m (Euclidean)
[2025-03-07 13:59:09,527] [INFO] [30133] Received PREPARE: id:1741323542381, from:30124, delay:0.0001s, distance:212.55m (Euclidean)
[2025-03-07 13:59:09,527] [INFO] [30133] Received COMMIT: id:1741323542381, from:30124, delay:0.0001s, distance:212.55m (Euclidean)
[2025-03-07 13:59:09,594] [INFO] [30133] Received PREPARE: id:1741323542381, from:30066, delay:0.0000s, distance:136.94m (Euclidean)
[2025-03-07 13:59:09,594] [INFO] [30133] Received COMMIT: id:1741323542381, from:30066, delay:0.0000s, distance:136.94m (Euclidean)
[2025-03-07 13:59:09,811] [INFO] [30133] Received PREPARE: id:1741323542381, from:30070, delay:0.0000s, distance:123.61m (Euclidean)
[2025-03-07 13:59:09,811] [INFO] [30133] Received COMMIT: id:1741323542381, from:30070, delay:0.0000s, distance:123.61m (Euclidean)
[2025-03-07 13:59:09,998] [INFO] [30133] Received PREPARE: id:1741323542381, from:30015, delay:0.0000s, distance:105.76m (Euclidean)
[2025-03-07 13:59:09,998] [INFO] [30133] Received COMMIT: id:1741323542381, from:30015, delay:0.0000s, distance:105.76m (Euclidean)
[2025-03-07 13:59:10,178] [INFO] [30133] Received PREPARE: id:1741323542381, from:30056, delay:0.0001s, distance:229.17m (Euclidean)
[2025-03-07 13:59:10,178] [INFO] [30133] Received COMMIT: id:1741323542381, from:30056, delay:0.0001s, distance:229.17m (Euclidean)
[2025-03-07 13:59:10,202] [INFO] [30133] Received PREPARE: id:1741323542381, from:30191, delay:0.0001s, distance:168.87m (Euclidean)
[2025-03-07 13:59:10,202] [INFO] [30133] Received COMMIT: id:1741323542381, from:30191, delay:0.0001s, distance:168.87m (Euclidean)
[2025-03-07 13:59:10,241] [INFO] [30133] Received PREPARE: id:1741323542381, from:30041, delay:0.0000s, distance:142.93m (Euclidean)
[2025-03-07 13:59:10,241] [INFO] [30133] Received COMMIT: id:1741323542381, from:30041, delay:0.0000s, distance:142.93m (Euclidean)
[2025-03-07 13:59:10,288] [INFO] [30133] Received PREPARE: id:1741323542381, from:30154, delay:0.0000s, distance:93.30m (Euclidean)
[2025-03-07 13:59:10,288] [INFO] [30133] Received COMMIT: id:1741323542381, from:30154, delay:0.0000s, distance:93.30m (Euclidean)
[2025-03-07 13:59:10,325] [INFO] [30133] Received PREPARE: id:1741323542381, from:30053, delay:0.0000s, distance:192.92m (Euclidean)
[2025-03-07 13:59:10,327] [INFO] [30133] Received COMMIT: id:1741323542381, from:30053, delay:0.0000s, distance:192.92m (Euclidean)
[2025-03-07 13:59:10,467] [INFO] [30133] Received PREPARE: id:1741323542381, from:30176, delay:0.0000s, distance:151.58m (Euclidean)
[2025-03-07 13:59:10,467] [INFO] [30133] Received COMMIT: id:1741323542381, from:30176, delay:0.0000s, distance:151.58m (Euclidean)
[2025-03-07 13:59:10,569] [INFO] [30133] Received PREPARE: id:1741323542381, from:30170, delay:0.0000s, distance:163.56m (Euclidean)
[2025-03-07 13:59:10,574] [INFO] [30133] Received COMMIT: id:1741323542381, from:30170, delay:0.0000s, distance:163.56m (Euclidean)
[2025-03-07 13:59:10,717] [INFO] [30133] Received PREPARE: id:1741323542381, from:30149, delay:0.0001s, distance:212.29m (Euclidean)
[2025-03-07 13:59:10,732] [INFO] [30133] Received COMMIT: id:1741323542381, from:30149, delay:0.0001s, distance:212.29m (Euclidean)
[2025-03-07 13:59:10,785] [INFO] [30133] Received PREPARE: id:1741323542381, from:30051, delay:0.0000s, distance:120.17m (Euclidean)
[2025-03-07 13:59:10,787] [INFO] [30133] Received COMMIT: id:1741323542381, from:30051, delay:0.0000s, distance:120.17m (Euclidean)
[2025-03-07 13:59:10,891] [INFO] [30133] Received PREPARE: id:1741323542381, from:30112, delay:0.0001s, distance:226.20m (Euclidean)
[2025-03-07 13:59:10,893] [INFO] [30133] Received COMMIT: id:1741323542381, from:30112, delay:0.0001s, distance:226.20m (Euclidean)
[2025-03-07 13:59:11,254] [INFO] [30133] Received PREPARE: id:1741323542381, from:30175, delay:0.0001s, distance:202.53m (Euclidean)
[2025-03-07 13:59:11,254] [INFO] [30133] Received COMMIT: id:1741323542381, from:30175, delay:0.0001s, distance:202.53m (Euclidean)
[2025-03-07 13:59:11,671] [INFO] [30133] Received PREPARE: id:1741323542381, from:30063, delay:0.0000s, distance:92.60m (Euclidean)
[2025-03-07 13:59:11,680] [INFO] [30133] Received COMMIT: id:1741323542381, from:30063, delay:0.0000s, distance:92.60m (Euclidean)
[2025-03-07 13:59:11,917] [INFO] [30133] Received PREPARE: id:1741323542381, from:30178, delay:0.0000s, distance:199.14m (Euclidean)
[2025-03-07 13:59:11,917] [INFO] [30133] Received COMMIT: id:1741323542381, from:30178, delay:0.0000s, distance:199.14m (Euclidean)
[2025-03-07 13:59:12,025] [INFO] [30133] Received PREPARE: id:1741323542381, from:30048, delay:0.0000s, distance:155.78m (Euclidean)
[2025-03-07 13:59:12,027] [INFO] [30133] Received COMMIT: id:1741323542381, from:30048, delay:0.0000s, distance:155.78m (Euclidean)
[2025-03-07 13:59:12,050] [INFO] [30133] Received PREPARE: id:1741323542381, from:30035, delay:0.0001s, distance:199.72m (Euclidean)
[2025-03-07 13:59:12,050] [INFO] [30133] Received COMMIT: id:1741323542381, from:30035, delay:0.0001s, distance:199.72m (Euclidean)
[2025-03-07 13:59:12,073] [INFO] [30133] Received PREPARE: id:1741323542381, from:30120, delay:0.0001s, distance:221.93m (Euclidean)
[2025-03-07 13:59:12,075] [INFO] [30133] Received COMMIT: id:1741323542381, from:30120, delay:0.0001s, distance:221.93m (Euclidean)
[2025-03-07 13:59:12,205] [INFO] [30133] Received PREPARE: id:1741323542381, from:30021, delay:0.0000s, distance:169.40m (Euclidean)
[2025-03-07 13:59:12,207] [INFO] [30133] Received COMMIT: id:1741323542381, from:30021, delay:0.0000s, distance:169.40m (Euclidean)
[2025-03-07 13:59:12,255] [INFO] [30133] Received PREPARE: id:1741323542381, from:30054, delay:0.0002s, distance:255.40m (Euclidean)
[2025-03-07 13:59:12,261] [INFO] [30133] Received COMMIT: id:1741323542381, from:30054, delay:0.0002s, distance:255.40m (Euclidean)
[2025-03-07 13:59:12,381] [INFO] [30133] Received PREPARE: id:1741323542381, from:30020, delay:0.0001s, distance:231.97m (Euclidean)
[2025-03-07 13:59:12,381] [INFO] [30133] Received COMMIT: id:1741323542381, from:30020, delay:0.0001s, distance:231.97m (Euclidean)
[2025-03-07 13:59:12,470] [INFO] [30133] Received PREPARE: id:1741323542381, from:30040, delay:0.0002s, distance:262.23m (Euclidean)
[2025-03-07 13:59:12,470] [INFO] [30133] Received COMMIT: id:1741323542381, from:30040, delay:0.0002s, distance:262.23m (Euclidean)
[2025-03-07 13:59:12,484] [INFO] [30133] Received PREPARE: id:1741323542381, from:30103, delay:0.0000s, distance:144.45m (Euclidean)
[2025-03-07 13:59:12,484] [INFO] [30133] Received COMMIT: id:1741323542381, from:30103, delay:0.0000s, distance:144.45m (Euclidean)
[2025-03-07 13:59:12,627] [INFO] [30133] Received PREPARE: id:1741323542381, from:30085, delay:0.0000s, distance:159.37m (Euclidean)
[2025-03-07 13:59:12,627] [INFO] [30133] Received COMMIT: id:1741323542381, from:30085, delay:0.0000s, distance:159.37m (Euclidean)
[2025-03-07 13:59:12,678] [INFO] [30133] Received PREPARE: id:1741323542381, from:30024, delay:0.0001s, distance:170.32m (Euclidean)
[2025-03-07 13:59:12,678] [INFO] [30133] Received COMMIT: id:1741323542381, from:30024, delay:0.0001s, distance:170.32m (Euclidean)
[2025-03-07 13:59:12,681] [INFO] [30133] Received COMMIT: id:1741323542381, from:30000, delay:0.0000s, distance:87.09m (Euclidean)
[2025-03-07 13:59:12,840] [INFO] [30133] Received PREPARE: id:1741323542381, from:30173, delay:0.0000s, distance:299.94m (Euclidean)
[2025-03-07 13:59:13,057] [INFO] [30133] Received PREPARE: id:1741323542381, from:30011, delay:0.0000s, distance:138.30m (Euclidean)
[2025-03-07 13:59:13,057] [INFO] [30133] Received COMMIT: id:1741323542381, from:30011, delay:0.0000s, distance:138.30m (Euclidean)
[2025-03-07 13:59:13,490] [INFO] [30133] Received PREPARE: id:1741323542381, from:30086, delay:0.0001s, distance:242.19m (Euclidean)
[2025-03-07 13:59:13,490] [INFO] [30133] Received COMMIT: id:1741323542381, from:30086, delay:0.0001s, distance:242.19m (Euclidean)
[2025-03-07 13:59:14,096] [INFO] [30133] Received PREPARE: id:1741323542381, from:30162, delay:0.0000s, distance:200.59m (Euclidean)
[2025-03-07 13:59:15,337] [INFO] [30133] Received PREPARE: id:1741323542381, from:30061, delay:0.0001s, distance:246.51m (Euclidean)
[2025-03-07 13:59:15,337] [INFO] [30133] Received COMMIT: id:1741323542381, from:30061, delay:0.0001s, distance:246.51m (Euclidean)
[2025-03-07 13:59:15,452] [INFO] [30133] Received PREPARE: id:1741323542381, from:30088, delay:0.0001s, distance:198.33m (Euclidean)
[2025-03-07 13:59:15,454] [INFO] [30133] Received COMMIT: id:1741323542381, from:30088, delay:0.0001s, distance:198.33m (Euclidean)
[2025-03-07 13:59:15,454] [INFO] [30133] Received PREPARE: id:1741323542381, from:30016, delay:0.0001s, distance:179.25m (Euclidean)
[2025-03-07 13:59:15,729] [INFO] [30133] Received COMMIT: id:1741323542381, from:30162, delay:0.0000s, distance:200.59m (Euclidean)
[2025-03-07 13:59:15,881] [INFO] [30133] Received PREPARE: id:1741323542381, from:30194, delay:0.0001s, distance:242.73m (Euclidean)
[2025-03-07 13:59:15,917] [INFO] [30133] Received COMMIT: id:1741323542381, from:30016, delay:0.0001s, distance:179.25m (Euclidean)
[2025-03-07 13:59:15,943] [INFO] [30133] Received COMMIT: id:1741323542381, from:30194, delay:0.0001s, distance:242.73m (Euclidean)
[2025-03-07 13:59:16,306] [INFO] [30133] Received PREPARE: id:1741323542381, from:30132, delay:0.0002s, distance:271.95m (Euclidean)
[2025-03-07 13:59:16,634] [INFO] [30133] Received PREPARE: id:1741323542381, from:30006, delay:0.0002s, distance:277.06m (Euclidean)
[2025-03-07 13:59:16,634] [INFO] [30133] Received PREPARE: id:1741323542381, from:30165, delay:0.0002s, distance:270.07m (Euclidean)
[2025-03-07 13:59:16,634] [INFO] [30133] Received COMMIT: id:1741323542381, from:30006, delay:0.0002s, distance:277.06m (Euclidean)
[2025-03-07 13:59:16,636] [INFO] [30133] Received COMMIT: id:1741323542381, from:30165, delay:0.0002s, distance:270.07m (Euclidean)
[2025-03-07 13:59:16,711] [INFO] [30133] Received PREPARE: id:1741323542381, from:30145, delay:0.0001s, distance:231.02m (Euclidean)
[2025-03-07 13:59:16,731] [INFO] [30133] Received COMMIT: id:1741323542381, from:30145, delay:0.0001s, distance:231.02m (Euclidean)
[2025-03-07 13:59:16,922] [INFO] [30133] Received PREPARE: id:1741323542381, from:30091, delay:0.0002s, distance:251.95m (Euclidean)
[2025-03-07 13:59:16,922] [INFO] [30133] Received COMMIT: id:1741323542381, from:30091, delay:0.0002s, distance:251.95m (Euclidean)
[2025-03-07 13:59:16,954] [INFO] [30133] Received PREPARE: id:1741323542381, from:30125, delay:0.0002s, distance:290.89m (Euclidean)
[2025-03-07 13:59:16,964] [INFO] [30133] Received COMMIT: id:1741323542381, from:30125, delay:0.0002s, distance:290.89m (Euclidean)
[2025-03-07 13:59:17,047] [INFO] [30133] Received COMMIT: id:1741323542381, from:30132, delay:0.0002s, distance:271.95m (Euclidean)
[2025-03-07 13:59:17,458] [INFO] [30133] Received PREPARE: id:1741323542381, from:30003, delay:0.0001s, distance:242.10m (Euclidean)
[2025-03-07 13:59:17,458] [INFO] [30133] Received COMMIT: id:1741323542381, from:30003, delay:0.0001s, distance:242.10m (Euclidean)
[2025-03-07 13:59:17,745] [INFO] [30133] Received PREPARE: id:1741323542381, from:30137, delay:0.0002s, distance:288.20m (Euclidean)
[2025-03-07 13:59:17,745] [INFO] [30133] Received COMMIT: id:1741323542381, from:30137, delay:0.0002s, distance:288.20m (Euclidean)
[2025-03-07 13:59:18,340] [INFO] [30133] Received PREPARE: id:1741323542381, from:30159, delay:0.0001s, distance:245.84m (Euclidean)
[2025-03-07 13:59:18,380] [INFO] [30133] Received COMMIT: id:1741323542381, from:30159, delay:0.0001s, distance:245.84m (Euclidean)
[2025-03-07 13:59:18,404] [INFO] [30133] Received PREPARE: id:1741323542381, from:30001, delay:0.0001s, distance:218.55m (Euclidean)
[2025-03-07 13:59:18,422] [INFO] [30133] Received PREPARE: id:1741323542381, from:30193, delay:0.0002s, distance:298.41m (Euclidean)
[2025-03-07 13:59:18,470] [INFO] [30133] Received COMMIT: id:1741323542381, from:30001, delay:0.0001s, distance:218.55m (Euclidean)
[2025-03-07 13:59:18,470] [INFO] [30133] Received PREPARE: id:1741323542381, from:30197, delay:0.0002s, distance:253.13m (Euclidean)
[2025-03-07 13:59:18,471] [INFO] [30133] Received COMMIT: id:1741323542381, from:30197, delay:0.0002s, distance:253.13m (Euclidean)
[2025-03-07 13:59:18,501] [INFO] [30133] Received COMMIT: id:1741323542381, from:30193, delay:0.0002s, distance:298.41m (Euclidean)
[2025-03-07 13:59:18,756] [INFO] [30133] Received PREPARE: id:1741323542381, from:30134, delay:0.0002s, distance:278.65m (Euclidean)
[2025-03-07 13:59:18,756] [INFO] [30133] Received COMMIT: id:1741323542381, from:30134, delay:0.0002s, distance:278.65m (Euclidean)
[2025-03-07 13:59:18,818] [INFO] [30133] Received PREPARE: id:1741323542381, from:30052, delay:0.0001s, distance:241.83m (Euclidean)
[2025-03-07 13:59:18,819] [INFO] [30133] Received COMMIT: id:1741323542381, from:30052, delay:0.0001s, distance:241.83m (Euclidean)
[2025-03-07 13:59:18,892] [INFO] [30133] Received PREPARE: id:1741323542381, from:30198, delay:0.0001s, distance:157.02m (Euclidean)
[2025-03-07 13:59:18,892] [INFO] [30133] Received COMMIT: id:1741323542381, from:30198, delay:0.0001s, distance:157.02m (Euclidean)
[2025-03-07 13:59:19,088] [INFO] [30133] Received PREPARE: id:1741323542381, from:30143, delay:0.0002s, distance:256.97m (Euclidean)
[2025-03-07 13:59:19,088] [INFO] [30133] Received COMMIT: id:1741323542381, from:30143, delay:0.0002s, distance:256.97m (Euclidean)
[2025-03-07 13:59:19,473] [INFO] [30133] Received PREPARE: id:1741323542381, from:30141, delay:0.0001s, distance:236.30m (Euclidean)
[2025-03-07 13:59:19,789] [INFO] [30133] Received COMMIT: id:1741323542381, from:30141, delay:0.0001s, distance:236.30m (Euclidean)
[2025-03-07 13:59:20,256] [INFO] [30133] Received PREPARE: id:1741323542381, from:30153, delay:0.0001s, distance:239.81m (Euclidean)
[2025-03-07 13:59:20,256] [INFO] [30133] Received COMMIT: id:1741323542381, from:30153, delay:0.0001s, distance:239.81m (Euclidean)
[2025-03-07 13:59:20,420] [INFO] [30133] Received COMMIT: id:1741323542381, from:30173, delay:0.0000s, distance:299.94m (Euclidean)
[2025-03-07 13:59:20,588] [INFO] [30133] Received PREPARE: id:1741323542381, from:30094, delay:0.0001s, distance:219.66m (Euclidean)
[2025-03-07 13:59:20,588] [INFO] [30133] Received COMMIT: id:1741323542381, from:30094, delay:0.0001s, distance:219.66m (Euclidean)
[2025-03-07 13:59:20,596] [INFO] [30133] Received PREPARE: id:1741323542381, from:30131, delay:0.0001s, distance:202.92m (Euclidean)
[2025-03-07 13:59:20,606] [INFO] [30133] Received COMMIT: id:1741323542381, from:30131, delay:0.0001s, distance:202.92m (Euclidean)
[2025-03-07 13:59:20,721] [INFO] [30133] Received PREPARE: id:1741323542381, from:30188, delay:0.0002s, distance:263.91m (Euclidean)
[2025-03-07 13:59:20,721] [INFO] [30133] Received COMMIT: id:1741323542381, from:30188, delay:0.0002s, distance:263.91m (Euclidean)
[2025-03-07 13:59:20,787] [INFO] [30133] Received PREPARE: id:1741323542381, from:30014, delay:0.0002s, distance:250.39m (Euclidean)
[2025-03-07 13:59:20,790] [INFO] [30133] Received COMMIT: id:1741323542381, from:30014, delay:0.0002s, distance:250.39m (Euclidean)
[2025-03-07 13:59:20,831] [INFO] [30133] Received PREPARE: id:1741323542381, from:30083, delay:0.0001s, distance:167.80m (Euclidean)
[2025-03-07 13:59:20,831] [INFO] [30133] Received COMMIT: id:1741323542381, from:30083, delay:0.0001s, distance:167.80m (Euclidean)
[2025-03-07 13:59:20,937] [INFO] [30133] Received PREPARE: id:1741323542381, from:30079, delay:0.0002s, distance:258.34m (Euclidean)
[2025-03-07 13:59:20,937] [INFO] [30133] Received COMMIT: id:1741323542381, from:30079, delay:0.0002s, distance:258.34m (Euclidean)
[2025-03-07 13:59:21,100] [INFO] [30133] Received PREPARE: id:1741323542381, from:30160, delay:0.0002s, distance:278.94m (Euclidean)
[2025-03-07 13:59:21,102] [INFO] [30133] Received COMMIT: id:1741323542381, from:30160, delay:0.0002s, distance:278.94m (Euclidean)
[2025-03-07 13:59:22,030] [INFO] [30133] Received PREPARE: id:1741323542381, from:30122, delay:0.0002s, distance:272.24m (Euclidean)
[2025-03-07 13:59:22,030] [INFO] [30133] Received COMMIT: id:1741323542381, from:30122, delay:0.0002s, distance:272.24m (Euclidean)
[2025-03-07 13:59:22,118] [INFO] [30133] Received PREPARE: id:1741323542381, from:30064, delay:0.0002s, distance:298.03m (Euclidean)
[2025-03-07 13:59:22,118] [INFO] [30133] Received COMMIT: id:1741323542381, from:30064, delay:0.0002s, distance:298.03m (Euclidean)
[2025-03-07 13:59:22,179] [INFO] [30133] Received PREPARE: id:1741323542381, from:30114, delay:0.0002s, distance:277.92m (Euclidean)
[2025-03-07 13:59:22,179] [INFO] [30133] Received COMMIT: id:1741323542381, from:30114, delay:0.0002s, distance:277.92m (Euclidean)
[2025-03-07 13:59:22,307] [INFO] [30133] Received PREPARE: id:1741323542381, from:30009, delay:0.0001s, distance:176.41m (Euclidean)
[2025-03-07 13:59:22,307] [INFO] [30133] Received COMMIT: id:1741323542381, from:30009, delay:0.0001s, distance:176.41m (Euclidean)
[2025-03-07 13:59:22,508] [INFO] [30133] Received PREPARE: id:1741323542381, from:30034, delay:0.0001s, distance:245.54m (Euclidean)
[2025-03-07 13:59:22,508] [INFO] [30133] Received COMMIT: id:1741323542381, from:30034, delay:0.0001s, distance:245.54m (Euclidean)
[2025-03-07 13:59:22,545] [INFO] [30133] Received PREPARE: id:1741323542381, from:30039, delay:0.0002s, distance:292.72m (Euclidean)
[2025-03-07 13:59:22,545] [INFO] [30133] Received COMMIT: id:1741323542381, from:30039, delay:0.0002s, distance:292.72m (Euclidean)
[2025-03-07 13:59:22,698] [INFO] [30133] Received PREPARE: id:1741323542381, from:30139, delay:0.0002s, distance:278.16m (Euclidean)
[2025-03-07 13:59:22,716] [INFO] [30133] Received COMMIT: id:1741323542381, from:30139, delay:0.0002s, distance:278.16m (Euclidean)
[2025-03-07 13:59:22,764] [INFO] [30133] Received PREPARE: id:1741323542381, from:30038, delay:0.0001s, distance:232.31m (Euclidean)
[2025-03-07 13:59:22,766] [INFO] [30133] Received COMMIT: id:1741323542381, from:30038, delay:0.0001s, distance:232.31m (Euclidean)
[2025-03-07 13:59:22,907] [INFO] [30133] Received PREPARE: id:1741323542381, from:30140, delay:0.0002s, distance:258.33m (Euclidean)
[2025-03-07 13:59:22,912] [INFO] [30133] Received COMMIT: id:1741323542381, from:30140, delay:0.0002s, distance:258.33m (Euclidean)
[2025-03-07 13:59:22,940] [INFO] [30133] Received PREPARE: id:1741323542381, from:30142, delay:0.0001s, distance:218.35m (Euclidean)
[2025-03-07 13:59:22,943] [INFO] [30133] Received COMMIT: id:1741323542381, from:30142, delay:0.0001s, distance:218.35m (Euclidean)
[2025-03-07 13:59:23,059] [INFO] [30133] Received PREPARE: id:1741323542381, from:30151, delay:0.0001s, distance:223.58m (Euclidean)
[2025-03-07 13:59:23,061] [INFO] [30133] Received COMMIT: id:1741323542381, from:30151, delay:0.0001s, distance:223.58m (Euclidean)
[2025-03-07 13:59:23,132] [INFO] [30133] Received PREPARE: id:1741323542381, from:30019, delay:0.0001s, distance:222.02m (Euclidean)
[2025-03-07 13:59:23,132] [INFO] [30133] Received COMMIT: id:1741323542381, from:30019, delay:0.0001s, distance:222.02m (Euclidean)
[2025-03-07 13:59:23,318] [INFO] [30133] Received PREPARE: id:1741323542381, from:30008, delay:0.0001s, distance:246.85m (Euclidean)
[2025-03-07 13:59:23,318] [INFO] [30133] Received COMMIT: id:1741323542381, from:30008, delay:0.0001s, distance:246.85m (Euclidean)
[2025-03-07 13:59:23,424] [INFO] [30133] Received PREPARE: id:1741323542381, from:30084, delay:0.0002s, distance:288.73m (Euclidean)
[2025-03-07 13:59:23,448] [INFO] [30133] Received COMMIT: id:1741323542381, from:30084, delay:0.0002s, distance:288.73m (Euclidean)
[2025-03-07 13:59:23,770] [INFO] [30133] Received PREPARE: id:1741323542381, from:30105, delay:0.0001s, distance:224.37m (Euclidean)
[2025-03-07 13:59:23,774] [INFO] [30133] Received COMMIT: id:1741323542381, from:30105, delay:0.0001s, distance:224.37m (Euclidean)
[2025-03-07 13:59:24,126] [INFO] [30133] Received PREPARE: id:1741323542381, from:30081, delay:0.0001s, distance:218.09m (Euclidean)
[2025-03-07 13:59:24,128] [INFO] [30133] Received COMMIT: id:1741323542381, from:30081, delay:0.0001s, distance:218.09m (Euclidean)
[2025-03-07 13:59:24,340] [INFO] [30133] Received PREPARE: id:1741323542381, from:30138, delay:0.0001s, distance:221.02m (Euclidean)
[2025-03-07 13:59:24,340] [INFO] [30133] Received COMMIT: id:1741323542381, from:30138, delay:0.0001s, distance:221.02m (Euclidean)
[2025-03-07 13:59:24,387] [INFO] [30133] Received PREPARE: id:1741323542381, from:30156, delay:0.0001s, distance:248.87m (Euclidean)
[2025-03-07 13:59:24,410] [INFO] [30133] Received COMMIT: id:1741323542381, from:30156, delay:0.0001s, distance:248.87m (Euclidean)
[2025-03-07 13:59:24,453] [INFO] [30133] Received PREPARE: id:1741323542381, from:30073, delay:0.0001s, distance:229.22m (Euclidean)
[2025-03-07 13:59:24,453] [INFO] [30133] Received COMMIT: id:1741323542381, from:30073, delay:0.0001s, distance:229.22m (Euclidean)
[2025-03-07 13:59:24,545] [INFO] [30133] Received PREPARE: id:1741323542381, from:30042, delay:0.0001s, distance:240.81m (Euclidean)
[2025-03-07 13:59:24,545] [INFO] [30133] Received PREPARE: id:1741323542381, from:30068, delay:0.0001s, distance:240.21m (Euclidean)
[2025-03-07 13:59:24,545] [INFO] [30133] Received COMMIT: id:1741323542381, from:30042, delay:0.0001s, distance:240.81m (Euclidean)
[2025-03-07 13:59:24,545] [INFO] [30133] Received COMMIT: id:1741323542381, from:30068, delay:0.0001s, distance:240.21m (Euclidean)
[2025-03-07 13:59:24,592] [INFO] [30133] Received PREPARE: id:1741323542381, from:30055, delay:0.0002s, distance:294.32m (Euclidean)
[2025-03-07 13:59:24,592] [INFO] [30133] Received COMMIT: id:1741323542381, from:30055, delay:0.0002s, distance:294.32m (Euclidean)
[2025-03-07 13:59:24,703] [INFO] [30133] Received PREPARE: id:1741323542381, from:30075, delay:0.0001s, distance:180.86m (Euclidean)
[2025-03-07 13:59:24,750] [INFO] [30133] Received PREPARE: id:1741323542381, from:30022, delay:0.0002s, distance:280.44m (Euclidean)
[2025-03-07 13:59:24,750] [INFO] [30133] Received COMMIT: id:1741323542381, from:30022, delay:0.0002s, distance:280.44m (Euclidean)
[2025-03-07 13:59:25,004] [INFO] [30133] Received PREPARE: id:1741323542381, from:30104, delay:0.0002s, distance:259.83m (Euclidean)
[2025-03-07 13:59:25,004] [INFO] [30133] Received COMMIT: id:1741323542381, from:30104, delay:0.0002s, distance:259.83m (Euclidean)
[2025-03-07 13:59:25,880] [INFO] [30133] Received COMMIT: id:1741323542381, from:30075, delay:0.0001s, distance:180.86m (Euclidean)
[2025-03-07 13:59:25,991] [INFO] [30133] Received PREPARE: id:1741323542381, from:30152, delay:0.0002s, distance:259.78m (Euclidean)
[2025-03-07 13:59:25,991] [INFO] [30133] Received COMMIT: id:1741323542381, from:30152, delay:0.0002s, distance:259.78m (Euclidean)
[2025-03-07 13:59:26,525] [INFO] [30133] Received PREPARE: id:1741323542381, from:30101, delay:0.0001s, distance:233.66m (Euclidean)
[2025-03-07 13:59:26,525] [INFO] [30133] Received COMMIT: id:1741323542381, from:30101, delay:0.0001s, distance:233.66m (Euclidean)
[2025-03-07 13:59:26,785] [INFO] [30133] Received PREPARE: id:1741323542381, from:30166, delay:0.0002s, distance:288.70m (Euclidean)
[2025-03-07 13:59:26,793] [INFO] [30133] Received COMMIT: id:1741323542381, from:30166, delay:0.0002s, distance:288.70m (Euclidean)
[2025-03-07 13:59:27,046] [INFO] [30133] Received PREPARE: id:1741323542381, from:30186, delay:0.0001s, distance:223.37m (Euclidean)
[2025-03-07 13:59:27,046] [INFO] [30133] Received COMMIT: id:1741323542381, from:30186, delay:0.0001s, distance:223.37m (Euclidean)
[2025-03-07 13:59:27,078] [INFO] [30133] Received PREPARE: id:1741323542381, from:30187, delay:0.0002s, distance:288.86m (Euclidean)
[2025-03-07 13:59:27,078] [INFO] [30133] Received COMMIT: id:1741323542381, from:30187, delay:0.0002s, distance:288.86m (Euclidean)
[2025-03-07 13:59:27,315] [INFO] [30133] Received PREPARE: id:1741323542381, from:30017, delay:0.0001s, distance:224.51m (Euclidean)
[2025-03-07 13:59:27,328] [INFO] [30133] Received COMMIT: id:1741323542381, from:30017, delay:0.0001s, distance:224.51m (Euclidean)
[2025-03-07 13:59:27,829] [INFO] [30133] Received PREPARE: id:1741323542381, from:30185, delay:0.0002s, distance:267.39m (Euclidean)
[2025-03-07 13:59:27,932] [INFO] [30133] Received PREPARE: id:1741323542381, from:30082, delay:0.0001s, distance:239.41m (Euclidean)
[2025-03-07 13:59:27,984] [INFO] [30133] Received COMMIT: id:1741323542381, from:30082, delay:0.0001s, distance:239.41m (Euclidean)
[2025-03-07 13:59:28,238] [INFO] [30133] Received PREPARE: id:1741323542381, from:30172, delay:0.0001s, distance:223.39m (Euclidean)
[2025-03-07 13:59:28,269] [INFO] [30133] Received COMMIT: id:1741323542381, from:30172, delay:0.0001s, distance:223.39m (Euclidean)
[2025-03-07 13:59:28,474] [INFO] [30133] Received PREPARE: id:1741323542381, from:30047, delay:0.0002s, distance:275.15m (Euclidean)
[2025-03-07 13:59:28,615] [INFO] [30133] Received PREPARE: id:1741323542381, from:30183, delay:0.0001s, distance:223.32m (Euclidean)
[2025-03-07 13:59:28,619] [INFO] [30133] Received COMMIT: id:1741323542381, from:30183, delay:0.0001s, distance:223.32m (Euclidean)
[2025-03-07 13:59:28,675] [INFO] [30133] Received COMMIT: id:1741323542381, from:30047, delay:0.0002s, distance:275.15m (Euclidean)
[2025-03-07 13:59:28,753] [INFO] [30133] Received PREPARE: id:1741323542381, from:30072, delay:0.0002s, distance:285.13m (Euclidean)
[2025-03-07 13:59:28,810] [INFO] [30133] Received COMMIT: id:1741323542381, from:30072, delay:0.0002s, distance:285.13m (Euclidean)
[2025-03-07 13:59:28,943] [INFO] [30133] Received COMMIT: id:1741323542381, from:30185, delay:0.0002s, distance:267.39m (Euclidean)
[2025-03-07 13:59:28,957] [INFO] [30133] Received PREPARE: id:1741323542381, from:30018, delay:0.0001s, distance:209.67m (Euclidean)
[2025-03-07 13:59:28,988] [INFO] [30133] Received COMMIT: id:1741323542381, from:30018, delay:0.0001s, distance:209.67m (Euclidean)
[2025-03-07 13:59:37,584] [INFO] [30133] Received PREPARE: id:1741323542381, from:30012, delay:0.0002s, distance:260.54m (Euclidean)
[2025-03-07 13:59:37,588] [INFO] [30133] Received COMMIT: id:1741323542381, from:30012, delay:0.0002s, distance:260.54m (Euclidean)
[2025-03-07 13:59:38,117] [INFO] [30133] Received PREPARE: id:1741323542381, from:30002, delay:0.0001s, distance:209.67m (Euclidean)
[2025-03-07 13:59:38,176] [INFO] [30133] Received COMMIT: id:1741323542381, from:30002, delay:0.0001s, distance:209.67m (Euclidean)
[2025-03-07 13:59:38,561] [INFO] [30133] Received PREPARE: id:1741323542381, from:30164, delay:0.0002s, distance:277.01m (Euclidean)
[2025-03-07 13:59:38,633] [INFO] [30133] Received PREPARE: id:1741323542381, from:30078, delay:0.0001s, distance:239.52m (Euclidean)
[2025-03-07 13:59:38,669] [INFO] [30133] Received COMMIT: id:1741323542381, from:30078, delay:0.0001s, distance:239.52m (Euclidean)
[2025-03-07 13:59:38,714] [INFO] [30133] Received COMMIT: id:1741323542381, from:30164, delay:0.0002s, distance:277.01m (Euclidean)
