[2025-03-07 13:55:04,530] [INFO] Starting node at localhost:30183 | index=184 | f=1, k=4 | Role: Replica
[2025-03-07 13:57:50,943] [INFO] Starting node at localhost:30183 | index=184 | f=1, k=4 | Role: Replica
[2025-03-07 13:58:53,375] [INFO] Starting node at localhost:30183 | index=184 | f=1, k=4 | Role: Replica
[2025-03-07 13:59:03,128] [INFO] [30183] Received PREPARE: id:1741323542381, from:30169, delay:0.0000s, distance:200.06m (Euclidean)
[2025-03-07 13:59:03,128] [INFO] [30183] Missing PRE-PREPARE for REQUEST 1741323542381; ignoring PREPARE
[2025-03-07 13:59:03,284] [INFO] [30183] Received COMMIT: id:1741323542381, from:30169, delay:0.0000s, distance:200.06m (Euclidean)
[2025-03-07 13:59:04,177] [INFO] [30183] Received PREPARE: id:1741323542381, from:30157, delay:0.0001s, distance:231.71m (Euclidean)
[2025-03-07 13:59:04,352] [INFO] [30183] Missing PRE-PREPARE for REQUEST 1741323542381; ignoring PREPARE
[2025-03-07 13:59:04,786] [INFO] [30183] Received PREPARE: id:1741323542381, from:30144, delay:0.0001s, distance:180.83m (Euclidean)
[2025-03-07 13:59:04,786] [INFO] [30183] Missing PRE-PREPARE for REQUEST 1741323542381; ignoring PREPARE
[2025-03-07 13:59:04,786] [INFO] [30183] Received COMMIT: id:1741323542381, from:30144, delay:0.0001s, distance:180.83m (Euclidean)
[2025-03-07 13:59:04,971] [INFO] [30183] Received PREPARE: id:1741323542381, from:30154, delay:0.0000s, distance:181.76m (Euclidean)
[2025-03-07 13:59:04,971] [INFO] [30183] Missing PRE-PREPARE for REQUEST 1741323542381; ignoring PREPARE
[2025-03-07 13:59:04,982] [INFO] [30183] Received PREPARE: id:1741323542381, from:30095, delay:0.0000s, distance:105.19m (Euclidean)
[2025-03-07 13:59:04,982] [INFO] [30183] Missing PRE-PREPARE for REQUEST 1741323542381; ignoring PREPARE
[2025-03-07 13:59:04,983] [INFO] [30183] Received COMMIT: id:1741323542381, from:30154, delay:0.0000s, distance:181.76m (Euclidean)
[2025-03-07 13:59:04,984] [INFO] [30183] Received COMMIT: id:1741323542381, from:30095, delay:0.0000s, distance:105.19m (Euclidean)
[2025-03-07 13:59:05,014] [INFO] [30183] Received PREPARE: id:1741323542381, from:30080, delay:0.0000s, distance:143.45m (Euclidean)
[2025-03-07 13:59:05,014] [INFO] [30183] Missing PRE-PREPARE for REQUEST 1741323542381; ignoring PREPARE
[2025-03-07 13:59:05,082] [INFO] [30183] Received PREPARE: id:1741323542381, from:30149, delay:0.0000s, distance:185.10m (Euclidean)
[2025-03-07 13:59:05,082] [INFO] [30183] Missing PRE-PREPARE for REQUEST 1741323542381; ignoring PREPARE
[2025-03-07 13:59:05,082] [INFO] [30183] Received COMMIT: id:1741323542381, from:30149, delay:0.0000s, distance:185.10m (Euclidean)
[2025-03-07 13:59:05,104] [INFO] [30183] Received PREPARE: id:1741323542381, from:30176, delay:0.0001s, distance:210.13m (Euclidean)
[2025-03-07 13:59:05,104] [INFO] [30183] Missing PRE-PREPARE for REQUEST 1741323542381; ignoring PREPARE
[2025-03-07 13:59:05,464] [INFO] [30183] Received COMMIT: id:1741323542381, from:30176, delay:0.0001s, distance:210.13m (Euclidean)
[2025-03-07 13:59:05,480] [INFO] [30183] Received PREPARE: id:1741323542381, from:30170, delay:0.0000s, distance:66.74m (Euclidean)
[2025-03-07 13:59:05,480] [INFO] [30183] Missing PRE-PREPARE for REQUEST 1741323542381; ignoring PREPARE
[2025-03-07 13:59:05,498] [INFO] [30183] Received PREPARE: id:1741323542381, from:30029, delay:0.0001s, distance:209.94m (Euclidean)
[2025-03-07 13:59:05,498] [INFO] [30183] Missing PRE-PREPARE for REQUEST 1741323542381; ignoring PREPARE
[2025-03-07 13:59:05,498] [INFO] [30183] Received COMMIT: id:1741323542381, from:30029, delay:0.0001s, distance:209.94m (Euclidean)
[2025-03-07 13:59:05,545] [INFO] [30183] Received COMMIT: id:1741323542381, from:30157, delay:0.0001s, distance:231.71m (Euclidean)
[2025-03-07 13:59:05,612] [INFO] [30183] Received PREPARE: id:1741323542381, from:30037, delay:0.0000s, distance:137.19m (Euclidean)
[2025-03-07 13:59:05,612] [INFO] [30183] Missing PRE-PREPARE for REQUEST 1741323542381; ignoring PREPARE
[2025-03-07 13:59:05,663] [INFO] [30183] Received COMMIT: id:1741323542381, from:30037, delay:0.0000s, distance:137.19m (Euclidean)
[2025-03-07 13:59:05,818] [INFO] [30183] Received PREPARE: id:1741323542381, from:30015, delay:0.0000s, distance:185.86m (Euclidean)
[2025-03-07 13:59:05,818] [INFO] [30183] Missing PRE-PREPARE for REQUEST 1741323542381; ignoring PREPARE
[2025-03-07 13:59:05,828] [INFO] [30183] Received PREPARE: id:1741323542381, from:30025, delay:0.0001s, distance:162.53m (Euclidean)
[2025-03-07 13:59:05,828] [INFO] [30183] Missing PRE-PREPARE for REQUEST 1741323542381; ignoring PREPARE
[2025-03-07 13:59:05,898] [INFO] [30183] Received PREPARE: id:1741323542381, from:30190, delay:0.0000s, distance:135.53m (Euclidean)
[2025-03-07 13:59:05,898] [INFO] [30183] Missing PRE-PREPARE for REQUEST 1741323542381; ignoring PREPARE
[2025-03-07 13:59:05,900] [INFO] [30183] Received PREPARE: id:1741323542381, from:30057, delay:0.0001s, distance:221.70m (Euclidean)
[2025-03-07 13:59:05,900] [INFO] [30183] Missing PRE-PREPARE for REQUEST 1741323542381; ignoring PREPARE
[2025-03-07 13:59:05,922] [INFO] [30183] Received PREPARE: id:1741323542381, from:30004, delay:0.0000s, distance:135.09m (Euclidean)
[2025-03-07 13:59:05,922] [INFO] [30183] Missing PRE-PREPARE for REQUEST 1741323542381; ignoring PREPARE
[2025-03-07 13:59:05,930] [INFO] [30183] Received PREPARE: id:1741323542381, from:30136, delay:0.0001s, distance:156.96m (Euclidean)
[2025-03-07 13:59:05,930] [INFO] [30183] Missing PRE-PREPARE for REQUEST 1741323542381; ignoring PREPARE
[2025-03-07 13:59:05,930] [INFO] [30183] Received PREPARE: id:1741323542381, from:30070, delay:0.0001s, distance:228.86m (Euclidean)
[2025-03-07 13:59:05,930] [INFO] [30183] Missing PRE-PREPARE for REQUEST 1741323542381; ignoring PREPARE
[2025-03-07 13:59:05,977] [INFO] [30183] Received PREPARE: id:1741323542381, from:30011, delay:0.0000s, distance:87.25m (Euclidean)
[2025-03-07 13:59:05,977] [INFO] [30183] Missing PRE-PREPARE for REQUEST 1741323542381; ignoring PREPARE
[2025-03-07 13:59:06,136] [INFO] [30183] Received COMMIT: id:1741323542381, from:30015, delay:0.0000s, distance:185.86m (Euclidean)
[2025-03-07 13:59:06,148] [INFO] [30183] Received PREPARE: id:1741323542381, from:30005, delay:0.0001s, distance:243.95m (Euclidean)
[2025-03-07 13:59:06,148] [INFO] [30183] Missing PRE-PREPARE for REQUEST 1741323542381; ignoring PREPARE
[2025-03-07 13:59:06,246] [INFO] [30183] Received PREPARE: id:1741323542381, from:30027, delay:0.0002s, distance:285.81m (Euclidean)
[2025-03-07 13:59:06,246] [INFO] [30183] Missing PRE-PREPARE for REQUEST 1741323542381; ignoring PREPARE
[2025-03-07 13:59:06,310] [INFO] [30183] Received COMMIT: id:1741323542381, from:30005, delay:0.0001s, distance:243.95m (Euclidean)
[2025-03-07 13:59:06,331] [INFO] [30183] Received COMMIT: id:1741323542381, from:30190, delay:0.0000s, distance:135.53m (Euclidean)
[2025-03-07 13:59:06,343] [INFO] [30183] Received COMMIT: id:1741323542381, from:30136, delay:0.0001s, distance:156.96m (Euclidean)
[2025-03-07 13:59:06,359] [INFO] [30183] Received COMMIT: id:1741323542381, from:30027, delay:0.0002s, distance:285.81m (Euclidean)
[2025-03-07 13:59:06,420] [INFO] [30183] Received PREPARE: id:1741323542381, from:30147, delay:0.0000s, distance:137.43m (Euclidean)
[2025-03-07 13:59:06,420] [INFO] [30183] Missing PRE-PREPARE for REQUEST 1741323542381; ignoring PREPARE
[2025-03-07 13:59:06,433] [INFO] [30183] Received PREPARE: id:1741323542381, from:30133, delay:0.0001s, distance:223.32m (Euclidean)
[2025-03-07 13:59:06,433] [INFO] [30183] Missing PRE-PREPARE for REQUEST 1741323542381; ignoring PREPARE
[2025-03-07 13:59:06,452] [INFO] [30183] Received COMMIT: id:1741323542381, from:30147, delay:0.0000s, distance:137.43m (Euclidean)
[2025-03-07 13:59:06,480] [INFO] [30183] Received PREPARE: id:1741323542381, from:30181, delay:0.0001s, distance:248.24m (Euclidean)
[2025-03-07 13:59:06,480] [INFO] [30183] Missing PRE-PREPARE for REQUEST 1741323542381; ignoring PREPARE
[2025-03-07 13:59:06,496] [INFO] [30183] Received COMMIT: id:1741323542381, from:30025, delay:0.0001s, distance:162.53m (Euclidean)
[2025-03-07 13:59:06,511] [INFO] [30183] Received PREPARE: id:1741323542381, from:30056, delay:0.0000s, distance:66.60m (Euclidean)
[2025-03-07 13:59:06,511] [INFO] [30183] Missing PRE-PREPARE for REQUEST 1741323542381; ignoring PREPARE
[2025-03-07 13:59:06,521] [INFO] [30183] Received COMMIT: id:1741323542381, from:30004, delay:0.0000s, distance:135.09m (Euclidean)
[2025-03-07 13:59:06,542] [INFO] [30183] Received PREPARE: id:1741323542381, from:30171, delay:0.0001s, distance:221.29m (Euclidean)
[2025-03-07 13:59:06,542] [INFO] [30183] Missing PRE-PREPARE for REQUEST 1741323542381; ignoring PREPARE
[2025-03-07 13:59:06,588] [INFO] [30183] Received PREPARE: id:1741323542381, from:30053, delay:0.0000s, distance:197.89m (Euclidean)
[2025-03-07 13:59:06,588] [INFO] [30183] Missing PRE-PREPARE for REQUEST 1741323542381; ignoring PREPARE
[2025-03-07 13:59:06,610] [INFO] [30183] Received PREPARE: id:1741323542381, from:30115, delay:0.0001s, distance:229.64m (Euclidean)
[2025-03-07 13:59:06,610] [INFO] [30183] Missing PRE-PREPARE for REQUEST 1741323542381; ignoring PREPARE
[2025-03-07 13:59:06,621] [INFO] [30183] Received PREPARE: id:1741323542381, from:30092, delay:0.0001s, distance:204.08m (Euclidean)
[2025-03-07 13:59:06,621] [INFO] [30183] Missing PRE-PREPARE for REQUEST 1741323542381; ignoring PREPARE
[2025-03-07 13:59:06,722] [INFO] [30183] Received COMMIT: id:1741323542381, from:30070, delay:0.0001s, distance:228.86m (Euclidean)
[2025-03-07 13:59:06,722] [INFO] [30183] Received COMMIT: id:1741323542381, from:30011, delay:0.0000s, distance:87.25m (Euclidean)
[2025-03-07 13:59:06,739] [INFO] [30183] Received PREPARE: id:1741323542381, from:30107, delay:0.0001s, distance:184.88m (Euclidean)
[2025-03-07 13:59:06,739] [INFO] [30183] Missing PRE-PREPARE for REQUEST 1741323542381; ignoring PREPARE
[2025-03-07 13:59:06,751] [INFO] [30183] Received PREPARE: id:1741323542381, from:30196, delay:0.0001s, distance:167.54m (Euclidean)
[2025-03-07 13:59:06,751] [INFO] [30183] Missing PRE-PREPARE for REQUEST 1741323542381; ignoring PREPARE
[2025-03-07 13:59:06,789] [INFO] [30183] Received COMMIT: id:1741323542381, from:30080, delay:0.0000s, distance:143.45m (Euclidean)
[2025-03-07 13:59:06,791] [INFO] [30183] Received PREPARE: id:1741323542381, from:30051, delay:0.0002s, distance:259.67m (Euclidean)
[2025-03-07 13:59:06,791] [INFO] [30183] Missing PRE-PREPARE for REQUEST 1741323542381; ignoring PREPARE
[2025-03-07 13:59:06,791] [INFO] [30183] Received COMMIT: id:1741323542381, from:30171, delay:0.0001s, distance:221.29m (Euclidean)
[2025-03-07 13:59:06,797] [INFO] [30183] Received COMMIT: id:1741323542381, from:30196, delay:0.0001s, distance:167.54m (Euclidean)
[2025-03-07 13:59:06,862] [INFO] [30183] Received PREPARE: id:1741323542381, from:30167, delay:0.0001s, distance:197.62m (Euclidean)
[2025-03-07 13:59:06,862] [INFO] [30183] Missing PRE-PREPARE for REQUEST 1741323542381; ignoring PREPARE
[2025-03-07 13:59:06,934] [INFO] [30183] Received PREPARE: id:1741323542381, from:30085, delay:0.0000s, distance:119.93m (Euclidean)
[2025-03-07 13:59:06,934] [INFO] [30183] Missing PRE-PREPARE for REQUEST 1741323542381; ignoring PREPARE
[2025-03-07 13:59:06,934] [INFO] [30183] Received COMMIT: id:1741323542381, from:30085, delay:0.0000s, distance:119.93m (Euclidean)
[2025-03-07 13:59:06,947] [INFO] [30183] Received COMMIT: id:1741323542381, from:30053, delay:0.0000s, distance:197.89m (Euclidean)
[2025-03-07 13:59:06,953] [INFO] [30183] Received COMMIT: id:1741323542381, from:30115, delay:0.0001s, distance:229.64m (Euclidean)
[2025-03-07 13:59:06,957] [INFO] [30183] Received PREPARE: id:1741323542381, from:30130, delay:0.0001s, distance:248.40m (Euclidean)
[2025-03-07 13:59:06,957] [INFO] [30183] Missing PRE-PREPARE for REQUEST 1741323542381; ignoring PREPARE
[2025-03-07 13:59:06,977] [INFO] [30183] Received PREPARE: id:1741323542381, from:30062, delay:0.0001s, distance:174.68m (Euclidean)
[2025-03-07 13:59:06,977] [INFO] [30183] Missing PRE-PREPARE for REQUEST 1741323542381; ignoring PREPARE
[2025-03-07 13:59:06,995] [INFO] [30183] Received COMMIT: id:1741323542381, from:30092, delay:0.0001s, distance:204.08m (Euclidean)
[2025-03-07 13:59:07,030] [INFO] [30183] Received COMMIT: id:1741323542381, from:30167, delay:0.0001s, distance:197.62m (Euclidean)
[2025-03-07 13:59:07,067] [INFO] [30183] Received PREPARE: id:1741323542381, from:30066, delay:0.0000s, distance:110.88m (Euclidean)
[2025-03-07 13:59:07,069] [INFO] [30183] Missing PRE-PREPARE for REQUEST 1741323542381; ignoring PREPARE
[2025-03-07 13:59:07,069] [INFO] [30183] Received PREPARE: id:1741323542381, from:30063, delay:0.0000s, distance:138.01m (Euclidean)
[2025-03-07 13:59:07,069] [INFO] [30183] Missing PRE-PREPARE for REQUEST 1741323542381; ignoring PREPARE
[2025-03-07 13:59:07,069] [INFO] [30183] Received COMMIT: id:1741323542381, from:30063, delay:0.0000s, distance:138.01m (Euclidean)
[2025-03-07 13:59:07,107] [INFO] [30183] Received COMMIT: id:1741323542381, from:30056, delay:0.0000s, distance:66.60m (Euclidean)
[2025-03-07 13:59:07,134] [INFO] [30183] Received COMMIT: id:1741323542381, from:30066, delay:0.0000s, distance:110.88m (Euclidean)
[2025-03-07 13:59:07,140] [INFO] [30183] Received COMMIT: id:1741323542381, from:30062, delay:0.0001s, distance:174.68m (Euclidean)
[2025-03-07 13:59:07,194] [INFO] [30183] Received PREPARE: id:1741323542381, from:30180, delay:0.0001s, distance:182.37m (Euclidean)
[2025-03-07 13:59:07,200] [INFO] [30183] Missing PRE-PREPARE for REQUEST 1741323542381; ignoring PREPARE
[2025-03-07 13:59:07,237] [INFO] [30183] Received PREPARE: id:1741323542381, from:30127, delay:0.0001s, distance:235.03m (Euclidean)
[2025-03-07 13:59:07,237] [INFO] [30183] Missing PRE-PREPARE for REQUEST 1741323542381; ignoring PREPARE
[2025-03-07 13:59:07,282] [INFO] [30183] Received PREPARE: id:1741323542381, from:30178, delay:0.0000s, distance:157.94m (Euclidean)
[2025-03-07 13:59:07,282] [INFO] [30183] Missing PRE-PREPARE for REQUEST 1741323542381; ignoring PREPARE
[2025-03-07 13:59:07,297] [INFO] [30183] Received PREPARE: id:1741323542381, from:30150, delay:0.0000s, distance:81.22m (Euclidean)
[2025-03-07 13:59:07,297] [INFO] [30183] Missing PRE-PREPARE for REQUEST 1741323542381; ignoring PREPARE
[2025-03-07 13:59:07,400] [INFO] [30183] Received PREPARE: id:1741323542381, from:30129, delay:0.0000s, distance:199.59m (Euclidean)
[2025-03-07 13:59:07,400] [INFO] [30183] Missing PRE-PREPARE for REQUEST 1741323542381; ignoring PREPARE
[2025-03-07 13:59:07,479] [INFO] [30183] Received PREPARE: id:1741323542381, from:30120, delay:0.0001s, distance:195.92m (Euclidean)
[2025-03-07 13:59:07,479] [INFO] [30183] Missing PRE-PREPARE for REQUEST 1741323542381; ignoring PREPARE
[2025-03-07 13:59:07,479] [INFO] [30183] Received COMMIT: id:1741323542381, from:30127, delay:0.0001s, distance:235.03m (Euclidean)
[2025-03-07 13:59:07,479] [INFO] [30183] Received COMMIT: id:1741323542381, from:30051, delay:0.0002s, distance:259.67m (Euclidean)
[2025-03-07 13:59:07,516] [INFO] [30183] Received PREPARE: id:1741323542381, from:30168, delay:0.0002s, distance:283.46m (Euclidean)
[2025-03-07 13:59:07,516] [INFO] [30183] Missing PRE-PREPARE for REQUEST 1741323542381; ignoring PREPARE
[2025-03-07 13:59:07,528] [INFO] [30183] Received COMMIT: id:1741323542381, from:30107, delay:0.0001s, distance:184.88m (Euclidean)
[2025-03-07 13:59:07,549] [INFO] [30183] Received COMMIT: id:1741323542381, from:30170, delay:0.0000s, distance:66.74m (Euclidean)
[2025-03-07 13:59:07,575] [INFO] [30183] Received COMMIT: id:1741323542381, from:30180, delay:0.0001s, distance:182.37m (Euclidean)
[2025-03-07 13:59:07,636] [INFO] [30183] Received PREPARE: id:1741323542381, from:30119, delay:0.0001s, distance:229.28m (Euclidean)
[2025-03-07 13:59:07,636] [INFO] [30183] Missing PRE-PREPARE for REQUEST 1741323542381; ignoring PREPARE
[2025-03-07 13:59:07,652] [INFO] [30183] Received COMMIT: id:1741323542381, from:30129, delay:0.0000s, distance:199.59m (Euclidean)
[2025-03-07 13:59:07,652] [INFO] [30183] Received COMMIT: id:1741323542381, from:30178, delay:0.0000s, distance:157.94m (Euclidean)
[2025-03-07 13:59:07,741] [INFO] [30183] Received COMMIT: id:1741323542381, from:30120, delay:0.0001s, distance:195.92m (Euclidean)
[2025-03-07 13:59:07,819] [INFO] [30183] Received PREPARE: id:1741323542381, from:30040, delay:0.0002s, distance:256.45m (Euclidean)
[2025-03-07 13:59:07,819] [INFO] [30183] Missing PRE-PREPARE for REQUEST 1741323542381; ignoring PREPARE
[2025-03-07 13:59:07,857] [INFO] [30183] Received PREPARE: id:1741323542381, from:30123, delay:0.0001s, distance:237.10m (Euclidean)
[2025-03-07 13:59:07,857] [INFO] [30183] Missing PRE-PREPARE for REQUEST 1741323542381; ignoring PREPARE
[2025-03-07 13:59:07,904] [INFO] [30183] Received COMMIT: id:1741323542381, from:30040, delay:0.0002s, distance:256.45m (Euclidean)
[2025-03-07 13:59:07,935] [INFO] [30183] Received PREPARE: id:1741323542381, from:30191, delay:0.0001s, distance:231.19m (Euclidean)
[2025-03-07 13:59:07,935] [INFO] [30183] Missing PRE-PREPARE for REQUEST 1741323542381; ignoring PREPARE
[2025-03-07 13:59:07,947] [INFO] [30183] Received COMMIT: id:1741323542381, from:30130, delay:0.0001s, distance:248.40m (Euclidean)
[2025-03-07 13:59:07,987] [INFO] [30183] Received COMMIT: id:1741323542381, from:30168, delay:0.0002s, distance:283.46m (Euclidean)
[2025-03-07 13:59:08,027] [INFO] [30183] Received PREPARE: id:1741323542381, from:30089, delay:0.0001s, distance:244.05m (Euclidean)
[2025-03-07 13:59:08,027] [INFO] [30183] Missing PRE-PREPARE for REQUEST 1741323542381; ignoring PREPARE
[2025-03-07 13:59:08,027] [INFO] [30183] Received COMMIT: id:1741323542381, from:30057, delay:0.0001s, distance:221.70m (Euclidean)
[2025-03-07 13:59:08,030] [INFO] [30183] Received PREPARE: id:1741323542381, from:30155, delay:0.0001s, distance:201.54m (Euclidean)
[2025-03-07 13:59:08,030] [INFO] [30183] Missing PRE-PREPARE for REQUEST 1741323542381; ignoring PREPARE
[2025-03-07 13:59:08,030] [INFO] [30183] Received COMMIT: id:1741323542381, from:30089, delay:0.0001s, distance:244.05m (Euclidean)
[2025-03-07 13:59:08,048] [INFO] [30183] Received COMMIT: id:1741323542381, from:30155, delay:0.0001s, distance:201.54m (Euclidean)
[2025-03-07 13:59:08,048] [INFO] [30183] Received COMMIT: id:1741323542381, from:30133, delay:0.0001s, distance:223.32m (Euclidean)
[2025-03-07 13:59:08,105] [INFO] [30183] Received PREPARE: id:1741323542381, from:30177, delay:0.0001s, distance:221.26m (Euclidean)
[2025-03-07 13:59:08,105] [INFO] [30183] Missing PRE-PREPARE for REQUEST 1741323542381; ignoring PREPARE
[2025-03-07 13:59:08,109] [INFO] [30183] Received PREPARE: id:1741323542381, from:30199, delay:0.0001s, distance:166.41m (Euclidean)
[2025-03-07 13:59:08,109] [INFO] [30183] Missing PRE-PREPARE for REQUEST 1741323542381; ignoring PREPARE
[2025-03-07 13:59:08,116] [INFO] [30183] Received COMMIT: id:1741323542381, from:30181, delay:0.0001s, distance:248.24m (Euclidean)
[2025-03-07 13:59:08,140] [INFO] [30183] Received PREPARE: id:1741323542381, from:30112, delay:0.0001s, distance:209.70m (Euclidean)
[2025-03-07 13:59:08,140] [INFO] [30183] Missing PRE-PREPARE for REQUEST 1741323542381; ignoring PREPARE
[2025-03-07 13:59:08,184] [INFO] [30183] Received PREPARE: id:1741323542381, from:30121, delay:0.0001s, distance:158.31m (Euclidean)
[2025-03-07 13:59:08,184] [INFO] [30183] Missing PRE-PREPARE for REQUEST 1741323542381; ignoring PREPARE
[2025-03-07 13:59:08,184] [INFO] [30183] Received COMMIT: id:1741323542381, from:30121, delay:0.0001s, distance:158.31m (Euclidean)
[2025-03-07 13:59:08,285] [INFO] [30183] Received COMMIT: id:1741323542381, from:30199, delay:0.0001s, distance:166.41m (Euclidean)
[2025-03-07 13:59:08,304] [INFO] [30183] Received COMMIT: id:1741323542381, from:30119, delay:0.0001s, distance:229.28m (Euclidean)
[2025-03-07 13:59:08,388] [INFO] [30183] Received PREPARE: id:1741323542381, from:30174, delay:0.0002s, distance:252.33m (Euclidean)
[2025-03-07 13:59:08,388] [INFO] [30183] Missing PRE-PREPARE for REQUEST 1741323542381; ignoring PREPARE
[2025-03-07 13:59:08,389] [INFO] [30183] Received PREPARE: id:1741323542381, from:30046, delay:0.0001s, distance:229.18m (Euclidean)
[2025-03-07 13:59:08,389] [INFO] [30183] Missing PRE-PREPARE for REQUEST 1741323542381; ignoring PREPARE
[2025-03-07 13:59:08,389] [INFO] [30183] Received COMMIT: id:1741323542381, from:30046, delay:0.0001s, distance:229.18m (Euclidean)
[2025-03-07 13:59:08,396] [INFO] [30183] Received PREPARE: id:1741323542381, from:30049, delay:0.0001s, distance:201.33m (Euclidean)
[2025-03-07 13:59:08,396] [INFO] [30183] Missing PRE-PREPARE for REQUEST 1741323542381; ignoring PREPARE
[2025-03-07 13:59:08,396] [INFO] [30183] Received COMMIT: id:1741323542381, from:30049, delay:0.0001s, distance:201.33m (Euclidean)
[2025-03-07 13:59:08,443] [INFO] [30183] Received COMMIT: id:1741323542381, from:30177, delay:0.0001s, distance:221.26m (Euclidean)
[2025-03-07 13:59:08,477] [INFO] [30183] Received COMMIT: id:1741323542381, from:30112, delay:0.0001s, distance:209.70m (Euclidean)
[2025-03-07 13:59:08,477] [INFO] [30183] Received PREPARE: id:1741323542381, from:30195, delay:0.0001s, distance:212.33m (Euclidean)
[2025-03-07 13:59:08,477] [INFO] [30183] Missing PRE-PREPARE for REQUEST 1741323542381; ignoring PREPARE
[2025-03-07 13:59:08,477] [INFO] [30183] Received COMMIT: id:1741323542381, from:30195, delay:0.0001s, distance:212.33m (Euclidean)
[2025-03-07 13:59:08,527] [INFO] [30183] Received COMMIT: id:1741323542381, from:30150, delay:0.0000s, distance:81.22m (Euclidean)
[2025-03-07 13:59:08,577] [INFO] [30183] Received PREPARE: id:1741323542381, from:30060, delay:0.0001s, distance:232.45m (Euclidean)
[2025-03-07 13:59:08,577] [INFO] [30183] Missing PRE-PREPARE for REQUEST 1741323542381; ignoring PREPARE
[2025-03-07 13:59:08,577] [INFO] [30183] Received COMMIT: id:1741323542381, from:30060, delay:0.0001s, distance:232.45m (Euclidean)
[2025-03-07 13:59:08,593] [INFO] [30183] Received COMMIT: id:1741323542381, from:30123, delay:0.0001s, distance:237.10m (Euclidean)
[2025-03-07 13:59:08,673] [INFO] [30183] Received PREPARE: id:1741323542381, from:30179, delay:0.0001s, distance:189.02m (Euclidean)
[2025-03-07 13:59:08,673] [INFO] [30183] Missing PRE-PREPARE for REQUEST 1741323542381; ignoring PREPARE
[2025-03-07 13:59:08,673] [INFO] [30183] Received COMMIT: id:1741323542381, from:30179, delay:0.0001s, distance:189.02m (Euclidean)
[2025-03-07 13:59:08,796] [INFO] [30183] Received PREPARE: id:1741323542381, from:30128, delay:0.0000s, distance:133.46m (Euclidean)
[2025-03-07 13:59:08,796] [INFO] [30183] Missing PRE-PREPARE for REQUEST 1741323542381; ignoring PREPARE
[2025-03-07 13:59:08,796] [INFO] [30183] Received COMMIT: id:1741323542381, from:30191, delay:0.0001s, distance:231.19m (Euclidean)
[2025-03-07 13:59:08,796] [INFO] [30183] Received PREPARE: id:1741323542381, from:30007, delay:0.0000s, distance:176.51m (Euclidean)
[2025-03-07 13:59:08,798] [INFO] [30183] Missing PRE-PREPARE for REQUEST 1741323542381; ignoring PREPARE
[2025-03-07 13:59:08,798] [INFO] [30183] Received PREPARE: id:1741323542381, from:30102, delay:0.0000s, distance:120.54m (Euclidean)
[2025-03-07 13:59:08,798] [INFO] [30183] Missing PRE-PREPARE for REQUEST 1741323542381; ignoring PREPARE
[2025-03-07 13:59:08,798] [INFO] [30183] Received COMMIT: id:1741323542381, from:30102, delay:0.0000s, distance:120.54m (Euclidean)
[2025-03-07 13:59:08,798] [INFO] [30183] Received COMMIT: id:1741323542381, from:30128, delay:0.0000s, distance:133.46m (Euclidean)
[2025-03-07 13:59:08,798] [INFO] [30183] Received COMMIT: id:1741323542381, from:30007, delay:0.0000s, distance:176.51m (Euclidean)
[2025-03-07 13:59:08,812] [INFO] [30183] Received COMMIT: id:1741323542381, from:30174, delay:0.0002s, distance:252.33m (Euclidean)
[2025-03-07 13:59:08,917] [INFO] [30183] Received PREPARE: id:1741323542381, from:30096, delay:0.0000s, distance:42.57m (Euclidean)
[2025-03-07 13:59:08,917] [INFO] [30183] Missing PRE-PREPARE for REQUEST 1741323542381; ignoring PREPARE
[2025-03-07 13:59:08,917] [INFO] [30183] Received COMMIT: id:1741323542381, from:30096, delay:0.0000s, distance:42.57m (Euclidean)
[2025-03-07 13:59:09,002] [INFO] [30183] Received PREPARE: id:1741323542381, from:30126, delay:0.0000s, distance:43.68m (Euclidean)
[2025-03-07 13:59:09,004] [INFO] [30183] Missing PRE-PREPARE for REQUEST 1741323542381; ignoring PREPARE
[2025-03-07 13:59:09,004] [INFO] [30183] Received COMMIT: id:1741323542381, from:30126, delay:0.0000s, distance:43.68m (Euclidean)
[2025-03-07 13:59:09,039] [INFO] [30183] Received PREPARE: id:1741323542381, from:30106, delay:0.0002s, distance:254.96m (Euclidean)
[2025-03-07 13:59:09,039] [INFO] [30183] Missing PRE-PREPARE for REQUEST 1741323542381; ignoring PREPARE
[2025-03-07 13:59:09,039] [INFO] [30183] Received COMMIT: id:1741323542381, from:30106, delay:0.0002s, distance:254.96m (Euclidean)
[2025-03-07 13:59:09,164] [INFO] [30183] Received PREPARE: id:1741323542381, from:30113, delay:0.0000s, distance:177.11m (Euclidean)
[2025-03-07 13:59:09,164] [INFO] [30183] Missing PRE-PREPARE for REQUEST 1741323542381; ignoring PREPARE
[2025-03-07 13:59:09,164] [INFO] [30183] Received COMMIT: id:1741323542381, from:30113, delay:0.0000s, distance:177.11m (Euclidean)
[2025-03-07 13:59:09,207] [INFO] [30183] Received PREPARE: id:1741323542381, from:30100, delay:0.0000s, distance:111.65m (Euclidean)
[2025-03-07 13:59:09,207] [INFO] [30183] Missing PRE-PREPARE for REQUEST 1741323542381; ignoring PREPARE
[2025-03-07 13:59:09,209] [INFO] [30183] Received COMMIT: id:1741323542381, from:30100, delay:0.0000s, distance:111.65m (Euclidean)
[2025-03-07 13:59:09,211] [INFO] [30183] Received PREPARE: id:1741323542381, from:30124, delay:0.0000s, distance:24.50m (Euclidean)
[2025-03-07 13:59:09,211] [INFO] [30183] Missing PRE-PREPARE for REQUEST 1741323542381; ignoring PREPARE
[2025-03-07 13:59:09,238] [INFO] [30183] Received COMMIT: id:1741323542381, from:30124, delay:0.0000s, distance:24.50m (Euclidean)
[2025-03-07 13:59:09,238] [INFO] [30183] Received PREPARE: id:1741323542381, from:30111, delay:0.0000s, distance:117.46m (Euclidean)
[2025-03-07 13:59:09,238] [INFO] [30183] Missing PRE-PREPARE for REQUEST 1741323542381; ignoring PREPARE
[2025-03-07 13:59:09,238] [INFO] [30183] Received COMMIT: id:1741323542381, from:30111, delay:0.0000s, distance:117.46m (Euclidean)
[2025-03-07 13:59:09,357] [INFO] [30183] Received PREPARE: id:1741323542381, from:30059, delay:0.0000s, distance:111.98m (Euclidean)
[2025-03-07 13:59:09,357] [INFO] [30183] Missing PRE-PREPARE for REQUEST 1741323542381; ignoring PREPARE
[2025-03-07 13:59:09,357] [INFO] [30183] Received COMMIT: id:1741323542381, from:30059, delay:0.0000s, distance:111.98m (Euclidean)
[2025-03-07 13:59:09,594] [INFO] [30183] Received PREPARE: id:1741323542381, from:30054, delay:0.0001s, distance:238.44m (Euclidean)
[2025-03-07 13:59:09,594] [INFO] [30183] Missing PRE-PREPARE for REQUEST 1741323542381; ignoring PREPARE
[2025-03-07 13:59:09,594] [INFO] [30183] Received COMMIT: id:1741323542381, from:30054, delay:0.0001s, distance:238.44m (Euclidean)
[2025-03-07 13:59:09,686] [INFO] [30183] Received PREPARE: id:1741323542381, from:30109, delay:0.0000s, distance:110.29m (Euclidean)
[2025-03-07 13:59:09,686] [INFO] [30183] Missing PRE-PREPARE for REQUEST 1741323542381; ignoring PREPARE
[2025-03-07 13:59:09,689] [INFO] [30183] Received COMMIT: id:1741323542381, from:30109, delay:0.0000s, distance:110.29m (Euclidean)
[2025-03-07 13:59:09,703] [INFO] [30183] Received PREPARE: id:1741323542381, from:30189, delay:0.0002s, distance:276.48m (Euclidean)
[2025-03-07 13:59:09,703] [INFO] [30183] Missing PRE-PREPARE for REQUEST 1741323542381; ignoring PREPARE
[2025-03-07 13:59:09,721] [INFO] [30183] Received PREPARE: id:1741323542381, from:30043, delay:0.0000s, distance:197.80m (Euclidean)
[2025-03-07 13:59:09,721] [INFO] [30183] Missing PRE-PREPARE for REQUEST 1741323542381; ignoring PREPARE
[2025-03-07 13:59:09,721] [INFO] [30183] Received COMMIT: id:1741323542381, from:30043, delay:0.0000s, distance:197.80m (Euclidean)
[2025-03-07 13:59:09,765] [INFO] [30183] Received COMMIT: id:1741323542381, from:30189, delay:0.0002s, distance:276.48m (Euclidean)
[2025-03-07 13:59:09,767] [INFO] [30183] Received PREPARE: id:1741323542381, from:30076, delay:0.0002s, distance:265.24m (Euclidean)
[2025-03-07 13:59:09,767] [INFO] [30183] Missing PRE-PREPARE for REQUEST 1741323542381; ignoring PREPARE
[2025-03-07 13:59:09,768] [INFO] [30183] Received COMMIT: id:1741323542381, from:30076, delay:0.0002s, distance:265.24m (Euclidean)
[2025-03-07 13:59:09,901] [INFO] [30183] Received PREPARE: id:1741323542381, from:30182, delay:0.0001s, distance:213.95m (Euclidean)
[2025-03-07 13:59:09,901] [INFO] [30183] Missing PRE-PREPARE for REQUEST 1741323542381; ignoring PREPARE
[2025-03-07 13:59:09,901] [INFO] [30183] Received COMMIT: id:1741323542381, from:30182, delay:0.0001s, distance:213.95m (Euclidean)
[2025-03-07 13:59:10,020] [INFO] [30183] Received PREPARE: id:1741323542381, from:30013, delay:0.0001s, distance:166.95m (Euclidean)
[2025-03-07 13:59:10,020] [INFO] [30183] Missing PRE-PREPARE for REQUEST 1741323542381; ignoring PREPARE
[2025-03-07 13:59:10,029] [INFO] [30183] Received COMMIT: id:1741323542381, from:30013, delay:0.0001s, distance:166.95m (Euclidean)
[2025-03-07 13:59:10,057] [INFO] [30183] Received PREPARE: id:1741323542381, from:30035, delay:0.0001s, distance:192.54m (Euclidean)
[2025-03-07 13:59:10,057] [INFO] [30183] Missing PRE-PREPARE for REQUEST 1741323542381; ignoring PREPARE
[2025-03-07 13:59:10,057] [INFO] [30183] Received COMMIT: id:1741323542381, from:30035, delay:0.0001s, distance:192.54m (Euclidean)
[2025-03-07 13:59:10,092] [INFO] [30183] Received PREPARE: id:1741323542381, from:30090, delay:0.0000s, distance:82.57m (Euclidean)
[2025-03-07 13:59:10,092] [INFO] [30183] Missing PRE-PREPARE for REQUEST 1741323542381; ignoring PREPARE
[2025-03-07 13:59:10,092] [INFO] [30183] Received COMMIT: id:1741323542381, from:30090, delay:0.0000s, distance:82.57m (Euclidean)
[2025-03-07 13:59:10,137] [INFO] [30183] Received PREPARE: id:1741323542381, from:30110, delay:0.0000s, distance:42.42m (Euclidean)
[2025-03-07 13:59:10,137] [INFO] [30183] Missing PRE-PREPARE for REQUEST 1741323542381; ignoring PREPARE
[2025-03-07 13:59:10,139] [INFO] [30183] Received COMMIT: id:1741323542381, from:30110, delay:0.0000s, distance:42.42m (Euclidean)
[2025-03-07 13:59:10,202] [INFO] [30183] Received PREPARE: id:1741323542381, from:30028, delay:0.0002s, distance:279.45m (Euclidean)
[2025-03-07 13:59:10,202] [INFO] [30183] Missing PRE-PREPARE for REQUEST 1741323542381; ignoring PREPARE
[2025-03-07 13:59:10,233] [INFO] [30183] Received COMMIT: id:1741323542381, from:30028, delay:0.0002s, distance:279.45m (Euclidean)
[2025-03-07 13:59:10,374] [INFO] [30183] Received PREPARE: id:1741323542381, from:30118, delay:0.0001s, distance:187.05m (Euclidean)
[2025-03-07 13:59:10,374] [INFO] [30183] Missing PRE-PREPARE for REQUEST 1741323542381; ignoring PREPARE
[2025-03-07 13:59:10,376] [INFO] [30183] Received COMMIT: id:1741323542381, from:30118, delay:0.0001s, distance:187.05m (Euclidean)
[2025-03-07 13:59:10,467] [INFO] [30183] Received PREPARE: id:1741323542381, from:30158, delay:0.0000s, distance:60.58m (Euclidean)
[2025-03-07 13:59:10,467] [INFO] [30183] Missing PRE-PREPARE for REQUEST 1741323542381; ignoring PREPARE
[2025-03-07 13:59:10,467] [INFO] [30183] Received COMMIT: id:1741323542381, from:30158, delay:0.0000s, distance:60.58m (Euclidean)
[2025-03-07 13:59:10,652] [INFO] [30183] Received PREPARE: id:1741323542381, from:30023, delay:0.0001s, distance:244.58m (Euclidean)
[2025-03-07 13:59:10,652] [INFO] [30183] Missing PRE-PREPARE for REQUEST 1741323542381; ignoring PREPARE
[2025-03-07 13:59:10,652] [INFO] [30183] Received COMMIT: id:1741323542381, from:30023, delay:0.0001s, distance:244.58m (Euclidean)
[2025-03-07 13:59:10,702] [INFO] [30183] Received PREPARE: id:1741323542381, from:30161, delay:0.0000s, distance:161.45m (Euclidean)
[2025-03-07 13:59:10,702] [INFO] [30183] Missing PRE-PREPARE for REQUEST 1741323542381; ignoring PREPARE
[2025-03-07 13:59:10,702] [INFO] [30183] Received COMMIT: id:1741323542381, from:30161, delay:0.0000s, distance:161.45m (Euclidean)
[2025-03-07 13:59:10,869] [INFO] [30183] Received PREPARE: id:1741323542381, from:30098, delay:0.0000s, distance:73.84m (Euclidean)
[2025-03-07 13:59:10,869] [INFO] [30183] Missing PRE-PREPARE for REQUEST 1741323542381; ignoring PREPARE
[2025-03-07 13:59:10,869] [INFO] [30183] Received PREPARE: id:1741323542381, from:30041, delay:0.0000s, distance:199.57m (Euclidean)
[2025-03-07 13:59:10,869] [INFO] [30183] Missing PRE-PREPARE for REQUEST 1741323542381; ignoring PREPARE
[2025-03-07 13:59:10,869] [INFO] [30183] Received COMMIT: id:1741323542381, from:30041, delay:0.0000s, distance:199.57m (Euclidean)
[2025-03-07 13:59:10,869] [INFO] [30183] Received COMMIT: id:1741323542381, from:30098, delay:0.0000s, distance:73.84m (Euclidean)
[2025-03-07 13:59:10,869] [INFO] [30183] Received PREPARE: id:1741323542381, from:30021, delay:0.0000s, distance:95.85m (Euclidean)
[2025-03-07 13:59:10,869] [INFO] [30183] Missing PRE-PREPARE for REQUEST 1741323542381; ignoring PREPARE
[2025-03-07 13:59:10,869] [INFO] [30183] Received COMMIT: id:1741323542381, from:30021, delay:0.0000s, distance:95.85m (Euclidean)
[2025-03-07 13:59:11,027] [INFO] [30183] Received PREPARE: id:1741323542381, from:30175, delay:0.0000s, distance:102.83m (Euclidean)
[2025-03-07 13:59:11,031] [INFO] [30183] Missing PRE-PREPARE for REQUEST 1741323542381; ignoring PREPARE
[2025-03-07 13:59:11,031] [INFO] [30183] Received PREPARE: id:1741323542381, from:30065, delay:0.0001s, distance:234.57m (Euclidean)
[2025-03-07 13:59:11,031] [INFO] [30183] Missing PRE-PREPARE for REQUEST 1741323542381; ignoring PREPARE
[2025-03-07 13:59:11,031] [INFO] [30183] Received COMMIT: id:1741323542381, from:30175, delay:0.0000s, distance:102.83m (Euclidean)
[2025-03-07 13:59:11,031] [INFO] [30183] Received COMMIT: id:1741323542381, from:30065, delay:0.0001s, distance:234.57m (Euclidean)
[2025-03-07 13:59:11,078] [INFO] [30183] Received PREPARE: id:1741323542381, from:30074, delay:0.0001s, distance:159.72m (Euclidean)
[2025-03-07 13:59:11,078] [INFO] [30183] Missing PRE-PREPARE for REQUEST 1741323542381; ignoring PREPARE
[2025-03-07 13:59:11,078] [INFO] [30183] Received COMMIT: id:1741323542381, from:30074, delay:0.0001s, distance:159.72m (Euclidean)
[2025-03-07 13:59:11,474] [INFO] [30183] Received PREPARE: id:1741323542381, from:30048, delay:0.0000s, distance:124.62m (Euclidean)
[2025-03-07 13:59:11,474] [INFO] [30183] Missing PRE-PREPARE for REQUEST 1741323542381; ignoring PREPARE
[2025-03-07 13:59:11,474] [INFO] [30183] Received COMMIT: id:1741323542381, from:30048, delay:0.0000s, distance:124.62m (Euclidean)
[2025-03-07 13:59:11,653] [INFO] [30183] Received PREPARE: id:1741323542381, from:30108, delay:0.0001s, distance:220.64m (Euclidean)
[2025-03-07 13:59:11,653] [INFO] [30183] Missing PRE-PREPARE for REQUEST 1741323542381; ignoring PREPARE
[2025-03-07 13:59:11,653] [INFO] [30183] Received COMMIT: id:1741323542381, from:30108, delay:0.0001s, distance:220.64m (Euclidean)
[2025-03-07 13:59:11,784] [INFO] [30183] Received PREPARE: id:1741323542381, from:30093, delay:0.0001s, distance:196.87m (Euclidean)
[2025-03-07 13:59:11,784] [INFO] [30183] Missing PRE-PREPARE for REQUEST 1741323542381; ignoring PREPARE
[2025-03-07 13:59:11,784] [INFO] [30183] Received COMMIT: id:1741323542381, from:30093, delay:0.0001s, distance:196.87m (Euclidean)
[2025-03-07 13:59:12,207] [INFO] [30183] Received PREPARE: id:1741323542381, from:30088, delay:0.0000s, distance:100.86m (Euclidean)
[2025-03-07 13:59:12,207] [INFO] [30183] Missing PRE-PREPARE for REQUEST 1741323542381; ignoring PREPARE
[2025-03-07 13:59:12,219] [INFO] [30183] Received PREPARE: id:1741323542381, from:30116, delay:0.0000s, distance:109.34m (Euclidean)
[2025-03-07 13:59:12,221] [INFO] [30183] Missing PRE-PREPARE for REQUEST 1741323542381; ignoring PREPARE
[2025-03-07 13:59:12,221] [INFO] [30183] Received COMMIT: id:1741323542381, from:30116, delay:0.0000s, distance:109.34m (Euclidean)
[2025-03-07 13:59:12,278] [INFO] [30183] Received PREPARE: id:1741323542381, from:30020, delay:0.0001s, distance:169.64m (Euclidean)
[2025-03-07 13:59:12,278] [INFO] [30183] Missing PRE-PREPARE for REQUEST 1741323542381; ignoring PREPARE
[2025-03-07 13:59:12,278] [INFO] [30183] Received COMMIT: id:1741323542381, from:30020, delay:0.0001s, distance:169.64m (Euclidean)
[2025-03-07 13:59:12,399] [INFO] [30183] Received PREPARE: id:1741323542381, from:30103, delay:0.0000s, distance:133.02m (Euclidean)
[2025-03-07 13:59:12,399] [INFO] [30183] Missing PRE-PREPARE for REQUEST 1741323542381; ignoring PREPARE
[2025-03-07 13:59:12,401] [INFO] [30183] Received COMMIT: id:1741323542381, from:30103, delay:0.0000s, distance:133.02m (Euclidean)
[2025-03-07 13:59:12,636] [INFO] [30183] Received PREPARE: id:1741323542381, from:30024, delay:0.0002s, distance:257.48m (Euclidean)
[2025-03-07 13:59:12,636] [INFO] [30183] Missing PRE-PREPARE for REQUEST 1741323542381; ignoring PREPARE
[2025-03-07 13:59:12,636] [INFO] [30183] Received COMMIT: id:1741323542381, from:30024, delay:0.0002s, distance:257.48m (Euclidean)
[2025-03-07 13:59:13,116] [INFO] [30183] Received PREPARE: id:1741323542381, from:30146, delay:0.0000s, distance:120.24m (Euclidean)
[2025-03-07 13:59:13,116] [INFO] [30183] Missing PRE-PREPARE for REQUEST 1741323542381; ignoring PREPARE
[2025-03-07 13:59:13,116] [INFO] [30183] Received COMMIT: id:1741323542381, from:30146, delay:0.0000s, distance:120.24m (Euclidean)
[2025-03-07 13:59:13,635] [INFO] [30183] Received COMMIT: id:1741323542381, from:30088, delay:0.0000s, distance:100.86m (Euclidean)
[2025-03-07 13:59:13,662] [INFO] [30183] Received PREPARE: id:1741323542381, from:30017, delay:0.0000s, distance:50.04m (Euclidean)
[2025-03-07 13:59:13,662] [INFO] [30183] Missing PRE-PREPARE for REQUEST 1741323542381; ignoring PREPARE
[2025-03-07 13:59:14,460] [INFO] [30183] Received PREPARE: id:1741323542381, from:30125, delay:0.0000s, distance:126.89m (Euclidean)
[2025-03-07 13:59:14,460] [INFO] [30183] Missing PRE-PREPARE for REQUEST 1741323542381; ignoring PREPARE
[2025-03-07 13:59:14,463] [INFO] [30183] Received COMMIT: id:1741323542381, from:30125, delay:0.0000s, distance:126.89m (Euclidean)
[2025-03-07 13:59:15,198] [INFO] [30183] Received PREPARE: id:1741323542381, from:30067, delay:0.0000s, distance:143.97m (Euclidean)
[2025-03-07 13:59:15,198] [INFO] [30183] Missing PRE-PREPARE for REQUEST 1741323542381; ignoring PREPARE
[2025-03-07 13:59:15,198] [INFO] [30183] Received COMMIT: id:1741323542381, from:30067, delay:0.0000s, distance:143.97m (Euclidean)
[2025-03-07 13:59:15,363] [INFO] [30183] Received PREPARE: id:1741323542381, from:30010, delay:0.0002s, distance:267.92m (Euclidean)
[2025-03-07 13:59:15,363] [INFO] [30183] Missing PRE-PREPARE for REQUEST 1741323542381; ignoring PREPARE
[2025-03-07 13:59:15,374] [INFO] [30183] Received COMMIT: id:1741323542381, from:30010, delay:0.0002s, distance:267.92m (Euclidean)
[2025-03-07 13:59:15,887] [INFO] [30183] Received PREPARE: id:1741323542381, from:30034, delay:0.0000s, distance:174.47m (Euclidean)
[2025-03-07 13:59:15,887] [INFO] [30183] Missing PRE-PREPARE for REQUEST 1741323542381; ignoring PREPARE
[2025-03-07 13:59:15,891] [INFO] [30183] Received COMMIT: id:1741323542381, from:30034, delay:0.0000s, distance:174.47m (Euclidean)
[2025-03-07 13:59:16,341] [INFO] [30183] Received PREPARE: id:1741323542381, from:30016, delay:0.0002s, distance:278.44m (Euclidean)
[2025-03-07 13:59:16,341] [INFO] [30183] Missing PRE-PREPARE for REQUEST 1741323542381; ignoring PREPARE
[2025-03-07 13:59:16,478] [INFO] [30183] Received PREPARE: id:1741323542381, from:30137, delay:0.0002s, distance:253.62m (Euclidean)
[2025-03-07 13:59:16,478] [INFO] [30183] Missing PRE-PREPARE for REQUEST 1741323542381; ignoring PREPARE
[2025-03-07 13:59:16,481] [INFO] [30183] Received COMMIT: id:1741323542381, from:30137, delay:0.0002s, distance:253.62m (Euclidean)
[2025-03-07 13:59:16,481] [INFO] [30183] Received PREPARE: id:1741323542381, from:30152, delay:0.0000s, distance:47.98m (Euclidean)
[2025-03-07 13:59:16,511] [INFO] [30183] Missing PRE-PREPARE for REQUEST 1741323542381; ignoring PREPARE
[2025-03-07 13:59:16,512] [INFO] [30183] Received COMMIT: id:1741323542381, from:30152, delay:0.0000s, distance:47.98m (Euclidean)
[2025-03-07 13:59:16,512] [INFO] [30183] Received PREPARE: id:1741323542381, from:30135, delay:0.0000s, distance:114.65m (Euclidean)
[2025-03-07 13:59:16,512] [INFO] [30183] Missing PRE-PREPARE for REQUEST 1741323542381; ignoring PREPARE
[2025-03-07 13:59:16,512] [INFO] [30183] Received COMMIT: id:1741323542381, from:30017, delay:0.0000s, distance:50.04m (Euclidean)
[2025-03-07 13:59:16,512] [INFO] [30183] Received COMMIT: id:1741323542381, from:30135, delay:0.0000s, distance:114.65m (Euclidean)
[2025-03-07 13:59:16,609] [INFO] [30183] Received PREPARE: id:1741323542381, from:30091, delay:0.0000s, distance:85.32m (Euclidean)
[2025-03-07 13:59:16,609] [INFO] [30183] Missing PRE-PREPARE for REQUEST 1741323542381; ignoring PREPARE
[2025-03-07 13:59:16,615] [INFO] [30183] Received COMMIT: id:1741323542381, from:30091, delay:0.0000s, distance:85.32m (Euclidean)
[2025-03-07 13:59:16,675] [INFO] [30183] Received COMMIT: id:1741323542381, from:30016, delay:0.0002s, distance:278.44m (Euclidean)
[2025-03-07 13:59:16,833] [INFO] [30183] Received PREPARE: id:1741323542381, from:30165, delay:0.0001s, distance:234.43m (Euclidean)
[2025-03-07 13:59:16,833] [INFO] [30183] Missing PRE-PREPARE for REQUEST 1741323542381; ignoring PREPARE
[2025-03-07 13:59:16,833] [INFO] [30183] Received COMMIT: id:1741323542381, from:30165, delay:0.0001s, distance:234.43m (Euclidean)
[2025-03-07 13:59:16,856] [INFO] [30183] Received PREPARE: id:1741323542381, from:30086, delay:0.0001s, distance:212.20m (Euclidean)
[2025-03-07 13:59:16,856] [INFO] [30183] Missing PRE-PREPARE for REQUEST 1741323542381; ignoring PREPARE
[2025-03-07 13:59:16,858] [INFO] [30183] Received COMMIT: id:1741323542381, from:30086, delay:0.0001s, distance:212.20m (Euclidean)
[2025-03-07 13:59:17,423] [INFO] [30183] Received PREPARE: id:1741323542381, from:30132, delay:0.0001s, distance:243.80m (Euclidean)
[2025-03-07 13:59:17,423] [INFO] [30183] Missing PRE-PREPARE for REQUEST 1741323542381; ignoring PREPARE
[2025-03-07 13:59:17,438] [INFO] [30183] Received COMMIT: id:1741323542381, from:30132, delay:0.0001s, distance:243.80m (Euclidean)
[2025-03-07 13:59:18,129] [INFO] [30183] Received PREPARE: id:1741323542381, from:30134, delay:0.0002s, distance:274.16m (Euclidean)
[2025-03-07 13:59:18,129] [INFO] [30183] Missing PRE-PREPARE for REQUEST 1741323542381; ignoring PREPARE
[2025-03-07 13:59:18,129] [INFO] [30183] Received COMMIT: id:1741323542381, from:30134, delay:0.0002s, distance:274.16m (Euclidean)
[2025-03-07 13:59:18,264] [INFO] [30183] Received PREPARE: id:1741323542381, from:30166, delay:0.0000s, distance:142.87m (Euclidean)
[2025-03-07 13:59:18,264] [INFO] [30183] Missing PRE-PREPARE for REQUEST 1741323542381; ignoring PREPARE
[2025-03-07 13:59:18,643] [INFO] [30183] Received PREPARE: id:1741323542381, from:30032, delay:0.0000s, distance:124.84m (Euclidean)
[2025-03-07 13:59:18,643] [INFO] [30183] Missing PRE-PREPARE for REQUEST 1741323542381; ignoring PREPARE
[2025-03-07 13:59:18,643] [INFO] [30183] Received COMMIT: id:1741323542381, from:30032, delay:0.0000s, distance:124.84m (Euclidean)
[2025-03-07 13:59:18,878] [INFO] [30183] Received PREPARE: id:1741323542381, from:30050, delay:0.0001s, distance:236.78m (Euclidean)
[2025-03-07 13:59:18,878] [INFO] [30183] Missing PRE-PREPARE for REQUEST 1741323542381; ignoring PREPARE
[2025-03-07 13:59:18,880] [INFO] [30183] Received COMMIT: id:1741323542381, from:30050, delay:0.0001s, distance:236.78m (Euclidean)
[2025-03-07 13:59:18,921] [INFO] [30183] Received PREPARE: id:1741323542381, from:30193, delay:0.0000s, distance:125.17m (Euclidean)
[2025-03-07 13:59:18,921] [INFO] [30183] Missing PRE-PREPARE for REQUEST 1741323542381; ignoring PREPARE
[2025-03-07 13:59:18,921] [INFO] [30183] Received COMMIT: id:1741323542381, from:30193, delay:0.0000s, distance:125.17m (Euclidean)
[2025-03-07 13:59:19,007] [INFO] [30183] Received PREPARE: id:1741323542381, from:30143, delay:0.0001s, distance:231.25m (Euclidean)
[2025-03-07 13:59:19,007] [INFO] [30183] Missing PRE-PREPARE for REQUEST 1741323542381; ignoring PREPARE
[2025-03-07 13:59:19,007] [INFO] [30183] Received COMMIT: id:1741323542381, from:30143, delay:0.0001s, distance:231.25m (Euclidean)
[2025-03-07 13:59:19,027] [INFO] [30183] Received PREPARE: id:1741323542381, from:30052, delay:0.0001s, distance:166.99m (Euclidean)
[2025-03-07 13:59:19,027] [INFO] [30183] Missing PRE-PREPARE for REQUEST 1741323542381; ignoring PREPARE
[2025-03-07 13:59:19,028] [INFO] [30183] Received COMMIT: id:1741323542381, from:30052, delay:0.0001s, distance:166.99m (Euclidean)
[2025-03-07 13:59:19,249] [INFO] [30183] Received PREPARE: id:1741323542381, from:30006, delay:0.0000s, distance:101.12m (Euclidean)
[2025-03-07 13:59:19,249] [INFO] [30183] Missing PRE-PREPARE for REQUEST 1741323542381; ignoring PREPARE
[2025-03-07 13:59:19,249] [INFO] [30183] Received PREPARE: id:1741323542381, from:30188, delay:0.0000s, distance:70.91m (Euclidean)
[2025-03-07 13:59:19,249] [INFO] [30183] Missing PRE-PREPARE for REQUEST 1741323542381; ignoring PREPARE
[2025-03-07 13:59:19,249] [INFO] [30183] Received COMMIT: id:1741323542381, from:30006, delay:0.0000s, distance:101.12m (Euclidean)
[2025-03-07 13:59:19,249] [INFO] [30183] Received COMMIT: id:1741323542381, from:30188, delay:0.0000s, distance:70.91m (Euclidean)
[2025-03-07 13:59:19,563] [INFO] [30183] Received PREPARE: id:1741323542381, from:30138, delay:0.0001s, distance:160.04m (Euclidean)
[2025-03-07 13:59:19,563] [INFO] [30183] Missing PRE-PREPARE for REQUEST 1741323542381; ignoring PREPARE
[2025-03-07 13:59:19,563] [INFO] [30183] Received COMMIT: id:1741323542381, from:30138, delay:0.0001s, distance:160.04m (Euclidean)
[2025-03-07 13:59:19,781] [INFO] [30183] Received PREPARE: id:1741323542381, from:30079, delay:0.0001s, distance:205.70m (Euclidean)
[2025-03-07 13:59:19,781] [INFO] [30183] Missing PRE-PREPARE for REQUEST 1741323542381; ignoring PREPARE
[2025-03-07 13:59:19,781] [INFO] [30183] Received COMMIT: id:1741323542381, from:30079, delay:0.0001s, distance:205.70m (Euclidean)
[2025-03-07 13:59:19,922] [INFO] [30183] Received PREPARE: id:1741323542381, from:30039, delay:0.0001s, distance:186.85m (Euclidean)
[2025-03-07 13:59:19,922] [INFO] [30183] Missing PRE-PREPARE for REQUEST 1741323542381; ignoring PREPARE
[2025-03-07 13:59:19,922] [INFO] [30183] Received PREPARE: id:1741323542381, from:30087, delay:0.0002s, distance:265.10m (Euclidean)
[2025-03-07 13:59:19,922] [INFO] [30183] Missing PRE-PREPARE for REQUEST 1741323542381; ignoring PREPARE
[2025-03-07 13:59:19,922] [INFO] [30183] Received COMMIT: id:1741323542381, from:30039, delay:0.0001s, distance:186.85m (Euclidean)
[2025-03-07 13:59:19,922] [INFO] [30183] Received COMMIT: id:1741323542381, from:30087, delay:0.0002s, distance:265.10m (Euclidean)
[2025-03-07 13:59:19,932] [INFO] [30183] Received PREPARE: id:1741323542381, from:30141, delay:0.0001s, distance:241.93m (Euclidean)
[2025-03-07 13:59:19,934] [INFO] [30183] Missing PRE-PREPARE for REQUEST 1741323542381; ignoring PREPARE
[2025-03-07 13:59:19,940] [INFO] [30183] Received COMMIT: id:1741323542381, from:30141, delay:0.0001s, distance:241.93m (Euclidean)
[2025-03-07 13:59:19,979] [INFO] [30183] Received PREPARE: id:1741323542381, from:30162, delay:0.0000s, distance:36.71m (Euclidean)
[2025-03-07 13:59:19,979] [INFO] [30183] Missing PRE-PREPARE for REQUEST 1741323542381; ignoring PREPARE
[2025-03-07 13:59:20,025] [INFO] [30183] Received PREPARE: id:1741323542381, from:30031, delay:0.0002s, distance:261.54m (Euclidean)
[2025-03-07 13:59:20,025] [INFO] [30183] Missing PRE-PREPARE for REQUEST 1741323542381; ignoring PREPARE
[2025-03-07 13:59:20,025] [INFO] [30183] Received COMMIT: id:1741323542381, from:30031, delay:0.0002s, distance:261.54m (Euclidean)
[2025-03-07 13:59:20,123] [INFO] [30183] Received PREPARE: id:1741323542381, from:30071, delay:0.0001s, distance:164.38m (Euclidean)
[2025-03-07 13:59:20,123] [INFO] [30183] Missing PRE-PREPARE for REQUEST 1741323542381; ignoring PREPARE
[2025-03-07 13:59:20,168] [INFO] [30183] Received COMMIT: id:1741323542381, from:30071, delay:0.0001s, distance:164.38m (Euclidean)
[2025-03-07 13:59:20,176] [INFO] [30183] Received PREPARE: id:1741323542381, from:30186, delay:0.0000s, distance:198.99m (Euclidean)
[2025-03-07 13:59:20,176] [INFO] [30183] Missing PRE-PREPARE for REQUEST 1741323542381; ignoring PREPARE
[2025-03-07 13:59:20,176] [INFO] [30183] Received COMMIT: id:1741323542381, from:30186, delay:0.0000s, distance:198.99m (Euclidean)
[2025-03-07 13:59:20,550] [INFO] [30183] Received PREPARE: id:1741323542381, from:30122, delay:0.0001s, distance:237.17m (Euclidean)
[2025-03-07 13:59:20,550] [INFO] [30183] Missing PRE-PREPARE for REQUEST 1741323542381; ignoring PREPARE
[2025-03-07 13:59:20,554] [INFO] [30183] Received COMMIT: id:1741323542381, from:30122, delay:0.0001s, distance:237.17m (Euclidean)
[2025-03-07 13:59:20,618] [INFO] [30183] Received PREPARE: id:1741323542381, from:30003, delay:0.0001s, distance:184.67m (Euclidean)
[2025-03-07 13:59:20,618] [INFO] [30183] Missing PRE-PREPARE for REQUEST 1741323542381; ignoring PREPARE
[2025-03-07 13:59:20,620] [INFO] [30183] Received COMMIT: id:1741323542381, from:30003, delay:0.0001s, distance:184.67m (Euclidean)
[2025-03-07 13:59:20,839] [INFO] [30183] Received PRE-PREPARE: id:1741323542381, from:Leader(30000), delay:0.0000s, distance:173.20m (Euclidean)
[2025-03-07 13:59:20,839] [INFO] [30183] Broadcasting PREPARE for REQUEST 1741323542381
[2025-03-07 13:59:20,848] [INFO] [30183] Not broadcasting to fault node: 30077
[2025-03-07 13:59:20,860] [INFO] [30183] Not broadcasting to fault node: 30184
[2025-03-07 13:59:20,979] [INFO] [30183] Received PREPARE: id:1741323542381, from:30139, delay:0.0001s, distance:174.03m (Euclidean)
[2025-03-07 13:59:20,979] [INFO] [30183] Broadcasting COMMIT for REQUEST 1741323542381
[2025-03-07 13:59:20,998] [INFO] [30183] Not broadcasting to fault node: 30077
[2025-03-07 13:59:21,011] [INFO] [30183] Not broadcasting to fault node: 30184
[2025-03-07 13:59:21,041] [INFO] [30183] Received COMMIT: id:1741323542381, from:30139, delay:0.0001s, distance:174.03m (Euclidean)
[2025-03-07 13:59:21,041] [INFO] [30183] Received COMMIT: id:1741323542381, from:30197, delay:0.0001s, distance:194.66m (Euclidean)
[2025-03-07 13:59:21,041] [INFO] [30183] Received PREPARE: id:1741323542381, from:30197, delay:0.0001s, distance:194.66m (Euclidean)
[2025-03-07 13:59:21,332] [INFO] [30183] Received PREPARE: id:1741323542381, from:30055, delay:0.0001s, distance:242.98m (Euclidean)
[2025-03-07 13:59:21,332] [INFO] [30183] Received COMMIT: id:1741323542381, from:30055, delay:0.0001s, distance:242.98m (Euclidean)
[2025-03-07 13:59:21,422] [INFO] [30183] Received PREPARE: id:1741323542381, from:30101, delay:0.0002s, distance:281.62m (Euclidean)
[2025-03-07 13:59:21,424] [INFO] [30183] Received COMMIT: id:1741323542381, from:30101, delay:0.0002s, distance:281.62m (Euclidean)
[2025-03-07 13:59:21,480] [INFO] [30183] Received PREPARE: id:1741323542381, from:30068, delay:0.0000s, distance:136.53m (Euclidean)
[2025-03-07 13:59:21,482] [INFO] [30183] Received COMMIT: id:1741323542381, from:30068, delay:0.0000s, distance:136.53m (Euclidean)
[2025-03-07 13:59:21,509] [INFO] [30183] Received PREPARE: id:1741323542381, from:30081, delay:0.0002s, distance:253.62m (Euclidean)
[2025-03-07 13:59:21,509] [INFO] [30183] Received COMMIT: id:1741323542381, from:30081, delay:0.0002s, distance:253.62m (Euclidean)
[2025-03-07 13:59:21,560] [INFO] [30183] Received PREPARE: id:1741323542381, from:30014, delay:0.0001s, distance:185.99m (Euclidean)
[2025-03-07 13:59:21,576] [INFO] [30183] Received COMMIT: id:1741323542381, from:30014, delay:0.0001s, distance:185.99m (Euclidean)
[2025-03-07 13:59:21,627] [INFO] [30183] Received PREPARE: id:1741323542381, from:30145, delay:0.0000s, distance:147.84m (Euclidean)
[2025-03-07 13:59:21,640] [INFO] [30183] Received COMMIT: id:1741323542381, from:30145, delay:0.0000s, distance:147.84m (Euclidean)
[2025-03-07 13:59:21,700] [INFO] [30183] Received PREPARE: id:1741323542381, from:30001, delay:0.0001s, distance:194.76m (Euclidean)
[2025-03-07 13:59:21,700] [INFO] [30183] Received COMMIT: id:1741323542381, from:30001, delay:0.0001s, distance:194.76m (Euclidean)
[2025-03-07 13:59:21,716] [INFO] [30183] Received PREPARE: id:1741323542381, from:30058, delay:0.0001s, distance:226.89m (Euclidean)
[2025-03-07 13:59:21,718] [INFO] [30183] Received COMMIT: id:1741323542381, from:30058, delay:0.0001s, distance:226.89m (Euclidean)
[2025-03-07 13:59:21,849] [INFO] [30183] Received COMMIT: id:1741323542381, from:30114, delay:0.0002s, distance:254.25m (Euclidean)
[2025-03-07 13:59:21,849] [INFO] [30183] Received PREPARE: id:1741323542381, from:30114, delay:0.0002s, distance:254.25m (Euclidean)
[2025-03-07 13:59:21,933] [INFO] [30183] Received PREPARE: id:1741323542381, from:30061, delay:0.0002s, distance:250.91m (Euclidean)
[2025-03-07 13:59:21,933] [INFO] [30183] Received COMMIT: id:1741323542381, from:30061, delay:0.0002s, distance:250.91m (Euclidean)
[2025-03-07 13:59:22,021] [INFO] [30183] Received PREPARE: id:1741323542381, from:30042, delay:0.0000s, distance:155.22m (Euclidean)
[2025-03-07 13:59:22,021] [INFO] [30183] Received COMMIT: id:1741323542381, from:30042, delay:0.0000s, distance:155.22m (Euclidean)
[2025-03-07 13:59:22,063] [INFO] [30183] Received COMMIT: id:1741323542381, from:30166, delay:0.0000s, distance:142.87m (Euclidean)
[2025-03-07 13:59:22,122] [INFO] [30183] Received PREPARE: id:1741323542381, from:30194, delay:0.0001s, distance:182.09m (Euclidean)
[2025-03-07 13:59:22,122] [INFO] [30183] Received COMMIT: id:1741323542381, from:30194, delay:0.0001s, distance:182.09m (Euclidean)
[2025-03-07 13:59:22,517] [INFO] [30183] Received COMMIT: id:1741323542381, from:30162, delay:0.0000s, distance:36.71m (Euclidean)
[2025-03-07 13:59:22,531] [INFO] [30183] Received PREPARE: id:1741323542381, from:30036, delay:0.0002s, distance:277.89m (Euclidean)
[2025-03-07 13:59:22,531] [INFO] [30183] Received COMMIT: id:1741323542381, from:30036, delay:0.0002s, distance:277.89m (Euclidean)
[2025-03-07 13:59:22,667] [INFO] [30183] Received PREPARE: id:1741323542381, from:30104, delay:0.0002s, distance:274.44m (Euclidean)
[2025-03-07 13:59:22,667] [INFO] [30183] Received PREPARE: id:1741323542381, from:30094, delay:0.0000s, distance:135.58m (Euclidean)
[2025-03-07 13:59:22,667] [INFO] [30183] Received COMMIT: id:1741323542381, from:30094, delay:0.0000s, distance:135.58m (Euclidean)
[2025-03-07 13:59:22,667] [INFO] [30183] Received COMMIT: id:1741323542381, from:30104, delay:0.0002s, distance:274.44m (Euclidean)
[2025-03-07 13:59:22,674] [INFO] [30183] Received PREPARE: id:1741323542381, from:30140, delay:0.0000s, distance:93.06m (Euclidean)
[2025-03-07 13:59:22,674] [INFO] [30183] Received COMMIT: id:1741323542381, from:30140, delay:0.0000s, distance:93.06m (Euclidean)
[2025-03-07 13:59:22,764] [INFO] [30183] Received PREPARE: id:1741323542381, from:30019, delay:0.0001s, distance:170.47m (Euclidean)
[2025-03-07 13:59:22,764] [INFO] [30183] Received COMMIT: id:1741323542381, from:30019, delay:0.0001s, distance:170.47m (Euclidean)
[2025-03-07 13:59:22,876] [INFO] [30183] Received PREPARE: id:1741323542381, from:30038, delay:0.0002s, distance:261.08m (Euclidean)
[2025-03-07 13:59:22,876] [INFO] [30183] Received COMMIT: id:1741323542381, from:30038, delay:0.0002s, distance:261.08m (Euclidean)
[2025-03-07 13:59:23,211] [INFO] [30183] Received PREPARE: id:1741323542381, from:30064, delay:0.0001s, distance:237.28m (Euclidean)
[2025-03-07 13:59:23,211] [INFO] [30183] Received PREPARE: id:1741323542381, from:30099, delay:0.0001s, distance:231.72m (Euclidean)
[2025-03-07 13:59:23,211] [INFO] [30183] Received COMMIT: id:1741323542381, from:30064, delay:0.0001s, distance:237.28m (Euclidean)
[2025-03-07 13:59:23,211] [INFO] [30183] Received COMMIT: id:1741323542381, from:30099, delay:0.0001s, distance:231.72m (Euclidean)
[2025-03-07 13:59:23,265] [INFO] [30183] Received PREPARE: id:1741323542381, from:30160, delay:0.0001s, distance:210.91m (Euclidean)
[2025-03-07 13:59:23,265] [INFO] [30183] Received COMMIT: id:1741323542381, from:30160, delay:0.0001s, distance:210.91m (Euclidean)
[2025-03-07 13:59:23,385] [INFO] [30183] Received PREPARE: id:1741323542381, from:30142, delay:0.0001s, distance:207.88m (Euclidean)
[2025-03-07 13:59:23,410] [INFO] [30183] Received COMMIT: id:1741323542381, from:30142, delay:0.0001s, distance:207.88m (Euclidean)
[2025-03-07 13:59:23,489] [INFO] [30183] Received PREPARE: id:1741323542381, from:30033, delay:0.0000s, distance:145.64m (Euclidean)
[2025-03-07 13:59:23,545] [INFO] [30183] Received COMMIT: id:1741323542381, from:30033, delay:0.0000s, distance:145.64m (Euclidean)
[2025-03-07 13:59:23,649] [INFO] [30183] Received PREPARE: id:1741323542381, from:30073, delay:0.0000s, distance:98.31m (Euclidean)
[2025-03-07 13:59:23,651] [INFO] [30183] Received COMMIT: id:1741323542381, from:30073, delay:0.0000s, distance:98.31m (Euclidean)
[2025-03-07 13:59:23,880] [INFO] [30183] Received PREPARE: id:1741323542381, from:30117, delay:0.0001s, distance:230.76m (Euclidean)
[2025-03-07 13:59:23,881] [INFO] [30183] Received COMMIT: id:1741323542381, from:30117, delay:0.0001s, distance:230.76m (Euclidean)
[2025-03-07 13:59:24,025] [INFO] [30183] Received PREPARE: id:1741323542381, from:30173, delay:0.0001s, distance:179.72m (Euclidean)
[2025-03-07 13:59:24,067] [INFO] [30183] Received COMMIT: id:1741323542381, from:30173, delay:0.0001s, distance:179.72m (Euclidean)
[2025-03-07 13:59:24,094] [INFO] [30183] Received PREPARE: id:1741323542381, from:30105, delay:0.0002s, distance:285.26m (Euclidean)
[2025-03-07 13:59:24,094] [INFO] [30183] Received COMMIT: id:1741323542381, from:30105, delay:0.0002s, distance:285.26m (Euclidean)
[2025-03-07 13:59:24,166] [INFO] [30183] Received COMMIT: id:1741323542381, from:30000, delay:0.0000s, distance:173.20m (Euclidean)
[2025-03-07 13:59:24,283] [INFO] [30183] Received PREPARE: id:1741323542381, from:30078, delay:0.0000s, distance:50.35m (Euclidean)
[2025-03-07 13:59:24,406] [INFO] [30183] Received PREPARE: id:1741323542381, from:30151, delay:0.0000s, distance:103.99m (Euclidean)
[2025-03-07 13:59:24,406] [INFO] [30183] Received COMMIT: id:1741323542381, from:30151, delay:0.0000s, distance:103.99m (Euclidean)
[2025-03-07 13:59:24,434] [INFO] [30183] Received PREPARE: id:1741323542381, from:30069, delay:0.0001s, distance:228.65m (Euclidean)
[2025-03-07 13:59:24,435] [INFO] [30183] Received COMMIT: id:1741323542381, from:30069, delay:0.0001s, distance:228.65m (Euclidean)
[2025-03-07 13:59:24,510] [INFO] [30183] Received PREPARE: id:1741323542381, from:30131, delay:0.0000s, distance:74.57m (Euclidean)
[2025-03-07 13:59:24,510] [INFO] [30183] Received COMMIT: id:1741323542381, from:30131, delay:0.0000s, distance:74.57m (Euclidean)
[2025-03-07 13:59:24,632] [INFO] [30183] Received PREPARE: id:1741323542381, from:30075, delay:0.0000s, distance:119.36m (Euclidean)
[2025-03-07 13:59:25,197] [INFO] [30183] Received PREPARE: id:1741323542381, from:30159, delay:0.0001s, distance:195.70m (Euclidean)
[2025-03-07 13:59:25,197] [INFO] [30183] Received COMMIT: id:1741323542381, from:30159, delay:0.0001s, distance:195.70m (Euclidean)
[2025-03-07 13:59:25,442] [INFO] [30183] Received PREPARE: id:1741323542381, from:30172, delay:0.0000s, distance:82.81m (Euclidean)
[2025-03-07 13:59:25,660] [INFO] [30183] Received PREPARE: id:1741323542381, from:30156, delay:0.0001s, distance:203.50m (Euclidean)
[2025-03-07 13:59:25,662] [INFO] [30183] Received COMMIT: id:1741323542381, from:30156, delay:0.0001s, distance:203.50m (Euclidean)
[2025-03-07 13:59:25,713] [INFO] [30183] Received PREPARE: id:1741323542381, from:30153, delay:0.0001s, distance:152.62m (Euclidean)
[2025-03-07 13:59:25,757] [INFO] [30183] Received COMMIT: id:1741323542381, from:30153, delay:0.0001s, distance:152.62m (Euclidean)
[2025-03-07 13:59:25,861] [INFO] [30183] Received COMMIT: id:1741323542381, from:30075, delay:0.0000s, distance:119.36m (Euclidean)
[2025-03-07 13:59:26,072] [INFO] [30183] Received PREPARE: id:1741323542381, from:30084, delay:0.0000s, distance:85.63m (Euclidean)
[2025-03-07 13:59:26,079] [INFO] [30183] Received COMMIT: id:1741323542381, from:30084, delay:0.0000s, distance:85.63m (Euclidean)
[2025-03-07 13:59:26,178] [INFO] [30183] Received PREPARE: id:1741323542381, from:30187, delay:0.0001s, distance:216.71m (Euclidean)
[2025-03-07 13:59:26,190] [INFO] [30183] Received COMMIT: id:1741323542381, from:30187, delay:0.0001s, distance:216.71m (Euclidean)
[2025-03-07 13:59:26,348] [INFO] [30183] Received PREPARE: id:1741323542381, from:30008, delay:0.0000s, distance:180.76m (Euclidean)
[2025-03-07 13:59:26,348] [INFO] [30183] Received COMMIT: id:1741323542381, from:30008, delay:0.0000s, distance:180.76m (Euclidean)
[2025-03-07 13:59:26,981] [INFO] [30183] Received PREPARE: id:1741323542381, from:30022, delay:0.0000s, distance:132.88m (Euclidean)
[2025-03-07 13:59:26,981] [INFO] [30183] Received COMMIT: id:1741323542381, from:30022, delay:0.0000s, distance:132.88m (Euclidean)
[2025-03-07 13:59:26,981] [INFO] [30183] Received COMMIT: id:1741323542381, from:30172, delay:0.0000s, distance:82.81m (Euclidean)
[2025-03-07 13:59:27,426] [INFO] [30183] Received PREPARE: id:1741323542381, from:30045, delay:0.0001s, distance:230.92m (Euclidean)
[2025-03-07 13:59:27,427] [INFO] [30183] Received COMMIT: id:1741323542381, from:30045, delay:0.0001s, distance:230.92m (Euclidean)
[2025-03-07 13:59:27,539] [INFO] [30183] Received PREPARE: id:1741323542381, from:30072, delay:0.0000s, distance:149.04m (Euclidean)
[2025-03-07 13:59:27,539] [INFO] [30183] Received COMMIT: id:1741323542381, from:30072, delay:0.0000s, distance:149.04m (Euclidean)
[2025-03-07 13:59:27,767] [INFO] [30183] Received PREPARE: id:1741323542381, from:30148, delay:0.0000s, distance:129.57m (Euclidean)
[2025-03-07 13:59:27,771] [INFO] [30183] Received COMMIT: id:1741323542381, from:30148, delay:0.0000s, distance:129.57m (Euclidean)
[2025-03-07 13:59:28,077] [INFO] [30183] Received PREPARE: id:1741323542381, from:30018, delay:0.0000s, distance:125.92m (Euclidean)
[2025-03-07 13:59:28,093] [INFO] [30183] Received COMMIT: id:1741323542381, from:30018, delay:0.0000s, distance:125.92m (Euclidean)
[2025-03-07 13:59:28,680] [INFO] [30183] Received PREPARE: id:1741323542381, from:30185, delay:0.0001s, distance:228.10m (Euclidean)
[2025-03-07 13:59:28,817] [INFO] [30183] Received COMMIT: id:1741323542381, from:30185, delay:0.0001s, distance:228.10m (Euclidean)
[2025-03-07 13:59:28,830] [INFO] [30183] Received PREPARE: id:1741323542381, from:30030, delay:0.0001s, distance:217.12m (Euclidean)
[2025-03-07 13:59:28,901] [INFO] [30183] Received COMMIT: id:1741323542381, from:30030, delay:0.0001s, distance:217.12m (Euclidean)
[2025-03-07 13:59:33,157] [ERROR] [30183] Error sending to http://localhost:30193/prepare: Cannot connect to host localhost:30193 ssl:default [         ]
Traceback (most recent call last):
  File "D:\anaconda\envs\PBFT\lib\site-packages\aiohttp\connector.py", line 980, in _wrap_create_connection
    return await self._loop.create_connection(*args, **kwargs)  # type: ignore[return-value]  # noqa
  File "D:\anaconda\envs\PBFT\lib\asyncio\base_events.py", line 948, in create_connection
    raise exceptions[0]
  File "D:\anaconda\envs\PBFT\lib\asyncio\base_events.py", line 935, in create_connection
    await self.sock_connect(sock, address)
  File "D:\anaconda\envs\PBFT\lib\asyncio\selector_events.py", line 475, in sock_connect
    return await fut
  File "D:\anaconda\envs\PBFT\lib\asyncio\selector_events.py", line 480, in _sock_connect
    sock.connect(address)
OSError: [WinError 10055]          

The above exception was the direct cause of the following exception:

Traceback (most recent call last):
  File "pbft.py", line 236, in send_message
    await send_with_delay(self.session, self.node_info, target, url, data, self.bandwidth_data)
  File "pbft.py", line 63, in send_with_delay
    async with session.post(url, json=data) as resp:
  File "D:\anaconda\envs\PBFT\lib\site-packages\aiohttp\client.py", line 1141, in __aenter__
    self._resp = await self._coro
  File "D:\anaconda\envs\PBFT\lib\site-packages\aiohttp\client.py", line 537, in _request
    req, traces=traces, timeout=real_timeout
  File "D:\anaconda\envs\PBFT\lib\site-packages\aiohttp\connector.py", line 540, in connect
    proto = await self._create_connection(req, traces, timeout)
  File "D:\anaconda\envs\PBFT\lib\site-packages\aiohttp\connector.py", line 901, in _create_connection
    _, proto = await self._create_direct_connection(req, traces, timeout)
  File "D:\anaconda\envs\PBFT\lib\site-packages\aiohttp\connector.py", line 1206, in _create_direct_connection
    raise last_exc
  File "D:\anaconda\envs\PBFT\lib\site-packages\aiohttp\connector.py", line 1187, in _create_direct_connection
    client_error=client_error,
  File "D:\anaconda\envs\PBFT\lib\site-packages\aiohttp\connector.py", line 988, in _wrap_create_connection
    raise client_error(req.connection_key, exc) from exc
aiohttp.client_exceptions.ClientConnectorError: Cannot connect to host localhost:30193 ssl:default [         ]
[2025-03-07 13:59:33,279] [ERROR] [30183] Error sending to http://localhost:30024/prepare: Cannot connect to host localhost:30024 ssl:default [         ]
Traceback (most recent call last):
  File "D:\anaconda\envs\PBFT\lib\site-packages\aiohttp\connector.py", line 980, in _wrap_create_connection
    return await self._loop.create_connection(*args, **kwargs)  # type: ignore[return-value]  # noqa
  File "D:\anaconda\envs\PBFT\lib\asyncio\base_events.py", line 948, in create_connection
    raise exceptions[0]
  File "D:\anaconda\envs\PBFT\lib\asyncio\base_events.py", line 935, in create_connection
    await self.sock_connect(sock, address)
  File "D:\anaconda\envs\PBFT\lib\asyncio\selector_events.py", line 475, in sock_connect
    return await fut
  File "D:\anaconda\envs\PBFT\lib\asyncio\selector_events.py", line 480, in _sock_connect
    sock.connect(address)
OSError: [WinError 10055]          

The above exception was the direct cause of the following exception:

Traceback (most recent call last):
  File "pbft.py", line 236, in send_message
    await send_with_delay(self.session, self.node_info, target, url, data, self.bandwidth_data)
  File "pbft.py", line 63, in send_with_delay
    async with session.post(url, json=data) as resp:
  File "D:\anaconda\envs\PBFT\lib\site-packages\aiohttp\client.py", line 1141, in __aenter__
    self._resp = await self._coro
  File "D:\anaconda\envs\PBFT\lib\site-packages\aiohttp\client.py", line 537, in _request
    req, traces=traces, timeout=real_timeout
  File "D:\anaconda\envs\PBFT\lib\site-packages\aiohttp\connector.py", line 540, in connect
    proto = await self._create_connection(req, traces, timeout)
  File "D:\anaconda\envs\PBFT\lib\site-packages\aiohttp\connector.py", line 901, in _create_connection
    _, proto = await self._create_direct_connection(req, traces, timeout)
  File "D:\anaconda\envs\PBFT\lib\site-packages\aiohttp\connector.py", line 1206, in _create_direct_connection
    raise last_exc
  File "D:\anaconda\envs\PBFT\lib\site-packages\aiohttp\connector.py", line 1187, in _create_direct_connection
    client_error=client_error,
  File "D:\anaconda\envs\PBFT\lib\site-packages\aiohttp\connector.py", line 988, in _wrap_create_connection
    raise client_error(req.connection_key, exc) from exc
aiohttp.client_exceptions.ClientConnectorError: Cannot connect to host localhost:30024 ssl:default [         ]
[2025-03-07 13:59:33,283] [ERROR] [30183] Error sending to http://localhost:30176/prepare: Cannot connect to host localhost:30176 ssl:default [         ]
Traceback (most recent call last):
  File "D:\anaconda\envs\PBFT\lib\site-packages\aiohttp\connector.py", line 980, in _wrap_create_connection
    return await self._loop.create_connection(*args, **kwargs)  # type: ignore[return-value]  # noqa
  File "D:\anaconda\envs\PBFT\lib\asyncio\base_events.py", line 948, in create_connection
    raise exceptions[0]
  File "D:\anaconda\envs\PBFT\lib\asyncio\base_events.py", line 935, in create_connection
    await self.sock_connect(sock, address)
  File "D:\anaconda\envs\PBFT\lib\asyncio\selector_events.py", line 475, in sock_connect
    return await fut
  File "D:\anaconda\envs\PBFT\lib\asyncio\selector_events.py", line 480, in _sock_connect
    sock.connect(address)
OSError: [WinError 10055]          

The above exception was the direct cause of the following exception:

Traceback (most recent call last):
  File "pbft.py", line 236, in send_message
    await send_with_delay(self.session, self.node_info, target, url, data, self.bandwidth_data)
  File "pbft.py", line 63, in send_with_delay
    async with session.post(url, json=data) as resp:
  File "D:\anaconda\envs\PBFT\lib\site-packages\aiohttp\client.py", line 1141, in __aenter__
    self._resp = await self._coro
  File "D:\anaconda\envs\PBFT\lib\site-packages\aiohttp\client.py", line 537, in _request
    req, traces=traces, timeout=real_timeout
  File "D:\anaconda\envs\PBFT\lib\site-packages\aiohttp\connector.py", line 540, in connect
    proto = await self._create_connection(req, traces, timeout)
  File "D:\anaconda\envs\PBFT\lib\site-packages\aiohttp\connector.py", line 901, in _create_connection
    _, proto = await self._create_direct_connection(req, traces, timeout)
  File "D:\anaconda\envs\PBFT\lib\site-packages\aiohttp\connector.py", line 1206, in _create_direct_connection
    raise last_exc
  File "D:\anaconda\envs\PBFT\lib\site-packages\aiohttp\connector.py", line 1187, in _create_direct_connection
    client_error=client_error,
  File "D:\anaconda\envs\PBFT\lib\site-packages\aiohttp\connector.py", line 988, in _wrap_create_connection
    raise client_error(req.connection_key, exc) from exc
aiohttp.client_exceptions.ClientConnectorError: Cannot connect to host localhost:30176 ssl:default [         ]
[2025-03-07 13:59:33,283] [ERROR] [30183] Error sending to http://localhost:30036/prepare: Cannot connect to host localhost:30036 ssl:default [         ]
Traceback (most recent call last):
  File "D:\anaconda\envs\PBFT\lib\site-packages\aiohttp\connector.py", line 980, in _wrap_create_connection
    return await self._loop.create_connection(*args, **kwargs)  # type: ignore[return-value]  # noqa
  File "D:\anaconda\envs\PBFT\lib\asyncio\base_events.py", line 948, in create_connection
    raise exceptions[0]
  File "D:\anaconda\envs\PBFT\lib\asyncio\base_events.py", line 935, in create_connection
    await self.sock_connect(sock, address)
  File "D:\anaconda\envs\PBFT\lib\asyncio\selector_events.py", line 475, in sock_connect
    return await fut
  File "D:\anaconda\envs\PBFT\lib\asyncio\selector_events.py", line 480, in _sock_connect
    sock.connect(address)
OSError: [WinError 10055]          

The above exception was the direct cause of the following exception:

Traceback (most recent call last):
  File "pbft.py", line 236, in send_message
    await send_with_delay(self.session, self.node_info, target, url, data, self.bandwidth_data)
  File "pbft.py", line 63, in send_with_delay
    async with session.post(url, json=data) as resp:
  File "D:\anaconda\envs\PBFT\lib\site-packages\aiohttp\client.py", line 1141, in __aenter__
    self._resp = await self._coro
  File "D:\anaconda\envs\PBFT\lib\site-packages\aiohttp\client.py", line 537, in _request
    req, traces=traces, timeout=real_timeout
  File "D:\anaconda\envs\PBFT\lib\site-packages\aiohttp\connector.py", line 540, in connect
    proto = await self._create_connection(req, traces, timeout)
  File "D:\anaconda\envs\PBFT\lib\site-packages\aiohttp\connector.py", line 901, in _create_connection
    _, proto = await self._create_direct_connection(req, traces, timeout)
  File "D:\anaconda\envs\PBFT\lib\site-packages\aiohttp\connector.py", line 1206, in _create_direct_connection
    raise last_exc
  File "D:\anaconda\envs\PBFT\lib\site-packages\aiohttp\connector.py", line 1187, in _create_direct_connection
    client_error=client_error,
  File "D:\anaconda\envs\PBFT\lib\site-packages\aiohttp\connector.py", line 988, in _wrap_create_connection
    raise client_error(req.connection_key, exc) from exc
aiohttp.client_exceptions.ClientConnectorError: Cannot connect to host localhost:30036 ssl:default [         ]
[2025-03-07 13:59:33,295] [ERROR] [30183] Error sending to http://localhost:30154/prepare: Cannot connect to host localhost:30154 ssl:default [         ]
Traceback (most recent call last):
  File "D:\anaconda\envs\PBFT\lib\site-packages\aiohttp\connector.py", line 980, in _wrap_create_connection
    return await self._loop.create_connection(*args, **kwargs)  # type: ignore[return-value]  # noqa
  File "D:\anaconda\envs\PBFT\lib\asyncio\base_events.py", line 948, in create_connection
    raise exceptions[0]
  File "D:\anaconda\envs\PBFT\lib\asyncio\base_events.py", line 935, in create_connection
    await self.sock_connect(sock, address)
  File "D:\anaconda\envs\PBFT\lib\asyncio\selector_events.py", line 475, in sock_connect
    return await fut
  File "D:\anaconda\envs\PBFT\lib\asyncio\selector_events.py", line 480, in _sock_connect
    sock.connect(address)
OSError: [WinError 10055]          

The above exception was the direct cause of the following exception:

Traceback (most recent call last):
  File "pbft.py", line 236, in send_message
    await send_with_delay(self.session, self.node_info, target, url, data, self.bandwidth_data)
  File "pbft.py", line 63, in send_with_delay
    async with session.post(url, json=data) as resp:
  File "D:\anaconda\envs\PBFT\lib\site-packages\aiohttp\client.py", line 1141, in __aenter__
    self._resp = await self._coro
  File "D:\anaconda\envs\PBFT\lib\site-packages\aiohttp\client.py", line 537, in _request
    req, traces=traces, timeout=real_timeout
  File "D:\anaconda\envs\PBFT\lib\site-packages\aiohttp\connector.py", line 540, in connect
    proto = await self._create_connection(req, traces, timeout)
  File "D:\anaconda\envs\PBFT\lib\site-packages\aiohttp\connector.py", line 901, in _create_connection
    _, proto = await self._create_direct_connection(req, traces, timeout)
  File "D:\anaconda\envs\PBFT\lib\site-packages\aiohttp\connector.py", line 1206, in _create_direct_connection
    raise last_exc
  File "D:\anaconda\envs\PBFT\lib\site-packages\aiohttp\connector.py", line 1187, in _create_direct_connection
    client_error=client_error,
  File "D:\anaconda\envs\PBFT\lib\site-packages\aiohttp\connector.py", line 988, in _wrap_create_connection
    raise client_error(req.connection_key, exc) from exc
aiohttp.client_exceptions.ClientConnectorError: Cannot connect to host localhost:30154 ssl:default [         ]
[2025-03-07 13:59:33,301] [ERROR] [30183] Error sending to http://localhost:30193/commit: Cannot connect to host localhost:30193 ssl:default [         ]
Traceback (most recent call last):
  File "D:\anaconda\envs\PBFT\lib\site-packages\aiohttp\connector.py", line 980, in _wrap_create_connection
    return await self._loop.create_connection(*args, **kwargs)  # type: ignore[return-value]  # noqa
  File "D:\anaconda\envs\PBFT\lib\asyncio\base_events.py", line 948, in create_connection
    raise exceptions[0]
  File "D:\anaconda\envs\PBFT\lib\asyncio\base_events.py", line 935, in create_connection
    await self.sock_connect(sock, address)
  File "D:\anaconda\envs\PBFT\lib\asyncio\selector_events.py", line 475, in sock_connect
    return await fut
  File "D:\anaconda\envs\PBFT\lib\asyncio\selector_events.py", line 480, in _sock_connect
    sock.connect(address)
OSError: [WinError 10055]          

The above exception was the direct cause of the following exception:

Traceback (most recent call last):
  File "pbft.py", line 236, in send_message
    await send_with_delay(self.session, self.node_info, target, url, data, self.bandwidth_data)
  File "pbft.py", line 63, in send_with_delay
    async with session.post(url, json=data) as resp:
  File "D:\anaconda\envs\PBFT\lib\site-packages\aiohttp\client.py", line 1141, in __aenter__
    self._resp = await self._coro
  File "D:\anaconda\envs\PBFT\lib\site-packages\aiohttp\client.py", line 537, in _request
    req, traces=traces, timeout=real_timeout
  File "D:\anaconda\envs\PBFT\lib\site-packages\aiohttp\connector.py", line 540, in connect
    proto = await self._create_connection(req, traces, timeout)
  File "D:\anaconda\envs\PBFT\lib\site-packages\aiohttp\connector.py", line 901, in _create_connection
    _, proto = await self._create_direct_connection(req, traces, timeout)
  File "D:\anaconda\envs\PBFT\lib\site-packages\aiohttp\connector.py", line 1206, in _create_direct_connection
    raise last_exc
  File "D:\anaconda\envs\PBFT\lib\site-packages\aiohttp\connector.py", line 1187, in _create_direct_connection
    client_error=client_error,
  File "D:\anaconda\envs\PBFT\lib\site-packages\aiohttp\connector.py", line 988, in _wrap_create_connection
    raise client_error(req.connection_key, exc) from exc
aiohttp.client_exceptions.ClientConnectorError: Cannot connect to host localhost:30193 ssl:default [         ]
[2025-03-07 13:59:33,313] [ERROR] [30183] Error sending to http://localhost:30122/prepare: Cannot connect to host localhost:30122 ssl:default [         ]
Traceback (most recent call last):
  File "D:\anaconda\envs\PBFT\lib\site-packages\aiohttp\connector.py", line 980, in _wrap_create_connection
    return await self._loop.create_connection(*args, **kwargs)  # type: ignore[return-value]  # noqa
  File "D:\anaconda\envs\PBFT\lib\asyncio\base_events.py", line 948, in create_connection
    raise exceptions[0]
  File "D:\anaconda\envs\PBFT\lib\asyncio\base_events.py", line 935, in create_connection
    await self.sock_connect(sock, address)
  File "D:\anaconda\envs\PBFT\lib\asyncio\selector_events.py", line 475, in sock_connect
    return await fut
  File "D:\anaconda\envs\PBFT\lib\asyncio\selector_events.py", line 480, in _sock_connect
    sock.connect(address)
OSError: [WinError 10055]          

The above exception was the direct cause of the following exception:

Traceback (most recent call last):
  File "pbft.py", line 236, in send_message
    await send_with_delay(self.session, self.node_info, target, url, data, self.bandwidth_data)
  File "pbft.py", line 63, in send_with_delay
    async with session.post(url, json=data) as resp:
  File "D:\anaconda\envs\PBFT\lib\site-packages\aiohttp\client.py", line 1141, in __aenter__
    self._resp = await self._coro
  File "D:\anaconda\envs\PBFT\lib\site-packages\aiohttp\client.py", line 537, in _request
    req, traces=traces, timeout=real_timeout
  File "D:\anaconda\envs\PBFT\lib\site-packages\aiohttp\connector.py", line 540, in connect
    proto = await self._create_connection(req, traces, timeout)
  File "D:\anaconda\envs\PBFT\lib\site-packages\aiohttp\connector.py", line 901, in _create_connection
    _, proto = await self._create_direct_connection(req, traces, timeout)
  File "D:\anaconda\envs\PBFT\lib\site-packages\aiohttp\connector.py", line 1206, in _create_direct_connection
    raise last_exc
  File "D:\anaconda\envs\PBFT\lib\site-packages\aiohttp\connector.py", line 1187, in _create_direct_connection
    client_error=client_error,
  File "D:\anaconda\envs\PBFT\lib\site-packages\aiohttp\connector.py", line 988, in _wrap_create_connection
    raise client_error(req.connection_key, exc) from exc
aiohttp.client_exceptions.ClientConnectorError: Cannot connect to host localhost:30122 ssl:default [         ]
[2025-03-07 13:59:33,313] [ERROR] [30183] Error sending to http://localhost:30137/prepare: Cannot connect to host localhost:30137 ssl:default [         ]
Traceback (most recent call last):
  File "D:\anaconda\envs\PBFT\lib\site-packages\aiohttp\connector.py", line 980, in _wrap_create_connection
    return await self._loop.create_connection(*args, **kwargs)  # type: ignore[return-value]  # noqa
  File "D:\anaconda\envs\PBFT\lib\asyncio\base_events.py", line 948, in create_connection
    raise exceptions[0]
  File "D:\anaconda\envs\PBFT\lib\asyncio\base_events.py", line 935, in create_connection
    await self.sock_connect(sock, address)
  File "D:\anaconda\envs\PBFT\lib\asyncio\selector_events.py", line 475, in sock_connect
    return await fut
  File "D:\anaconda\envs\PBFT\lib\asyncio\selector_events.py", line 480, in _sock_connect
    sock.connect(address)
OSError: [WinError 10055]          

The above exception was the direct cause of the following exception:

Traceback (most recent call last):
  File "pbft.py", line 236, in send_message
    await send_with_delay(self.session, self.node_info, target, url, data, self.bandwidth_data)
  File "pbft.py", line 63, in send_with_delay
    async with session.post(url, json=data) as resp:
  File "D:\anaconda\envs\PBFT\lib\site-packages\aiohttp\client.py", line 1141, in __aenter__
    self._resp = await self._coro
  File "D:\anaconda\envs\PBFT\lib\site-packages\aiohttp\client.py", line 537, in _request
    req, traces=traces, timeout=real_timeout
  File "D:\anaconda\envs\PBFT\lib\site-packages\aiohttp\connector.py", line 540, in connect
    proto = await self._create_connection(req, traces, timeout)
  File "D:\anaconda\envs\PBFT\lib\site-packages\aiohttp\connector.py", line 901, in _create_connection
    _, proto = await self._create_direct_connection(req, traces, timeout)
  File "D:\anaconda\envs\PBFT\lib\site-packages\aiohttp\connector.py", line 1206, in _create_direct_connection
    raise last_exc
  File "D:\anaconda\envs\PBFT\lib\site-packages\aiohttp\connector.py", line 1187, in _create_direct_connection
    client_error=client_error,
  File "D:\anaconda\envs\PBFT\lib\site-packages\aiohttp\connector.py", line 988, in _wrap_create_connection
    raise client_error(req.connection_key, exc) from exc
aiohttp.client_exceptions.ClientConnectorError: Cannot connect to host localhost:30137 ssl:default [         ]
[2025-03-07 13:59:33,313] [ERROR] [30183] Error sending to http://localhost:30161/prepare: Cannot connect to host localhost:30161 ssl:default [         ]
Traceback (most recent call last):
  File "D:\anaconda\envs\PBFT\lib\site-packages\aiohttp\connector.py", line 980, in _wrap_create_connection
    return await self._loop.create_connection(*args, **kwargs)  # type: ignore[return-value]  # noqa
  File "D:\anaconda\envs\PBFT\lib\asyncio\base_events.py", line 948, in create_connection
    raise exceptions[0]
  File "D:\anaconda\envs\PBFT\lib\asyncio\base_events.py", line 935, in create_connection
    await self.sock_connect(sock, address)
  File "D:\anaconda\envs\PBFT\lib\asyncio\selector_events.py", line 475, in sock_connect
    return await fut
  File "D:\anaconda\envs\PBFT\lib\asyncio\selector_events.py", line 480, in _sock_connect
    sock.connect(address)
OSError: [WinError 10055]          

The above exception was the direct cause of the following exception:

Traceback (most recent call last):
  File "pbft.py", line 236, in send_message
    await send_with_delay(self.session, self.node_info, target, url, data, self.bandwidth_data)
  File "pbft.py", line 63, in send_with_delay
    async with session.post(url, json=data) as resp:
  File "D:\anaconda\envs\PBFT\lib\site-packages\aiohttp\client.py", line 1141, in __aenter__
    self._resp = await self._coro
  File "D:\anaconda\envs\PBFT\lib\site-packages\aiohttp\client.py", line 537, in _request
    req, traces=traces, timeout=real_timeout
  File "D:\anaconda\envs\PBFT\lib\site-packages\aiohttp\connector.py", line 540, in connect
    proto = await self._create_connection(req, traces, timeout)
  File "D:\anaconda\envs\PBFT\lib\site-packages\aiohttp\connector.py", line 901, in _create_connection
    _, proto = await self._create_direct_connection(req, traces, timeout)
  File "D:\anaconda\envs\PBFT\lib\site-packages\aiohttp\connector.py", line 1206, in _create_direct_connection
    raise last_exc
  File "D:\anaconda\envs\PBFT\lib\site-packages\aiohttp\connector.py", line 1187, in _create_direct_connection
    client_error=client_error,
  File "D:\anaconda\envs\PBFT\lib\site-packages\aiohttp\connector.py", line 988, in _wrap_create_connection
    raise client_error(req.connection_key, exc) from exc
aiohttp.client_exceptions.ClientConnectorError: Cannot connect to host localhost:30161 ssl:default [         ]
[2025-03-07 13:59:33,313] [ERROR] [30183] Error sending to http://localhost:30101/prepare: Cannot connect to host localhost:30101 ssl:default [         ]
Traceback (most recent call last):
  File "D:\anaconda\envs\PBFT\lib\site-packages\aiohttp\connector.py", line 980, in _wrap_create_connection
    return await self._loop.create_connection(*args, **kwargs)  # type: ignore[return-value]  # noqa
  File "D:\anaconda\envs\PBFT\lib\asyncio\base_events.py", line 948, in create_connection
    raise exceptions[0]
  File "D:\anaconda\envs\PBFT\lib\asyncio\base_events.py", line 935, in create_connection
    await self.sock_connect(sock, address)
  File "D:\anaconda\envs\PBFT\lib\asyncio\selector_events.py", line 475, in sock_connect
    return await fut
  File "D:\anaconda\envs\PBFT\lib\asyncio\selector_events.py", line 480, in _sock_connect
    sock.connect(address)
OSError: [WinError 10055]          

The above exception was the direct cause of the following exception:

Traceback (most recent call last):
  File "pbft.py", line 236, in send_message
    await send_with_delay(self.session, self.node_info, target, url, data, self.bandwidth_data)
  File "pbft.py", line 63, in send_with_delay
    async with session.post(url, json=data) as resp:
  File "D:\anaconda\envs\PBFT\lib\site-packages\aiohttp\client.py", line 1141, in __aenter__
    self._resp = await self._coro
  File "D:\anaconda\envs\PBFT\lib\site-packages\aiohttp\client.py", line 537, in _request
    req, traces=traces, timeout=real_timeout
  File "D:\anaconda\envs\PBFT\lib\site-packages\aiohttp\connector.py", line 540, in connect
    proto = await self._create_connection(req, traces, timeout)
  File "D:\anaconda\envs\PBFT\lib\site-packages\aiohttp\connector.py", line 901, in _create_connection
    _, proto = await self._create_direct_connection(req, traces, timeout)
  File "D:\anaconda\envs\PBFT\lib\site-packages\aiohttp\connector.py", line 1206, in _create_direct_connection
    raise last_exc
  File "D:\anaconda\envs\PBFT\lib\site-packages\aiohttp\connector.py", line 1187, in _create_direct_connection
    client_error=client_error,
  File "D:\anaconda\envs\PBFT\lib\site-packages\aiohttp\connector.py", line 988, in _wrap_create_connection
    raise client_error(req.connection_key, exc) from exc
aiohttp.client_exceptions.ClientConnectorError: Cannot connect to host localhost:30101 ssl:default [         ]
[2025-03-07 13:59:33,336] [ERROR] [30183] Error sending to http://localhost:30145/commit: Cannot connect to host localhost:30145 ssl:default [         ]
Traceback (most recent call last):
  File "D:\anaconda\envs\PBFT\lib\site-packages\aiohttp\connector.py", line 980, in _wrap_create_connection
    return await self._loop.create_connection(*args, **kwargs)  # type: ignore[return-value]  # noqa
  File "D:\anaconda\envs\PBFT\lib\asyncio\base_events.py", line 948, in create_connection
    raise exceptions[0]
  File "D:\anaconda\envs\PBFT\lib\asyncio\base_events.py", line 935, in create_connection
    await self.sock_connect(sock, address)
  File "D:\anaconda\envs\PBFT\lib\asyncio\selector_events.py", line 475, in sock_connect
    return await fut
  File "D:\anaconda\envs\PBFT\lib\asyncio\selector_events.py", line 480, in _sock_connect
    sock.connect(address)
OSError: [WinError 10055]          

The above exception was the direct cause of the following exception:

Traceback (most recent call last):
  File "pbft.py", line 236, in send_message
    await send_with_delay(self.session, self.node_info, target, url, data, self.bandwidth_data)
  File "pbft.py", line 63, in send_with_delay
    async with session.post(url, json=data) as resp:
  File "D:\anaconda\envs\PBFT\lib\site-packages\aiohttp\client.py", line 1141, in __aenter__
    self._resp = await self._coro
  File "D:\anaconda\envs\PBFT\lib\site-packages\aiohttp\client.py", line 537, in _request
    req, traces=traces, timeout=real_timeout
  File "D:\anaconda\envs\PBFT\lib\site-packages\aiohttp\connector.py", line 540, in connect
    proto = await self._create_connection(req, traces, timeout)
  File "D:\anaconda\envs\PBFT\lib\site-packages\aiohttp\connector.py", line 901, in _create_connection
    _, proto = await self._create_direct_connection(req, traces, timeout)
  File "D:\anaconda\envs\PBFT\lib\site-packages\aiohttp\connector.py", line 1206, in _create_direct_connection
    raise last_exc
  File "D:\anaconda\envs\PBFT\lib\site-packages\aiohttp\connector.py", line 1187, in _create_direct_connection
    client_error=client_error,
  File "D:\anaconda\envs\PBFT\lib\site-packages\aiohttp\connector.py", line 988, in _wrap_create_connection
    raise client_error(req.connection_key, exc) from exc
aiohttp.client_exceptions.ClientConnectorError: Cannot connect to host localhost:30145 ssl:default [         ]
[2025-03-07 13:59:33,342] [ERROR] [30183] Error sending to http://localhost:30178/prepare: Cannot connect to host localhost:30178 ssl:default [         ]
Traceback (most recent call last):
  File "D:\anaconda\envs\PBFT\lib\site-packages\aiohttp\connector.py", line 980, in _wrap_create_connection
    return await self._loop.create_connection(*args, **kwargs)  # type: ignore[return-value]  # noqa
  File "D:\anaconda\envs\PBFT\lib\asyncio\base_events.py", line 948, in create_connection
    raise exceptions[0]
  File "D:\anaconda\envs\PBFT\lib\asyncio\base_events.py", line 935, in create_connection
    await self.sock_connect(sock, address)
  File "D:\anaconda\envs\PBFT\lib\asyncio\selector_events.py", line 475, in sock_connect
    return await fut
  File "D:\anaconda\envs\PBFT\lib\asyncio\selector_events.py", line 480, in _sock_connect
    sock.connect(address)
OSError: [WinError 10055]          

The above exception was the direct cause of the following exception:

Traceback (most recent call last):
  File "pbft.py", line 236, in send_message
    await send_with_delay(self.session, self.node_info, target, url, data, self.bandwidth_data)
  File "pbft.py", line 63, in send_with_delay
    async with session.post(url, json=data) as resp:
  File "D:\anaconda\envs\PBFT\lib\site-packages\aiohttp\client.py", line 1141, in __aenter__
    self._resp = await self._coro
  File "D:\anaconda\envs\PBFT\lib\site-packages\aiohttp\client.py", line 537, in _request
    req, traces=traces, timeout=real_timeout
  File "D:\anaconda\envs\PBFT\lib\site-packages\aiohttp\connector.py", line 540, in connect
    proto = await self._create_connection(req, traces, timeout)
  File "D:\anaconda\envs\PBFT\lib\site-packages\aiohttp\connector.py", line 901, in _create_connection
    _, proto = await self._create_direct_connection(req, traces, timeout)
  File "D:\anaconda\envs\PBFT\lib\site-packages\aiohttp\connector.py", line 1206, in _create_direct_connection
    raise last_exc
  File "D:\anaconda\envs\PBFT\lib\site-packages\aiohttp\connector.py", line 1187, in _create_direct_connection
    client_error=client_error,
  File "D:\anaconda\envs\PBFT\lib\site-packages\aiohttp\connector.py", line 988, in _wrap_create_connection
    raise client_error(req.connection_key, exc) from exc
aiohttp.client_exceptions.ClientConnectorError: Cannot connect to host localhost:30178 ssl:default [         ]
[2025-03-07 13:59:33,342] [ERROR] [30183] Error sending to http://localhost:30159/commit: Cannot connect to host localhost:30159 ssl:default [         ]
Traceback (most recent call last):
  File "D:\anaconda\envs\PBFT\lib\site-packages\aiohttp\connector.py", line 980, in _wrap_create_connection
    return await self._loop.create_connection(*args, **kwargs)  # type: ignore[return-value]  # noqa
  File "D:\anaconda\envs\PBFT\lib\asyncio\base_events.py", line 948, in create_connection
    raise exceptions[0]
  File "D:\anaconda\envs\PBFT\lib\asyncio\base_events.py", line 935, in create_connection
    await self.sock_connect(sock, address)
  File "D:\anaconda\envs\PBFT\lib\asyncio\selector_events.py", line 475, in sock_connect
    return await fut
  File "D:\anaconda\envs\PBFT\lib\asyncio\selector_events.py", line 480, in _sock_connect
    sock.connect(address)
OSError: [WinError 10055]          

The above exception was the direct cause of the following exception:

Traceback (most recent call last):
  File "pbft.py", line 236, in send_message
    await send_with_delay(self.session, self.node_info, target, url, data, self.bandwidth_data)
  File "pbft.py", line 63, in send_with_delay
    async with session.post(url, json=data) as resp:
  File "D:\anaconda\envs\PBFT\lib\site-packages\aiohttp\client.py", line 1141, in __aenter__
    self._resp = await self._coro
  File "D:\anaconda\envs\PBFT\lib\site-packages\aiohttp\client.py", line 537, in _request
    req, traces=traces, timeout=real_timeout
  File "D:\anaconda\envs\PBFT\lib\site-packages\aiohttp\connector.py", line 540, in connect
    proto = await self._create_connection(req, traces, timeout)
  File "D:\anaconda\envs\PBFT\lib\site-packages\aiohttp\connector.py", line 901, in _create_connection
    _, proto = await self._create_direct_connection(req, traces, timeout)
  File "D:\anaconda\envs\PBFT\lib\site-packages\aiohttp\connector.py", line 1206, in _create_direct_connection
    raise last_exc
  File "D:\anaconda\envs\PBFT\lib\site-packages\aiohttp\connector.py", line 1187, in _create_direct_connection
    client_error=client_error,
  File "D:\anaconda\envs\PBFT\lib\site-packages\aiohttp\connector.py", line 988, in _wrap_create_connection
    raise client_error(req.connection_key, exc) from exc
aiohttp.client_exceptions.ClientConnectorError: Cannot connect to host localhost:30159 ssl:default [         ]
[2025-03-07 13:59:33,342] [ERROR] [30183] Error sending to http://localhost:30147/commit: Cannot connect to host localhost:30147 ssl:default [         ]
Traceback (most recent call last):
  File "D:\anaconda\envs\PBFT\lib\site-packages\aiohttp\connector.py", line 980, in _wrap_create_connection
    return await self._loop.create_connection(*args, **kwargs)  # type: ignore[return-value]  # noqa
  File "D:\anaconda\envs\PBFT\lib\asyncio\base_events.py", line 948, in create_connection
    raise exceptions[0]
  File "D:\anaconda\envs\PBFT\lib\asyncio\base_events.py", line 935, in create_connection
    await self.sock_connect(sock, address)
  File "D:\anaconda\envs\PBFT\lib\asyncio\selector_events.py", line 475, in sock_connect
    return await fut
  File "D:\anaconda\envs\PBFT\lib\asyncio\selector_events.py", line 480, in _sock_connect
    sock.connect(address)
OSError: [WinError 10055]          

The above exception was the direct cause of the following exception:

Traceback (most recent call last):
  File "pbft.py", line 236, in send_message
    await send_with_delay(self.session, self.node_info, target, url, data, self.bandwidth_data)
  File "pbft.py", line 63, in send_with_delay
    async with session.post(url, json=data) as resp:
  File "D:\anaconda\envs\PBFT\lib\site-packages\aiohttp\client.py", line 1141, in __aenter__
    self._resp = await self._coro
  File "D:\anaconda\envs\PBFT\lib\site-packages\aiohttp\client.py", line 537, in _request
    req, traces=traces, timeout=real_timeout
  File "D:\anaconda\envs\PBFT\lib\site-packages\aiohttp\connector.py", line 540, in connect
    proto = await self._create_connection(req, traces, timeout)
  File "D:\anaconda\envs\PBFT\lib\site-packages\aiohttp\connector.py", line 901, in _create_connection
    _, proto = await self._create_direct_connection(req, traces, timeout)
  File "D:\anaconda\envs\PBFT\lib\site-packages\aiohttp\connector.py", line 1206, in _create_direct_connection
    raise last_exc
  File "D:\anaconda\envs\PBFT\lib\site-packages\aiohttp\connector.py", line 1187, in _create_direct_connection
    client_error=client_error,
  File "D:\anaconda\envs\PBFT\lib\site-packages\aiohttp\connector.py", line 988, in _wrap_create_connection
    raise client_error(req.connection_key, exc) from exc
aiohttp.client_exceptions.ClientConnectorError: Cannot connect to host localhost:30147 ssl:default [         ]
[2025-03-07 13:59:33,353] [ERROR] [30183] Error sending to http://localhost:30024/commit: Cannot connect to host localhost:30024 ssl:default [         ]
Traceback (most recent call last):
  File "D:\anaconda\envs\PBFT\lib\site-packages\aiohttp\connector.py", line 980, in _wrap_create_connection
    return await self._loop.create_connection(*args, **kwargs)  # type: ignore[return-value]  # noqa
  File "D:\anaconda\envs\PBFT\lib\asyncio\base_events.py", line 948, in create_connection
    raise exceptions[0]
  File "D:\anaconda\envs\PBFT\lib\asyncio\base_events.py", line 935, in create_connection
    await self.sock_connect(sock, address)
  File "D:\anaconda\envs\PBFT\lib\asyncio\selector_events.py", line 475, in sock_connect
    return await fut
  File "D:\anaconda\envs\PBFT\lib\asyncio\selector_events.py", line 480, in _sock_connect
    sock.connect(address)
OSError: [WinError 10055]          

The above exception was the direct cause of the following exception:

Traceback (most recent call last):
  File "pbft.py", line 236, in send_message
    await send_with_delay(self.session, self.node_info, target, url, data, self.bandwidth_data)
  File "pbft.py", line 63, in send_with_delay
    async with session.post(url, json=data) as resp:
  File "D:\anaconda\envs\PBFT\lib\site-packages\aiohttp\client.py", line 1141, in __aenter__
    self._resp = await self._coro
  File "D:\anaconda\envs\PBFT\lib\site-packages\aiohttp\client.py", line 537, in _request
    req, traces=traces, timeout=real_timeout
  File "D:\anaconda\envs\PBFT\lib\site-packages\aiohttp\connector.py", line 540, in connect
    proto = await self._create_connection(req, traces, timeout)
  File "D:\anaconda\envs\PBFT\lib\site-packages\aiohttp\connector.py", line 901, in _create_connection
    _, proto = await self._create_direct_connection(req, traces, timeout)
  File "D:\anaconda\envs\PBFT\lib\site-packages\aiohttp\connector.py", line 1206, in _create_direct_connection
    raise last_exc
  File "D:\anaconda\envs\PBFT\lib\site-packages\aiohttp\connector.py", line 1187, in _create_direct_connection
    client_error=client_error,
  File "D:\anaconda\envs\PBFT\lib\site-packages\aiohttp\connector.py", line 988, in _wrap_create_connection
    raise client_error(req.connection_key, exc) from exc
aiohttp.client_exceptions.ClientConnectorError: Cannot connect to host localhost:30024 ssl:default [         ]
[2025-03-07 13:59:33,362] [ERROR] [30183] Error sending to http://localhost:30176/commit: Cannot connect to host localhost:30176 ssl:default [         ]
Traceback (most recent call last):
  File "D:\anaconda\envs\PBFT\lib\site-packages\aiohttp\connector.py", line 980, in _wrap_create_connection
    return await self._loop.create_connection(*args, **kwargs)  # type: ignore[return-value]  # noqa
  File "D:\anaconda\envs\PBFT\lib\asyncio\base_events.py", line 948, in create_connection
    raise exceptions[0]
  File "D:\anaconda\envs\PBFT\lib\asyncio\base_events.py", line 935, in create_connection
    await self.sock_connect(sock, address)
  File "D:\anaconda\envs\PBFT\lib\asyncio\selector_events.py", line 475, in sock_connect
    return await fut
  File "D:\anaconda\envs\PBFT\lib\asyncio\selector_events.py", line 480, in _sock_connect
    sock.connect(address)
OSError: [WinError 10055]          

The above exception was the direct cause of the following exception:

Traceback (most recent call last):
  File "pbft.py", line 236, in send_message
    await send_with_delay(self.session, self.node_info, target, url, data, self.bandwidth_data)
  File "pbft.py", line 63, in send_with_delay
    async with session.post(url, json=data) as resp:
  File "D:\anaconda\envs\PBFT\lib\site-packages\aiohttp\client.py", line 1141, in __aenter__
    self._resp = await self._coro
  File "D:\anaconda\envs\PBFT\lib\site-packages\aiohttp\client.py", line 537, in _request
    req, traces=traces, timeout=real_timeout
  File "D:\anaconda\envs\PBFT\lib\site-packages\aiohttp\connector.py", line 540, in connect
    proto = await self._create_connection(req, traces, timeout)
  File "D:\anaconda\envs\PBFT\lib\site-packages\aiohttp\connector.py", line 901, in _create_connection
    _, proto = await self._create_direct_connection(req, traces, timeout)
  File "D:\anaconda\envs\PBFT\lib\site-packages\aiohttp\connector.py", line 1206, in _create_direct_connection
    raise last_exc
  File "D:\anaconda\envs\PBFT\lib\site-packages\aiohttp\connector.py", line 1187, in _create_direct_connection
    client_error=client_error,
  File "D:\anaconda\envs\PBFT\lib\site-packages\aiohttp\connector.py", line 988, in _wrap_create_connection
    raise client_error(req.connection_key, exc) from exc
aiohttp.client_exceptions.ClientConnectorError: Cannot connect to host localhost:30176 ssl:default [         ]
[2025-03-07 13:59:38,521] [INFO] [30183] Received COMMIT: id:1741323542381, from:30078, delay:0.0000s, distance:50.35m (Euclidean)
[2025-03-07 13:59:38,526] [INFO] [30183] Received COMMIT: id:1741323542381, from:30012, delay:0.0001s, distance:162.23m (Euclidean)
[2025-03-07 13:59:38,526] [INFO] [30183] Received PREPARE: id:1741323542381, from:30044, delay:0.0001s, distance:244.11m (Euclidean)
[2025-03-07 13:59:38,526] [INFO] [30183] Received PREPARE: id:1741323542381, from:30002, delay:0.0002s, distance:271.07m (Euclidean)
[2025-03-07 13:59:38,529] [INFO] [30183] Received PREPARE: id:1741323542381, from:30047, delay:0.0001s, distance:185.77m (Euclidean)
[2025-03-07 13:59:38,529] [INFO] [30183] Received COMMIT: id:1741323542381, from:30082, delay:0.0001s, distance:237.70m (Euclidean)
[2025-03-07 13:59:38,533] [INFO] [30183] Received COMMIT: id:1741323542381, from:30097, delay:0.0001s, distance:241.70m (Euclidean)
[2025-03-07 13:59:38,533] [INFO] [30183] Received COMMIT: id:1741323542381, from:30002, delay:0.0002s, distance:271.07m (Euclidean)
[2025-03-07 13:59:38,533] [INFO] [30183] Received COMMIT: id:1741323542381, from:30044, delay:0.0001s, distance:244.11m (Euclidean)
[2025-03-07 13:59:38,533] [INFO] [30183] Received COMMIT: id:1741323542381, from:30047, delay:0.0001s, distance:185.77m (Euclidean)
[2025-03-07 13:59:38,535] [INFO] [30183] Received PREPARE: id:1741323542381, from:30192, delay:0.0001s, distance:201.84m (Euclidean)
[2025-03-07 13:59:38,543] [INFO] [30183] Received COMMIT: id:1741323542381, from:30164, delay:0.0000s, distance:75.42m (Euclidean)
[2025-03-07 13:59:38,664] [INFO] [30183] Received COMMIT: id:1741323542381, from:30192, delay:0.0001s, distance:201.84m (Euclidean)
[2025-03-07 13:59:38,836] [INFO] [30183] Received PREPARE: id:1741323542381, from:30163, delay:0.0001s, distance:224.98m (Euclidean)
[2025-03-07 13:59:38,846] [INFO] [30183] Received COMMIT: id:1741323542381, from:30163, delay:0.0001s, distance:224.98m (Euclidean)
