[2025-03-07 13:46:11,908] [INFO] Starting node at localhost:30038 | index= 39 | f=1, k=4 | Role: Replica
[2025-03-07 13:48:02,629] [INFO] Starting node at localhost:30038 | index= 39 | f=1, k=4 | Role: Replica
[2025-03-07 13:49:44,794] [INFO] Starting node at localhost:30038 | index= 39 | f=1, k=4 | Role: Replica
[2025-03-07 13:49:55,133] [INFO] [30038] Received PRE-PREPARE: id:1741322995010, from:Leader(30000), delay:0.0000s, distance:157.91m (Euclidean)
[2025-03-07 13:49:55,146] [INFO] [30038] Broadcasting PREPARE for REQUEST 1741322995010
[2025-03-07 13:49:55,280] [INFO] [30038] Received PREPARE: id:1741322995010, from:30071, delay:0.0000s, distance:122.24m (Euclidean)
[2025-03-07 13:49:55,296] [INFO] [30038] Received PREPARE: id:1741322995010, from:30065, delay:0.0000s, distance:108.87m (Euclidean)
[2025-03-07 13:49:55,296] [INFO] [30038] Broadcasting COMMIT for REQUEST 1741322995010
[2025-03-07 13:49:55,442] [INFO] [30038] Received PREPARE: id:1741322995010, from:30077, delay:0.0001s, distance:166.11m (Euclidean)
[2025-03-07 13:49:55,442] [INFO] [30038] Received PREPARE: id:1741322995010, from:30036, delay:0.0001s, distance:204.68m (Euclidean)
[2025-03-07 13:49:55,442] [INFO] [30038] Received PREPARE: id:1741322995010, from:30078, delay:0.0001s, distance:175.34m (Euclidean)
[2025-03-07 13:49:55,442] [INFO] [30038] Received PREPARE: id:1741322995010, from:30053, delay:0.0000s, distance:134.49m (Euclidean)
[2025-03-07 13:49:55,459] [INFO] [30038] Received PREPARE: id:1741322995010, from:30034, delay:0.0000s, distance:101.60m (Euclidean)
[2025-03-07 13:49:55,459] [INFO] [30038] Received COMMIT: id:1741322995010, from:30065, delay:0.0000s, distance:108.87m (Euclidean)
[2025-03-07 13:49:55,459] [INFO] [30038] Received COMMIT: id:1741322995010, from:30071, delay:0.0000s, distance:122.24m (Euclidean)
[2025-03-07 13:49:55,459] [INFO] [LEADER 30038] Sending REPLY for REQUEST 1741322995010 to CLIENT
[2025-03-07 13:49:55,471] [INFO] [30038] Received COMMIT: id:1741322995010, from:30053, delay:0.0000s, distance:134.49m (Euclidean)
[2025-03-07 13:49:55,485] [INFO] [30038] Received COMMIT: id:1741322995010, from:30077, delay:0.0001s, distance:166.11m (Euclidean)
[2025-03-07 13:49:55,539] [INFO] [30038] Received PREPARE: id:1741322995010, from:30074, delay:0.0001s, distance:186.85m (Euclidean)
[2025-03-07 13:49:55,575] [INFO] [30038] Received COMMIT: id:1741322995010, from:30036, delay:0.0001s, distance:204.68m (Euclidean)
[2025-03-07 13:49:55,586] [INFO] [30038] Received PREPARE: id:1741322995010, from:30072, delay:0.0000s, distance:72.63m (Euclidean)
[2025-03-07 13:49:55,588] [INFO] [30038] Received PREPARE: id:1741322995010, from:30046, delay:0.0000s, distance:99.65m (Euclidean)
[2025-03-07 13:49:55,592] [INFO] [30038] Received COMMIT: id:1741322995010, from:30046, delay:0.0000s, distance:99.65m (Euclidean)
[2025-03-07 13:49:55,623] [INFO] [30038] Received PREPARE: id:1741322995010, from:30048, delay:0.0000s, distance:130.51m (Euclidean)
[2025-03-07 13:49:55,630] [INFO] [30038] Received PREPARE: id:1741322995010, from:30032, delay:0.0001s, distance:178.05m (Euclidean)
[2025-03-07 13:49:55,630] [INFO] [30038] Received COMMIT: id:1741322995010, from:30072, delay:0.0000s, distance:72.63m (Euclidean)
[2025-03-07 13:49:55,630] [INFO] [30038] Received COMMIT: id:1741322995010, from:30048, delay:0.0000s, distance:130.51m (Euclidean)
[2025-03-07 13:49:55,630] [INFO] [30038] Received PREPARE: id:1741322995010, from:30070, delay:0.0001s, distance:174.17m (Euclidean)
[2025-03-07 13:49:55,630] [INFO] [30038] Received PREPARE: id:1741322995010, from:30076, delay:0.0002s, distance:281.83m (Euclidean)
[2025-03-07 13:49:55,630] [INFO] [30038] Received COMMIT: id:1741322995010, from:30076, delay:0.0002s, distance:281.83m (Euclidean)
[2025-03-07 13:49:55,630] [INFO] [30038] Received COMMIT: id:1741322995010, from:30070, delay:0.0001s, distance:174.17m (Euclidean)
[2025-03-07 13:49:55,659] [INFO] [30038] Received COMMIT: id:1741322995010, from:30078, delay:0.0001s, distance:175.34m (Euclidean)
[2025-03-07 13:49:55,659] [INFO] [30038] Received PREPARE: id:1741322995010, from:30066, delay:0.0001s, distance:176.40m (Euclidean)
[2025-03-07 13:49:55,659] [INFO] [30038] Received PREPARE: id:1741322995010, from:30061, delay:0.0001s, distance:215.17m (Euclidean)
[2025-03-07 13:49:55,675] [INFO] [30038] Received PREPARE: id:1741322995010, from:30050, delay:0.0001s, distance:166.79m (Euclidean)
[2025-03-07 13:49:55,675] [INFO] [30038] Received COMMIT: id:1741322995010, from:30050, delay:0.0001s, distance:166.79m (Euclidean)
[2025-03-07 13:49:55,693] [INFO] [30038] Received COMMIT: id:1741322995010, from:30066, delay:0.0001s, distance:176.40m (Euclidean)
[2025-03-07 13:49:55,693] [INFO] [30038] Received COMMIT: id:1741322995010, from:30034, delay:0.0000s, distance:101.60m (Euclidean)
[2025-03-07 13:49:55,693] [INFO] [30038] Received COMMIT: id:1741322995010, from:30061, delay:0.0001s, distance:215.17m (Euclidean)
[2025-03-07 13:49:55,745] [INFO] [30038] Received PREPARE: id:1741322995010, from:30043, delay:0.0000s, distance:110.25m (Euclidean)
[2025-03-07 13:49:55,770] [INFO] [30038] Received COMMIT: id:1741322995010, from:30032, delay:0.0001s, distance:178.05m (Euclidean)
[2025-03-07 13:49:55,774] [INFO] [30038] Received PREPARE: id:1741322995010, from:30063, delay:0.0001s, distance:178.36m (Euclidean)
[2025-03-07 13:49:55,774] [INFO] [30038] Received COMMIT: id:1741322995010, from:30063, delay:0.0001s, distance:178.36m (Euclidean)
[2025-03-07 13:49:55,819] [INFO] [30038] Received PREPARE: id:1741322995010, from:30047, delay:0.0000s, distance:132.46m (Euclidean)
[2025-03-07 13:49:55,819] [INFO] [30038] Received COMMIT: id:1741322995010, from:30074, delay:0.0001s, distance:186.85m (Euclidean)
[2025-03-07 13:49:55,836] [INFO] [30038] Received COMMIT: id:1741322995010, from:30043, delay:0.0000s, distance:110.25m (Euclidean)
[2025-03-07 13:49:55,867] [INFO] [30038] Received PREPARE: id:1741322995010, from:30064, delay:0.0000s, distance:97.91m (Euclidean)
[2025-03-07 13:49:55,867] [INFO] [30038] Received COMMIT: id:1741322995010, from:30047, delay:0.0000s, distance:132.46m (Euclidean)
[2025-03-07 13:49:55,867] [INFO] [30038] Received COMMIT: id:1741322995010, from:30064, delay:0.0000s, distance:97.91m (Euclidean)
[2025-03-07 13:49:55,928] [INFO] [30038] Received PREPARE: id:1741322995010, from:30045, delay:0.0000s, distance:140.96m (Euclidean)
[2025-03-07 13:49:55,928] [INFO] [30038] Received COMMIT: id:1741322995010, from:30045, delay:0.0000s, distance:140.96m (Euclidean)
[2025-03-07 13:49:55,976] [INFO] [30038] Received PREPARE: id:1741322995010, from:30051, delay:0.0001s, distance:177.50m (Euclidean)
[2025-03-07 13:49:55,979] [INFO] [30038] Received PREPARE: id:1741322995010, from:30030, delay:0.0001s, distance:172.49m (Euclidean)
[2025-03-07 13:49:55,979] [INFO] [30038] Received COMMIT: id:1741322995010, from:30051, delay:0.0001s, distance:177.50m (Euclidean)
[2025-03-07 13:49:56,079] [INFO] [30038] Received PREPARE: id:1741322995010, from:30052, delay:0.0000s, distance:64.72m (Euclidean)
[2025-03-07 13:49:56,112] [INFO] [30038] Received PREPARE: id:1741322995010, from:30062, delay:0.0001s, distance:194.17m (Euclidean)
[2025-03-07 13:49:56,112] [INFO] [30038] Received PREPARE: id:1741322995010, from:30054, delay:0.0001s, distance:246.43m (Euclidean)
[2025-03-07 13:49:56,112] [INFO] [30038] Received COMMIT: id:1741322995010, from:30062, delay:0.0001s, distance:194.17m (Euclidean)
[2025-03-07 13:49:56,112] [INFO] [30038] Received COMMIT: id:1741322995010, from:30054, delay:0.0001s, distance:246.43m (Euclidean)
[2025-03-07 13:49:56,112] [INFO] [30038] Received PREPARE: id:1741322995010, from:30059, delay:0.0001s, distance:230.22m (Euclidean)
[2025-03-07 13:49:56,125] [INFO] [30038] Received PREPARE: id:1741322995010, from:30026, delay:0.0001s, distance:160.03m (Euclidean)
[2025-03-07 13:49:56,125] [INFO] [30038] Received PREPARE: id:1741322995010, from:30057, delay:0.0002s, distance:283.25m (Euclidean)
[2025-03-07 13:49:56,125] [INFO] [30038] Received PREPARE: id:1741322995010, from:30035, delay:0.0001s, distance:175.07m (Euclidean)
[2025-03-07 13:49:56,131] [INFO] [30038] Received COMMIT: id:1741322995010, from:30057, delay:0.0002s, distance:283.25m (Euclidean)
[2025-03-07 13:49:56,140] [INFO] [30038] Received COMMIT: id:1741322995010, from:30035, delay:0.0001s, distance:175.07m (Euclidean)
[2025-03-07 13:49:56,140] [INFO] [30038] Received COMMIT: id:1741322995010, from:30059, delay:0.0001s, distance:230.22m (Euclidean)
[2025-03-07 13:49:56,151] [INFO] [30038] Received COMMIT: id:1741322995010, from:30026, delay:0.0001s, distance:160.03m (Euclidean)
[2025-03-07 13:49:56,151] [INFO] [30038] Received PREPARE: id:1741322995010, from:30060, delay:0.0000s, distance:159.45m (Euclidean)
[2025-03-07 13:49:56,161] [INFO] [30038] Received COMMIT: id:1741322995010, from:30052, delay:0.0000s, distance:64.72m (Euclidean)
[2025-03-07 13:49:56,233] [INFO] [30038] Received PREPARE: id:1741322995010, from:30044, delay:0.0001s, distance:166.61m (Euclidean)
[2025-03-07 13:49:56,237] [INFO] [30038] Received PREPARE: id:1741322995010, from:30023, delay:0.0001s, distance:188.18m (Euclidean)
[2025-03-07 13:49:56,241] [INFO] [30038] Received COMMIT: id:1741322995010, from:30044, delay:0.0001s, distance:166.61m (Euclidean)
[2025-03-07 13:49:56,332] [INFO] [30038] Received COMMIT: id:1741322995010, from:30030, delay:0.0001s, distance:172.49m (Euclidean)
[2025-03-07 13:49:56,413] [INFO] [30038] Received COMMIT: id:1741322995010, from:30060, delay:0.0000s, distance:159.45m (Euclidean)
[2025-03-07 13:49:56,433] [INFO] [30038] Received PREPARE: id:1741322995010, from:30067, delay:0.0001s, distance:201.67m (Euclidean)
[2025-03-07 13:49:56,451] [INFO] [30038] Received COMMIT: id:1741322995010, from:30067, delay:0.0001s, distance:201.67m (Euclidean)
[2025-03-07 13:49:56,458] [INFO] [30038] Received PREPARE: id:1741322995010, from:30027, delay:0.0001s, distance:190.03m (Euclidean)
[2025-03-07 13:49:56,464] [INFO] [30038] Received PREPARE: id:1741322995010, from:30075, delay:0.0001s, distance:242.86m (Euclidean)
[2025-03-07 13:49:56,464] [INFO] [30038] Received COMMIT: id:1741322995010, from:30075, delay:0.0001s, distance:242.86m (Euclidean)
[2025-03-07 13:49:56,484] [INFO] [30038] Received PREPARE: id:1741322995010, from:30009, delay:0.0001s, distance:225.26m (Euclidean)
[2025-03-07 13:49:56,577] [INFO] [30038] Received COMMIT: id:1741322995010, from:30009, delay:0.0001s, distance:225.26m (Euclidean)
[2025-03-07 13:49:56,577] [INFO] [30038] Received PREPARE: id:1741322995010, from:30002, delay:0.0000s, distance:87.45m (Euclidean)
[2025-03-07 13:49:56,579] [INFO] [30038] Received COMMIT: id:1741322995010, from:30027, delay:0.0001s, distance:190.03m (Euclidean)
[2025-03-07 13:49:56,611] [INFO] [30038] Received PREPARE: id:1741322995010, from:30003, delay:0.0001s, distance:244.53m (Euclidean)
[2025-03-07 13:49:56,611] [INFO] [30038] Received COMMIT: id:1741322995010, from:30000, delay:0.0000s, distance:157.91m (Euclidean)
[2025-03-07 13:49:56,668] [INFO] [30038] Received PREPARE: id:1741322995010, from:30006, delay:0.0001s, distance:243.86m (Euclidean)
[2025-03-07 13:49:56,688] [INFO] [30038] Received PREPARE: id:1741322995010, from:30019, delay:0.0001s, distance:210.42m (Euclidean)
[2025-03-07 13:49:56,688] [INFO] [30038] Received PREPARE: id:1741322995010, from:30012, delay:0.0002s, distance:279.58m (Euclidean)
[2025-03-07 13:49:56,688] [INFO] [30038] Received PREPARE: id:1741322995010, from:30005, delay:0.0000s, distance:172.57m (Euclidean)
[2025-03-07 13:49:56,688] [INFO] [30038] Received COMMIT: id:1741322995010, from:30079, delay:0.0002s, distance:282.03m (Euclidean)
[2025-03-07 13:49:56,688] [INFO] [30038] Received PREPARE: id:1741322995010, from:30079, delay:0.0002s, distance:282.03m (Euclidean)
[2025-03-07 13:49:56,688] [INFO] [30038] Received COMMIT: id:1741322995010, from:30012, delay:0.0002s, distance:279.58m (Euclidean)
[2025-03-07 13:49:56,693] [INFO] [30038] Received COMMIT: id:1741322995010, from:30003, delay:0.0001s, distance:244.53m (Euclidean)
[2025-03-07 13:49:56,729] [INFO] [30038] Received COMMIT: id:1741322995010, from:30002, delay:0.0000s, distance:87.45m (Euclidean)
[2025-03-07 13:49:56,737] [INFO] [30038] Received PREPARE: id:1741322995010, from:30042, delay:0.0001s, distance:228.98m (Euclidean)
[2025-03-07 13:49:56,738] [INFO] [30038] Received COMMIT: id:1741322995010, from:30023, delay:0.0001s, distance:188.18m (Euclidean)
[2025-03-07 13:49:56,782] [INFO] [30038] Received COMMIT: id:1741322995010, from:30019, delay:0.0001s, distance:210.42m (Euclidean)
[2025-03-07 13:49:56,782] [INFO] [30038] Received COMMIT: id:1741322995010, from:30042, delay:0.0001s, distance:228.98m (Euclidean)
[2025-03-07 13:49:56,837] [INFO] [30038] Received PREPARE: id:1741322995010, from:30049, delay:0.0001s, distance:211.16m (Euclidean)
[2025-03-07 13:49:56,837] [INFO] [30038] Received PREPARE: id:1741322995010, from:30058, delay:0.0000s, distance:183.18m (Euclidean)
[2025-03-07 13:49:56,837] [INFO] [30038] Received COMMIT: id:1741322995010, from:30022, delay:0.0001s, distance:154.07m (Euclidean)
[2025-03-07 13:49:56,842] [INFO] [30038] Received COMMIT: id:1741322995010, from:30005, delay:0.0000s, distance:172.57m (Euclidean)
[2025-03-07 13:49:56,842] [INFO] [30038] Received PREPARE: id:1741322995010, from:30022, delay:0.0001s, distance:154.07m (Euclidean)
[2025-03-07 13:49:56,842] [INFO] [30038] Received PREPARE: id:1741322995010, from:30015, delay:0.0001s, distance:242.29m (Euclidean)
[2025-03-07 13:49:56,863] [INFO] [30038] Received COMMIT: id:1741322995010, from:30015, delay:0.0001s, distance:242.29m (Euclidean)
[2025-03-07 13:49:56,863] [INFO] [30038] Received COMMIT: id:1741322995010, from:30049, delay:0.0001s, distance:211.16m (Euclidean)
[2025-03-07 13:49:56,863] [INFO] [30038] Received PREPARE: id:1741322995010, from:30004, delay:0.0001s, distance:220.43m (Euclidean)
[2025-03-07 13:49:56,863] [INFO] [30038] Received COMMIT: id:1741322995010, from:30058, delay:0.0000s, distance:183.18m (Euclidean)
[2025-03-07 13:49:56,869] [INFO] [30038] Received PREPARE: id:1741322995010, from:30031, delay:0.0001s, distance:195.95m (Euclidean)
[2025-03-07 13:49:56,892] [INFO] [30038] Received PREPARE: id:1741322995010, from:30055, delay:0.0000s, distance:174.82m (Euclidean)
[2025-03-07 13:49:56,908] [INFO] [30038] Received COMMIT: id:1741322995010, from:30031, delay:0.0001s, distance:195.95m (Euclidean)
[2025-03-07 13:49:56,912] [INFO] [30038] Received COMMIT: id:1741322995010, from:30040, delay:0.0001s, distance:224.32m (Euclidean)
[2025-03-07 13:49:56,912] [INFO] [30038] Received COMMIT: id:1741322995010, from:30037, delay:0.0001s, distance:173.81m (Euclidean)
[2025-03-07 13:49:56,912] [INFO] [30038] Received COMMIT: id:1741322995010, from:30055, delay:0.0000s, distance:174.82m (Euclidean)
[2025-03-07 13:49:56,912] [INFO] [30038] Received PREPARE: id:1741322995010, from:30040, delay:0.0001s, distance:224.32m (Euclidean)
[2025-03-07 13:49:56,924] [INFO] [30038] Received PREPARE: id:1741322995010, from:30037, delay:0.0001s, distance:173.81m (Euclidean)
[2025-03-07 13:49:56,924] [INFO] [30038] Received PREPARE: id:1741322995010, from:30024, delay:0.0002s, distance:272.34m (Euclidean)
[2025-03-07 13:49:56,924] [INFO] [30038] Received PREPARE: id:1741322995010, from:30029, delay:0.0001s, distance:214.71m (Euclidean)
[2025-03-07 13:49:56,924] [INFO] [30038] Received PREPARE: id:1741322995010, from:30018, delay:0.0000s, distance:168.72m (Euclidean)
[2025-03-07 13:49:56,924] [INFO] [30038] Received PREPARE: id:1741322995010, from:30017, delay:0.0000s, distance:172.32m (Euclidean)
[2025-03-07 13:49:56,924] [INFO] [30038] Received COMMIT: id:1741322995010, from:30004, delay:0.0001s, distance:220.43m (Euclidean)
[2025-03-07 13:49:56,960] [INFO] [30038] Received COMMIT: id:1741322995010, from:30017, delay:0.0000s, distance:172.32m (Euclidean)
[2025-03-07 13:49:56,960] [INFO] [30038] Received COMMIT: id:1741322995010, from:30029, delay:0.0001s, distance:214.71m (Euclidean)
[2025-03-07 13:49:56,960] [INFO] [30038] Received COMMIT: id:1741322995010, from:30024, delay:0.0002s, distance:272.34m (Euclidean)
[2025-03-07 13:49:56,962] [INFO] [30038] Received COMMIT: id:1741322995010, from:30018, delay:0.0000s, distance:168.72m (Euclidean)
[2025-03-07 13:49:56,962] [INFO] [30038] Received PREPARE: id:1741322995010, from:30039, delay:0.0001s, distance:186.20m (Euclidean)
[2025-03-07 13:49:56,974] [INFO] [30038] Received PREPARE: id:1741322995010, from:30056, delay:0.0002s, distance:267.70m (Euclidean)
[2025-03-07 13:49:56,974] [INFO] [30038] Received PREPARE: id:1741322995010, from:30028, delay:0.0001s, distance:228.96m (Euclidean)
[2025-03-07 13:49:56,977] [INFO] [30038] Received COMMIT: id:1741322995010, from:30006, delay:0.0001s, distance:243.86m (Euclidean)
[2025-03-07 13:49:56,977] [INFO] [30038] Received COMMIT: id:1741322995010, from:30056, delay:0.0002s, distance:267.70m (Euclidean)
[2025-03-07 13:49:56,995] [INFO] [30038] Received PREPARE: id:1741322995010, from:30007, delay:0.0001s, distance:241.29m (Euclidean)
[2025-03-07 13:49:56,995] [INFO] [30038] Received COMMIT: id:1741322995010, from:30013, delay:0.0001s, distance:228.85m (Euclidean)
[2025-03-07 13:49:56,995] [INFO] [30038] Received COMMIT: id:1741322995010, from:30007, delay:0.0001s, distance:241.29m (Euclidean)
[2025-03-07 13:49:57,026] [INFO] [30038] Received PREPARE: id:1741322995010, from:30013, delay:0.0001s, distance:228.85m (Euclidean)
[2025-03-07 13:49:57,026] [INFO] [30038] Received PREPARE: id:1741322995010, from:30008, delay:0.0001s, distance:207.67m (Euclidean)
[2025-03-07 13:49:57,026] [INFO] [30038] Received COMMIT: id:1741322995010, from:30039, delay:0.0001s, distance:186.20m (Euclidean)
[2025-03-07 13:49:57,026] [INFO] [30038] Received PREPARE: id:1741322995010, from:30010, delay:0.0002s, distance:286.22m (Euclidean)
[2025-03-07 13:49:57,026] [INFO] [30038] Received COMMIT: id:1741322995010, from:30010, delay:0.0002s, distance:286.22m (Euclidean)
[2025-03-07 13:49:57,037] [INFO] [30038] Received COMMIT: id:1741322995010, from:30008, delay:0.0001s, distance:207.67m (Euclidean)
[2025-03-07 13:49:57,045] [INFO] [30038] Received PREPARE: id:1741322995010, from:30016, delay:0.0002s, distance:265.98m (Euclidean)
[2025-03-07 13:49:57,045] [INFO] [30038] Received COMMIT: id:1741322995010, from:30016, delay:0.0002s, distance:265.98m (Euclidean)
[2025-03-07 13:49:57,045] [INFO] [30038] Received PREPARE: id:1741322995010, from:30068, delay:0.0001s, distance:223.27m (Euclidean)
[2025-03-07 13:49:57,050] [INFO] [30038] Received COMMIT: id:1741322995010, from:30028, delay:0.0001s, distance:228.96m (Euclidean)
[2025-03-07 13:49:57,095] [INFO] [30038] Received COMMIT: id:1741322995010, from:30068, delay:0.0001s, distance:223.27m (Euclidean)
[2025-03-07 13:49:57,095] [INFO] [30038] Received PREPARE: id:1741322995010, from:30025, delay:0.0000s, distance:164.91m (Euclidean)
[2025-03-07 13:49:57,102] [INFO] [30038] Received COMMIT: id:1741322995010, from:30025, delay:0.0000s, distance:164.91m (Euclidean)
[2025-03-07 13:49:57,173] [INFO] [30038] Received PREPARE: id:1741322995010, from:30073, delay:0.0002s, distance:254.50m (Euclidean)
[2025-03-07 13:49:57,184] [INFO] [30038] Received COMMIT: id:1741322995010, from:30073, delay:0.0002s, distance:254.50m (Euclidean)
[2025-03-07 13:49:57,248] [INFO] [30038] Received PREPARE: id:1741322995010, from:30020, delay:0.0002s, distance:261.14m (Euclidean)
[2025-03-07 13:49:57,248] [INFO] [30038] Received COMMIT: id:1741322995010, from:30020, delay:0.0002s, distance:261.14m (Euclidean)
[2025-03-07 13:49:57,262] [INFO] [30038] Received PREPARE: id:1741322995010, from:30033, delay:0.0001s, distance:225.70m (Euclidean)
[2025-03-07 13:49:57,262] [INFO] [30038] Received COMMIT: id:1741322995010, from:30033, delay:0.0001s, distance:225.70m (Euclidean)
[2025-03-07 13:50:33,076] [INFO] Starting node at localhost:30038 | index= 39 | f=1, k=4 | Role: Replica
[2025-03-07 13:51:16,776] [INFO] Starting node at localhost:30038 | index= 39 | f=1, k=4 | Role: Replica
[2025-03-07 13:51:35,733] [INFO] [30038] Received PREPARE: id:1741323095323, from:30076, delay:0.0000s, distance:249.25m (Euclidean)
[2025-03-07 13:51:35,733] [INFO] [30038] Missing PRE-PREPARE for REQUEST 1741323095323; ignoring PREPARE
[2025-03-07 13:51:35,768] [INFO] [30038] Received PREPARE: id:1741323095323, from:30112, delay:0.0000s, distance:149.13m (Euclidean)
[2025-03-07 13:51:35,768] [INFO] [30038] Missing PRE-PREPARE for REQUEST 1741323095323; ignoring PREPARE
[2025-03-07 13:51:35,781] [INFO] [30038] Received PREPARE: id:1741323095323, from:30102, delay:0.0001s, distance:214.40m (Euclidean)
[2025-03-07 13:51:35,781] [INFO] [30038] Missing PRE-PREPARE for REQUEST 1741323095323; ignoring PREPARE
[2025-03-07 13:51:35,805] [INFO] [30038] Received PREPARE: id:1741323095323, from:30119, delay:0.0000s, distance:149.20m (Euclidean)
[2025-03-07 13:51:35,805] [INFO] [30038] Missing PRE-PREPARE for REQUEST 1741323095323; ignoring PREPARE
[2025-03-07 13:51:35,823] [INFO] [30038] Received PREPARE: id:1741323095323, from:30019, delay:0.0000s, distance:299.47m (Euclidean)
[2025-03-07 13:51:35,823] [INFO] [30038] Missing PRE-PREPARE for REQUEST 1741323095323; ignoring PREPARE
[2025-03-07 13:51:35,847] [INFO] [30038] Received PREPARE: id:1741323095323, from:30107, delay:0.0000s, distance:142.41m (Euclidean)
[2025-03-07 13:51:35,847] [INFO] [30038] Missing PRE-PREPARE for REQUEST 1741323095323; ignoring PREPARE
[2025-03-07 13:51:35,883] [INFO] [30038] Received PREPARE: id:1741323095323, from:30012, delay:0.0000s, distance:99.42m (Euclidean)
[2025-03-07 13:51:35,883] [INFO] [30038] Missing PRE-PREPARE for REQUEST 1741323095323; ignoring PREPARE
[2025-03-07 13:51:35,913] [INFO] [30038] Received PREPARE: id:1741323095323, from:30042, delay:0.0000s, distance:182.63m (Euclidean)
[2025-03-07 13:51:35,913] [INFO] [30038] Missing PRE-PREPARE for REQUEST 1741323095323; ignoring PREPARE
[2025-03-07 13:51:35,915] [INFO] [30038] Received PREPARE: id:1741323095323, from:30103, delay:0.0000s, distance:177.49m (Euclidean)
[2025-03-07 13:51:35,915] [INFO] [30038] Missing PRE-PREPARE for REQUEST 1741323095323; ignoring PREPARE
[2025-03-07 13:51:35,944] [INFO] [30038] Received PREPARE: id:1741323095323, from:30097, delay:0.0001s, distance:209.08m (Euclidean)
[2025-03-07 13:51:35,944] [INFO] [30038] Missing PRE-PREPARE for REQUEST 1741323095323; ignoring PREPARE
[2025-03-07 13:51:36,010] [INFO] [30038] Received PREPARE: id:1741323095323, from:30003, delay:0.0000s, distance:115.96m (Euclidean)
[2025-03-07 13:51:36,010] [INFO] [30038] Missing PRE-PREPARE for REQUEST 1741323095323; ignoring PREPARE
[2025-03-07 13:51:36,045] [INFO] [30038] Received PREPARE: id:1741323095323, from:30110, delay:0.0000s, distance:191.24m (Euclidean)
[2025-03-07 13:51:36,045] [INFO] [30038] Missing PRE-PREPARE for REQUEST 1741323095323; ignoring PREPARE
[2025-03-07 13:51:36,047] [INFO] [30038] Received COMMIT: id:1741323095323, from:30012, delay:0.0000s, distance:99.42m (Euclidean)
[2025-03-07 13:51:36,051] [INFO] [30038] Received COMMIT: id:1741323095323, from:30019, delay:0.0000s, distance:299.47m (Euclidean)
[2025-03-07 13:51:36,077] [INFO] [30038] Received PREPARE: id:1741323095323, from:30114, delay:0.0001s, distance:222.34m (Euclidean)
[2025-03-07 13:51:36,077] [INFO] [30038] Missing PRE-PREPARE for REQUEST 1741323095323; ignoring PREPARE
[2025-03-07 13:51:36,133] [INFO] [30038] Received PREPARE: id:1741323095323, from:30079, delay:0.0000s, distance:122.49m (Euclidean)
[2025-03-07 13:51:36,133] [INFO] [30038] Missing PRE-PREPARE for REQUEST 1741323095323; ignoring PREPARE
[2025-03-07 13:51:36,135] [INFO] [30038] Received PREPARE: id:1741323095323, from:30098, delay:0.0001s, distance:164.19m (Euclidean)
[2025-03-07 13:51:36,135] [INFO] [30038] Missing PRE-PREPARE for REQUEST 1741323095323; ignoring PREPARE
[2025-03-07 13:51:36,177] [INFO] [30038] Received COMMIT: id:1741323095323, from:30098, delay:0.0001s, distance:164.19m (Euclidean)
[2025-03-07 13:51:36,180] [INFO] [30038] Received PREPARE: id:1741323095323, from:30088, delay:0.0001s, distance:236.36m (Euclidean)
[2025-03-07 13:51:36,180] [INFO] [30038] Missing PRE-PREPARE for REQUEST 1741323095323; ignoring PREPARE
[2025-03-07 13:51:36,182] [INFO] [30038] Received PREPARE: id:1741323095323, from:30078, delay:0.0001s, distance:183.68m (Euclidean)
[2025-03-07 13:51:36,183] [INFO] [30038] Missing PRE-PREPARE for REQUEST 1741323095323; ignoring PREPARE
[2025-03-07 13:51:36,184] [INFO] [30038] Received COMMIT: id:1741323095323, from:30078, delay:0.0001s, distance:183.68m (Euclidean)
[2025-03-07 13:51:36,184] [INFO] [30038] Received COMMIT: id:1741323095323, from:30112, delay:0.0000s, distance:149.13m (Euclidean)
[2025-03-07 13:51:36,203] [INFO] [30038] Received PREPARE: id:1741323095323, from:30084, delay:0.0001s, distance:190.51m (Euclidean)
[2025-03-07 13:51:36,206] [INFO] [30038] Missing PRE-PREPARE for REQUEST 1741323095323; ignoring PREPARE
[2025-03-07 13:51:36,292] [INFO] [30038] Received COMMIT: id:1741323095323, from:30103, delay:0.0000s, distance:177.49m (Euclidean)
[2025-03-07 13:51:36,320] [INFO] [30038] Received COMMIT: id:1741323095323, from:30119, delay:0.0000s, distance:149.20m (Euclidean)
[2025-03-07 13:51:36,322] [INFO] [30038] Received PREPARE: id:1741323095323, from:30099, delay:0.0001s, distance:251.39m (Euclidean)
[2025-03-07 13:51:36,322] [INFO] [30038] Missing PRE-PREPARE for REQUEST 1741323095323; ignoring PREPARE
[2025-03-07 13:51:36,322] [INFO] [30038] Received COMMIT: id:1741323095323, from:30099, delay:0.0001s, distance:251.39m (Euclidean)
[2025-03-07 13:51:36,332] [INFO] [30038] Received PREPARE: id:1741323095323, from:30092, delay:0.0000s, distance:159.23m (Euclidean)
[2025-03-07 13:51:36,332] [INFO] [30038] Missing PRE-PREPARE for REQUEST 1741323095323; ignoring PREPARE
[2025-03-07 13:51:36,371] [INFO] [30038] Received COMMIT: id:1741323095323, from:30079, delay:0.0000s, distance:122.49m (Euclidean)
[2025-03-07 13:51:36,371] [INFO] [30038] Received PREPARE: id:1741323095323, from:30057, delay:0.0000s, distance:188.06m (Euclidean)
[2025-03-07 13:51:36,371] [INFO] [30038] Missing PRE-PREPARE for REQUEST 1741323095323; ignoring PREPARE
[2025-03-07 13:51:36,371] [INFO] [30038] Received COMMIT: id:1741323095323, from:30102, delay:0.0001s, distance:214.40m (Euclidean)
[2025-03-07 13:51:36,371] [INFO] [30038] Received COMMIT: id:1741323095323, from:30057, delay:0.0000s, distance:188.06m (Euclidean)
[2025-03-07 13:51:36,371] [INFO] [30038] Received PREPARE: id:1741323095323, from:30116, delay:0.0001s, distance:251.88m (Euclidean)
[2025-03-07 13:51:36,371] [INFO] [30038] Missing PRE-PREPARE for REQUEST 1741323095323; ignoring PREPARE
[2025-03-07 13:51:36,392] [INFO] [30038] Received PREPARE: id:1741323095323, from:30111, delay:0.0002s, distance:261.36m (Euclidean)
[2025-03-07 13:51:36,394] [INFO] [30038] Missing PRE-PREPARE for REQUEST 1741323095323; ignoring PREPARE
[2025-03-07 13:51:36,410] [INFO] [30038] Received COMMIT: id:1741323095323, from:30114, delay:0.0001s, distance:222.34m (Euclidean)
[2025-03-07 13:51:36,430] [INFO] [30038] Received PREPARE: id:1741323095323, from:30010, delay:0.0002s, distance:278.28m (Euclidean)
[2025-03-07 13:51:36,430] [INFO] [30038] Missing PRE-PREPARE for REQUEST 1741323095323; ignoring PREPARE
[2025-03-07 13:51:36,432] [INFO] [30038] Received PREPARE: id:1741323095323, from:30090, delay:0.0000s, distance:194.14m (Euclidean)
[2025-03-07 13:51:36,432] [INFO] [30038] Missing PRE-PREPARE for REQUEST 1741323095323; ignoring PREPARE
[2025-03-07 13:51:36,442] [INFO] [30038] Received PREPARE: id:1741323095323, from:30044, delay:0.0002s, distance:287.41m (Euclidean)
[2025-03-07 13:51:36,442] [INFO] [30038] Missing PRE-PREPARE for REQUEST 1741323095323; ignoring PREPARE
[2025-03-07 13:51:36,444] [INFO] [30038] Received PREPARE: id:1741323095323, from:30054, delay:0.0001s, distance:194.66m (Euclidean)
[2025-03-07 13:51:36,445] [INFO] [30038] Missing PRE-PREPARE for REQUEST 1741323095323; ignoring PREPARE
[2025-03-07 13:51:36,447] [INFO] [30038] Received PREPARE: id:1741323095323, from:30009, delay:0.0000s, distance:179.25m (Euclidean)
[2025-03-07 13:51:36,447] [INFO] [30038] Missing PRE-PREPARE for REQUEST 1741323095323; ignoring PREPARE
[2025-03-07 13:51:36,447] [INFO] [30038] Received PREPARE: id:1741323095323, from:30028, delay:0.0001s, distance:222.34m (Euclidean)
[2025-03-07 13:51:36,447] [INFO] [30038] Missing PRE-PREPARE for REQUEST 1741323095323; ignoring PREPARE
[2025-03-07 13:51:36,508] [INFO] [30038] Received PREPARE: id:1741323095323, from:30037, delay:0.0001s, distance:258.36m (Euclidean)
[2025-03-07 13:51:36,508] [INFO] [30038] Missing PRE-PREPARE for REQUEST 1741323095323; ignoring PREPARE
[2025-03-07 13:51:36,520] [INFO] [30038] Received PREPARE: id:1741323095323, from:30008, delay:0.0002s, distance:277.24m (Euclidean)
[2025-03-07 13:51:36,520] [INFO] [30038] Missing PRE-PREPARE for REQUEST 1741323095323; ignoring PREPARE
[2025-03-07 13:51:36,520] [INFO] [30038] Received PREPARE: id:1741323095323, from:30069, delay:0.0001s, distance:243.81m (Euclidean)
[2025-03-07 13:51:36,520] [INFO] [30038] Missing PRE-PREPARE for REQUEST 1741323095323; ignoring PREPARE
[2025-03-07 13:51:36,526] [INFO] [30038] Received PREPARE: id:1741323095323, from:30007, delay:0.0001s, distance:203.20m (Euclidean)
[2025-03-07 13:51:36,526] [INFO] [30038] Missing PRE-PREPARE for REQUEST 1741323095323; ignoring PREPARE
[2025-03-07 13:51:36,531] [INFO] [30038] Received PREPARE: id:1741323095323, from:30024, delay:0.0001s, distance:178.69m (Euclidean)
[2025-03-07 13:51:36,531] [INFO] [30038] Missing PRE-PREPARE for REQUEST 1741323095323; ignoring PREPARE
[2025-03-07 13:51:36,533] [INFO] [30038] Received COMMIT: id:1741323095323, from:30111, delay:0.0002s, distance:261.36m (Euclidean)
[2025-03-07 13:51:36,596] [INFO] [30038] Received PREPARE: id:1741323095323, from:30041, delay:0.0000s, distance:147.79m (Euclidean)
[2025-03-07 13:51:36,596] [INFO] [30038] Missing PRE-PREPARE for REQUEST 1741323095323; ignoring PREPARE
[2025-03-07 13:51:36,603] [INFO] [30038] Received PREPARE: id:1741323095323, from:30051, delay:0.0000s, distance:148.09m (Euclidean)
[2025-03-07 13:51:36,603] [INFO] [30038] Missing PRE-PREPARE for REQUEST 1741323095323; ignoring PREPARE
[2025-03-07 13:51:36,603] [INFO] [30038] Received PREPARE: id:1741323095323, from:30117, delay:0.0001s, distance:248.64m (Euclidean)
[2025-03-07 13:51:36,603] [INFO] [30038] Missing PRE-PREPARE for REQUEST 1741323095323; ignoring PREPARE
[2025-03-07 13:51:36,603] [INFO] [30038] Received COMMIT: id:1741323095323, from:30117, delay:0.0001s, distance:248.64m (Euclidean)
[2025-03-07 13:51:36,603] [INFO] [30038] Received PREPARE: id:1741323095323, from:30074, delay:0.0002s, distance:270.45m (Euclidean)
[2025-03-07 13:51:36,603] [INFO] [30038] Missing PRE-PREPARE for REQUEST 1741323095323; ignoring PREPARE
[2025-03-07 13:51:36,603] [INFO] [30038] Received COMMIT: id:1741323095323, from:30054, delay:0.0001s, distance:194.66m (Euclidean)
[2025-03-07 13:51:36,626] [INFO] [30038] Received PREPARE: id:1741323095323, from:30108, delay:0.0002s, distance:273.30m (Euclidean)
[2025-03-07 13:51:36,626] [INFO] [30038] Missing PRE-PREPARE for REQUEST 1741323095323; ignoring PREPARE
[2025-03-07 13:51:36,636] [INFO] [30038] Received PREPARE: id:1741323095323, from:30011, delay:0.0001s, distance:205.29m (Euclidean)
[2025-03-07 13:51:36,636] [INFO] [30038] Missing PRE-PREPARE for REQUEST 1741323095323; ignoring PREPARE
[2025-03-07 13:51:36,649] [INFO] [30038] Received COMMIT: id:1741323095323, from:30010, delay:0.0002s, distance:278.28m (Euclidean)
[2025-03-07 13:51:36,658] [INFO] [30038] Received COMMIT: id:1741323095323, from:30108, delay:0.0002s, distance:273.30m (Euclidean)
[2025-03-07 13:51:36,666] [INFO] [30038] Received PREPARE: id:1741323095323, from:30043, delay:0.0001s, distance:208.78m (Euclidean)
[2025-03-07 13:51:36,666] [INFO] [30038] Missing PRE-PREPARE for REQUEST 1741323095323; ignoring PREPARE
[2025-03-07 13:51:36,678] [INFO] [30038] Received PREPARE: id:1741323095323, from:30031, delay:0.0002s, distance:278.46m (Euclidean)
[2025-03-07 13:51:36,678] [INFO] [30038] Missing PRE-PREPARE for REQUEST 1741323095323; ignoring PREPARE
[2025-03-07 13:51:36,682] [INFO] [30038] Received COMMIT: id:1741323095323, from:30007, delay:0.0001s, distance:203.20m (Euclidean)
[2025-03-07 13:51:36,692] [INFO] [30038] Received PREPARE: id:1741323095323, from:30030, delay:0.0000s, distance:143.64m (Euclidean)
[2025-03-07 13:51:36,692] [INFO] [30038] Missing PRE-PREPARE for REQUEST 1741323095323; ignoring PREPARE
[2025-03-07 13:51:36,704] [INFO] [30038] Received COMMIT: id:1741323095323, from:30097, delay:0.0001s, distance:209.08m (Euclidean)
[2025-03-07 13:51:36,731] [INFO] [30038] Received COMMIT: id:1741323095323, from:30043, delay:0.0001s, distance:208.78m (Euclidean)
[2025-03-07 13:51:36,747] [INFO] [30038] Received COMMIT: id:1741323095323, from:30031, delay:0.0002s, distance:278.46m (Euclidean)
[2025-03-07 13:51:36,788] [INFO] [30038] Received COMMIT: id:1741323095323, from:30003, delay:0.0000s, distance:115.96m (Euclidean)
[2025-03-07 13:51:36,788] [INFO] [30038] Received COMMIT: id:1741323095323, from:30069, delay:0.0001s, distance:243.81m (Euclidean)
[2025-03-07 13:51:36,788] [INFO] [30038] Received PREPARE: id:1741323095323, from:30005, delay:0.0001s, distance:171.42m (Euclidean)
[2025-03-07 13:51:36,788] [INFO] [30038] Missing PRE-PREPARE for REQUEST 1741323095323; ignoring PREPARE
[2025-03-07 13:51:36,793] [INFO] [30038] Received PREPARE: id:1741323095323, from:30014, delay:0.0001s, distance:257.42m (Euclidean)
[2025-03-07 13:51:36,793] [INFO] [30038] Missing PRE-PREPARE for REQUEST 1741323095323; ignoring PREPARE
[2025-03-07 13:51:36,793] [INFO] [30038] Received COMMIT: id:1741323095323, from:30088, delay:0.0001s, distance:236.36m (Euclidean)
[2025-03-07 13:51:36,795] [INFO] [30038] Received COMMIT: id:1741323095323, from:30107, delay:0.0000s, distance:142.41m (Euclidean)
[2025-03-07 13:51:36,795] [INFO] [30038] Received PREPARE: id:1741323095323, from:30067, delay:0.0000s, distance:181.38m (Euclidean)
[2025-03-07 13:51:36,795] [INFO] [30038] Missing PRE-PREPARE for REQUEST 1741323095323; ignoring PREPARE
[2025-03-07 13:51:36,799] [INFO] [30038] Received COMMIT: id:1741323095323, from:30067, delay:0.0000s, distance:181.38m (Euclidean)
[2025-03-07 13:51:36,801] [INFO] [30038] Received COMMIT: id:1741323095323, from:30044, delay:0.0002s, distance:287.41m (Euclidean)
[2025-03-07 13:51:36,801] [INFO] [30038] Received COMMIT: id:1741323095323, from:30051, delay:0.0000s, distance:148.09m (Euclidean)
[2025-03-07 13:51:36,801] [INFO] [30038] Received COMMIT: id:1741323095323, from:30008, delay:0.0002s, distance:277.24m (Euclidean)
[2025-03-07 13:51:36,808] [INFO] [30038] Received PREPARE: id:1741323095323, from:30065, delay:0.0002s, distance:278.73m (Euclidean)
[2025-03-07 13:51:36,808] [INFO] [30038] Missing PRE-PREPARE for REQUEST 1741323095323; ignoring PREPARE
[2025-03-07 13:51:36,826] [INFO] [30038] Received COMMIT: id:1741323095323, from:30065, delay:0.0002s, distance:278.73m (Euclidean)
[2025-03-07 13:51:36,871] [INFO] [30038] Received COMMIT: id:1741323095323, from:30110, delay:0.0000s, distance:191.24m (Euclidean)
[2025-03-07 13:51:36,871] [INFO] [30038] Received COMMIT: id:1741323095323, from:30116, delay:0.0001s, distance:251.88m (Euclidean)
[2025-03-07 13:51:36,871] [INFO] [30038] Received PREPARE: id:1741323095323, from:30029, delay:0.0002s, distance:281.16m (Euclidean)
[2025-03-07 13:51:36,871] [INFO] [30038] Missing PRE-PREPARE for REQUEST 1741323095323; ignoring PREPARE
[2025-03-07 13:51:36,871] [INFO] [30038] Received COMMIT: id:1741323095323, from:30029, delay:0.0002s, distance:281.16m (Euclidean)
[2025-03-07 13:51:36,910] [INFO] [30038] Received PREPARE: id:1741323095323, from:30040, delay:0.0001s, distance:226.12m (Euclidean)
[2025-03-07 13:51:36,910] [INFO] [30038] Missing PRE-PREPARE for REQUEST 1741323095323; ignoring PREPARE
[2025-03-07 13:51:36,959] [INFO] [30038] Received PREPARE: id:1741323095323, from:30002, delay:0.0001s, distance:214.68m (Euclidean)
[2025-03-07 13:51:36,959] [INFO] [30038] Missing PRE-PREPARE for REQUEST 1741323095323; ignoring PREPARE
[2025-03-07 13:51:36,959] [INFO] [30038] Received COMMIT: id:1741323095323, from:30009, delay:0.0000s, distance:179.25m (Euclidean)
[2025-03-07 13:51:36,977] [INFO] [30038] Received PREPARE: id:1741323095323, from:30113, delay:0.0002s, distance:264.86m (Euclidean)
[2025-03-07 13:51:36,977] [INFO] [30038] Missing PRE-PREPARE for REQUEST 1741323095323; ignoring PREPARE
[2025-03-07 13:51:36,984] [INFO] [30038] Received COMMIT: id:1741323095323, from:30113, delay:0.0002s, distance:264.86m (Euclidean)
[2025-03-07 13:51:36,984] [INFO] [30038] Received COMMIT: id:1741323095323, from:30040, delay:0.0001s, distance:226.12m (Euclidean)
[2025-03-07 13:51:37,010] [INFO] [30038] Received COMMIT: id:1741323095323, from:30028, delay:0.0001s, distance:222.34m (Euclidean)
[2025-03-07 13:51:37,038] [INFO] [30038] Received PREPARE: id:1741323095323, from:30025, delay:0.0000s, distance:161.09m (Euclidean)
[2025-03-07 13:51:37,038] [INFO] [30038] Missing PRE-PREPARE for REQUEST 1741323095323; ignoring PREPARE
[2025-03-07 13:51:37,062] [INFO] [30038] Received COMMIT: id:1741323095323, from:30005, delay:0.0001s, distance:171.42m (Euclidean)
[2025-03-07 13:51:37,156] [INFO] [30038] Received PREPARE: id:1741323095323, from:30045, delay:0.0001s, distance:248.26m (Euclidean)
[2025-03-07 13:51:37,156] [INFO] [30038] Missing PRE-PREPARE for REQUEST 1741323095323; ignoring PREPARE
[2025-03-07 13:51:37,156] [INFO] [30038] Received COMMIT: id:1741323095323, from:30045, delay:0.0001s, distance:248.26m (Euclidean)
[2025-03-07 13:51:37,162] [INFO] [30038] Received COMMIT: id:1741323095323, from:30092, delay:0.0000s, distance:159.23m (Euclidean)
[2025-03-07 13:51:37,176] [INFO] [30038] Received COMMIT: id:1741323095323, from:30002, delay:0.0001s, distance:214.68m (Euclidean)
[2025-03-07 13:51:37,200] [INFO] [30038] Received COMMIT: id:1741323095323, from:30011, delay:0.0001s, distance:205.29m (Euclidean)
[2025-03-07 13:51:37,220] [INFO] [30038] Received PREPARE: id:1741323095323, from:30056, delay:0.0001s, distance:292.17m (Euclidean)
[2025-03-07 13:51:37,220] [INFO] [30038] Missing PRE-PREPARE for REQUEST 1741323095323; ignoring PREPARE
[2025-03-07 13:51:37,220] [INFO] [30038] Received COMMIT: id:1741323095323, from:30056, delay:0.0001s, distance:292.17m (Euclidean)
[2025-03-07 13:51:37,222] [INFO] [30038] Received COMMIT: id:1741323095323, from:30024, delay:0.0001s, distance:178.69m (Euclidean)
[2025-03-07 13:51:37,265] [INFO] [30038] Received PREPARE: id:1741323095323, from:30053, delay:0.0002s, distance:251.26m (Euclidean)
[2025-03-07 13:51:37,265] [INFO] [30038] Missing PRE-PREPARE for REQUEST 1741323095323; ignoring PREPARE
[2025-03-07 13:51:37,268] [INFO] [30038] Received PREPARE: id:1741323095323, from:30046, delay:0.0001s, distance:239.99m (Euclidean)
[2025-03-07 13:51:37,268] [INFO] [30038] Missing PRE-PREPARE for REQUEST 1741323095323; ignoring PREPARE
[2025-03-07 13:51:37,290] [INFO] [30038] Received COMMIT: id:1741323095323, from:30025, delay:0.0000s, distance:161.09m (Euclidean)
[2025-03-07 13:51:37,296] [INFO] [30038] Received PREPARE: id:1741323095323, from:30027, delay:0.0001s, distance:244.72m (Euclidean)
[2025-03-07 13:51:37,296] [INFO] [30038] Missing PRE-PREPARE for REQUEST 1741323095323; ignoring PREPARE
[2025-03-07 13:51:37,296] [INFO] [30038] Received COMMIT: id:1741323095323, from:30027, delay:0.0001s, distance:244.72m (Euclidean)
[2025-03-07 13:51:37,299] [INFO] [30038] Received PREPARE: id:1741323095323, from:30052, delay:0.0001s, distance:273.64m (Euclidean)
[2025-03-07 13:51:37,299] [INFO] [30038] Missing PRE-PREPARE for REQUEST 1741323095323; ignoring PREPARE
[2025-03-07 13:51:37,333] [INFO] [30038] Received COMMIT: id:1741323095323, from:30041, delay:0.0000s, distance:147.79m (Euclidean)
[2025-03-07 13:51:37,333] [INFO] [30038] Received PREPARE: id:1741323095323, from:30050, delay:0.0002s, distance:289.27m (Euclidean)
[2025-03-07 13:51:37,333] [INFO] [30038] Missing PRE-PREPARE for REQUEST 1741323095323; ignoring PREPARE
[2025-03-07 13:51:37,333] [INFO] [30038] Received COMMIT: id:1741323095323, from:30050, delay:0.0002s, distance:289.27m (Euclidean)
[2025-03-07 13:51:37,359] [INFO] [30038] Received COMMIT: id:1741323095323, from:30042, delay:0.0000s, distance:182.63m (Euclidean)
[2025-03-07 13:51:37,366] [INFO] [30038] Received COMMIT: id:1741323095323, from:30014, delay:0.0001s, distance:257.42m (Euclidean)
[2025-03-07 13:51:37,394] [INFO] [30038] Received COMMIT: id:1741323095323, from:30052, delay:0.0001s, distance:273.64m (Euclidean)
[2025-03-07 13:51:37,478] [INFO] [30038] Received COMMIT: id:1741323095323, from:30037, delay:0.0001s, distance:258.36m (Euclidean)
[2025-03-07 13:51:37,504] [INFO] [30038] Received PREPARE: id:1741323095323, from:30022, delay:0.0001s, distance:226.02m (Euclidean)
[2025-03-07 13:51:37,504] [INFO] [30038] Missing PRE-PREPARE for REQUEST 1741323095323; ignoring PREPARE
[2025-03-07 13:51:37,504] [INFO] [30038] Received COMMIT: id:1741323095323, from:30090, delay:0.0000s, distance:194.14m (Euclidean)
[2025-03-07 13:51:37,551] [INFO] [30038] Received PREPARE: id:1741323095323, from:30101, delay:0.0002s, distance:261.70m (Euclidean)
[2025-03-07 13:51:37,551] [INFO] [30038] Missing PRE-PREPARE for REQUEST 1741323095323; ignoring PREPARE
[2025-03-07 13:51:37,553] [INFO] [30038] Received COMMIT: id:1741323095323, from:30101, delay:0.0002s, distance:261.70m (Euclidean)
[2025-03-07 13:51:37,553] [INFO] [30038] Received COMMIT: id:1741323095323, from:30053, delay:0.0002s, distance:251.26m (Euclidean)
[2025-03-07 13:51:37,577] [INFO] [30038] Received PREPARE: id:1741323095323, from:30017, delay:0.0001s, distance:261.61m (Euclidean)
[2025-03-07 13:51:37,577] [INFO] [30038] Missing PRE-PREPARE for REQUEST 1741323095323; ignoring PREPARE
[2025-03-07 13:51:37,577] [INFO] [30038] Received COMMIT: id:1741323095323, from:30017, delay:0.0001s, distance:261.61m (Euclidean)
[2025-03-07 13:51:37,618] [INFO] [30038] Received COMMIT: id:1741323095323, from:30022, delay:0.0001s, distance:226.02m (Euclidean)
[2025-03-07 13:51:37,662] [INFO] [30038] Received PREPARE: id:1741323095323, from:30096, delay:0.0002s, distance:287.67m (Euclidean)
[2025-03-07 13:51:37,662] [INFO] [30038] Missing PRE-PREPARE for REQUEST 1741323095323; ignoring PREPARE
[2025-03-07 13:51:37,662] [INFO] [30038] Received COMMIT: id:1741323095323, from:30074, delay:0.0002s, distance:270.45m (Euclidean)
[2025-03-07 13:51:37,672] [INFO] [30038] Received COMMIT: id:1741323095323, from:30096, delay:0.0002s, distance:287.67m (Euclidean)
[2025-03-07 13:51:37,721] [INFO] [30038] Received COMMIT: id:1741323095323, from:30046, delay:0.0001s, distance:239.99m (Euclidean)
[2025-03-07 13:51:37,721] [INFO] [30038] Received PREPARE: id:1741323095323, from:30004, delay:0.0001s, distance:222.01m (Euclidean)
[2025-03-07 13:51:37,721] [INFO] [30038] Missing PRE-PREPARE for REQUEST 1741323095323; ignoring PREPARE
[2025-03-07 13:51:37,721] [INFO] [30038] Received COMMIT: id:1741323095323, from:30004, delay:0.0001s, distance:222.01m (Euclidean)
[2025-03-07 13:51:37,729] [INFO] [30038] Received PREPARE: id:1741323095323, from:30075, delay:0.0001s, distance:288.21m (Euclidean)
[2025-03-07 13:51:37,729] [INFO] [30038] Missing PRE-PREPARE for REQUEST 1741323095323; ignoring PREPARE
[2025-03-07 13:51:37,761] [INFO] [30038] Received COMMIT: id:1741323095323, from:30075, delay:0.0001s, distance:288.21m (Euclidean)
[2025-03-07 13:51:37,804] [INFO] [30038] Received COMMIT: id:1741323095323, from:30030, delay:0.0000s, distance:143.64m (Euclidean)
[2025-03-07 13:51:37,839] [INFO] [30038] Received PREPARE: id:1741323095323, from:30006, delay:0.0001s, distance:257.76m (Euclidean)
[2025-03-07 13:51:37,839] [INFO] [30038] Missing PRE-PREPARE for REQUEST 1741323095323; ignoring PREPARE
[2025-03-07 13:51:37,839] [INFO] [30038] Received COMMIT: id:1741323095323, from:30006, delay:0.0001s, distance:257.76m (Euclidean)
[2025-03-07 13:51:37,906] [INFO] [30038] Received PREPARE: id:1741323095323, from:30023, delay:0.0001s, distance:210.76m (Euclidean)
[2025-03-07 13:51:37,906] [INFO] [30038] Missing PRE-PREPARE for REQUEST 1741323095323; ignoring PREPARE
[2025-03-07 13:51:37,906] [INFO] [30038] Received COMMIT: id:1741323095323, from:30023, delay:0.0001s, distance:210.76m (Euclidean)
[2025-03-07 13:51:37,983] [INFO] [30038] Received COMMIT: id:1741323095323, from:30084, delay:0.0001s, distance:190.51m (Euclidean)
[2025-03-07 13:51:38,042] [INFO] [30038] Received COMMIT: id:1741323095323, from:30076, delay:0.0000s, distance:249.25m (Euclidean)
[2025-03-07 13:51:38,054] [INFO] [30038] Received PREPARE: id:1741323095323, from:30020, delay:0.0001s, distance:263.31m (Euclidean)
[2025-03-07 13:51:38,054] [INFO] [30038] Missing PRE-PREPARE for REQUEST 1741323095323; ignoring PREPARE
[2025-03-07 13:51:38,054] [INFO] [30038] Received COMMIT: id:1741323095323, from:30020, delay:0.0001s, distance:263.31m (Euclidean)
[2025-03-07 13:51:38,156] [INFO] [30038] Received PREPARE: id:1741323095323, from:30033, delay:0.0001s, distance:237.69m (Euclidean)
[2025-03-07 13:51:38,168] [INFO] [30038] Missing PRE-PREPARE for REQUEST 1741323095323; ignoring PREPARE
[2025-03-07 13:51:38,188] [INFO] [30038] Received COMMIT: id:1741323095323, from:30033, delay:0.0001s, distance:237.69m (Euclidean)
[2025-03-07 13:51:38,926] [INFO] [30038] Received PREPARE: id:1741323095323, from:30036, delay:0.0001s, distance:211.63m (Euclidean)
[2025-03-07 13:51:38,926] [INFO] [30038] Missing PRE-PREPARE for REQUEST 1741323095323; ignoring PREPARE
[2025-03-07 13:51:38,934] [INFO] [30038] Received COMMIT: id:1741323095323, from:30036, delay:0.0001s, distance:211.63m (Euclidean)
[2025-03-07 13:51:39,641] [INFO] [30038] Received PREPARE: id:1741323095323, from:30048, delay:0.0001s, distance:220.65m (Euclidean)
[2025-03-07 13:51:39,641] [INFO] [30038] Missing PRE-PREPARE for REQUEST 1741323095323; ignoring PREPARE
[2025-03-07 13:51:39,704] [INFO] [30038] Received PREPARE: id:1741323095323, from:30068, delay:0.0001s, distance:236.84m (Euclidean)
[2025-03-07 13:51:39,704] [INFO] [30038] Missing PRE-PREPARE for REQUEST 1741323095323; ignoring PREPARE
[2025-03-07 13:51:39,752] [INFO] [30038] Received PREPARE: id:1741323095323, from:30035, delay:0.0000s, distance:200.94m (Euclidean)
[2025-03-07 13:51:39,752] [INFO] [30038] Missing PRE-PREPARE for REQUEST 1741323095323; ignoring PREPARE
[2025-03-07 13:51:39,769] [INFO] [30038] Received COMMIT: id:1741323095323, from:30048, delay:0.0001s, distance:220.65m (Euclidean)
[2025-03-07 13:51:39,819] [INFO] [30038] Received COMMIT: id:1741323095323, from:30068, delay:0.0001s, distance:236.84m (Euclidean)
[2025-03-07 13:51:39,968] [INFO] [30038] Received COMMIT: id:1741323095323, from:30035, delay:0.0000s, distance:200.94m (Euclidean)
[2025-03-07 13:51:41,642] [INFO] [30038] Received PREPARE: id:1741323095323, from:30059, delay:0.0001s, distance:213.89m (Euclidean)
[2025-03-07 13:51:41,642] [INFO] [30038] Missing PRE-PREPARE for REQUEST 1741323095323; ignoring PREPARE
[2025-03-07 13:51:41,849] [INFO] [30038] Received PREPARE: id:1741323095323, from:30100, delay:0.0000s, distance:110.10m (Euclidean)
[2025-03-07 13:51:41,849] [INFO] [30038] Missing PRE-PREPARE for REQUEST 1741323095323; ignoring PREPARE
[2025-03-07 13:51:41,897] [INFO] [30038] Received COMMIT: id:1741323095323, from:30059, delay:0.0001s, distance:213.89m (Euclidean)
[2025-03-07 13:51:42,039] [INFO] [30038] Received PRE-PREPARE: id:1741323095323, from:Leader(30000), delay:0.0001s, distance:201.26m (Euclidean)
[2025-03-07 13:51:42,039] [INFO] [30038] Broadcasting PREPARE for REQUEST 1741323095323
[2025-03-07 13:51:42,170] [INFO] [30038] Received COMMIT: id:1741323095323, from:30100, delay:0.0000s, distance:110.10m (Euclidean)
[2025-03-07 13:51:42,326] [INFO] [30038] Received PREPARE: id:1741323095323, from:30080, delay:0.0002s, distance:295.37m (Euclidean)
[2025-03-07 13:51:42,326] [INFO] [30038] Broadcasting COMMIT for REQUEST 1741323095323
[2025-03-07 13:51:42,389] [INFO] [30038] Received COMMIT: id:1741323095323, from:30000, delay:0.0001s, distance:201.26m (Euclidean)
[2025-03-07 13:51:42,404] [INFO] [30038] Received PREPARE: id:1741323095323, from:30049, delay:0.0001s, distance:187.70m (Euclidean)
[2025-03-07 13:51:42,436] [INFO] [30038] Received COMMIT: id:1741323095323, from:30049, delay:0.0001s, distance:187.70m (Euclidean)
[2025-03-07 13:51:42,516] [INFO] [30038] Received PREPARE: id:1741323095323, from:30039, delay:0.0002s, distance:258.03m (Euclidean)
[2025-03-07 13:51:42,534] [INFO] [30038] Received COMMIT: id:1741323095323, from:30039, delay:0.0002s, distance:258.03m (Euclidean)
[2025-03-07 13:51:42,580] [INFO] [30038] Received COMMIT: id:1741323095323, from:30080, delay:0.0002s, distance:295.37m (Euclidean)
[2025-03-07 13:51:46,194] [ERROR] [30038] Error sending to http://localhost:30105/prepare: Cannot connect to host localhost:30105 ssl:default [Connect call failed ('127.0.0.1', 30105)]
Traceback (most recent call last):
  File "D:\anaconda\envs\PBFT\lib\site-packages\aiohttp\connector.py", line 980, in _wrap_create_connection
    return await self._loop.create_connection(*args, **kwargs)  # type: ignore[return-value]  # noqa
  File "D:\anaconda\envs\PBFT\lib\asyncio\base_events.py", line 948, in create_connection
    raise exceptions[0]
  File "D:\anaconda\envs\PBFT\lib\asyncio\base_events.py", line 935, in create_connection
    await self.sock_connect(sock, address)
  File "D:\anaconda\envs\PBFT\lib\asyncio\selector_events.py", line 475, in sock_connect
    return await fut
  File "D:\anaconda\envs\PBFT\lib\asyncio\selector_events.py", line 505, in _sock_connect_cb
    raise OSError(err, f'Connect call failed {address}')
ConnectionRefusedError: [Errno 10061] Connect call failed ('127.0.0.1', 30105)

The above exception was the direct cause of the following exception:

Traceback (most recent call last):
  File "pbft.py", line 236, in send_message
    await send_with_delay(self.session, self.node_info, target, url, data, self.bandwidth_data)
  File "pbft.py", line 63, in send_with_delay
    async with session.post(url, json=data) as resp:
  File "D:\anaconda\envs\PBFT\lib\site-packages\aiohttp\client.py", line 1141, in __aenter__
    self._resp = await self._coro
  File "D:\anaconda\envs\PBFT\lib\site-packages\aiohttp\client.py", line 537, in _request
    req, traces=traces, timeout=real_timeout
  File "D:\anaconda\envs\PBFT\lib\site-packages\aiohttp\connector.py", line 540, in connect
    proto = await self._create_connection(req, traces, timeout)
  File "D:\anaconda\envs\PBFT\lib\site-packages\aiohttp\connector.py", line 901, in _create_connection
    _, proto = await self._create_direct_connection(req, traces, timeout)
  File "D:\anaconda\envs\PBFT\lib\site-packages\aiohttp\connector.py", line 1206, in _create_direct_connection
    raise last_exc
  File "D:\anaconda\envs\PBFT\lib\site-packages\aiohttp\connector.py", line 1187, in _create_direct_connection
    client_error=client_error,
  File "D:\anaconda\envs\PBFT\lib\site-packages\aiohttp\connector.py", line 988, in _wrap_create_connection
    raise client_error(req.connection_key, exc) from exc
aiohttp.client_exceptions.ClientConnectorError: Cannot connect to host localhost:30105 ssl:default [Connect call failed ('127.0.0.1', 30105)]
[2025-03-07 13:51:46,194] [ERROR] [30038] Error sending to http://localhost:30087/prepare: Cannot connect to host localhost:30087 ssl:default [Connect call failed ('127.0.0.1', 30087)]
Traceback (most recent call last):
  File "D:\anaconda\envs\PBFT\lib\site-packages\aiohttp\connector.py", line 980, in _wrap_create_connection
    return await self._loop.create_connection(*args, **kwargs)  # type: ignore[return-value]  # noqa
  File "D:\anaconda\envs\PBFT\lib\asyncio\base_events.py", line 948, in create_connection
    raise exceptions[0]
  File "D:\anaconda\envs\PBFT\lib\asyncio\base_events.py", line 935, in create_connection
    await self.sock_connect(sock, address)
  File "D:\anaconda\envs\PBFT\lib\asyncio\selector_events.py", line 475, in sock_connect
    return await fut
  File "D:\anaconda\envs\PBFT\lib\asyncio\selector_events.py", line 505, in _sock_connect_cb
    raise OSError(err, f'Connect call failed {address}')
ConnectionRefusedError: [Errno 10061] Connect call failed ('127.0.0.1', 30087)

The above exception was the direct cause of the following exception:

Traceback (most recent call last):
  File "pbft.py", line 236, in send_message
    await send_with_delay(self.session, self.node_info, target, url, data, self.bandwidth_data)
  File "pbft.py", line 63, in send_with_delay
    async with session.post(url, json=data) as resp:
  File "D:\anaconda\envs\PBFT\lib\site-packages\aiohttp\client.py", line 1141, in __aenter__
    self._resp = await self._coro
  File "D:\anaconda\envs\PBFT\lib\site-packages\aiohttp\client.py", line 537, in _request
    req, traces=traces, timeout=real_timeout
  File "D:\anaconda\envs\PBFT\lib\site-packages\aiohttp\connector.py", line 540, in connect
    proto = await self._create_connection(req, traces, timeout)
  File "D:\anaconda\envs\PBFT\lib\site-packages\aiohttp\connector.py", line 901, in _create_connection
    _, proto = await self._create_direct_connection(req, traces, timeout)
  File "D:\anaconda\envs\PBFT\lib\site-packages\aiohttp\connector.py", line 1206, in _create_direct_connection
    raise last_exc
  File "D:\anaconda\envs\PBFT\lib\site-packages\aiohttp\connector.py", line 1187, in _create_direct_connection
    client_error=client_error,
  File "D:\anaconda\envs\PBFT\lib\site-packages\aiohttp\connector.py", line 988, in _wrap_create_connection
    raise client_error(req.connection_key, exc) from exc
aiohttp.client_exceptions.ClientConnectorError: Cannot connect to host localhost:30087 ssl:default [Connect call failed ('127.0.0.1', 30087)]
[2025-03-07 13:51:46,194] [ERROR] [30038] Error sending to http://localhost:30081/prepare: Cannot connect to host localhost:30081 ssl:default [Connect call failed ('127.0.0.1', 30081)]
Traceback (most recent call last):
  File "D:\anaconda\envs\PBFT\lib\site-packages\aiohttp\connector.py", line 980, in _wrap_create_connection
    return await self._loop.create_connection(*args, **kwargs)  # type: ignore[return-value]  # noqa
  File "D:\anaconda\envs\PBFT\lib\asyncio\base_events.py", line 948, in create_connection
    raise exceptions[0]
  File "D:\anaconda\envs\PBFT\lib\asyncio\base_events.py", line 935, in create_connection
    await self.sock_connect(sock, address)
  File "D:\anaconda\envs\PBFT\lib\asyncio\selector_events.py", line 475, in sock_connect
    return await fut
  File "D:\anaconda\envs\PBFT\lib\asyncio\selector_events.py", line 505, in _sock_connect_cb
    raise OSError(err, f'Connect call failed {address}')
ConnectionRefusedError: [Errno 10061] Connect call failed ('127.0.0.1', 30081)

The above exception was the direct cause of the following exception:

Traceback (most recent call last):
  File "pbft.py", line 236, in send_message
    await send_with_delay(self.session, self.node_info, target, url, data, self.bandwidth_data)
  File "pbft.py", line 63, in send_with_delay
    async with session.post(url, json=data) as resp:
  File "D:\anaconda\envs\PBFT\lib\site-packages\aiohttp\client.py", line 1141, in __aenter__
    self._resp = await self._coro
  File "D:\anaconda\envs\PBFT\lib\site-packages\aiohttp\client.py", line 537, in _request
    req, traces=traces, timeout=real_timeout
  File "D:\anaconda\envs\PBFT\lib\site-packages\aiohttp\connector.py", line 540, in connect
    proto = await self._create_connection(req, traces, timeout)
  File "D:\anaconda\envs\PBFT\lib\site-packages\aiohttp\connector.py", line 901, in _create_connection
    _, proto = await self._create_direct_connection(req, traces, timeout)
  File "D:\anaconda\envs\PBFT\lib\site-packages\aiohttp\connector.py", line 1206, in _create_direct_connection
    raise last_exc
  File "D:\anaconda\envs\PBFT\lib\site-packages\aiohttp\connector.py", line 1187, in _create_direct_connection
    client_error=client_error,
  File "D:\anaconda\envs\PBFT\lib\site-packages\aiohttp\connector.py", line 988, in _wrap_create_connection
    raise client_error(req.connection_key, exc) from exc
aiohttp.client_exceptions.ClientConnectorError: Cannot connect to host localhost:30081 ssl:default [Connect call failed ('127.0.0.1', 30081)]
[2025-03-07 13:51:46,210] [ERROR] [30038] Error sending to http://localhost:30064/prepare: Cannot connect to host localhost:30064 ssl:default [Connect call failed ('127.0.0.1', 30064)]
Traceback (most recent call last):
  File "D:\anaconda\envs\PBFT\lib\site-packages\aiohttp\connector.py", line 980, in _wrap_create_connection
    return await self._loop.create_connection(*args, **kwargs)  # type: ignore[return-value]  # noqa
  File "D:\anaconda\envs\PBFT\lib\asyncio\base_events.py", line 948, in create_connection
    raise exceptions[0]
  File "D:\anaconda\envs\PBFT\lib\asyncio\base_events.py", line 935, in create_connection
    await self.sock_connect(sock, address)
  File "D:\anaconda\envs\PBFT\lib\asyncio\selector_events.py", line 475, in sock_connect
    return await fut
  File "D:\anaconda\envs\PBFT\lib\asyncio\selector_events.py", line 505, in _sock_connect_cb
    raise OSError(err, f'Connect call failed {address}')
ConnectionRefusedError: [Errno 10061] Connect call failed ('127.0.0.1', 30064)

The above exception was the direct cause of the following exception:

Traceback (most recent call last):
  File "pbft.py", line 236, in send_message
    await send_with_delay(self.session, self.node_info, target, url, data, self.bandwidth_data)
  File "pbft.py", line 63, in send_with_delay
    async with session.post(url, json=data) as resp:
  File "D:\anaconda\envs\PBFT\lib\site-packages\aiohttp\client.py", line 1141, in __aenter__
    self._resp = await self._coro
  File "D:\anaconda\envs\PBFT\lib\site-packages\aiohttp\client.py", line 537, in _request
    req, traces=traces, timeout=real_timeout
  File "D:\anaconda\envs\PBFT\lib\site-packages\aiohttp\connector.py", line 540, in connect
    proto = await self._create_connection(req, traces, timeout)
  File "D:\anaconda\envs\PBFT\lib\site-packages\aiohttp\connector.py", line 901, in _create_connection
    _, proto = await self._create_direct_connection(req, traces, timeout)
  File "D:\anaconda\envs\PBFT\lib\site-packages\aiohttp\connector.py", line 1206, in _create_direct_connection
    raise last_exc
  File "D:\anaconda\envs\PBFT\lib\site-packages\aiohttp\connector.py", line 1187, in _create_direct_connection
    client_error=client_error,
  File "D:\anaconda\envs\PBFT\lib\site-packages\aiohttp\connector.py", line 988, in _wrap_create_connection
    raise client_error(req.connection_key, exc) from exc
aiohttp.client_exceptions.ClientConnectorError: Cannot connect to host localhost:30064 ssl:default [Connect call failed ('127.0.0.1', 30064)]
[2025-03-07 13:51:46,210] [ERROR] [30038] Error sending to http://localhost:30070/prepare: Cannot connect to host localhost:30070 ssl:default [Connect call failed ('127.0.0.1', 30070)]
Traceback (most recent call last):
  File "D:\anaconda\envs\PBFT\lib\site-packages\aiohttp\connector.py", line 980, in _wrap_create_connection
    return await self._loop.create_connection(*args, **kwargs)  # type: ignore[return-value]  # noqa
  File "D:\anaconda\envs\PBFT\lib\asyncio\base_events.py", line 948, in create_connection
    raise exceptions[0]
  File "D:\anaconda\envs\PBFT\lib\asyncio\base_events.py", line 935, in create_connection
    await self.sock_connect(sock, address)
  File "D:\anaconda\envs\PBFT\lib\asyncio\selector_events.py", line 475, in sock_connect
    return await fut
  File "D:\anaconda\envs\PBFT\lib\asyncio\selector_events.py", line 505, in _sock_connect_cb
    raise OSError(err, f'Connect call failed {address}')
ConnectionRefusedError: [Errno 10061] Connect call failed ('127.0.0.1', 30070)

The above exception was the direct cause of the following exception:

Traceback (most recent call last):
  File "pbft.py", line 236, in send_message
    await send_with_delay(self.session, self.node_info, target, url, data, self.bandwidth_data)
  File "pbft.py", line 63, in send_with_delay
    async with session.post(url, json=data) as resp:
  File "D:\anaconda\envs\PBFT\lib\site-packages\aiohttp\client.py", line 1141, in __aenter__
    self._resp = await self._coro
  File "D:\anaconda\envs\PBFT\lib\site-packages\aiohttp\client.py", line 537, in _request
    req, traces=traces, timeout=real_timeout
  File "D:\anaconda\envs\PBFT\lib\site-packages\aiohttp\connector.py", line 540, in connect
    proto = await self._create_connection(req, traces, timeout)
  File "D:\anaconda\envs\PBFT\lib\site-packages\aiohttp\connector.py", line 901, in _create_connection
    _, proto = await self._create_direct_connection(req, traces, timeout)
  File "D:\anaconda\envs\PBFT\lib\site-packages\aiohttp\connector.py", line 1206, in _create_direct_connection
    raise last_exc
  File "D:\anaconda\envs\PBFT\lib\site-packages\aiohttp\connector.py", line 1187, in _create_direct_connection
    client_error=client_error,
  File "D:\anaconda\envs\PBFT\lib\site-packages\aiohttp\connector.py", line 988, in _wrap_create_connection
    raise client_error(req.connection_key, exc) from exc
aiohttp.client_exceptions.ClientConnectorError: Cannot connect to host localhost:30070 ssl:default [Connect call failed ('127.0.0.1', 30070)]
[2025-03-07 13:51:46,210] [ERROR] [30038] Error sending to http://localhost:30093/prepare: Cannot connect to host localhost:30093 ssl:default [Connect call failed ('127.0.0.1', 30093)]
Traceback (most recent call last):
  File "D:\anaconda\envs\PBFT\lib\site-packages\aiohttp\connector.py", line 980, in _wrap_create_connection
    return await self._loop.create_connection(*args, **kwargs)  # type: ignore[return-value]  # noqa
  File "D:\anaconda\envs\PBFT\lib\asyncio\base_events.py", line 948, in create_connection
    raise exceptions[0]
  File "D:\anaconda\envs\PBFT\lib\asyncio\base_events.py", line 935, in create_connection
    await self.sock_connect(sock, address)
  File "D:\anaconda\envs\PBFT\lib\asyncio\selector_events.py", line 475, in sock_connect
    return await fut
  File "D:\anaconda\envs\PBFT\lib\asyncio\selector_events.py", line 505, in _sock_connect_cb
    raise OSError(err, f'Connect call failed {address}')
ConnectionRefusedError: [Errno 10061] Connect call failed ('127.0.0.1', 30093)

The above exception was the direct cause of the following exception:

Traceback (most recent call last):
  File "pbft.py", line 236, in send_message
    await send_with_delay(self.session, self.node_info, target, url, data, self.bandwidth_data)
  File "pbft.py", line 63, in send_with_delay
    async with session.post(url, json=data) as resp:
  File "D:\anaconda\envs\PBFT\lib\site-packages\aiohttp\client.py", line 1141, in __aenter__
    self._resp = await self._coro
  File "D:\anaconda\envs\PBFT\lib\site-packages\aiohttp\client.py", line 537, in _request
    req, traces=traces, timeout=real_timeout
  File "D:\anaconda\envs\PBFT\lib\site-packages\aiohttp\connector.py", line 540, in connect
    proto = await self._create_connection(req, traces, timeout)
  File "D:\anaconda\envs\PBFT\lib\site-packages\aiohttp\connector.py", line 901, in _create_connection
    _, proto = await self._create_direct_connection(req, traces, timeout)
  File "D:\anaconda\envs\PBFT\lib\site-packages\aiohttp\connector.py", line 1206, in _create_direct_connection
    raise last_exc
  File "D:\anaconda\envs\PBFT\lib\site-packages\aiohttp\connector.py", line 1187, in _create_direct_connection
    client_error=client_error,
  File "D:\anaconda\envs\PBFT\lib\site-packages\aiohttp\connector.py", line 988, in _wrap_create_connection
    raise client_error(req.connection_key, exc) from exc
aiohttp.client_exceptions.ClientConnectorError: Cannot connect to host localhost:30093 ssl:default [Connect call failed ('127.0.0.1', 30093)]
[2025-03-07 13:51:46,225] [ERROR] [30038] Error sending to http://localhost:30089/prepare: Cannot connect to host localhost:30089 ssl:default [Connect call failed ('127.0.0.1', 30089)]
Traceback (most recent call last):
  File "D:\anaconda\envs\PBFT\lib\site-packages\aiohttp\connector.py", line 980, in _wrap_create_connection
    return await self._loop.create_connection(*args, **kwargs)  # type: ignore[return-value]  # noqa
  File "D:\anaconda\envs\PBFT\lib\asyncio\base_events.py", line 948, in create_connection
    raise exceptions[0]
  File "D:\anaconda\envs\PBFT\lib\asyncio\base_events.py", line 935, in create_connection
    await self.sock_connect(sock, address)
  File "D:\anaconda\envs\PBFT\lib\asyncio\selector_events.py", line 475, in sock_connect
    return await fut
  File "D:\anaconda\envs\PBFT\lib\asyncio\selector_events.py", line 505, in _sock_connect_cb
    raise OSError(err, f'Connect call failed {address}')
ConnectionRefusedError: [Errno 10061] Connect call failed ('127.0.0.1', 30089)

The above exception was the direct cause of the following exception:

Traceback (most recent call last):
  File "pbft.py", line 236, in send_message
    await send_with_delay(self.session, self.node_info, target, url, data, self.bandwidth_data)
  File "pbft.py", line 63, in send_with_delay
    async with session.post(url, json=data) as resp:
  File "D:\anaconda\envs\PBFT\lib\site-packages\aiohttp\client.py", line 1141, in __aenter__
    self._resp = await self._coro
  File "D:\anaconda\envs\PBFT\lib\site-packages\aiohttp\client.py", line 537, in _request
    req, traces=traces, timeout=real_timeout
  File "D:\anaconda\envs\PBFT\lib\site-packages\aiohttp\connector.py", line 540, in connect
    proto = await self._create_connection(req, traces, timeout)
  File "D:\anaconda\envs\PBFT\lib\site-packages\aiohttp\connector.py", line 901, in _create_connection
    _, proto = await self._create_direct_connection(req, traces, timeout)
  File "D:\anaconda\envs\PBFT\lib\site-packages\aiohttp\connector.py", line 1206, in _create_direct_connection
    raise last_exc
  File "D:\anaconda\envs\PBFT\lib\site-packages\aiohttp\connector.py", line 1187, in _create_direct_connection
    client_error=client_error,
  File "D:\anaconda\envs\PBFT\lib\site-packages\aiohttp\connector.py", line 988, in _wrap_create_connection
    raise client_error(req.connection_key, exc) from exc
aiohttp.client_exceptions.ClientConnectorError: Cannot connect to host localhost:30089 ssl:default [Connect call failed ('127.0.0.1', 30089)]
[2025-03-07 13:51:46,225] [ERROR] [30038] Error sending to http://localhost:30085/prepare: Cannot connect to host localhost:30085 ssl:default [Connect call failed ('127.0.0.1', 30085)]
Traceback (most recent call last):
  File "D:\anaconda\envs\PBFT\lib\site-packages\aiohttp\connector.py", line 980, in _wrap_create_connection
    return await self._loop.create_connection(*args, **kwargs)  # type: ignore[return-value]  # noqa
  File "D:\anaconda\envs\PBFT\lib\asyncio\base_events.py", line 948, in create_connection
    raise exceptions[0]
  File "D:\anaconda\envs\PBFT\lib\asyncio\base_events.py", line 935, in create_connection
    await self.sock_connect(sock, address)
  File "D:\anaconda\envs\PBFT\lib\asyncio\selector_events.py", line 475, in sock_connect
    return await fut
  File "D:\anaconda\envs\PBFT\lib\asyncio\selector_events.py", line 505, in _sock_connect_cb
    raise OSError(err, f'Connect call failed {address}')
ConnectionRefusedError: [Errno 10061] Connect call failed ('127.0.0.1', 30085)

The above exception was the direct cause of the following exception:

Traceback (most recent call last):
  File "pbft.py", line 236, in send_message
    await send_with_delay(self.session, self.node_info, target, url, data, self.bandwidth_data)
  File "pbft.py", line 63, in send_with_delay
    async with session.post(url, json=data) as resp:
  File "D:\anaconda\envs\PBFT\lib\site-packages\aiohttp\client.py", line 1141, in __aenter__
    self._resp = await self._coro
  File "D:\anaconda\envs\PBFT\lib\site-packages\aiohttp\client.py", line 537, in _request
    req, traces=traces, timeout=real_timeout
  File "D:\anaconda\envs\PBFT\lib\site-packages\aiohttp\connector.py", line 540, in connect
    proto = await self._create_connection(req, traces, timeout)
  File "D:\anaconda\envs\PBFT\lib\site-packages\aiohttp\connector.py", line 901, in _create_connection
    _, proto = await self._create_direct_connection(req, traces, timeout)
  File "D:\anaconda\envs\PBFT\lib\site-packages\aiohttp\connector.py", line 1206, in _create_direct_connection
    raise last_exc
  File "D:\anaconda\envs\PBFT\lib\site-packages\aiohttp\connector.py", line 1187, in _create_direct_connection
    client_error=client_error,
  File "D:\anaconda\envs\PBFT\lib\site-packages\aiohttp\connector.py", line 988, in _wrap_create_connection
    raise client_error(req.connection_key, exc) from exc
aiohttp.client_exceptions.ClientConnectorError: Cannot connect to host localhost:30085 ssl:default [Connect call failed ('127.0.0.1', 30085)]
[2025-03-07 13:51:46,225] [ERROR] [30038] Error sending to http://localhost:30073/prepare: Cannot connect to host localhost:30073 ssl:default [Connect call failed ('127.0.0.1', 30073)]
Traceback (most recent call last):
  File "D:\anaconda\envs\PBFT\lib\site-packages\aiohttp\connector.py", line 980, in _wrap_create_connection
    return await self._loop.create_connection(*args, **kwargs)  # type: ignore[return-value]  # noqa
  File "D:\anaconda\envs\PBFT\lib\asyncio\base_events.py", line 948, in create_connection
    raise exceptions[0]
  File "D:\anaconda\envs\PBFT\lib\asyncio\base_events.py", line 935, in create_connection
    await self.sock_connect(sock, address)
  File "D:\anaconda\envs\PBFT\lib\asyncio\selector_events.py", line 475, in sock_connect
    return await fut
  File "D:\anaconda\envs\PBFT\lib\asyncio\selector_events.py", line 505, in _sock_connect_cb
    raise OSError(err, f'Connect call failed {address}')
ConnectionRefusedError: [Errno 10061] Connect call failed ('127.0.0.1', 30073)

The above exception was the direct cause of the following exception:

Traceback (most recent call last):
  File "pbft.py", line 236, in send_message
    await send_with_delay(self.session, self.node_info, target, url, data, self.bandwidth_data)
  File "pbft.py", line 63, in send_with_delay
    async with session.post(url, json=data) as resp:
  File "D:\anaconda\envs\PBFT\lib\site-packages\aiohttp\client.py", line 1141, in __aenter__
    self._resp = await self._coro
  File "D:\anaconda\envs\PBFT\lib\site-packages\aiohttp\client.py", line 537, in _request
    req, traces=traces, timeout=real_timeout
  File "D:\anaconda\envs\PBFT\lib\site-packages\aiohttp\connector.py", line 540, in connect
    proto = await self._create_connection(req, traces, timeout)
  File "D:\anaconda\envs\PBFT\lib\site-packages\aiohttp\connector.py", line 901, in _create_connection
    _, proto = await self._create_direct_connection(req, traces, timeout)
  File "D:\anaconda\envs\PBFT\lib\site-packages\aiohttp\connector.py", line 1206, in _create_direct_connection
    raise last_exc
  File "D:\anaconda\envs\PBFT\lib\site-packages\aiohttp\connector.py", line 1187, in _create_direct_connection
    client_error=client_error,
  File "D:\anaconda\envs\PBFT\lib\site-packages\aiohttp\connector.py", line 988, in _wrap_create_connection
    raise client_error(req.connection_key, exc) from exc
aiohttp.client_exceptions.ClientConnectorError: Cannot connect to host localhost:30073 ssl:default [Connect call failed ('127.0.0.1', 30073)]
[2025-03-07 13:51:46,225] [ERROR] [30038] Error sending to http://localhost:30072/prepare: Cannot connect to host localhost:30072 ssl:default [Connect call failed ('127.0.0.1', 30072)]
Traceback (most recent call last):
  File "D:\anaconda\envs\PBFT\lib\site-packages\aiohttp\connector.py", line 980, in _wrap_create_connection
    return await self._loop.create_connection(*args, **kwargs)  # type: ignore[return-value]  # noqa
  File "D:\anaconda\envs\PBFT\lib\asyncio\base_events.py", line 948, in create_connection
    raise exceptions[0]
  File "D:\anaconda\envs\PBFT\lib\asyncio\base_events.py", line 935, in create_connection
    await self.sock_connect(sock, address)
  File "D:\anaconda\envs\PBFT\lib\asyncio\selector_events.py", line 475, in sock_connect
    return await fut
  File "D:\anaconda\envs\PBFT\lib\asyncio\selector_events.py", line 505, in _sock_connect_cb
    raise OSError(err, f'Connect call failed {address}')
ConnectionRefusedError: [Errno 10061] Connect call failed ('127.0.0.1', 30072)

The above exception was the direct cause of the following exception:

Traceback (most recent call last):
  File "pbft.py", line 236, in send_message
    await send_with_delay(self.session, self.node_info, target, url, data, self.bandwidth_data)
  File "pbft.py", line 63, in send_with_delay
    async with session.post(url, json=data) as resp:
  File "D:\anaconda\envs\PBFT\lib\site-packages\aiohttp\client.py", line 1141, in __aenter__
    self._resp = await self._coro
  File "D:\anaconda\envs\PBFT\lib\site-packages\aiohttp\client.py", line 537, in _request
    req, traces=traces, timeout=real_timeout
  File "D:\anaconda\envs\PBFT\lib\site-packages\aiohttp\connector.py", line 540, in connect
    proto = await self._create_connection(req, traces, timeout)
  File "D:\anaconda\envs\PBFT\lib\site-packages\aiohttp\connector.py", line 901, in _create_connection
    _, proto = await self._create_direct_connection(req, traces, timeout)
  File "D:\anaconda\envs\PBFT\lib\site-packages\aiohttp\connector.py", line 1206, in _create_direct_connection
    raise last_exc
  File "D:\anaconda\envs\PBFT\lib\site-packages\aiohttp\connector.py", line 1187, in _create_direct_connection
    client_error=client_error,
  File "D:\anaconda\envs\PBFT\lib\site-packages\aiohttp\connector.py", line 988, in _wrap_create_connection
    raise client_error(req.connection_key, exc) from exc
aiohttp.client_exceptions.ClientConnectorError: Cannot connect to host localhost:30072 ssl:default [Connect call failed ('127.0.0.1', 30072)]
[2025-03-07 13:51:46,465] [ERROR] [30038] Error sending to http://localhost:30093/commit: Cannot connect to host localhost:30093 ssl:default [Connect call failed ('::1', 30093, 0, 0)]
Traceback (most recent call last):
  File "D:\anaconda\envs\PBFT\lib\site-packages\aiohttp\connector.py", line 980, in _wrap_create_connection
    return await self._loop.create_connection(*args, **kwargs)  # type: ignore[return-value]  # noqa
  File "D:\anaconda\envs\PBFT\lib\asyncio\base_events.py", line 948, in create_connection
    raise exceptions[0]
  File "D:\anaconda\envs\PBFT\lib\asyncio\base_events.py", line 935, in create_connection
    await self.sock_connect(sock, address)
  File "D:\anaconda\envs\PBFT\lib\asyncio\selector_events.py", line 475, in sock_connect
    return await fut
  File "D:\anaconda\envs\PBFT\lib\asyncio\selector_events.py", line 505, in _sock_connect_cb
    raise OSError(err, f'Connect call failed {address}')
ConnectionRefusedError: [Errno 10061] Connect call failed ('::1', 30093, 0, 0)

The above exception was the direct cause of the following exception:

Traceback (most recent call last):
  File "pbft.py", line 236, in send_message
    await send_with_delay(self.session, self.node_info, target, url, data, self.bandwidth_data)
  File "pbft.py", line 63, in send_with_delay
    async with session.post(url, json=data) as resp:
  File "D:\anaconda\envs\PBFT\lib\site-packages\aiohttp\client.py", line 1141, in __aenter__
    self._resp = await self._coro
  File "D:\anaconda\envs\PBFT\lib\site-packages\aiohttp\client.py", line 537, in _request
    req, traces=traces, timeout=real_timeout
  File "D:\anaconda\envs\PBFT\lib\site-packages\aiohttp\connector.py", line 540, in connect
    proto = await self._create_connection(req, traces, timeout)
  File "D:\anaconda\envs\PBFT\lib\site-packages\aiohttp\connector.py", line 901, in _create_connection
    _, proto = await self._create_direct_connection(req, traces, timeout)
  File "D:\anaconda\envs\PBFT\lib\site-packages\aiohttp\connector.py", line 1206, in _create_direct_connection
    raise last_exc
  File "D:\anaconda\envs\PBFT\lib\site-packages\aiohttp\connector.py", line 1187, in _create_direct_connection
    client_error=client_error,
  File "D:\anaconda\envs\PBFT\lib\site-packages\aiohttp\connector.py", line 988, in _wrap_create_connection
    raise client_error(req.connection_key, exc) from exc
aiohttp.client_exceptions.ClientConnectorError: Cannot connect to host localhost:30093 ssl:default [Connect call failed ('::1', 30093, 0, 0)]
[2025-03-07 13:51:46,465] [ERROR] [30038] Error sending to http://localhost:30089/commit: Cannot connect to host localhost:30089 ssl:default [Connect call failed ('::1', 30089, 0, 0)]
Traceback (most recent call last):
  File "D:\anaconda\envs\PBFT\lib\site-packages\aiohttp\connector.py", line 980, in _wrap_create_connection
    return await self._loop.create_connection(*args, **kwargs)  # type: ignore[return-value]  # noqa
  File "D:\anaconda\envs\PBFT\lib\asyncio\base_events.py", line 948, in create_connection
    raise exceptions[0]
  File "D:\anaconda\envs\PBFT\lib\asyncio\base_events.py", line 935, in create_connection
    await self.sock_connect(sock, address)
  File "D:\anaconda\envs\PBFT\lib\asyncio\selector_events.py", line 475, in sock_connect
    return await fut
  File "D:\anaconda\envs\PBFT\lib\asyncio\selector_events.py", line 505, in _sock_connect_cb
    raise OSError(err, f'Connect call failed {address}')
ConnectionRefusedError: [Errno 10061] Connect call failed ('::1', 30089, 0, 0)

The above exception was the direct cause of the following exception:

Traceback (most recent call last):
  File "pbft.py", line 236, in send_message
    await send_with_delay(self.session, self.node_info, target, url, data, self.bandwidth_data)
  File "pbft.py", line 63, in send_with_delay
    async with session.post(url, json=data) as resp:
  File "D:\anaconda\envs\PBFT\lib\site-packages\aiohttp\client.py", line 1141, in __aenter__
    self._resp = await self._coro
  File "D:\anaconda\envs\PBFT\lib\site-packages\aiohttp\client.py", line 537, in _request
    req, traces=traces, timeout=real_timeout
  File "D:\anaconda\envs\PBFT\lib\site-packages\aiohttp\connector.py", line 540, in connect
    proto = await self._create_connection(req, traces, timeout)
  File "D:\anaconda\envs\PBFT\lib\site-packages\aiohttp\connector.py", line 901, in _create_connection
    _, proto = await self._create_direct_connection(req, traces, timeout)
  File "D:\anaconda\envs\PBFT\lib\site-packages\aiohttp\connector.py", line 1206, in _create_direct_connection
    raise last_exc
  File "D:\anaconda\envs\PBFT\lib\site-packages\aiohttp\connector.py", line 1187, in _create_direct_connection
    client_error=client_error,
  File "D:\anaconda\envs\PBFT\lib\site-packages\aiohttp\connector.py", line 988, in _wrap_create_connection
    raise client_error(req.connection_key, exc) from exc
aiohttp.client_exceptions.ClientConnectorError: Cannot connect to host localhost:30089 ssl:default [Connect call failed ('::1', 30089, 0, 0)]
[2025-03-07 13:51:46,465] [ERROR] [30038] Error sending to http://localhost:30087/commit: Cannot connect to host localhost:30087 ssl:default [Connect call failed ('::1', 30087, 0, 0)]
Traceback (most recent call last):
  File "D:\anaconda\envs\PBFT\lib\site-packages\aiohttp\connector.py", line 980, in _wrap_create_connection
    return await self._loop.create_connection(*args, **kwargs)  # type: ignore[return-value]  # noqa
  File "D:\anaconda\envs\PBFT\lib\asyncio\base_events.py", line 948, in create_connection
    raise exceptions[0]
  File "D:\anaconda\envs\PBFT\lib\asyncio\base_events.py", line 935, in create_connection
    await self.sock_connect(sock, address)
  File "D:\anaconda\envs\PBFT\lib\asyncio\selector_events.py", line 475, in sock_connect
    return await fut
  File "D:\anaconda\envs\PBFT\lib\asyncio\selector_events.py", line 505, in _sock_connect_cb
    raise OSError(err, f'Connect call failed {address}')
ConnectionRefusedError: [Errno 10061] Connect call failed ('::1', 30087, 0, 0)

The above exception was the direct cause of the following exception:

Traceback (most recent call last):
  File "pbft.py", line 236, in send_message
    await send_with_delay(self.session, self.node_info, target, url, data, self.bandwidth_data)
  File "pbft.py", line 63, in send_with_delay
    async with session.post(url, json=data) as resp:
  File "D:\anaconda\envs\PBFT\lib\site-packages\aiohttp\client.py", line 1141, in __aenter__
    self._resp = await self._coro
  File "D:\anaconda\envs\PBFT\lib\site-packages\aiohttp\client.py", line 537, in _request
    req, traces=traces, timeout=real_timeout
  File "D:\anaconda\envs\PBFT\lib\site-packages\aiohttp\connector.py", line 540, in connect
    proto = await self._create_connection(req, traces, timeout)
  File "D:\anaconda\envs\PBFT\lib\site-packages\aiohttp\connector.py", line 901, in _create_connection
    _, proto = await self._create_direct_connection(req, traces, timeout)
  File "D:\anaconda\envs\PBFT\lib\site-packages\aiohttp\connector.py", line 1206, in _create_direct_connection
    raise last_exc
  File "D:\anaconda\envs\PBFT\lib\site-packages\aiohttp\connector.py", line 1187, in _create_direct_connection
    client_error=client_error,
  File "D:\anaconda\envs\PBFT\lib\site-packages\aiohttp\connector.py", line 988, in _wrap_create_connection
    raise client_error(req.connection_key, exc) from exc
aiohttp.client_exceptions.ClientConnectorError: Cannot connect to host localhost:30087 ssl:default [Connect call failed ('::1', 30087, 0, 0)]
[2025-03-07 13:51:46,465] [ERROR] [30038] Error sending to http://localhost:30064/commit: Cannot connect to host localhost:30064 ssl:default [Connect call failed ('::1', 30064, 0, 0)]
Traceback (most recent call last):
  File "D:\anaconda\envs\PBFT\lib\site-packages\aiohttp\connector.py", line 980, in _wrap_create_connection
    return await self._loop.create_connection(*args, **kwargs)  # type: ignore[return-value]  # noqa
  File "D:\anaconda\envs\PBFT\lib\asyncio\base_events.py", line 948, in create_connection
    raise exceptions[0]
  File "D:\anaconda\envs\PBFT\lib\asyncio\base_events.py", line 935, in create_connection
    await self.sock_connect(sock, address)
  File "D:\anaconda\envs\PBFT\lib\asyncio\selector_events.py", line 475, in sock_connect
    return await fut
  File "D:\anaconda\envs\PBFT\lib\asyncio\selector_events.py", line 505, in _sock_connect_cb
    raise OSError(err, f'Connect call failed {address}')
ConnectionRefusedError: [Errno 10061] Connect call failed ('::1', 30064, 0, 0)

The above exception was the direct cause of the following exception:

Traceback (most recent call last):
  File "pbft.py", line 236, in send_message
    await send_with_delay(self.session, self.node_info, target, url, data, self.bandwidth_data)
  File "pbft.py", line 63, in send_with_delay
    async with session.post(url, json=data) as resp:
  File "D:\anaconda\envs\PBFT\lib\site-packages\aiohttp\client.py", line 1141, in __aenter__
    self._resp = await self._coro
  File "D:\anaconda\envs\PBFT\lib\site-packages\aiohttp\client.py", line 537, in _request
    req, traces=traces, timeout=real_timeout
  File "D:\anaconda\envs\PBFT\lib\site-packages\aiohttp\connector.py", line 540, in connect
    proto = await self._create_connection(req, traces, timeout)
  File "D:\anaconda\envs\PBFT\lib\site-packages\aiohttp\connector.py", line 901, in _create_connection
    _, proto = await self._create_direct_connection(req, traces, timeout)
  File "D:\anaconda\envs\PBFT\lib\site-packages\aiohttp\connector.py", line 1206, in _create_direct_connection
    raise last_exc
  File "D:\anaconda\envs\PBFT\lib\site-packages\aiohttp\connector.py", line 1187, in _create_direct_connection
    client_error=client_error,
  File "D:\anaconda\envs\PBFT\lib\site-packages\aiohttp\connector.py", line 988, in _wrap_create_connection
    raise client_error(req.connection_key, exc) from exc
aiohttp.client_exceptions.ClientConnectorError: Cannot connect to host localhost:30064 ssl:default [Connect call failed ('::1', 30064, 0, 0)]
[2025-03-07 13:51:46,465] [ERROR] [30038] Error sending to http://localhost:30105/commit: Cannot connect to host localhost:30105 ssl:default [Connect call failed ('::1', 30105, 0, 0)]
Traceback (most recent call last):
  File "D:\anaconda\envs\PBFT\lib\site-packages\aiohttp\connector.py", line 980, in _wrap_create_connection
    return await self._loop.create_connection(*args, **kwargs)  # type: ignore[return-value]  # noqa
  File "D:\anaconda\envs\PBFT\lib\asyncio\base_events.py", line 948, in create_connection
    raise exceptions[0]
  File "D:\anaconda\envs\PBFT\lib\asyncio\base_events.py", line 935, in create_connection
    await self.sock_connect(sock, address)
  File "D:\anaconda\envs\PBFT\lib\asyncio\selector_events.py", line 475, in sock_connect
    return await fut
  File "D:\anaconda\envs\PBFT\lib\asyncio\selector_events.py", line 505, in _sock_connect_cb
    raise OSError(err, f'Connect call failed {address}')
ConnectionRefusedError: [Errno 10061] Connect call failed ('::1', 30105, 0, 0)

The above exception was the direct cause of the following exception:

Traceback (most recent call last):
  File "pbft.py", line 236, in send_message
    await send_with_delay(self.session, self.node_info, target, url, data, self.bandwidth_data)
  File "pbft.py", line 63, in send_with_delay
    async with session.post(url, json=data) as resp:
  File "D:\anaconda\envs\PBFT\lib\site-packages\aiohttp\client.py", line 1141, in __aenter__
    self._resp = await self._coro
  File "D:\anaconda\envs\PBFT\lib\site-packages\aiohttp\client.py", line 537, in _request
    req, traces=traces, timeout=real_timeout
  File "D:\anaconda\envs\PBFT\lib\site-packages\aiohttp\connector.py", line 540, in connect
    proto = await self._create_connection(req, traces, timeout)
  File "D:\anaconda\envs\PBFT\lib\site-packages\aiohttp\connector.py", line 901, in _create_connection
    _, proto = await self._create_direct_connection(req, traces, timeout)
  File "D:\anaconda\envs\PBFT\lib\site-packages\aiohttp\connector.py", line 1206, in _create_direct_connection
    raise last_exc
  File "D:\anaconda\envs\PBFT\lib\site-packages\aiohttp\connector.py", line 1187, in _create_direct_connection
    client_error=client_error,
  File "D:\anaconda\envs\PBFT\lib\site-packages\aiohttp\connector.py", line 988, in _wrap_create_connection
    raise client_error(req.connection_key, exc) from exc
aiohttp.client_exceptions.ClientConnectorError: Cannot connect to host localhost:30105 ssl:default [Connect call failed ('::1', 30105, 0, 0)]
[2025-03-07 13:51:46,465] [ERROR] [30038] Error sending to http://localhost:30070/commit: Cannot connect to host localhost:30070 ssl:default [Connect call failed ('::1', 30070, 0, 0)]
Traceback (most recent call last):
  File "D:\anaconda\envs\PBFT\lib\site-packages\aiohttp\connector.py", line 980, in _wrap_create_connection
    return await self._loop.create_connection(*args, **kwargs)  # type: ignore[return-value]  # noqa
  File "D:\anaconda\envs\PBFT\lib\asyncio\base_events.py", line 948, in create_connection
    raise exceptions[0]
  File "D:\anaconda\envs\PBFT\lib\asyncio\base_events.py", line 935, in create_connection
    await self.sock_connect(sock, address)
  File "D:\anaconda\envs\PBFT\lib\asyncio\selector_events.py", line 475, in sock_connect
    return await fut
  File "D:\anaconda\envs\PBFT\lib\asyncio\selector_events.py", line 505, in _sock_connect_cb
    raise OSError(err, f'Connect call failed {address}')
ConnectionRefusedError: [Errno 10061] Connect call failed ('::1', 30070, 0, 0)

The above exception was the direct cause of the following exception:

Traceback (most recent call last):
  File "pbft.py", line 236, in send_message
    await send_with_delay(self.session, self.node_info, target, url, data, self.bandwidth_data)
  File "pbft.py", line 63, in send_with_delay
    async with session.post(url, json=data) as resp:
  File "D:\anaconda\envs\PBFT\lib\site-packages\aiohttp\client.py", line 1141, in __aenter__
    self._resp = await self._coro
  File "D:\anaconda\envs\PBFT\lib\site-packages\aiohttp\client.py", line 537, in _request
    req, traces=traces, timeout=real_timeout
  File "D:\anaconda\envs\PBFT\lib\site-packages\aiohttp\connector.py", line 540, in connect
    proto = await self._create_connection(req, traces, timeout)
  File "D:\anaconda\envs\PBFT\lib\site-packages\aiohttp\connector.py", line 901, in _create_connection
    _, proto = await self._create_direct_connection(req, traces, timeout)
  File "D:\anaconda\envs\PBFT\lib\site-packages\aiohttp\connector.py", line 1206, in _create_direct_connection
    raise last_exc
  File "D:\anaconda\envs\PBFT\lib\site-packages\aiohttp\connector.py", line 1187, in _create_direct_connection
    client_error=client_error,
  File "D:\anaconda\envs\PBFT\lib\site-packages\aiohttp\connector.py", line 988, in _wrap_create_connection
    raise client_error(req.connection_key, exc) from exc
aiohttp.client_exceptions.ClientConnectorError: Cannot connect to host localhost:30070 ssl:default [Connect call failed ('::1', 30070, 0, 0)]
[2025-03-07 13:51:46,465] [ERROR] [30038] Error sending to http://localhost:30072/commit: Cannot connect to host localhost:30072 ssl:default [Connect call failed ('::1', 30072, 0, 0)]
Traceback (most recent call last):
  File "D:\anaconda\envs\PBFT\lib\site-packages\aiohttp\connector.py", line 980, in _wrap_create_connection
    return await self._loop.create_connection(*args, **kwargs)  # type: ignore[return-value]  # noqa
  File "D:\anaconda\envs\PBFT\lib\asyncio\base_events.py", line 948, in create_connection
    raise exceptions[0]
  File "D:\anaconda\envs\PBFT\lib\asyncio\base_events.py", line 935, in create_connection
    await self.sock_connect(sock, address)
  File "D:\anaconda\envs\PBFT\lib\asyncio\selector_events.py", line 475, in sock_connect
    return await fut
  File "D:\anaconda\envs\PBFT\lib\asyncio\selector_events.py", line 505, in _sock_connect_cb
    raise OSError(err, f'Connect call failed {address}')
ConnectionRefusedError: [Errno 10061] Connect call failed ('::1', 30072, 0, 0)

The above exception was the direct cause of the following exception:

Traceback (most recent call last):
  File "pbft.py", line 236, in send_message
    await send_with_delay(self.session, self.node_info, target, url, data, self.bandwidth_data)
  File "pbft.py", line 63, in send_with_delay
    async with session.post(url, json=data) as resp:
  File "D:\anaconda\envs\PBFT\lib\site-packages\aiohttp\client.py", line 1141, in __aenter__
    self._resp = await self._coro
  File "D:\anaconda\envs\PBFT\lib\site-packages\aiohttp\client.py", line 537, in _request
    req, traces=traces, timeout=real_timeout
  File "D:\anaconda\envs\PBFT\lib\site-packages\aiohttp\connector.py", line 540, in connect
    proto = await self._create_connection(req, traces, timeout)
  File "D:\anaconda\envs\PBFT\lib\site-packages\aiohttp\connector.py", line 901, in _create_connection
    _, proto = await self._create_direct_connection(req, traces, timeout)
  File "D:\anaconda\envs\PBFT\lib\site-packages\aiohttp\connector.py", line 1206, in _create_direct_connection
    raise last_exc
  File "D:\anaconda\envs\PBFT\lib\site-packages\aiohttp\connector.py", line 1187, in _create_direct_connection
    client_error=client_error,
  File "D:\anaconda\envs\PBFT\lib\site-packages\aiohttp\connector.py", line 988, in _wrap_create_connection
    raise client_error(req.connection_key, exc) from exc
aiohttp.client_exceptions.ClientConnectorError: Cannot connect to host localhost:30072 ssl:default [Connect call failed ('::1', 30072, 0, 0)]
[2025-03-07 13:51:46,465] [ERROR] [30038] Error sending to http://localhost:30073/commit: Cannot connect to host localhost:30073 ssl:default [Connect call failed ('::1', 30073, 0, 0)]
Traceback (most recent call last):
  File "D:\anaconda\envs\PBFT\lib\site-packages\aiohttp\connector.py", line 980, in _wrap_create_connection
    return await self._loop.create_connection(*args, **kwargs)  # type: ignore[return-value]  # noqa
  File "D:\anaconda\envs\PBFT\lib\asyncio\base_events.py", line 948, in create_connection
    raise exceptions[0]
  File "D:\anaconda\envs\PBFT\lib\asyncio\base_events.py", line 935, in create_connection
    await self.sock_connect(sock, address)
  File "D:\anaconda\envs\PBFT\lib\asyncio\selector_events.py", line 475, in sock_connect
    return await fut
  File "D:\anaconda\envs\PBFT\lib\asyncio\selector_events.py", line 505, in _sock_connect_cb
    raise OSError(err, f'Connect call failed {address}')
ConnectionRefusedError: [Errno 10061] Connect call failed ('::1', 30073, 0, 0)

The above exception was the direct cause of the following exception:

Traceback (most recent call last):
  File "pbft.py", line 236, in send_message
    await send_with_delay(self.session, self.node_info, target, url, data, self.bandwidth_data)
  File "pbft.py", line 63, in send_with_delay
    async with session.post(url, json=data) as resp:
  File "D:\anaconda\envs\PBFT\lib\site-packages\aiohttp\client.py", line 1141, in __aenter__
    self._resp = await self._coro
  File "D:\anaconda\envs\PBFT\lib\site-packages\aiohttp\client.py", line 537, in _request
    req, traces=traces, timeout=real_timeout
  File "D:\anaconda\envs\PBFT\lib\site-packages\aiohttp\connector.py", line 540, in connect
    proto = await self._create_connection(req, traces, timeout)
  File "D:\anaconda\envs\PBFT\lib\site-packages\aiohttp\connector.py", line 901, in _create_connection
    _, proto = await self._create_direct_connection(req, traces, timeout)
  File "D:\anaconda\envs\PBFT\lib\site-packages\aiohttp\connector.py", line 1206, in _create_direct_connection
    raise last_exc
  File "D:\anaconda\envs\PBFT\lib\site-packages\aiohttp\connector.py", line 1187, in _create_direct_connection
    client_error=client_error,
  File "D:\anaconda\envs\PBFT\lib\site-packages\aiohttp\connector.py", line 988, in _wrap_create_connection
    raise client_error(req.connection_key, exc) from exc
aiohttp.client_exceptions.ClientConnectorError: Cannot connect to host localhost:30073 ssl:default [Connect call failed ('::1', 30073, 0, 0)]
[2025-03-07 13:51:46,465] [ERROR] [30038] Error sending to http://localhost:30081/commit: Cannot connect to host localhost:30081 ssl:default [Connect call failed ('::1', 30081, 0, 0)]
Traceback (most recent call last):
  File "D:\anaconda\envs\PBFT\lib\site-packages\aiohttp\connector.py", line 980, in _wrap_create_connection
    return await self._loop.create_connection(*args, **kwargs)  # type: ignore[return-value]  # noqa
  File "D:\anaconda\envs\PBFT\lib\asyncio\base_events.py", line 948, in create_connection
    raise exceptions[0]
  File "D:\anaconda\envs\PBFT\lib\asyncio\base_events.py", line 935, in create_connection
    await self.sock_connect(sock, address)
  File "D:\anaconda\envs\PBFT\lib\asyncio\selector_events.py", line 475, in sock_connect
    return await fut
  File "D:\anaconda\envs\PBFT\lib\asyncio\selector_events.py", line 505, in _sock_connect_cb
    raise OSError(err, f'Connect call failed {address}')
ConnectionRefusedError: [Errno 10061] Connect call failed ('::1', 30081, 0, 0)

The above exception was the direct cause of the following exception:

Traceback (most recent call last):
  File "pbft.py", line 236, in send_message
    await send_with_delay(self.session, self.node_info, target, url, data, self.bandwidth_data)
  File "pbft.py", line 63, in send_with_delay
    async with session.post(url, json=data) as resp:
  File "D:\anaconda\envs\PBFT\lib\site-packages\aiohttp\client.py", line 1141, in __aenter__
    self._resp = await self._coro
  File "D:\anaconda\envs\PBFT\lib\site-packages\aiohttp\client.py", line 537, in _request
    req, traces=traces, timeout=real_timeout
  File "D:\anaconda\envs\PBFT\lib\site-packages\aiohttp\connector.py", line 540, in connect
    proto = await self._create_connection(req, traces, timeout)
  File "D:\anaconda\envs\PBFT\lib\site-packages\aiohttp\connector.py", line 901, in _create_connection
    _, proto = await self._create_direct_connection(req, traces, timeout)
  File "D:\anaconda\envs\PBFT\lib\site-packages\aiohttp\connector.py", line 1206, in _create_direct_connection
    raise last_exc
  File "D:\anaconda\envs\PBFT\lib\site-packages\aiohttp\connector.py", line 1187, in _create_direct_connection
    client_error=client_error,
  File "D:\anaconda\envs\PBFT\lib\site-packages\aiohttp\connector.py", line 988, in _wrap_create_connection
    raise client_error(req.connection_key, exc) from exc
aiohttp.client_exceptions.ClientConnectorError: Cannot connect to host localhost:30081 ssl:default [Connect call failed ('::1', 30081, 0, 0)]
[2025-03-07 13:51:46,481] [ERROR] [30038] Error sending to http://localhost:30085/commit: Cannot connect to host localhost:30085 ssl:default [Connect call failed ('::1', 30085, 0, 0)]
Traceback (most recent call last):
  File "D:\anaconda\envs\PBFT\lib\site-packages\aiohttp\connector.py", line 980, in _wrap_create_connection
    return await self._loop.create_connection(*args, **kwargs)  # type: ignore[return-value]  # noqa
  File "D:\anaconda\envs\PBFT\lib\asyncio\base_events.py", line 948, in create_connection
    raise exceptions[0]
  File "D:\anaconda\envs\PBFT\lib\asyncio\base_events.py", line 935, in create_connection
    await self.sock_connect(sock, address)
  File "D:\anaconda\envs\PBFT\lib\asyncio\selector_events.py", line 475, in sock_connect
    return await fut
  File "D:\anaconda\envs\PBFT\lib\asyncio\selector_events.py", line 505, in _sock_connect_cb
    raise OSError(err, f'Connect call failed {address}')
ConnectionRefusedError: [Errno 10061] Connect call failed ('::1', 30085, 0, 0)

The above exception was the direct cause of the following exception:

Traceback (most recent call last):
  File "pbft.py", line 236, in send_message
    await send_with_delay(self.session, self.node_info, target, url, data, self.bandwidth_data)
  File "pbft.py", line 63, in send_with_delay
    async with session.post(url, json=data) as resp:
  File "D:\anaconda\envs\PBFT\lib\site-packages\aiohttp\client.py", line 1141, in __aenter__
    self._resp = await self._coro
  File "D:\anaconda\envs\PBFT\lib\site-packages\aiohttp\client.py", line 537, in _request
    req, traces=traces, timeout=real_timeout
  File "D:\anaconda\envs\PBFT\lib\site-packages\aiohttp\connector.py", line 540, in connect
    proto = await self._create_connection(req, traces, timeout)
  File "D:\anaconda\envs\PBFT\lib\site-packages\aiohttp\connector.py", line 901, in _create_connection
    _, proto = await self._create_direct_connection(req, traces, timeout)
  File "D:\anaconda\envs\PBFT\lib\site-packages\aiohttp\connector.py", line 1206, in _create_direct_connection
    raise last_exc
  File "D:\anaconda\envs\PBFT\lib\site-packages\aiohttp\connector.py", line 1187, in _create_direct_connection
    client_error=client_error,
  File "D:\anaconda\envs\PBFT\lib\site-packages\aiohttp\connector.py", line 988, in _wrap_create_connection
    raise client_error(req.connection_key, exc) from exc
aiohttp.client_exceptions.ClientConnectorError: Cannot connect to host localhost:30085 ssl:default [Connect call failed ('::1', 30085, 0, 0)]
[2025-03-07 13:52:22,328] [INFO] Starting node at localhost:30038 | index= 39 | f=1, k=4 | Role: Replica
[2025-03-07 13:57:21,837] [INFO] Starting node at localhost:30038 | index= 39 | f=1, k=4 | Role: Replica
[2025-03-07 13:58:24,250] [INFO] Starting node at localhost:30038 | index= 39 | f=1, k=4 | Role: Replica
[2025-03-07 13:59:03,106] [INFO] [30038] Received PREPARE: id:1741323542381, from:30119, delay:0.0000s, distance:249.67m (Euclidean)
[2025-03-07 13:59:03,106] [INFO] [30038] Missing PRE-PREPARE for REQUEST 1741323542381; ignoring PREPARE
[2025-03-07 13:59:03,116] [INFO] [30038] Received PREPARE: id:1741323542381, from:30112, delay:0.0000s, distance:64.22m (Euclidean)
[2025-03-07 13:59:03,116] [INFO] [30038] Missing PRE-PREPARE for REQUEST 1741323542381; ignoring PREPARE
[2025-03-07 13:59:03,122] [INFO] [30038] Received PREPARE: id:1741323542381, from:30060, delay:0.0000s, distance:115.50m (Euclidean)
[2025-03-07 13:59:03,122] [INFO] [30038] Missing PRE-PREPARE for REQUEST 1741323542381; ignoring PREPARE
[2025-03-07 13:59:03,132] [INFO] [30038] Received PREPARE: id:1741323542381, from:30123, delay:0.0000s, distance:95.32m (Euclidean)
[2025-03-07 13:59:03,132] [INFO] [30038] Missing PRE-PREPARE for REQUEST 1741323542381; ignoring PREPARE
[2025-03-07 13:59:03,134] [INFO] [30038] Received PREPARE: id:1741323542381, from:30169, delay:0.0000s, distance:149.73m (Euclidean)
[2025-03-07 13:59:03,134] [INFO] [30038] Missing PRE-PREPARE for REQUEST 1741323542381; ignoring PREPARE
[2025-03-07 13:59:03,140] [INFO] [30038] Received PREPARE: id:1741323542381, from:30181, delay:0.0000s, distance:79.18m (Euclidean)
[2025-03-07 13:59:03,140] [INFO] [30038] Missing PRE-PREPARE for REQUEST 1741323542381; ignoring PREPARE
[2025-03-07 13:59:03,146] [INFO] [30038] Received PREPARE: id:1741323542381, from:30127, delay:0.0000s, distance:58.72m (Euclidean)
[2025-03-07 13:59:03,148] [INFO] [30038] Missing PRE-PREPARE for REQUEST 1741323542381; ignoring PREPARE
[2025-03-07 13:59:03,171] [INFO] [30038] Received PREPARE: id:1741323542381, from:30161, delay:0.0000s, distance:157.02m (Euclidean)
[2025-03-07 13:59:03,171] [INFO] [30038] Missing PRE-PREPARE for REQUEST 1741323542381; ignoring PREPARE
[2025-03-07 13:59:03,220] [INFO] [30038] Received PREPARE: id:1741323542381, from:30023, delay:0.0000s, distance:83.43m (Euclidean)
[2025-03-07 13:59:03,220] [INFO] [30038] Missing PRE-PREPARE for REQUEST 1741323542381; ignoring PREPARE
[2025-03-07 13:59:03,240] [INFO] [30038] Received PREPARE: id:1741323542381, from:30171, delay:0.0000s, distance:138.49m (Euclidean)
[2025-03-07 13:59:03,240] [INFO] [30038] Missing PRE-PREPARE for REQUEST 1741323542381; ignoring PREPARE
[2025-03-07 13:59:03,280] [INFO] [30038] Received PREPARE: id:1741323542381, from:30149, delay:0.0000s, distance:127.23m (Euclidean)
[2025-03-07 13:59:03,280] [INFO] [30038] Missing PRE-PREPARE for REQUEST 1741323542381; ignoring PREPARE
[2025-03-07 13:59:03,343] [INFO] [30038] Received PREPARE: id:1741323542381, from:30178, delay:0.0000s, distance:191.80m (Euclidean)
[2025-03-07 13:59:03,343] [INFO] [30038] Missing PRE-PREPARE for REQUEST 1741323542381; ignoring PREPARE
[2025-03-07 13:59:03,361] [INFO] [30038] Received PREPARE: id:1741323542381, from:30195, delay:0.0000s, distance:150.86m (Euclidean)
[2025-03-07 13:59:03,361] [INFO] [30038] Missing PRE-PREPARE for REQUEST 1741323542381; ignoring PREPARE
[2025-03-07 13:59:03,511] [INFO] [30038] Received PREPARE: id:1741323542381, from:30176, delay:0.0000s, distance:119.71m (Euclidean)
[2025-03-07 13:59:03,511] [INFO] [30038] Missing PRE-PREPARE for REQUEST 1741323542381; ignoring PREPARE
[2025-03-07 13:59:03,513] [INFO] [30038] Received PREPARE: id:1741323542381, from:30098, delay:0.0000s, distance:200.37m (Euclidean)
[2025-03-07 13:59:03,513] [INFO] [30038] Missing PRE-PREPARE for REQUEST 1741323542381; ignoring PREPARE
[2025-03-07 13:59:03,536] [INFO] [30038] Received COMMIT: id:1741323542381, from:30171, delay:0.0000s, distance:138.49m (Euclidean)
[2025-03-07 13:59:03,540] [INFO] [30038] Received PREPARE: id:1741323542381, from:30106, delay:0.0000s, distance:75.64m (Euclidean)
[2025-03-07 13:59:03,540] [INFO] [30038] Missing PRE-PREPARE for REQUEST 1741323542381; ignoring PREPARE
[2025-03-07 13:59:03,576] [INFO] [30038] Received COMMIT: id:1741323542381, from:30195, delay:0.0000s, distance:150.86m (Euclidean)
[2025-03-07 13:59:03,590] [INFO] [30038] Received PREPARE: id:1741323542381, from:30157, delay:0.0001s, distance:170.05m (Euclidean)
[2025-03-07 13:59:03,590] [INFO] [30038] Missing PRE-PREPARE for REQUEST 1741323542381; ignoring PREPARE
[2025-03-07 13:59:03,617] [INFO] [30038] Received PREPARE: id:1741323542381, from:30053, delay:0.0000s, distance:99.07m (Euclidean)
[2025-03-07 13:59:03,617] [INFO] [30038] Missing PRE-PREPARE for REQUEST 1741323542381; ignoring PREPARE
[2025-03-07 13:59:03,621] [INFO] [30038] Received PREPARE: id:1741323542381, from:30126, delay:0.0001s, distance:231.16m (Euclidean)
[2025-03-07 13:59:03,621] [INFO] [30038] Missing PRE-PREPARE for REQUEST 1741323542381; ignoring PREPARE
[2025-03-07 13:59:03,623] [INFO] [30038] Received PREPARE: id:1741323542381, from:30089, delay:0.0000s, distance:41.38m (Euclidean)
[2025-03-07 13:59:03,623] [INFO] [30038] Missing PRE-PREPARE for REQUEST 1741323542381; ignoring PREPARE
[2025-03-07 13:59:03,625] [INFO] [30038] Received PREPARE: id:1741323542381, from:30116, delay:0.0000s, distance:166.04m (Euclidean)
[2025-03-07 13:59:03,625] [INFO] [30038] Missing PRE-PREPARE for REQUEST 1741323542381; ignoring PREPARE
[2025-03-07 13:59:03,627] [INFO] [30038] Received PREPARE: id:1741323542381, from:30158, delay:0.0002s, distance:269.75m (Euclidean)
[2025-03-07 13:59:03,627] [INFO] [30038] Missing PRE-PREPARE for REQUEST 1741323542381; ignoring PREPARE
[2025-03-07 13:59:03,629] [INFO] [30038] Received PREPARE: id:1741323542381, from:30057, delay:0.0000s, distance:57.27m (Euclidean)
[2025-03-07 13:59:03,629] [INFO] [30038] Missing PRE-PREPARE for REQUEST 1741323542381; ignoring PREPARE
[2025-03-07 13:59:03,652] [INFO] [30038] Received PREPARE: id:1741323542381, from:30189, delay:0.0001s, distance:163.02m (Euclidean)
[2025-03-07 13:59:03,652] [INFO] [30038] Missing PRE-PREPARE for REQUEST 1741323542381; ignoring PREPARE
[2025-03-07 13:59:03,656] [INFO] [30038] Received PREPARE: id:1741323542381, from:30175, delay:0.0000s, distance:169.00m (Euclidean)
[2025-03-07 13:59:03,656] [INFO] [30038] Missing PRE-PREPARE for REQUEST 1741323542381; ignoring PREPARE
[2025-03-07 13:59:03,661] [INFO] [30038] Received PREPARE: id:1741323542381, from:30100, delay:0.0002s, distance:275.14m (Euclidean)
[2025-03-07 13:59:03,661] [INFO] [30038] Missing PRE-PREPARE for REQUEST 1741323542381; ignoring PREPARE
[2025-03-07 13:59:03,685] [INFO] [30038] Received PREPARE: id:1741323542381, from:30093, delay:0.0001s, distance:163.60m (Euclidean)
[2025-03-07 13:59:03,685] [INFO] [30038] Missing PRE-PREPARE for REQUEST 1741323542381; ignoring PREPARE
[2025-03-07 13:59:03,692] [INFO] [30038] Received PREPARE: id:1741323542381, from:30182, delay:0.0001s, distance:215.28m (Euclidean)
[2025-03-07 13:59:03,694] [INFO] [30038] Missing PRE-PREPARE for REQUEST 1741323542381; ignoring PREPARE
[2025-03-07 13:59:03,698] [INFO] [30038] Received PREPARE: id:1741323542381, from:30111, delay:0.0000s, distance:177.15m (Euclidean)
[2025-03-07 13:59:03,698] [INFO] [30038] Missing PRE-PREPARE for REQUEST 1741323542381; ignoring PREPARE
[2025-03-07 13:59:03,702] [INFO] [30038] Received PREPARE: id:1741323542381, from:30133, delay:0.0001s, distance:232.31m (Euclidean)
[2025-03-07 13:59:03,702] [INFO] [30038] Missing PRE-PREPARE for REQUEST 1741323542381; ignoring PREPARE
[2025-03-07 13:59:03,708] [INFO] [30038] Received COMMIT: id:1741323542381, from:30119, delay:0.0000s, distance:249.67m (Euclidean)
[2025-03-07 13:59:04,840] [INFO] [30038] Received PREPARE: id:1741323542381, from:30108, delay:0.0000s, distance:105.90m (Euclidean)
[2025-03-07 13:59:04,840] [INFO] [30038] Missing PRE-PREPARE for REQUEST 1741323542381; ignoring PREPARE
[2025-03-07 13:59:04,882] [INFO] [30038] Received PREPARE: id:1741323542381, from:30118, delay:0.0000s, distance:140.77m (Euclidean)
[2025-03-07 13:59:04,884] [INFO] [30038] Missing PRE-PREPARE for REQUEST 1741323542381; ignoring PREPARE
[2025-03-07 13:59:04,884] [INFO] [30038] Received PREPARE: id:1741323542381, from:30124, delay:0.0001s, distance:240.68m (Euclidean)
[2025-03-07 13:59:04,884] [INFO] [30038] Missing PRE-PREPARE for REQUEST 1741323542381; ignoring PREPARE
[2025-03-07 13:59:04,884] [INFO] [30038] Received PREPARE: id:1741323542381, from:30120, delay:0.0000s, distance:146.46m (Euclidean)
[2025-03-07 13:59:04,884] [INFO] [30038] Missing PRE-PREPARE for REQUEST 1741323542381; ignoring PREPARE
[2025-03-07 13:59:04,884] [INFO] [30038] Received COMMIT: id:1741323542381, from:30182, delay:0.0001s, distance:215.28m (Euclidean)
[2025-03-07 13:59:04,884] [INFO] [30038] Received PREPARE: id:1741323542381, from:30168, delay:0.0000s, distance:146.23m (Euclidean)
[2025-03-07 13:59:04,884] [INFO] [30038] Missing PRE-PREPARE for REQUEST 1741323542381; ignoring PREPARE
[2025-03-07 13:59:04,884] [INFO] [30038] Received PREPARE: id:1741323542381, from:30136, delay:0.0002s, distance:254.40m (Euclidean)
[2025-03-07 13:59:04,886] [INFO] [30038] Missing PRE-PREPARE for REQUEST 1741323542381; ignoring PREPARE
[2025-03-07 13:59:04,886] [INFO] [30038] Received COMMIT: id:1741323542381, from:30057, delay:0.0000s, distance:57.27m (Euclidean)
[2025-03-07 13:59:04,886] [INFO] [30038] Received COMMIT: id:1741323542381, from:30112, delay:0.0000s, distance:64.22m (Euclidean)
[2025-03-07 13:59:04,886] [INFO] [30038] Received COMMIT: id:1741323542381, from:30098, delay:0.0000s, distance:200.37m (Euclidean)
[2025-03-07 13:59:04,886] [INFO] [30038] Received PREPARE: id:1741323542381, from:30154, delay:0.0001s, distance:203.97m (Euclidean)
[2025-03-07 13:59:04,886] [INFO] [30038] Missing PRE-PREPARE for REQUEST 1741323542381; ignoring PREPARE
[2025-03-07 13:59:04,886] [INFO] [30038] Received PREPARE: id:1741323542381, from:30046, delay:0.0000s, distance:117.50m (Euclidean)
[2025-03-07 13:59:04,886] [INFO] [30038] Missing PRE-PREPARE for REQUEST 1741323542381; ignoring PREPARE
[2025-03-07 13:59:04,886] [INFO] [30038] Received PREPARE: id:1741323542381, from:30054, delay:0.0000s, distance:114.06m (Euclidean)
[2025-03-07 13:59:04,886] [INFO] [30038] Missing PRE-PREPARE for REQUEST 1741323542381; ignoring PREPARE
[2025-03-07 13:59:04,886] [INFO] [30038] Received COMMIT: id:1741323542381, from:30116, delay:0.0000s, distance:166.04m (Euclidean)
[2025-03-07 13:59:04,888] [INFO] [30038] Received PREPARE: id:1741323542381, from:30037, delay:0.0002s, distance:280.97m (Euclidean)
[2025-03-07 13:59:04,888] [INFO] [30038] Missing PRE-PREPARE for REQUEST 1741323542381; ignoring PREPARE
[2025-03-07 13:59:04,891] [INFO] [30038] Received COMMIT: id:1741323542381, from:30157, delay:0.0001s, distance:170.05m (Euclidean)
[2025-03-07 13:59:04,891] [INFO] [30038] Received COMMIT: id:1741323542381, from:30189, delay:0.0001s, distance:163.02m (Euclidean)
[2025-03-07 13:59:04,893] [INFO] [30038] Received PREPARE: id:1741323542381, from:30041, delay:0.0000s, distance:136.87m (Euclidean)
[2025-03-07 13:59:04,893] [INFO] [30038] Missing PRE-PREPARE for REQUEST 1741323542381; ignoring PREPARE
[2025-03-07 13:59:04,893] [INFO] [30038] Received PREPARE: id:1741323542381, from:30028, delay:0.0001s, distance:217.21m (Euclidean)
[2025-03-07 13:59:04,894] [INFO] [30038] Missing PRE-PREPARE for REQUEST 1741323542381; ignoring PREPARE
[2025-03-07 13:59:04,894] [INFO] [30038] Received PREPARE: id:1741323542381, from:30007, delay:0.0000s, distance:141.29m (Euclidean)
[2025-03-07 13:59:04,894] [INFO] [30038] Missing PRE-PREPARE for REQUEST 1741323542381; ignoring PREPARE
[2025-03-07 13:59:04,894] [INFO] [30038] Received PREPARE: id:1741323542381, from:30015, delay:0.0000s, distance:177.52m (Euclidean)
[2025-03-07 13:59:04,894] [INFO] [30038] Missing PRE-PREPARE for REQUEST 1741323542381; ignoring PREPARE
[2025-03-07 13:59:04,894] [INFO] [30038] Received COMMIT: id:1741323542381, from:30118, delay:0.0000s, distance:140.77m (Euclidean)
[2025-03-07 13:59:04,895] [INFO] [30038] Received PREPARE: id:1741323542381, from:30076, delay:0.0001s, distance:173.02m (Euclidean)
[2025-03-07 13:59:04,895] [INFO] [30038] Missing PRE-PREPARE for REQUEST 1741323542381; ignoring PREPARE
[2025-03-07 13:59:04,895] [INFO] [30038] Received PREPARE: id:1741323542381, from:30121, delay:0.0001s, distance:186.16m (Euclidean)
[2025-03-07 13:59:04,896] [INFO] [30038] Missing PRE-PREPARE for REQUEST 1741323542381; ignoring PREPARE
[2025-03-07 13:59:04,896] [INFO] [30038] Received PREPARE: id:1741323542381, from:30025, delay:0.0001s, distance:188.95m (Euclidean)
[2025-03-07 13:59:04,896] [INFO] [30038] Missing PRE-PREPARE for REQUEST 1741323542381; ignoring PREPARE
[2025-03-07 13:59:04,896] [INFO] [30038] Received COMMIT: id:1741323542381, from:30168, delay:0.0000s, distance:146.23m (Euclidean)
[2025-03-07 13:59:04,896] [INFO] [30038] Received PREPARE: id:1741323542381, from:30096, delay:0.0001s, distance:222.25m (Euclidean)
[2025-03-07 13:59:04,896] [INFO] [30038] Missing PRE-PREPARE for REQUEST 1741323542381; ignoring PREPARE
[2025-03-07 13:59:04,896] [INFO] [30038] Received PREPARE: id:1741323542381, from:30103, delay:0.0001s, distance:206.13m (Euclidean)
[2025-03-07 13:59:04,896] [INFO] [30038] Missing PRE-PREPARE for REQUEST 1741323542381; ignoring PREPARE
[2025-03-07 13:59:04,897] [INFO] [30038] Received PREPARE: id:1741323542381, from:30013, delay:0.0001s, distance:195.36m (Euclidean)
[2025-03-07 13:59:04,897] [INFO] [30038] Missing PRE-PREPARE for REQUEST 1741323542381; ignoring PREPARE
[2025-03-07 13:59:04,897] [INFO] [30038] Received PREPARE: id:1741323542381, from:30129, delay:0.0000s, distance:116.73m (Euclidean)
[2025-03-07 13:59:04,897] [INFO] [30038] Missing PRE-PREPARE for REQUEST 1741323542381; ignoring PREPARE
[2025-03-07 13:59:04,897] [INFO] [30038] Received PREPARE: id:1741323542381, from:30130, delay:0.0000s, distance:141.08m (Euclidean)
[2025-03-07 13:59:04,897] [INFO] [30038] Missing PRE-PREPARE for REQUEST 1741323542381; ignoring PREPARE
[2025-03-07 13:59:04,898] [INFO] [30038] Received PREPARE: id:1741323542381, from:30170, delay:0.0001s, distance:211.83m (Euclidean)
[2025-03-07 13:59:04,898] [INFO] [30038] Missing PRE-PREPARE for REQUEST 1741323542381; ignoring PREPARE
[2025-03-07 13:59:04,898] [INFO] [30038] Received PREPARE: id:1741323542381, from:30115, delay:0.0000s, distance:143.43m (Euclidean)
[2025-03-07 13:59:04,898] [INFO] [30038] Missing PRE-PREPARE for REQUEST 1741323542381; ignoring PREPARE
[2025-03-07 13:59:04,898] [INFO] [30038] Received PREPARE: id:1741323542381, from:30005, delay:0.0001s, distance:229.65m (Euclidean)
[2025-03-07 13:59:04,898] [INFO] [30038] Missing PRE-PREPARE for REQUEST 1741323542381; ignoring PREPARE
[2025-03-07 13:59:04,898] [INFO] [30038] Received PREPARE: id:1741323542381, from:30147, delay:0.0002s, distance:282.13m (Euclidean)
[2025-03-07 13:59:04,898] [INFO] [30038] Missing PRE-PREPARE for REQUEST 1741323542381; ignoring PREPARE
[2025-03-07 13:59:04,898] [INFO] [30038] Received PREPARE: id:1741323542381, from:30027, delay:0.0000s, distance:114.16m (Euclidean)
[2025-03-07 13:59:04,898] [INFO] [30038] Missing PRE-PREPARE for REQUEST 1741323542381; ignoring PREPARE
[2025-03-07 13:59:04,898] [INFO] [30038] Received PREPARE: id:1741323542381, from:30144, delay:0.0002s, distance:250.72m (Euclidean)
[2025-03-07 13:59:04,898] [INFO] [30038] Missing PRE-PREPARE for REQUEST 1741323542381; ignoring PREPARE
[2025-03-07 13:59:04,898] [INFO] [30038] Received PREPARE: id:1741323542381, from:30070, delay:0.0000s, distance:143.77m (Euclidean)
[2025-03-07 13:59:04,898] [INFO] [30038] Missing PRE-PREPARE for REQUEST 1741323542381; ignoring PREPARE
[2025-03-07 13:59:04,898] [INFO] [30038] Received PREPARE: id:1741323542381, from:30004, delay:0.0000s, distance:130.94m (Euclidean)
[2025-03-07 13:59:04,898] [INFO] [30038] Missing PRE-PREPARE for REQUEST 1741323542381; ignoring PREPARE
[2025-03-07 13:59:04,901] [INFO] [30038] Received PREPARE: id:1741323542381, from:30107, delay:0.0002s, distance:298.77m (Euclidean)
[2025-03-07 13:59:04,901] [INFO] [30038] Missing PRE-PREPARE for REQUEST 1741323542381; ignoring PREPARE
[2025-03-07 13:59:04,901] [INFO] [30038] Received PREPARE: id:1741323542381, from:30180, delay:0.0002s, distance:275.18m (Euclidean)
[2025-03-07 13:59:04,901] [INFO] [30038] Missing PRE-PREPARE for REQUEST 1741323542381; ignoring PREPARE
[2025-03-07 13:59:04,901] [INFO] [30038] Received COMMIT: id:1741323542381, from:30108, delay:0.0000s, distance:105.90m (Euclidean)
[2025-03-07 13:59:04,901] [INFO] [30038] Received PREPARE: id:1741323542381, from:30043, delay:0.0000s, distance:156.69m (Euclidean)
[2025-03-07 13:59:04,901] [INFO] [30038] Missing PRE-PREPARE for REQUEST 1741323542381; ignoring PREPARE
[2025-03-07 13:59:04,901] [INFO] [30038] Received PREPARE: id:1741323542381, from:30065, delay:0.0001s, distance:176.08m (Euclidean)
[2025-03-07 13:59:04,901] [INFO] [30038] Missing PRE-PREPARE for REQUEST 1741323542381; ignoring PREPARE
[2025-03-07 13:59:04,901] [INFO] [30038] Received PREPARE: id:1741323542381, from:30113, delay:0.0000s, distance:188.18m (Euclidean)
[2025-03-07 13:59:04,901] [INFO] [30038] Missing PRE-PREPARE for REQUEST 1741323542381; ignoring PREPARE
[2025-03-07 13:59:04,901] [INFO] [30038] Received PREPARE: id:1741323542381, from:30095, delay:0.0001s, distance:183.42m (Euclidean)
[2025-03-07 13:59:04,901] [INFO] [30038] Missing PRE-PREPARE for REQUEST 1741323542381; ignoring PREPARE
[2025-03-07 13:59:04,903] [INFO] [30038] Received COMMIT: id:1741323542381, from:30130, delay:0.0000s, distance:141.08m (Euclidean)
[2025-03-07 13:59:04,903] [INFO] [30038] Received PREPARE: id:1741323542381, from:30035, delay:0.0001s, distance:184.90m (Euclidean)
[2025-03-07 13:59:04,903] [INFO] [30038] Missing PRE-PREPARE for REQUEST 1741323542381; ignoring PREPARE
[2025-03-07 13:59:04,903] [INFO] [30038] Received COMMIT: id:1741323542381, from:30035, delay:0.0001s, distance:184.90m (Euclidean)
[2025-03-07 13:59:04,903] [INFO] [30038] Received COMMIT: id:1741323542381, from:30154, delay:0.0001s, distance:203.97m (Euclidean)
[2025-03-07 13:59:04,903] [INFO] [30038] Received COMMIT: id:1741323542381, from:30095, delay:0.0001s, distance:183.42m (Euclidean)
[2025-03-07 13:59:04,905] [INFO] [30038] Received COMMIT: id:1741323542381, from:30147, delay:0.0002s, distance:282.13m (Euclidean)
[2025-03-07 13:59:04,905] [INFO] [30038] Received COMMIT: id:1741323542381, from:30013, delay:0.0001s, distance:195.36m (Euclidean)
[2025-03-07 13:59:04,905] [INFO] [30038] Received COMMIT: id:1741323542381, from:30025, delay:0.0001s, distance:188.95m (Euclidean)
[2025-03-07 13:59:04,905] [INFO] [30038] Received COMMIT: id:1741323542381, from:30028, delay:0.0001s, distance:217.21m (Euclidean)
[2025-03-07 13:59:04,923] [INFO] [30038] Received PREPARE: id:1741323542381, from:30062, delay:0.0002s, distance:268.43m (Euclidean)
[2025-03-07 13:59:04,923] [INFO] [30038] Missing PRE-PREPARE for REQUEST 1741323542381; ignoring PREPARE
[2025-03-07 13:59:04,931] [INFO] [30038] Received PREPARE: id:1741323542381, from:30021, delay:0.0000s, distance:193.50m (Euclidean)
[2025-03-07 13:59:04,931] [INFO] [30038] Missing PRE-PREPARE for REQUEST 1741323542381; ignoring PREPARE
[2025-03-07 13:59:04,941] [INFO] [30038] Received COMMIT: id:1741323542381, from:30149, delay:0.0000s, distance:127.23m (Euclidean)
[2025-03-07 13:59:05,002] [INFO] [30038] Received PREPARE: id:1741323542381, from:30048, delay:0.0001s, distance:220.41m (Euclidean)
[2025-03-07 13:59:05,002] [INFO] [30038] Missing PRE-PREPARE for REQUEST 1741323542381; ignoring PREPARE
[2025-03-07 13:59:05,021] [INFO] [30038] Received PREPARE: id:1741323542381, from:30049, delay:0.0000s, distance:113.45m (Euclidean)
[2025-03-07 13:59:05,021] [INFO] [30038] Missing PRE-PREPARE for REQUEST 1741323542381; ignoring PREPARE
[2025-03-07 13:59:05,030] [INFO] [30038] Received COMMIT: id:1741323542381, from:30126, delay:0.0001s, distance:231.16m (Euclidean)
[2025-03-07 13:59:05,048] [INFO] [30038] Received COMMIT: id:1741323542381, from:30060, delay:0.0000s, distance:115.50m (Euclidean)
[2025-03-07 13:59:05,138] [INFO] [30038] Received COMMIT: id:1741323542381, from:30004, delay:0.0000s, distance:130.94m (Euclidean)
[2025-03-07 13:59:05,165] [INFO] [30038] Received PREPARE: id:1741323542381, from:30020, delay:0.0001s, distance:224.30m (Euclidean)
[2025-03-07 13:59:05,165] [INFO] [30038] Missing PRE-PREPARE for REQUEST 1741323542381; ignoring PREPARE
[2025-03-07 13:59:05,183] [INFO] [30038] Received COMMIT: id:1741323542381, from:30180, delay:0.0002s, distance:275.18m (Euclidean)
[2025-03-07 13:59:05,232] [INFO] [30038] Received COMMIT: id:1741323542381, from:30124, delay:0.0001s, distance:240.68m (Euclidean)
[2025-03-07 13:59:05,270] [INFO] [30038] Received PREPARE: id:1741323542381, from:30092, delay:0.0001s, distance:221.28m (Euclidean)
[2025-03-07 13:59:05,270] [INFO] [30038] Missing PRE-PREPARE for REQUEST 1741323542381; ignoring PREPARE
[2025-03-07 13:59:05,306] [INFO] [30038] Received PREPARE: id:1741323542381, from:30056, delay:0.0001s, distance:218.48m (Euclidean)
[2025-03-07 13:59:05,306] [INFO] [30038] Missing PRE-PREPARE for REQUEST 1741323542381; ignoring PREPARE
[2025-03-07 13:59:05,312] [INFO] [30038] Received COMMIT: id:1741323542381, from:30065, delay:0.0001s, distance:176.08m (Euclidean)
[2025-03-07 13:59:05,334] [INFO] [30038] Received PREPARE: id:1741323542381, from:30174, delay:0.0001s, distance:170.58m (Euclidean)
[2025-03-07 13:59:05,334] [INFO] [30038] Missing PRE-PREPARE for REQUEST 1741323542381; ignoring PREPARE
[2025-03-07 13:59:05,360] [INFO] [30038] Received COMMIT: id:1741323542381, from:30100, delay:0.0002s, distance:275.14m (Euclidean)
[2025-03-07 13:59:05,362] [INFO] [30038] Received PREPARE: id:1741323542381, from:30090, delay:0.0001s, distance:232.74m (Euclidean)
[2025-03-07 13:59:05,362] [INFO] [30038] Missing PRE-PREPARE for REQUEST 1741323542381; ignoring PREPARE
[2025-03-07 13:59:05,456] [INFO] [30038] Received PREPARE: id:1741323542381, from:30199, delay:0.0002s, distance:279.20m (Euclidean)
[2025-03-07 13:59:05,456] [INFO] [30038] Missing PRE-PREPARE for REQUEST 1741323542381; ignoring PREPARE
[2025-03-07 13:59:05,460] [INFO] [30038] Received COMMIT: id:1741323542381, from:30176, delay:0.0000s, distance:119.71m (Euclidean)
[2025-03-07 13:59:05,466] [INFO] [30038] Received COMMIT: id:1741323542381, from:30090, delay:0.0001s, distance:232.74m (Euclidean)
[2025-03-07 13:59:05,521] [INFO] [30038] Received COMMIT: id:1741323542381, from:30041, delay:0.0000s, distance:136.87m (Euclidean)
[2025-03-07 13:59:05,533] [INFO] [30038] Received PREPARE: id:1741323542381, from:30024, delay:0.0001s, distance:184.86m (Euclidean)
[2025-03-07 13:59:05,533] [INFO] [30038] Missing PRE-PREPARE for REQUEST 1741323542381; ignoring PREPARE
[2025-03-07 13:59:05,543] [INFO] [30038] Received COMMIT: id:1741323542381, from:30144, delay:0.0002s, distance:250.72m (Euclidean)
[2025-03-07 13:59:05,576] [INFO] [30038] Received COMMIT: id:1741323542381, from:30093, delay:0.0001s, distance:163.60m (Euclidean)
[2025-03-07 13:59:05,583] [INFO] [30038] Received PREPARE: id:1741323542381, from:30066, delay:0.0000s, distance:177.19m (Euclidean)
[2025-03-07 13:59:05,583] [INFO] [30038] Missing PRE-PREPARE for REQUEST 1741323542381; ignoring PREPARE
[2025-03-07 13:59:05,619] [INFO] [30038] Received PREPARE: id:1741323542381, from:30059, delay:0.0001s, distance:167.33m (Euclidean)
[2025-03-07 13:59:05,619] [INFO] [30038] Missing PRE-PREPARE for REQUEST 1741323542381; ignoring PREPARE
[2025-03-07 13:59:05,703] [INFO] [30038] Received COMMIT: id:1741323542381, from:30020, delay:0.0001s, distance:224.30m (Euclidean)
[2025-03-07 13:59:05,784] [INFO] [30038] Received COMMIT: id:1741323542381, from:30107, delay:0.0002s, distance:298.77m (Euclidean)
[2025-03-07 13:59:05,896] [INFO] [30038] Received PREPARE: id:1741323542381, from:30011, delay:0.0001s, distance:211.42m (Euclidean)
[2025-03-07 13:59:05,896] [INFO] [30038] Missing PRE-PREPARE for REQUEST 1741323542381; ignoring PREPARE
[2025-03-07 13:59:05,914] [INFO] [30038] Received COMMIT: id:1741323542381, from:30181, delay:0.0000s, distance:79.18m (Euclidean)
[2025-03-07 13:59:05,918] [INFO] [30038] Received COMMIT: id:1741323542381, from:30048, delay:0.0001s, distance:220.41m (Euclidean)
[2025-03-07 13:59:05,938] [INFO] [30038] Received PREPARE: id:1741323542381, from:30051, delay:0.0000s, distance:132.83m (Euclidean)
[2025-03-07 13:59:05,940] [INFO] [30038] Missing PRE-PREPARE for REQUEST 1741323542381; ignoring PREPARE
[2025-03-07 13:59:06,036] [INFO] [30038] Received COMMIT: id:1741323542381, from:30120, delay:0.0000s, distance:146.46m (Euclidean)
[2025-03-07 13:59:06,056] [INFO] [30038] Received PREPARE: id:1741323542381, from:30063, delay:0.0001s, distance:205.28m (Euclidean)
[2025-03-07 13:59:06,056] [INFO] [30038] Missing PRE-PREPARE for REQUEST 1741323542381; ignoring PREPARE
[2025-03-07 13:59:06,098] [INFO] [30038] Received COMMIT: id:1741323542381, from:30066, delay:0.0000s, distance:177.19m (Euclidean)
[2025-03-07 13:59:06,136] [INFO] [30038] Received COMMIT: id:1741323542381, from:30015, delay:0.0000s, distance:177.52m (Euclidean)
[2025-03-07 13:59:06,151] [INFO] [30038] Received COMMIT: id:1741323542381, from:30043, delay:0.0000s, distance:156.69m (Euclidean)
[2025-03-07 13:59:06,187] [INFO] [30038] Received PREPARE: id:1741323542381, from:30191, delay:0.0001s, distance:230.09m (Euclidean)
[2025-03-07 13:59:06,187] [INFO] [30038] Missing PRE-PREPARE for REQUEST 1741323542381; ignoring PREPARE
[2025-03-07 13:59:06,246] [INFO] [30038] Received COMMIT: id:1741323542381, from:30027, delay:0.0000s, distance:114.16m (Euclidean)
[2025-03-07 13:59:06,288] [INFO] [30038] Received COMMIT: id:1741323542381, from:30136, delay:0.0002s, distance:254.40m (Euclidean)
[2025-03-07 13:59:06,290] [INFO] [30038] Received COMMIT: id:1741323542381, from:30115, delay:0.0000s, distance:143.43m (Euclidean)
[2025-03-07 13:59:06,308] [INFO] [30038] Received COMMIT: id:1741323542381, from:30161, delay:0.0000s, distance:157.02m (Euclidean)
[2025-03-07 13:59:06,329] [INFO] [30038] Received COMMIT: id:1741323542381, from:30106, delay:0.0000s, distance:75.64m (Euclidean)
[2025-03-07 13:59:06,329] [INFO] [30038] Received COMMIT: id:1741323542381, from:30007, delay:0.0000s, distance:141.29m (Euclidean)
[2025-03-07 13:59:06,345] [INFO] [30038] Received COMMIT: id:1741323542381, from:30023, delay:0.0000s, distance:83.43m (Euclidean)
[2025-03-07 13:59:06,379] [INFO] [30038] Received COMMIT: id:1741323542381, from:30005, delay:0.0001s, distance:229.65m (Euclidean)
[2025-03-07 13:59:06,490] [INFO] [30038] Received COMMIT: id:1741323542381, from:30169, delay:0.0000s, distance:149.73m (Euclidean)
[2025-03-07 13:59:06,494] [INFO] [30038] Received COMMIT: id:1741323542381, from:30046, delay:0.0000s, distance:117.50m (Euclidean)
[2025-03-07 13:59:06,558] [INFO] [30038] Received PREPARE: id:1741323542381, from:30040, delay:0.0001s, distance:154.99m (Euclidean)
[2025-03-07 13:59:06,558] [INFO] [30038] Missing PRE-PREPARE for REQUEST 1741323542381; ignoring PREPARE
[2025-03-07 13:59:06,560] [INFO] [30038] Received COMMIT: id:1741323542381, from:30049, delay:0.0000s, distance:113.45m (Euclidean)
[2025-03-07 13:59:06,586] [INFO] [30038] Received COMMIT: id:1741323542381, from:30037, delay:0.0002s, distance:280.97m (Euclidean)
[2025-03-07 13:59:06,633] [INFO] [30038] Received COMMIT: id:1741323542381, from:30024, delay:0.0001s, distance:184.86m (Euclidean)
[2025-03-07 13:59:06,656] [INFO] [30038] Received PREPARE: id:1741323542381, from:30177, delay:0.0001s, distance:214.08m (Euclidean)
[2025-03-07 13:59:06,656] [INFO] [30038] Missing PRE-PREPARE for REQUEST 1741323542381; ignoring PREPARE
[2025-03-07 13:59:06,680] [INFO] [30038] Received COMMIT: id:1741323542381, from:30053, delay:0.0000s, distance:99.07m (Euclidean)
[2025-03-07 13:59:06,704] [INFO] [30038] Received COMMIT: id:1741323542381, from:30063, delay:0.0001s, distance:205.28m (Euclidean)
[2025-03-07 13:59:06,722] [INFO] [30038] Received COMMIT: id:1741323542381, from:30113, delay:0.0000s, distance:188.18m (Euclidean)
[2025-03-07 13:59:06,739] [INFO] [30038] Received COMMIT: id:1741323542381, from:30170, delay:0.0001s, distance:211.83m (Euclidean)
[2025-03-07 13:59:06,799] [INFO] [30038] Received COMMIT: id:1741323542381, from:30121, delay:0.0001s, distance:186.16m (Euclidean)
[2025-03-07 13:59:06,805] [INFO] [30038] Received COMMIT: id:1741323542381, from:30021, delay:0.0000s, distance:193.50m (Euclidean)
[2025-03-07 13:59:06,817] [INFO] [30038] Received PREPARE: id:1741323542381, from:30085, delay:0.0000s, distance:158.52m (Euclidean)
[2025-03-07 13:59:06,817] [INFO] [30038] Missing PRE-PREPARE for REQUEST 1741323542381; ignoring PREPARE
[2025-03-07 13:59:06,840] [INFO] [30038] Received COMMIT: id:1741323542381, from:30127, delay:0.0000s, distance:58.72m (Euclidean)
[2025-03-07 13:59:06,862] [INFO] [30038] Received COMMIT: id:1741323542381, from:30059, delay:0.0001s, distance:167.33m (Euclidean)
[2025-03-07 13:59:06,876] [INFO] [30038] Received PREPARE: id:1741323542381, from:30196, delay:0.0001s, distance:202.48m (Euclidean)
[2025-03-07 13:59:06,876] [INFO] [30038] Missing PRE-PREPARE for REQUEST 1741323542381; ignoring PREPARE
[2025-03-07 13:59:07,004] [INFO] [30038] Received COMMIT: id:1741323542381, from:30175, delay:0.0000s, distance:169.00m (Euclidean)
[2025-03-07 13:59:07,030] [INFO] [30038] Received COMMIT: id:1741323542381, from:30062, delay:0.0002s, distance:268.43m (Euclidean)
[2025-03-07 13:59:07,036] [INFO] [30038] Received COMMIT: id:1741323542381, from:30196, delay:0.0001s, distance:202.48m (Euclidean)
[2025-03-07 13:59:07,066] [INFO] [30038] Received COMMIT: id:1741323542381, from:30199, delay:0.0002s, distance:279.20m (Euclidean)
[2025-03-07 13:59:07,216] [INFO] [30038] Received COMMIT: id:1741323542381, from:30054, delay:0.0000s, distance:114.06m (Euclidean)
[2025-03-07 13:59:07,329] [INFO] [30038] Received COMMIT: id:1741323542381, from:30178, delay:0.0000s, distance:191.80m (Euclidean)
[2025-03-07 13:59:07,352] [INFO] [30038] Received COMMIT: id:1741323542381, from:30092, delay:0.0001s, distance:221.28m (Euclidean)
[2025-03-07 13:59:07,379] [INFO] [30038] Received COMMIT: id:1741323542381, from:30191, delay:0.0001s, distance:230.09m (Euclidean)
[2025-03-07 13:59:07,463] [INFO] [30038] Received COMMIT: id:1741323542381, from:30051, delay:0.0000s, distance:132.83m (Euclidean)
[2025-03-07 13:59:07,479] [INFO] [30038] Received COMMIT: id:1741323542381, from:30070, delay:0.0000s, distance:143.77m (Euclidean)
[2025-03-07 13:59:07,510] [INFO] [30038] Received COMMIT: id:1741323542381, from:30011, delay:0.0001s, distance:211.42m (Euclidean)
[2025-03-07 13:59:07,545] [INFO] [30038] Received COMMIT: id:1741323542381, from:30085, delay:0.0000s, distance:158.52m (Euclidean)
[2025-03-07 13:59:07,557] [INFO] [30038] Received COMMIT: id:1741323542381, from:30056, delay:0.0001s, distance:218.48m (Euclidean)
[2025-03-07 13:59:07,596] [INFO] [30038] Received PREPARE: id:1741323542381, from:30179, delay:0.0002s, distance:276.87m (Euclidean)
[2025-03-07 13:59:07,596] [INFO] [30038] Missing PRE-PREPARE for REQUEST 1741323542381; ignoring PREPARE
[2025-03-07 13:59:07,652] [INFO] [30038] Received COMMIT: id:1741323542381, from:30129, delay:0.0000s, distance:116.73m (Euclidean)
[2025-03-07 13:59:07,689] [INFO] [30038] Received COMMIT: id:1741323542381, from:30179, delay:0.0002s, distance:276.87m (Euclidean)
[2025-03-07 13:59:07,809] [INFO] [30038] Received COMMIT: id:1741323542381, from:30103, delay:0.0001s, distance:206.13m (Euclidean)
[2025-03-07 13:59:07,996] [INFO] [30038] Received PREPARE: id:1741323542381, from:30074, delay:0.0002s, distance:262.07m (Euclidean)
[2025-03-07 13:59:07,996] [INFO] [30038] Missing PRE-PREPARE for REQUEST 1741323542381; ignoring PREPARE
[2025-03-07 13:59:08,000] [INFO] [30038] Received COMMIT: id:1741323542381, from:30174, delay:0.0001s, distance:170.58m (Euclidean)
[2025-03-07 13:59:08,068] [INFO] [30038] Received COMMIT: id:1741323542381, from:30040, delay:0.0001s, distance:154.99m (Euclidean)
[2025-03-07 13:59:08,086] [INFO] [30038] Received COMMIT: id:1741323542381, from:30074, delay:0.0002s, distance:262.07m (Euclidean)
[2025-03-07 13:59:08,160] [INFO] [30038] Received COMMIT: id:1741323542381, from:30123, delay:0.0000s, distance:95.32m (Euclidean)
[2025-03-07 13:59:08,206] [INFO] [30038] Received COMMIT: id:1741323542381, from:30111, delay:0.0000s, distance:177.15m (Euclidean)
[2025-03-07 13:59:08,309] [INFO] [30038] Received PREPARE: id:1741323542381, from:30190, delay:0.0002s, distance:279.83m (Euclidean)
[2025-03-07 13:59:08,309] [INFO] [30038] Missing PRE-PREPARE for REQUEST 1741323542381; ignoring PREPARE
[2025-03-07 13:59:08,323] [INFO] [30038] Received COMMIT: id:1741323542381, from:30089, delay:0.0000s, distance:41.38m (Euclidean)
[2025-03-07 13:59:08,347] [INFO] [30038] Received COMMIT: id:1741323542381, from:30190, delay:0.0002s, distance:279.83m (Euclidean)
[2025-03-07 13:59:08,362] [INFO] [30038] Received COMMIT: id:1741323542381, from:30133, delay:0.0001s, distance:232.31m (Euclidean)
[2025-03-07 13:59:08,510] [INFO] [30038] Received PREPARE: id:1741323542381, from:30102, delay:0.0001s, distance:216.10m (Euclidean)
[2025-03-07 13:59:08,510] [INFO] [30038] Missing PRE-PREPARE for REQUEST 1741323542381; ignoring PREPARE
[2025-03-07 13:59:08,510] [INFO] [30038] Received COMMIT: id:1741323542381, from:30102, delay:0.0001s, distance:216.10m (Euclidean)
[2025-03-07 13:59:08,793] [INFO] [30038] Received COMMIT: id:1741323542381, from:30177, delay:0.0001s, distance:214.08m (Euclidean)
[2025-03-07 13:59:08,920] [INFO] [30038] Received COMMIT: id:1741323542381, from:30096, delay:0.0001s, distance:222.25m (Euclidean)
[2025-03-07 13:59:09,051] [INFO] [30038] Received COMMIT: id:1741323542381, from:30076, delay:0.0001s, distance:173.02m (Euclidean)
[2025-03-07 13:59:09,347] [INFO] [30038] Received COMMIT: id:1741323542381, from:30158, delay:0.0002s, distance:269.75m (Euclidean)
[2025-03-07 13:59:09,394] [INFO] [30038] Received PREPARE: id:1741323542381, from:30110, delay:0.0001s, distance:235.62m (Euclidean)
[2025-03-07 13:59:09,394] [INFO] [30038] Missing PRE-PREPARE for REQUEST 1741323542381; ignoring PREPARE
[2025-03-07 13:59:09,394] [INFO] [30038] Received COMMIT: id:1741323542381, from:30110, delay:0.0001s, distance:235.62m (Euclidean)
[2025-03-07 13:59:10,099] [INFO] [30038] Received PREPARE: id:1741323542381, from:30109, delay:0.0002s, distance:284.81m (Euclidean)
[2025-03-07 13:59:10,099] [INFO] [30038] Missing PRE-PREPARE for REQUEST 1741323542381; ignoring PREPARE
[2025-03-07 13:59:10,099] [INFO] [30038] Received COMMIT: id:1741323542381, from:30109, delay:0.0002s, distance:284.81m (Euclidean)
[2025-03-07 13:59:10,130] [INFO] [30038] Received PREPARE: id:1741323542381, from:30010, delay:0.0000s, distance:150.66m (Euclidean)
[2025-03-07 13:59:10,130] [INFO] [30038] Missing PRE-PREPARE for REQUEST 1741323542381; ignoring PREPARE
[2025-03-07 13:59:11,105] [INFO] [30038] Received PREPARE: id:1741323542381, from:30165, delay:0.0000s, distance:110.39m (Euclidean)
[2025-03-07 13:59:11,105] [INFO] [30038] Missing PRE-PREPARE for REQUEST 1741323542381; ignoring PREPARE
[2025-03-07 13:59:11,545] [INFO] [30038] Received PREPARE: id:1741323542381, from:30150, delay:0.0001s, distance:212.27m (Euclidean)
[2025-03-07 13:59:11,545] [INFO] [30038] Missing PRE-PREPARE for REQUEST 1741323542381; ignoring PREPARE
[2025-03-07 13:59:11,545] [INFO] [30038] Received COMMIT: id:1741323542381, from:30150, delay:0.0001s, distance:212.27m (Euclidean)
[2025-03-07 13:59:11,595] [INFO] [30038] Received PREPARE: id:1741323542381, from:30061, delay:0.0000s, distance:28.87m (Euclidean)
[2025-03-07 13:59:11,595] [INFO] [30038] Missing PRE-PREPARE for REQUEST 1741323542381; ignoring PREPARE
[2025-03-07 13:59:11,713] [INFO] [30038] Received PREPARE: id:1741323542381, from:30016, delay:0.0000s, distance:81.45m (Euclidean)
[2025-03-07 13:59:11,713] [INFO] [30038] Missing PRE-PREPARE for REQUEST 1741323542381; ignoring PREPARE
[2025-03-07 13:59:11,954] [INFO] [30038] Received PREPARE: id:1741323542381, from:30026, delay:0.0001s, distance:248.02m (Euclidean)
[2025-03-07 13:59:11,954] [INFO] [30038] Missing PRE-PREPARE for REQUEST 1741323542381; ignoring PREPARE
[2025-03-07 13:59:11,956] [INFO] [30038] Received PREPARE: id:1741323542381, from:30132, delay:0.0000s, distance:68.02m (Euclidean)
[2025-03-07 13:59:11,956] [INFO] [30038] Missing PRE-PREPARE for REQUEST 1741323542381; ignoring PREPARE
[2025-03-07 13:59:12,105] [INFO] [30038] Received PREPARE: id:1741323542381, from:30034, delay:0.0000s, distance:138.76m (Euclidean)
[2025-03-07 13:59:12,105] [INFO] [30038] Missing PRE-PREPARE for REQUEST 1741323542381; ignoring PREPARE
[2025-03-07 13:59:12,105] [INFO] [30038] Received COMMIT: id:1741323542381, from:30034, delay:0.0000s, distance:138.76m (Euclidean)
[2025-03-07 13:59:12,253] [INFO] [30038] Received PREPARE: id:1741323542381, from:30137, delay:0.0000s, distance:97.53m (Euclidean)
[2025-03-07 13:59:12,253] [INFO] [30038] Missing PRE-PREPARE for REQUEST 1741323542381; ignoring PREPARE
[2025-03-07 13:59:12,352] [INFO] [30038] Received PREPARE: id:1741323542381, from:30143, delay:0.0000s, distance:83.71m (Euclidean)
[2025-03-07 13:59:12,352] [INFO] [30038] Missing PRE-PREPARE for REQUEST 1741323542381; ignoring PREPARE
[2025-03-07 13:59:12,453] [INFO] [30038] Received PREPARE: id:1741323542381, from:30114, delay:0.0000s, distance:113.93m (Euclidean)
[2025-03-07 13:59:12,453] [INFO] [30038] Missing PRE-PREPARE for REQUEST 1741323542381; ignoring PREPARE
[2025-03-07 13:59:12,524] [INFO] [30038] Received COMMIT: id:1741323542381, from:30165, delay:0.0000s, distance:110.39m (Euclidean)
[2025-03-07 13:59:12,566] [INFO] [30038] Received COMMIT: id:1741323542381, from:30026, delay:0.0001s, distance:248.02m (Euclidean)
[2025-03-07 13:59:12,690] [INFO] [30038] Received PREPARE: id:1741323542381, from:30088, delay:0.0001s, distance:245.14m (Euclidean)
[2025-03-07 13:59:12,690] [INFO] [30038] Missing PRE-PREPARE for REQUEST 1741323542381; ignoring PREPARE
[2025-03-07 13:59:12,690] [INFO] [30038] Received COMMIT: id:1741323542381, from:30088, delay:0.0001s, distance:245.14m (Euclidean)
[2025-03-07 13:59:12,693] [INFO] [30038] Received PREPARE: id:1741323542381, from:30042, delay:0.0000s, distance:130.51m (Euclidean)
[2025-03-07 13:59:12,693] [INFO] [30038] Missing PRE-PREPARE for REQUEST 1741323542381; ignoring PREPARE
[2025-03-07 13:59:12,753] [INFO] [30038] Received PREPARE: id:1741323542381, from:30052, delay:0.0001s, distance:151.64m (Euclidean)
[2025-03-07 13:59:12,753] [INFO] [30038] Missing PRE-PREPARE for REQUEST 1741323542381; ignoring PREPARE
[2025-03-07 13:59:12,753] [INFO] [30038] Received COMMIT: id:1741323542381, from:30052, delay:0.0001s, distance:151.64m (Euclidean)
[2025-03-07 13:59:13,005] [INFO] [30038] Received PREPARE: id:1741323542381, from:30160, delay:0.0001s, distance:189.60m (Euclidean)
[2025-03-07 13:59:13,005] [INFO] [30038] Missing PRE-PREPARE for REQUEST 1741323542381; ignoring PREPARE
[2025-03-07 13:59:13,030] [INFO] [30038] Received PREPARE: id:1741323542381, from:30081, delay:0.0000s, distance:143.99m (Euclidean)
[2025-03-07 13:59:13,030] [INFO] [30038] Missing PRE-PREPARE for REQUEST 1741323542381; ignoring PREPARE
[2025-03-07 13:59:13,036] [INFO] [30038] Received PRE-PREPARE: id:1741323542381, from:Leader(30000), delay:0.0001s, distance:203.02m (Euclidean)
[2025-03-07 13:59:13,036] [INFO] [30038] Broadcasting PREPARE for REQUEST 1741323542381
[2025-03-07 13:59:13,047] [INFO] [30038] Not broadcasting to fault node: 30077
[2025-03-07 13:59:13,057] [INFO] [30038] Not broadcasting to fault node: 30184
[2025-03-07 13:59:13,157] [INFO] [30038] Received PREPARE: id:1741323542381, from:30141, delay:0.0001s, distance:193.50m (Euclidean)
[2025-03-07 13:59:13,157] [INFO] [30038] Broadcasting COMMIT for REQUEST 1741323542381
[2025-03-07 13:59:13,170] [INFO] [30038] Not broadcasting to fault node: 30077
[2025-03-07 13:59:13,182] [INFO] [30038] Not broadcasting to fault node: 30184
[2025-03-07 13:59:13,220] [INFO] [30038] Received PREPARE: id:1741323542381, from:30087, delay:0.0000s, distance:144.37m (Euclidean)
[2025-03-07 13:59:13,243] [INFO] [30038] Received PREPARE: id:1741323542381, from:30173, delay:0.0001s, distance:165.86m (Euclidean)
[2025-03-07 13:59:13,243] [INFO] [30038] Received PREPARE: id:1741323542381, from:30036, delay:0.0000s, distance:121.37m (Euclidean)
[2025-03-07 13:59:13,251] [INFO] [30038] Received PREPARE: id:1741323542381, from:30031, delay:0.0001s, distance:166.94m (Euclidean)
[2025-03-07 13:59:13,262] [INFO] [30038] Received COMMIT: id:1741323542381, from:30031, delay:0.0001s, distance:166.94m (Euclidean)
[2025-03-07 13:59:13,264] [INFO] [30038] Received PREPARE: id:1741323542381, from:30138, delay:0.0000s, distance:147.37m (Euclidean)
[2025-03-07 13:59:13,349] [INFO] [30038] Received PREPARE: id:1741323542381, from:30117, delay:0.0001s, distance:228.32m (Euclidean)
[2025-03-07 13:59:13,354] [INFO] [30038] Received PREPARE: id:1741323542381, from:30091, delay:0.0001s, distance:211.34m (Euclidean)
[2025-03-07 13:59:13,358] [INFO] [30038] Received COMMIT: id:1741323542381, from:30091, delay:0.0001s, distance:211.34m (Euclidean)
[2025-03-07 13:59:13,360] [INFO] [30038] Received PREPARE: id:1741323542381, from:30055, delay:0.0000s, distance:149.46m (Euclidean)
[2025-03-07 13:59:13,386] [INFO] [30038] Received COMMIT: id:1741323542381, from:30081, delay:0.0000s, distance:143.99m (Euclidean)
[2025-03-07 13:59:13,442] [INFO] [30038] Received PREPARE: id:1741323542381, from:30156, delay:0.0000s, distance:114.45m (Euclidean)
[2025-03-07 13:59:13,449] [INFO] [30038] Received COMMIT: id:1741323542381, from:30137, delay:0.0000s, distance:97.53m (Euclidean)
[2025-03-07 13:59:13,496] [INFO] [30038] Received COMMIT: id:1741323542381, from:30114, delay:0.0000s, distance:113.93m (Euclidean)
[2025-03-07 13:59:13,502] [INFO] [30038] Received PREPARE: id:1741323542381, from:30079, delay:0.0001s, distance:155.59m (Euclidean)
[2025-03-07 13:59:13,571] [INFO] [30038] Received PREPARE: id:1741323542381, from:30058, delay:0.0001s, distance:196.05m (Euclidean)
[2025-03-07 13:59:13,654] [INFO] [30038] Received PREPARE: id:1741323542381, from:30193, delay:0.0001s, distance:230.46m (Euclidean)
[2025-03-07 13:59:13,682] [INFO] [30038] Received PREPARE: id:1741323542381, from:30188, delay:0.0001s, distance:237.61m (Euclidean)
[2025-03-07 13:59:13,684] [INFO] [30038] Received PREPARE: id:1741323542381, from:30151, delay:0.0000s, distance:169.20m (Euclidean)
[2025-03-07 13:59:13,700] [INFO] [30038] Received COMMIT: id:1741323542381, from:30000, delay:0.0001s, distance:203.02m (Euclidean)
[2025-03-07 13:59:13,717] [INFO] [30038] Received PREPARE: id:1741323542381, from:30033, delay:0.0002s, distance:265.30m (Euclidean)
[2025-03-07 13:59:13,717] [INFO] [30038] Received COMMIT: id:1741323542381, from:30033, delay:0.0002s, distance:265.30m (Euclidean)
[2025-03-07 13:59:13,859] [INFO] [30038] Received PREPARE: id:1741323542381, from:30071, delay:0.0002s, distance:286.20m (Euclidean)
[2025-03-07 13:59:13,868] [INFO] [30038] Received PREPARE: id:1741323542381, from:30140, delay:0.0002s, distance:282.15m (Euclidean)
[2025-03-07 13:59:13,979] [INFO] [30038] Received PREPARE: id:1741323542381, from:30094, delay:0.0001s, distance:155.73m (Euclidean)
[2025-03-07 13:59:13,982] [INFO] [30038] Received COMMIT: id:1741323542381, from:30094, delay:0.0001s, distance:155.73m (Euclidean)
[2025-03-07 13:59:13,982] [INFO] [30038] Received PREPARE: id:1741323542381, from:30068, delay:0.0002s, distance:282.73m (Euclidean)
[2025-03-07 13:59:14,064] [INFO] [30038] Received COMMIT: id:1741323542381, from:30117, delay:0.0001s, distance:228.32m (Euclidean)
[2025-03-07 13:59:14,114] [INFO] [30038] Received PREPARE: id:1741323542381, from:30105, delay:0.0000s, distance:53.98m (Euclidean)
[2025-03-07 13:59:14,122] [INFO] [30038] Received PREPARE: id:1741323542381, from:30104, delay:0.0000s, distance:32.47m (Euclidean)
[2025-03-07 13:59:14,144] [INFO] [30038] Received COMMIT: id:1741323542381, from:30068, delay:0.0002s, distance:282.73m (Euclidean)
[2025-03-07 13:59:14,175] [INFO] [30038] Received COMMIT: id:1741323542381, from:30071, delay:0.0002s, distance:286.20m (Euclidean)
[2025-03-07 13:59:14,210] [INFO] [30038] Received PREPARE: id:1741323542381, from:30122, delay:0.0000s, distance:128.58m (Euclidean)
[2025-03-07 13:59:14,210] [INFO] [30038] Received COMMIT: id:1741323542381, from:30010, delay:0.0000s, distance:150.66m (Euclidean)
[2025-03-07 13:59:14,273] [INFO] [30038] Received COMMIT: id:1741323542381, from:30122, delay:0.0000s, distance:128.58m (Euclidean)
[2025-03-07 13:59:14,344] [INFO] [30038] Received PREPARE: id:1741323542381, from:30067, delay:0.0002s, distance:265.56m (Euclidean)
[2025-03-07 13:59:14,375] [INFO] [30038] Received PREPARE: id:1741323542381, from:30198, delay:0.0001s, distance:169.53m (Euclidean)
[2025-03-07 13:59:14,375] [INFO] [30038] Received COMMIT: id:1741323542381, from:30198, delay:0.0001s, distance:169.53m (Euclidean)
[2025-03-07 13:59:14,405] [INFO] [30038] Received COMMIT: id:1741323542381, from:30140, delay:0.0002s, distance:282.15m (Euclidean)
[2025-03-07 13:59:14,417] [INFO] [30038] Received PREPARE: id:1741323542381, from:30131, delay:0.0001s, distance:215.17m (Euclidean)
[2025-03-07 13:59:14,417] [INFO] [30038] Received COMMIT: id:1741323542381, from:30131, delay:0.0001s, distance:215.17m (Euclidean)
[2025-03-07 13:59:14,473] [INFO] [30038] Received COMMIT: id:1741323542381, from:30173, delay:0.0001s, distance:165.86m (Euclidean)
[2025-03-07 13:59:14,506] [INFO] [30038] Received PREPARE: id:1741323542381, from:30008, delay:0.0000s, distance:111.28m (Euclidean)
[2025-03-07 13:59:14,527] [INFO] [30038] Received PREPARE: id:1741323542381, from:30050, delay:0.0001s, distance:247.15m (Euclidean)
[2025-03-07 13:59:14,527] [INFO] [30038] Received COMMIT: id:1741323542381, from:30050, delay:0.0001s, distance:247.15m (Euclidean)
[2025-03-07 13:59:14,560] [INFO] [30038] Received PREPARE: id:1741323542381, from:30006, delay:0.0001s, distance:248.02m (Euclidean)
[2025-03-07 13:59:14,696] [INFO] [30038] Received COMMIT: id:1741323542381, from:30061, delay:0.0000s, distance:28.87m (Euclidean)
[2025-03-07 13:59:14,750] [INFO] [30038] Received PREPARE: id:1741323542381, from:30139, delay:0.0000s, distance:145.43m (Euclidean)
[2025-03-07 13:59:14,753] [INFO] [30038] Received COMMIT: id:1741323542381, from:30139, delay:0.0000s, distance:145.43m (Euclidean)
[2025-03-07 13:59:14,753] [INFO] [30038] Received COMMIT: id:1741323542381, from:30036, delay:0.0000s, distance:121.37m (Euclidean)
[2025-03-07 13:59:14,827] [INFO] [30038] Received PREPARE: id:1741323542381, from:30073, delay:0.0001s, distance:239.35m (Euclidean)
[2025-03-07 13:59:14,894] [INFO] [30038] Received PREPARE: id:1741323542381, from:30186, delay:0.0000s, distance:113.11m (Euclidean)
[2025-03-07 13:59:14,904] [INFO] [30038] Received PREPARE: id:1741323542381, from:30014, delay:0.0001s, distance:189.82m (Euclidean)
[2025-03-07 13:59:15,043] [INFO] [30038] Received PREPARE: id:1741323542381, from:30134, delay:0.0002s, distance:262.51m (Euclidean)
[2025-03-07 13:59:15,043] [INFO] [30038] Received COMMIT: id:1741323542381, from:30134, delay:0.0002s, distance:262.51m (Euclidean)
[2025-03-07 13:59:15,185] [INFO] [30038] Received PREPARE: id:1741323542381, from:30166, delay:0.0001s, distance:190.51m (Euclidean)
[2025-03-07 13:59:15,241] [INFO] [30038] Received COMMIT: id:1741323542381, from:30067, delay:0.0002s, distance:265.56m (Euclidean)
[2025-03-07 13:59:15,319] [INFO] [30038] Received COMMIT: id:1741323542381, from:30105, delay:0.0000s, distance:53.98m (Euclidean)
[2025-03-07 13:59:15,430] [INFO] [30038] Received PREPARE: id:1741323542381, from:30039, delay:0.0000s, distance:149.48m (Euclidean)
[2025-03-07 13:59:15,456] [INFO] [30038] Received COMMIT: id:1741323542381, from:30132, delay:0.0000s, distance:68.02m (Euclidean)
[2025-03-07 13:59:15,465] [INFO] [30038] Received COMMIT: id:1741323542381, from:30039, delay:0.0000s, distance:149.48m (Euclidean)
[2025-03-07 13:59:15,498] [INFO] [30038] Received COMMIT: id:1741323542381, from:30058, delay:0.0001s, distance:196.05m (Euclidean)
[2025-03-07 13:59:15,501] [INFO] [30038] Received PREPARE: id:1741323542381, from:30159, delay:0.0001s, distance:209.20m (Euclidean)
[2025-03-07 13:59:15,691] [INFO] [30038] Received PREPARE: id:1741323542381, from:30099, delay:0.0001s, distance:210.95m (Euclidean)
[2025-03-07 13:59:15,691] [INFO] [30038] Received COMMIT: id:1741323542381, from:30099, delay:0.0001s, distance:210.95m (Euclidean)
[2025-03-07 13:59:15,735] [INFO] [30038] Received PREPARE: id:1741323542381, from:30101, delay:0.0001s, distance:155.00m (Euclidean)
[2025-03-07 13:59:15,738] [INFO] [30038] Received COMMIT: id:1741323542381, from:30101, delay:0.0001s, distance:155.00m (Euclidean)
[2025-03-07 13:59:15,946] [INFO] [30038] Received COMMIT: id:1741323542381, from:30143, delay:0.0000s, distance:83.71m (Euclidean)
[2025-03-07 13:59:16,016] [INFO] [30038] Received COMMIT: id:1741323542381, from:30188, delay:0.0001s, distance:237.61m (Euclidean)
[2025-03-07 13:59:16,064] [INFO] [30038] Received COMMIT: id:1741323542381, from:30006, delay:0.0001s, distance:248.02m (Euclidean)
[2025-03-07 13:59:16,306] [INFO] [30038] Received PREPARE: id:1741323542381, from:30001, delay:0.0000s, distance:136.70m (Euclidean)
[2025-03-07 13:59:16,306] [INFO] [30038] Received COMMIT: id:1741323542381, from:30138, delay:0.0000s, distance:147.37m (Euclidean)
[2025-03-07 13:59:16,306] [INFO] [30038] Received COMMIT: id:1741323542381, from:30001, delay:0.0000s, distance:136.70m (Euclidean)
[2025-03-07 13:59:16,306] [INFO] [30038] Received COMMIT: id:1741323542381, from:30064, delay:0.0001s, distance:204.63m (Euclidean)
[2025-03-07 13:59:16,306] [INFO] [30038] Received PREPARE: id:1741323542381, from:30064, delay:0.0001s, distance:204.63m (Euclidean)
[2025-03-07 13:59:16,306] [INFO] [30038] Received PREPARE: id:1741323542381, from:30075, delay:0.0001s, distance:207.50m (Euclidean)
[2025-03-07 13:59:16,306] [INFO] [30038] Received PREPARE: id:1741323542381, from:30187, delay:0.0000s, distance:120.31m (Euclidean)
[2025-03-07 13:59:16,306] [INFO] [30038] Received COMMIT: id:1741323542381, from:30187, delay:0.0000s, distance:120.31m (Euclidean)
[2025-03-07 13:59:16,417] [INFO] [30038] Received PREPARE: id:1741323542381, from:30022, delay:0.0002s, distance:256.87m (Euclidean)
[2025-03-07 13:59:16,433] [INFO] [30038] Received PREPARE: id:1741323542381, from:30083, delay:0.0001s, distance:160.24m (Euclidean)
[2025-03-07 13:59:16,497] [INFO] [30038] Received COMMIT: id:1741323542381, from:30160, delay:0.0001s, distance:189.60m (Euclidean)
[2025-03-07 13:59:16,512] [INFO] [30038] Received COMMIT: id:1741323542381, from:30087, delay:0.0000s, distance:144.37m (Euclidean)
[2025-03-07 13:59:16,619] [INFO] [30038] Received COMMIT: id:1741323542381, from:30079, delay:0.0001s, distance:155.59m (Euclidean)
[2025-03-07 13:59:16,743] [INFO] [30038] Received PREPARE: id:1741323542381, from:30142, delay:0.0000s, distance:135.07m (Euclidean)
[2025-03-07 13:59:17,166] [INFO] [30038] Received COMMIT: id:1741323542381, from:30141, delay:0.0001s, distance:193.50m (Euclidean)
[2025-03-07 13:59:17,229] [INFO] [30038] Received COMMIT: id:1741323542381, from:30075, delay:0.0001s, distance:207.50m (Euclidean)
[2025-03-07 13:59:17,338] [INFO] [30038] Received COMMIT: id:1741323542381, from:30073, delay:0.0001s, distance:239.35m (Euclidean)
[2025-03-07 13:59:17,344] [INFO] [30038] Received COMMIT: id:1741323542381, from:30193, delay:0.0001s, distance:230.46m (Euclidean)
[2025-03-07 13:59:17,523] [INFO] [30038] Received COMMIT: id:1741323542381, from:30014, delay:0.0001s, distance:189.82m (Euclidean)
[2025-03-07 13:59:17,523] [INFO] [30038] Received COMMIT: id:1741323542381, from:30042, delay:0.0000s, distance:130.51m (Euclidean)
[2025-03-07 13:59:17,732] [INFO] [30038] Received COMMIT: id:1741323542381, from:30151, delay:0.0000s, distance:169.20m (Euclidean)
[2025-03-07 13:59:17,892] [INFO] [30038] Received COMMIT: id:1741323542381, from:30156, delay:0.0000s, distance:114.45m (Euclidean)
[2025-03-07 13:59:18,266] [INFO] [30038] Received COMMIT: id:1741323542381, from:30016, delay:0.0000s, distance:81.45m (Euclidean)
[2025-03-07 13:59:18,282] [INFO] [30038] Received COMMIT: id:1741323542381, from:30145, delay:0.0001s, distance:247.57m (Euclidean)
[2025-03-07 13:59:18,282] [INFO] [30038] Received PREPARE: id:1741323542381, from:30145, delay:0.0001s, distance:247.57m (Euclidean)
[2025-03-07 13:59:18,611] [INFO] [30038] Received COMMIT: id:1741323542381, from:30055, delay:0.0000s, distance:149.46m (Euclidean)
[2025-03-07 13:59:18,824] [INFO] [30038] Received PREPARE: id:1741323542381, from:30162, delay:0.0002s, distance:272.68m (Euclidean)
[2025-03-07 13:59:19,643] [INFO] [30038] Received PREPARE: id:1741323542381, from:30045, delay:0.0001s, distance:214.70m (Euclidean)
[2025-03-07 13:59:19,643] [INFO] [30038] Received PREPARE: id:1741323542381, from:30084, delay:0.0002s, distance:255.08m (Euclidean)
[2025-03-07 13:59:19,654] [INFO] [30038] Received COMMIT: id:1741323542381, from:30045, delay:0.0001s, distance:214.70m (Euclidean)
[2025-03-07 13:59:19,654] [INFO] [30038] Received COMMIT: id:1741323542381, from:30084, delay:0.0002s, distance:255.08m (Euclidean)
[2025-03-07 13:59:20,240] [INFO] [30038] Received COMMIT: id:1741323542381, from:30142, delay:0.0000s, distance:135.07m (Euclidean)
[2025-03-07 13:59:20,472] [INFO] [30038] Received COMMIT: id:1741323542381, from:30159, delay:0.0001s, distance:209.20m (Euclidean)
[2025-03-07 13:59:20,554] [INFO] [30038] Received COMMIT: id:1741323542381, from:30135, delay:0.0002s, distance:285.50m (Euclidean)
[2025-03-07 13:59:20,554] [INFO] [30038] Received PREPARE: id:1741323542381, from:30135, delay:0.0002s, distance:285.50m (Euclidean)
[2025-03-07 13:59:20,648] [INFO] [30038] Received COMMIT: id:1741323542381, from:30166, delay:0.0001s, distance:190.51m (Euclidean)
[2025-03-07 13:59:21,138] [INFO] [30038] Received PREPARE: id:1741323542381, from:30194, delay:0.0001s, distance:205.92m (Euclidean)
[2025-03-07 13:59:21,140] [INFO] [30038] Received COMMIT: id:1741323542381, from:30194, delay:0.0001s, distance:205.92m (Euclidean)
[2025-03-07 13:59:21,550] [INFO] [30038] Received COMMIT: id:1741323542381, from:30083, delay:0.0001s, distance:160.24m (Euclidean)
[2025-03-07 13:59:21,740] [INFO] [30038] Received PREPARE: id:1741323542381, from:30185, delay:0.0000s, distance:78.35m (Euclidean)
[2025-03-07 13:59:22,122] [INFO] [30038] Received COMMIT: id:1741323542381, from:30162, delay:0.0002s, distance:272.68m (Euclidean)
[2025-03-07 13:59:22,195] [INFO] [30038] Received COMMIT: id:1741323542381, from:30186, delay:0.0000s, distance:113.11m (Euclidean)
[2025-03-07 13:59:22,228] [INFO] [30038] Received COMMIT: id:1741323542381, from:30104, delay:0.0000s, distance:32.47m (Euclidean)
[2025-03-07 13:59:22,872] [INFO] [30038] Received COMMIT: id:1741323542381, from:30022, delay:0.0002s, distance:256.87m (Euclidean)
[2025-03-07 13:59:22,872] [INFO] [30038] Received COMMIT: id:1741323542381, from:30008, delay:0.0000s, distance:111.28m (Euclidean)
[2025-03-07 13:59:23,788] [INFO] [30038] Received PREPARE: id:1741323542381, from:30069, delay:0.0002s, distance:260.36m (Euclidean)
[2025-03-07 13:59:23,788] [INFO] [30038] Received PREPARE: id:1741323542381, from:30009, delay:0.0001s, distance:169.02m (Euclidean)
[2025-03-07 13:59:23,788] [INFO] [30038] Received COMMIT: id:1741323542381, from:30069, delay:0.0002s, distance:260.36m (Euclidean)
[2025-03-07 13:59:24,031] [INFO] [30038] Received PREPARE: id:1741323542381, from:30153, delay:0.0002s, distance:268.55m (Euclidean)
[2025-03-07 13:59:24,033] [INFO] [30038] Received COMMIT: id:1741323542381, from:30153, delay:0.0002s, distance:268.55m (Euclidean)
[2025-03-07 13:59:24,222] [INFO] [30038] Received PREPARE: id:1741323542381, from:30164, delay:0.0000s, distance:249.08m (Euclidean)
[2025-03-07 13:59:25,204] [INFO] [30038] Received PREPARE: id:1741323542381, from:30044, delay:0.0000s, distance:139.96m (Euclidean)
[2025-03-07 13:59:25,261] [INFO] [30038] Received PREPARE: id:1741323542381, from:30047, delay:0.0001s, distance:173.77m (Euclidean)
[2025-03-07 13:59:25,335] [INFO] [30038] Received COMMIT: id:1741323542381, from:30164, delay:0.0000s, distance:249.08m (Euclidean)
[2025-03-07 13:59:25,335] [INFO] [30038] Received COMMIT: id:1741323542381, from:30009, delay:0.0001s, distance:169.02m (Euclidean)
[2025-03-07 13:59:25,677] [INFO] [30038] Received PREPARE: id:1741323542381, from:30082, delay:0.0000s, distance:55.09m (Euclidean)
[2025-03-07 13:59:26,361] [INFO] [30038] Received PREPARE: id:1741323542381, from:30018, delay:0.0000s, distance:142.32m (Euclidean)
[2025-03-07 13:59:26,833] [INFO] [30038] Received PREPARE: id:1741323542381, from:30002, delay:0.0000s, distance:146.86m (Euclidean)
[2025-03-07 13:59:26,849] [INFO] [30038] Received PREPARE: id:1741323542381, from:30017, delay:0.0002s, distance:280.26m (Euclidean)
[2025-03-07 13:59:26,850] [INFO] [30038] Received COMMIT: id:1741323542381, from:30017, delay:0.0002s, distance:280.26m (Euclidean)
[2025-03-07 13:59:27,052] [INFO] [30038] Received PREPARE: id:1741323542381, from:30097, delay:0.0001s, distance:175.08m (Euclidean)
[2025-03-07 13:59:27,077] [INFO] [30038] Received PREPARE: id:1741323542381, from:30030, delay:0.0001s, distance:235.31m (Euclidean)
[2025-03-07 13:59:27,159] [INFO] [30038] Received PREPARE: id:1741323542381, from:30012, delay:0.0002s, distance:265.46m (Euclidean)
[2025-03-07 13:59:27,179] [INFO] [30038] Received PREPARE: id:1741323542381, from:30072, delay:0.0002s, distance:296.14m (Euclidean)
[2025-03-07 13:59:27,179] [INFO] [30038] Received COMMIT: id:1741323542381, from:30072, delay:0.0002s, distance:296.14m (Euclidean)
[2025-03-07 13:59:27,269] [INFO] [30038] Received PREPARE: id:1741323542381, from:30192, delay:0.0001s, distance:215.38m (Euclidean)
[2025-03-07 13:59:27,308] [INFO] [30038] Received COMMIT: id:1741323542381, from:30030, delay:0.0001s, distance:235.31m (Euclidean)
[2025-03-07 13:59:27,642] [INFO] [30038] Received PREPARE: id:1741323542381, from:30152, delay:0.0002s, distance:271.28m (Euclidean)
[2025-03-07 13:59:27,642] [INFO] [30038] Received COMMIT: id:1741323542381, from:30152, delay:0.0002s, distance:271.28m (Euclidean)
[2025-03-07 13:59:27,705] [INFO] [30038] Received COMMIT: id:1741323542381, from:30047, delay:0.0001s, distance:173.77m (Euclidean)
[2025-03-07 13:59:27,778] [INFO] [30038] Received PREPARE: id:1741323542381, from:30163, delay:0.0000s, distance:131.64m (Euclidean)
[2025-03-07 13:59:27,823] [INFO] [30038] Received PREPARE: id:1741323542381, from:30078, delay:0.0002s, distance:250.87m (Euclidean)
[2025-03-07 13:59:27,823] [INFO] [30038] Received COMMIT: id:1741323542381, from:30078, delay:0.0002s, distance:250.87m (Euclidean)
[2025-03-07 13:59:27,884] [INFO] [30038] Received COMMIT: id:1741323542381, from:30097, delay:0.0001s, distance:175.08m (Euclidean)
[2025-03-07 13:59:28,095] [INFO] [30038] Received COMMIT: id:1741323542381, from:30192, delay:0.0001s, distance:215.38m (Euclidean)
[2025-03-07 13:59:28,115] [INFO] [30038] Received COMMIT: id:1741323542381, from:30012, delay:0.0002s, distance:265.46m (Euclidean)
[2025-03-07 13:59:28,215] [INFO] [30038] Received COMMIT: id:1741323542381, from:30018, delay:0.0000s, distance:142.32m (Euclidean)
[2025-03-07 13:59:28,365] [INFO] [30038] Received COMMIT: id:1741323542381, from:30163, delay:0.0000s, distance:131.64m (Euclidean)
[2025-03-07 13:59:28,464] [INFO] [30038] Received COMMIT: id:1741323542381, from:30002, delay:0.0000s, distance:146.86m (Euclidean)
[2025-03-07 13:59:28,807] [INFO] [30038] Received COMMIT: id:1741323542381, from:30185, delay:0.0000s, distance:78.35m (Euclidean)
[2025-03-07 13:59:28,854] [INFO] [30038] Received COMMIT: id:1741323542381, from:30082, delay:0.0000s, distance:55.09m (Euclidean)
[2025-03-07 13:59:33,200] [INFO] [30038] Received PREPARE: id:1741323542381, from:30183, delay:0.0002s, distance:261.08m (Euclidean)
[2025-03-07 13:59:33,283] [INFO] [30038] Received COMMIT: id:1741323542381, from:30044, delay:0.0000s, distance:139.96m (Euclidean)
[2025-03-07 13:59:33,338] [INFO] [30038] Received COMMIT: id:1741323542381, from:30183, delay:0.0002s, distance:261.08m (Euclidean)
[2025-03-07 13:59:38,653] [INFO] [30038] Received COMMIT: id:1741323542381, from:30172, delay:0.0001s, distance:234.69m (Euclidean)
[2025-03-07 15:49:01,974] [INFO] Starting node at localhost:30038 | index= 39 | f=1, k=4 | Role: Replica
