[2025-03-07 13:55:02,292] [INFO] Starting node at localhost:30172 | index=173 | f=1, k=4 | Role: Replica
[2025-03-07 13:57:48,746] [INFO] Starting node at localhost:30172 | index=173 | f=1, k=4 | Role: Replica
[2025-03-07 13:58:51,164] [INFO] Starting node at localhost:30172 | index=173 | f=1, k=4 | Role: Replica
[2025-03-07 13:59:03,090] [INFO] [30172] Received PREPARE: id:1741323542381, from:30100, delay:0.0000s, distance:150.09m (Euclidean)
[2025-03-07 13:59:03,090] [INFO] [30172] Missing PRE-PREPARE for REQUEST 1741323542381; ignoring PREPARE
[2025-03-07 13:59:03,487] [INFO] [30172] Received PREPARE: id:1741323542381, from:30196, delay:0.0000s, distance:146.97m (Euclidean)
[2025-03-07 13:59:03,487] [INFO] [30172] Missing PRE-PREPARE for REQUEST 1741323542381; ignoring PREPARE
[2025-03-07 13:59:04,247] [INFO] [30172] Received COMMIT: id:1741323542381, from:30100, delay:0.0000s, distance:150.09m (Euclidean)
[2025-03-07 13:59:04,501] [INFO] [30172] Received PREPARE: id:1741323542381, from:30015, delay:0.0001s, distance:205.82m (Euclidean)
[2025-03-07 13:59:04,501] [INFO] [30172] Missing PRE-PREPARE for REQUEST 1741323542381; ignoring PREPARE
[2025-03-07 13:59:04,511] [INFO] [30172] Received COMMIT: id:1741323542381, from:30196, delay:0.0000s, distance:146.97m (Euclidean)
[2025-03-07 13:59:04,545] [INFO] [30172] Received PREPARE: id:1741323542381, from:30123, delay:0.0001s, distance:239.05m (Euclidean)
[2025-03-07 13:59:04,545] [INFO] [30172] Missing PRE-PREPARE for REQUEST 1741323542381; ignoring PREPARE
[2025-03-07 13:59:04,548] [INFO] [30172] Received COMMIT: id:1741323542381, from:30123, delay:0.0001s, distance:239.05m (Euclidean)
[2025-03-07 13:59:04,610] [INFO] [30172] Received PREPARE: id:1741323542381, from:30155, delay:0.0002s, distance:274.57m (Euclidean)
[2025-03-07 13:59:04,610] [INFO] [30172] Missing PRE-PREPARE for REQUEST 1741323542381; ignoring PREPARE
[2025-03-07 13:59:04,610] [INFO] [30172] Received COMMIT: id:1741323542381, from:30155, delay:0.0002s, distance:274.57m (Euclidean)
[2025-03-07 13:59:04,905] [INFO] [30172] Received PREPARE: id:1741323542381, from:30080, delay:0.0001s, distance:214.07m (Euclidean)
[2025-03-07 13:59:04,905] [INFO] [30172] Missing PRE-PREPARE for REQUEST 1741323542381; ignoring PREPARE
[2025-03-07 13:59:04,967] [INFO] [30172] Received COMMIT: id:1741323542381, from:30080, delay:0.0001s, distance:214.07m (Euclidean)
[2025-03-07 13:59:05,002] [INFO] [30172] Received PREPARE: id:1741323542381, from:30176, delay:0.0001s, distance:217.61m (Euclidean)
[2025-03-07 13:59:05,004] [INFO] [30172] Missing PRE-PREPARE for REQUEST 1741323542381; ignoring PREPARE
[2025-03-07 13:59:05,030] [INFO] [30172] Received PREPARE: id:1741323542381, from:30126, delay:0.0000s, distance:57.91m (Euclidean)
[2025-03-07 13:59:05,030] [INFO] [30172] Missing PRE-PREPARE for REQUEST 1741323542381; ignoring PREPARE
[2025-03-07 13:59:05,195] [INFO] [30172] Received PREPARE: id:1741323542381, from:30118, delay:0.0001s, distance:151.74m (Euclidean)
[2025-03-07 13:59:05,195] [INFO] [30172] Missing PRE-PREPARE for REQUEST 1741323542381; ignoring PREPARE
[2025-03-07 13:59:05,229] [INFO] [30172] Received PREPARE: id:1741323542381, from:30167, delay:0.0002s, distance:271.44m (Euclidean)
[2025-03-07 13:59:05,229] [INFO] [30172] Missing PRE-PREPARE for REQUEST 1741323542381; ignoring PREPARE
[2025-03-07 13:59:05,231] [INFO] [30172] Received COMMIT: id:1741323542381, from:30167, delay:0.0002s, distance:271.44m (Euclidean)
[2025-03-07 13:59:05,238] [INFO] [30172] Received PREPARE: id:1741323542381, from:30011, delay:0.0000s, distance:100.71m (Euclidean)
[2025-03-07 13:59:05,238] [INFO] [30172] Missing PRE-PREPARE for REQUEST 1741323542381; ignoring PREPARE
[2025-03-07 13:59:05,462] [INFO] [30172] Received PREPARE: id:1741323542381, from:30144, delay:0.0001s, distance:233.89m (Euclidean)
[2025-03-07 13:59:05,462] [INFO] [30172] Missing PRE-PREPARE for REQUEST 1741323542381; ignoring PREPARE
[2025-03-07 13:59:05,462] [INFO] [30172] Received COMMIT: id:1741323542381, from:30144, delay:0.0001s, distance:233.89m (Euclidean)
[2025-03-07 13:59:05,498] [INFO] [30172] Received PREPARE: id:1741323542381, from:30029, delay:0.0001s, distance:208.33m (Euclidean)
[2025-03-07 13:59:05,498] [INFO] [30172] Missing PRE-PREPARE for REQUEST 1741323542381; ignoring PREPARE
[2025-03-07 13:59:05,714] [INFO] [30172] Received PREPARE: id:1741323542381, from:30189, delay:0.0002s, distance:291.49m (Euclidean)
[2025-03-07 13:59:05,714] [INFO] [30172] Missing PRE-PREPARE for REQUEST 1741323542381; ignoring PREPARE
[2025-03-07 13:59:05,904] [INFO] [30172] Received COMMIT: id:1741323542381, from:30011, delay:0.0000s, distance:100.71m (Euclidean)
[2025-03-07 13:59:05,950] [INFO] [30172] Received PREPARE: id:1741323542381, from:30121, delay:0.0000s, distance:116.94m (Euclidean)
[2025-03-07 13:59:05,950] [INFO] [30172] Missing PRE-PREPARE for REQUEST 1741323542381; ignoring PREPARE
[2025-03-07 13:59:06,008] [INFO] [30172] Received PREPARE: id:1741323542381, from:30059, delay:0.0000s, distance:72.01m (Euclidean)
[2025-03-07 13:59:06,008] [INFO] [30172] Missing PRE-PREPARE for REQUEST 1741323542381; ignoring PREPARE
[2025-03-07 13:59:06,056] [INFO] [30172] Received PREPARE: id:1741323542381, from:30109, delay:0.0001s, distance:159.11m (Euclidean)
[2025-03-07 13:59:06,056] [INFO] [30172] Missing PRE-PREPARE for REQUEST 1741323542381; ignoring PREPARE
[2025-03-07 13:59:06,072] [INFO] [30172] Received PREPARE: id:1741323542381, from:30037, delay:0.0000s, distance:149.15m (Euclidean)
[2025-03-07 13:59:06,072] [INFO] [30172] Missing PRE-PREPARE for REQUEST 1741323542381; ignoring PREPARE
[2025-03-07 13:59:06,072] [INFO] [30172] Received PREPARE: id:1741323542381, from:30023, delay:0.0001s, distance:243.29m (Euclidean)
[2025-03-07 13:59:06,072] [INFO] [30172] Missing PRE-PREPARE for REQUEST 1741323542381; ignoring PREPARE
[2025-03-07 13:59:06,074] [INFO] [30172] Received PREPARE: id:1741323542381, from:30004, delay:0.0000s, distance:131.75m (Euclidean)
[2025-03-07 13:59:06,074] [INFO] [30172] Missing PRE-PREPARE for REQUEST 1741323542381; ignoring PREPARE
[2025-03-07 13:59:06,117] [INFO] [30172] Received COMMIT: id:1741323542381, from:30126, delay:0.0000s, distance:57.91m (Euclidean)
[2025-03-07 13:59:06,217] [INFO] [30172] Received COMMIT: id:1741323542381, from:30037, delay:0.0000s, distance:149.15m (Euclidean)
[2025-03-07 13:59:06,217] [INFO] [30172] Received COMMIT: id:1741323542381, from:30121, delay:0.0000s, distance:116.94m (Euclidean)
[2025-03-07 13:59:06,217] [INFO] [30172] Received COMMIT: id:1741323542381, from:30004, delay:0.0000s, distance:131.75m (Euclidean)
[2025-03-07 13:59:06,219] [INFO] [30172] Received PREPARE: id:1741323542381, from:30090, delay:0.0000s, distance:145.52m (Euclidean)
[2025-03-07 13:59:06,219] [INFO] [30172] Missing PRE-PREPARE for REQUEST 1741323542381; ignoring PREPARE
[2025-03-07 13:59:06,245] [INFO] [30172] Received PREPARE: id:1741323542381, from:30013, delay:0.0000s, distance:119.43m (Euclidean)
[2025-03-07 13:59:06,245] [INFO] [30172] Missing PRE-PREPARE for REQUEST 1741323542381; ignoring PREPARE
[2025-03-07 13:59:06,316] [INFO] [30172] Received PREPARE: id:1741323542381, from:30063, delay:0.0000s, distance:131.18m (Euclidean)
[2025-03-07 13:59:06,316] [INFO] [30172] Missing PRE-PREPARE for REQUEST 1741323542381; ignoring PREPARE
[2025-03-07 13:59:06,327] [INFO] [30172] Received PREPARE: id:1741323542381, from:30119, delay:0.0002s, distance:283.22m (Euclidean)
[2025-03-07 13:59:06,327] [INFO] [30172] Missing PRE-PREPARE for REQUEST 1741323542381; ignoring PREPARE
[2025-03-07 13:59:06,383] [INFO] [30172] Received PREPARE: id:1741323542381, from:30128, delay:0.0001s, distance:209.39m (Euclidean)
[2025-03-07 13:59:06,383] [INFO] [30172] Missing PRE-PREPARE for REQUEST 1741323542381; ignoring PREPARE
[2025-03-07 13:59:06,420] [INFO] [30172] Received PREPARE: id:1741323542381, from:30147, delay:0.0001s, distance:179.91m (Euclidean)
[2025-03-07 13:59:06,420] [INFO] [30172] Missing PRE-PREPARE for REQUEST 1741323542381; ignoring PREPARE
[2025-03-07 13:59:06,422] [INFO] [30172] Received COMMIT: id:1741323542381, from:30029, delay:0.0001s, distance:208.33m (Euclidean)
[2025-03-07 13:59:06,436] [INFO] [30172] Received PREPARE: id:1741323542381, from:30106, delay:0.0001s, distance:222.54m (Euclidean)
[2025-03-07 13:59:06,436] [INFO] [30172] Missing PRE-PREPARE for REQUEST 1741323542381; ignoring PREPARE
[2025-03-07 13:59:06,450] [INFO] [30172] Received COMMIT: id:1741323542381, from:30147, delay:0.0001s, distance:179.91m (Euclidean)
[2025-03-07 13:59:06,492] [INFO] [30172] Received COMMIT: id:1741323542381, from:30015, delay:0.0001s, distance:205.82m (Euclidean)
[2025-03-07 13:59:06,492] [INFO] [30172] Received PREPARE: id:1741323542381, from:30181, delay:0.0001s, distance:244.13m (Euclidean)
[2025-03-07 13:59:06,492] [INFO] [30172] Missing PRE-PREPARE for REQUEST 1741323542381; ignoring PREPARE
[2025-03-07 13:59:06,562] [INFO] [30172] Received PREPARE: id:1741323542381, from:30098, delay:0.0000s, distance:57.73m (Euclidean)
[2025-03-07 13:59:06,562] [INFO] [30172] Missing PRE-PREPARE for REQUEST 1741323542381; ignoring PREPARE
[2025-03-07 13:59:06,594] [INFO] [30172] Received PREPARE: id:1741323542381, from:30127, delay:0.0001s, distance:207.80m (Euclidean)
[2025-03-07 13:59:06,594] [INFO] [30172] Missing PRE-PREPARE for REQUEST 1741323542381; ignoring PREPARE
[2025-03-07 13:59:06,710] [INFO] [30172] Received COMMIT: id:1741323542381, from:30128, delay:0.0001s, distance:209.39m (Euclidean)
[2025-03-07 13:59:06,710] [INFO] [30172] Received PREPARE: id:1741323542381, from:30053, delay:0.0001s, distance:203.13m (Euclidean)
[2025-03-07 13:59:06,710] [INFO] [30172] Missing PRE-PREPARE for REQUEST 1741323542381; ignoring PREPARE
[2025-03-07 13:59:06,722] [INFO] [30172] Received PREPARE: id:1741323542381, from:30065, delay:0.0002s, distance:257.16m (Euclidean)
[2025-03-07 13:59:06,722] [INFO] [30172] Missing PRE-PREPARE for REQUEST 1741323542381; ignoring PREPARE
[2025-03-07 13:59:06,722] [INFO] [30172] Received COMMIT: id:1741323542381, from:30063, delay:0.0000s, distance:131.18m (Euclidean)
[2025-03-07 13:59:06,760] [INFO] [30172] Received PREPARE: id:1741323542381, from:30107, delay:0.0001s, distance:247.92m (Euclidean)
[2025-03-07 13:59:06,760] [INFO] [30172] Missing PRE-PREPARE for REQUEST 1741323542381; ignoring PREPARE
[2025-03-07 13:59:06,819] [INFO] [30172] Received PREPARE: id:1741323542381, from:30113, delay:0.0000s, distance:198.95m (Euclidean)
[2025-03-07 13:59:06,819] [INFO] [30172] Missing PRE-PREPARE for REQUEST 1741323542381; ignoring PREPARE
[2025-03-07 13:59:06,825] [INFO] [30172] Received PREPARE: id:1741323542381, from:30020, delay:0.0001s, distance:223.59m (Euclidean)
[2025-03-07 13:59:06,825] [INFO] [30172] Missing PRE-PREPARE for REQUEST 1741323542381; ignoring PREPARE
[2025-03-07 13:59:06,842] [INFO] [30172] Received PREPARE: id:1741323542381, from:30096, delay:0.0000s, distance:59.13m (Euclidean)
[2025-03-07 13:59:06,842] [INFO] [30172] Missing PRE-PREPARE for REQUEST 1741323542381; ignoring PREPARE
[2025-03-07 13:59:06,862] [INFO] [30172] Received COMMIT: id:1741323542381, from:30098, delay:0.0000s, distance:57.73m (Euclidean)
[2025-03-07 13:59:06,872] [INFO] [30172] Received PREPARE: id:1741323542381, from:30110, delay:0.0000s, distance:93.43m (Euclidean)
[2025-03-07 13:59:06,872] [INFO] [30172] Missing PRE-PREPARE for REQUEST 1741323542381; ignoring PREPARE
[2025-03-07 13:59:06,872] [INFO] [30172] Received PREPARE: id:1741323542381, from:30056, delay:0.0000s, distance:113.55m (Euclidean)
[2025-03-07 13:59:06,872] [INFO] [30172] Missing PRE-PREPARE for REQUEST 1741323542381; ignoring PREPARE
[2025-03-07 13:59:06,878] [INFO] [30172] Received PREPARE: id:1741323542381, from:30150, delay:0.0000s, distance:116.59m (Euclidean)
[2025-03-07 13:59:06,878] [INFO] [30172] Missing PRE-PREPARE for REQUEST 1741323542381; ignoring PREPARE
[2025-03-07 13:59:06,942] [INFO] [30172] Received COMMIT: id:1741323542381, from:30119, delay:0.0002s, distance:283.22m (Euclidean)
[2025-03-07 13:59:06,942] [INFO] [30172] Received COMMIT: id:1741323542381, from:30056, delay:0.0000s, distance:113.55m (Euclidean)
[2025-03-07 13:59:06,942] [INFO] [30172] Received COMMIT: id:1741323542381, from:30013, delay:0.0000s, distance:119.43m (Euclidean)
[2025-03-07 13:59:06,942] [INFO] [30172] Received COMMIT: id:1741323542381, from:30053, delay:0.0001s, distance:203.13m (Euclidean)
[2025-03-07 13:59:06,973] [INFO] [30172] Received PREPARE: id:1741323542381, from:30024, delay:0.0002s, distance:282.00m (Euclidean)
[2025-03-07 13:59:06,975] [INFO] [30172] Missing PRE-PREPARE for REQUEST 1741323542381; ignoring PREPARE
[2025-03-07 13:59:06,975] [INFO] [30172] Received COMMIT: id:1741323542381, from:30024, delay:0.0002s, distance:282.00m (Euclidean)
[2025-03-07 13:59:07,020] [INFO] [30172] Received COMMIT: id:1741323542381, from:30106, delay:0.0001s, distance:222.54m (Euclidean)
[2025-03-07 13:59:07,020] [INFO] [30172] Received COMMIT: id:1741323542381, from:30109, delay:0.0001s, distance:159.11m (Euclidean)
[2025-03-07 13:59:07,020] [INFO] [30172] Received PREPARE: id:1741323542381, from:30130, delay:0.0001s, distance:229.25m (Euclidean)
[2025-03-07 13:59:07,020] [INFO] [30172] Missing PRE-PREPARE for REQUEST 1741323542381; ignoring PREPARE
[2025-03-07 13:59:07,052] [INFO] [30172] Received PREPARE: id:1741323542381, from:30102, delay:0.0000s, distance:149.33m (Euclidean)
[2025-03-07 13:59:07,052] [INFO] [30172] Missing PRE-PREPARE for REQUEST 1741323542381; ignoring PREPARE
[2025-03-07 13:59:07,057] [INFO] [30172] Received COMMIT: id:1741323542381, from:30113, delay:0.0000s, distance:198.95m (Euclidean)
[2025-03-07 13:59:07,057] [INFO] [30172] Received PREPARE: id:1741323542381, from:30005, delay:0.0002s, distance:286.99m (Euclidean)
[2025-03-07 13:59:07,057] [INFO] [30172] Missing PRE-PREPARE for REQUEST 1741323542381; ignoring PREPARE
[2025-03-07 13:59:07,057] [INFO] [30172] Received COMMIT: id:1741323542381, from:30005, delay:0.0002s, distance:286.99m (Euclidean)
[2025-03-07 13:59:07,057] [INFO] [30172] Received PREPARE: id:1741323542381, from:30179, delay:0.0002s, distance:255.23m (Euclidean)
[2025-03-07 13:59:07,057] [INFO] [30172] Missing PRE-PREPARE for REQUEST 1741323542381; ignoring PREPARE
[2025-03-07 13:59:07,066] [INFO] [30172] Received PREPARE: id:1741323542381, from:30199, delay:0.0001s, distance:164.49m (Euclidean)
[2025-03-07 13:59:07,066] [INFO] [30172] Missing PRE-PREPARE for REQUEST 1741323542381; ignoring PREPARE
[2025-03-07 13:59:07,074] [INFO] [30172] Received COMMIT: id:1741323542381, from:30110, delay:0.0000s, distance:93.43m (Euclidean)
[2025-03-07 13:59:07,174] [INFO] [30172] Received COMMIT: id:1741323542381, from:30065, delay:0.0002s, distance:257.16m (Euclidean)
[2025-03-07 13:59:07,184] [INFO] [30172] Received PREPARE: id:1741323542381, from:30062, delay:0.0001s, distance:240.54m (Euclidean)
[2025-03-07 13:59:07,184] [INFO] [30172] Missing PRE-PREPARE for REQUEST 1741323542381; ignoring PREPARE
[2025-03-07 13:59:07,239] [INFO] [30172] Received COMMIT: id:1741323542381, from:30102, delay:0.0000s, distance:149.33m (Euclidean)
[2025-03-07 13:59:07,286] [INFO] [30172] Received PREPARE: id:1741323542381, from:30070, delay:0.0001s, distance:235.94m (Euclidean)
[2025-03-07 13:59:07,286] [INFO] [30172] Missing PRE-PREPARE for REQUEST 1741323542381; ignoring PREPARE
[2025-03-07 13:59:07,297] [INFO] [30172] Received COMMIT: id:1741323542381, from:30150, delay:0.0000s, distance:116.59m (Euclidean)
[2025-03-07 13:59:07,305] [INFO] [30172] Received COMMIT: id:1741323542381, from:30062, delay:0.0001s, distance:240.54m (Euclidean)
[2025-03-07 13:59:07,331] [INFO] [30172] Received COMMIT: id:1741323542381, from:30059, delay:0.0000s, distance:72.01m (Euclidean)
[2025-03-07 13:59:07,335] [INFO] [30172] Received COMMIT: id:1741323542381, from:30090, delay:0.0000s, distance:145.52m (Euclidean)
[2025-03-07 13:59:07,341] [INFO] [30172] Received PREPARE: id:1741323542381, from:30089, delay:0.0001s, distance:225.33m (Euclidean)
[2025-03-07 13:59:07,341] [INFO] [30172] Missing PRE-PREPARE for REQUEST 1741323542381; ignoring PREPARE
[2025-03-07 13:59:07,368] [INFO] [30172] Received COMMIT: id:1741323542381, from:30127, delay:0.0001s, distance:207.80m (Euclidean)
[2025-03-07 13:59:07,379] [INFO] [30172] Received PREPARE: id:1741323542381, from:30092, delay:0.0001s, distance:198.50m (Euclidean)
[2025-03-07 13:59:07,379] [INFO] [30172] Missing PRE-PREPARE for REQUEST 1741323542381; ignoring PREPARE
[2025-03-07 13:59:07,439] [INFO] [30172] Received COMMIT: id:1741323542381, from:30176, delay:0.0001s, distance:217.61m (Euclidean)
[2025-03-07 13:59:07,463] [INFO] [30172] Received COMMIT: id:1741323542381, from:30179, delay:0.0002s, distance:255.23m (Euclidean)
[2025-03-07 13:59:07,500] [INFO] [30172] Received PREPARE: id:1741323542381, from:30120, delay:0.0001s, distance:220.60m (Euclidean)
[2025-03-07 13:59:07,500] [INFO] [30172] Missing PRE-PREPARE for REQUEST 1741323542381; ignoring PREPARE
[2025-03-07 13:59:07,500] [INFO] [30172] Received COMMIT: id:1741323542381, from:30181, delay:0.0001s, distance:244.13m (Euclidean)
[2025-03-07 13:59:07,526] [INFO] [30172] Received COMMIT: id:1741323542381, from:30107, delay:0.0001s, distance:247.92m (Euclidean)
[2025-03-07 13:59:07,604] [INFO] [30172] Received PREPARE: id:1741323542381, from:30048, delay:0.0000s, distance:173.45m (Euclidean)
[2025-03-07 13:59:07,604] [INFO] [30172] Missing PRE-PREPARE for REQUEST 1741323542381; ignoring PREPARE
[2025-03-07 13:59:07,604] [INFO] [30172] Received COMMIT: id:1741323542381, from:30020, delay:0.0001s, distance:223.59m (Euclidean)
[2025-03-07 13:59:07,604] [INFO] [30172] Received COMMIT: id:1741323542381, from:30048, delay:0.0000s, distance:173.45m (Euclidean)
[2025-03-07 13:59:07,669] [INFO] [30172] Received COMMIT: id:1741323542381, from:30130, delay:0.0001s, distance:229.25m (Euclidean)
[2025-03-07 13:59:07,777] [INFO] [30172] Received PREPARE: id:1741323542381, from:30133, delay:0.0001s, distance:223.39m (Euclidean)
[2025-03-07 13:59:07,777] [INFO] [30172] Missing PRE-PREPARE for REQUEST 1741323542381; ignoring PREPARE
[2025-03-07 13:59:07,822] [INFO] [30172] Received COMMIT: id:1741323542381, from:30070, delay:0.0001s, distance:235.94m (Euclidean)
[2025-03-07 13:59:07,822] [INFO] [30172] Received PREPARE: id:1741323542381, from:30049, delay:0.0001s, distance:211.35m (Euclidean)
[2025-03-07 13:59:07,822] [INFO] [30172] Missing PRE-PREPARE for REQUEST 1741323542381; ignoring PREPARE
[2025-03-07 13:59:07,825] [INFO] [30172] Received COMMIT: id:1741323542381, from:30049, delay:0.0001s, distance:211.35m (Euclidean)
[2025-03-07 13:59:07,935] [INFO] [30172] Received PREPARE: id:1741323542381, from:30191, delay:0.0002s, distance:272.18m (Euclidean)
[2025-03-07 13:59:07,935] [INFO] [30172] Missing PRE-PREPARE for REQUEST 1741323542381; ignoring PREPARE
[2025-03-07 13:59:07,971] [INFO] [30172] Received PREPARE: id:1741323542381, from:30168, delay:0.0002s, distance:281.22m (Euclidean)
[2025-03-07 13:59:07,971] [INFO] [30172] Missing PRE-PREPARE for REQUEST 1741323542381; ignoring PREPARE
[2025-03-07 13:59:07,989] [INFO] [30172] Received COMMIT: id:1741323542381, from:30023, delay:0.0001s, distance:243.29m (Euclidean)
[2025-03-07 13:59:08,109] [INFO] [30172] Received PREPARE: id:1741323542381, from:30177, delay:0.0001s, distance:247.27m (Euclidean)
[2025-03-07 13:59:08,109] [INFO] [30172] Missing PRE-PREPARE for REQUEST 1741323542381; ignoring PREPARE
[2025-03-07 13:59:08,129] [INFO] [30172] Received COMMIT: id:1741323542381, from:30092, delay:0.0001s, distance:198.50m (Euclidean)
[2025-03-07 13:59:08,174] [INFO] [30172] Received COMMIT: id:1741323542381, from:30118, delay:0.0001s, distance:151.74m (Euclidean)
[2025-03-07 13:59:08,222] [INFO] [30172] Received COMMIT: id:1741323542381, from:30089, delay:0.0001s, distance:225.33m (Euclidean)
[2025-03-07 13:59:08,262] [INFO] [30172] Received COMMIT: id:1741323542381, from:30199, delay:0.0001s, distance:164.49m (Euclidean)
[2025-03-07 13:59:08,298] [INFO] [30172] Received PREPARE: id:1741323542381, from:30060, delay:0.0001s, distance:201.32m (Euclidean)
[2025-03-07 13:59:08,298] [INFO] [30172] Missing PRE-PREPARE for REQUEST 1741323542381; ignoring PREPARE
[2025-03-07 13:59:08,299] [INFO] [30172] Received COMMIT: id:1741323542381, from:30060, delay:0.0001s, distance:201.32m (Euclidean)
[2025-03-07 13:59:08,331] [INFO] [30172] Received COMMIT: id:1741323542381, from:30133, delay:0.0001s, distance:223.39m (Euclidean)
[2025-03-07 13:59:08,347] [INFO] [30172] Received COMMIT: id:1741323542381, from:30168, delay:0.0002s, distance:281.22m (Euclidean)
[2025-03-07 13:59:08,380] [INFO] [30172] Received COMMIT: id:1741323542381, from:30120, delay:0.0001s, distance:220.60m (Euclidean)
[2025-03-07 13:59:08,420] [INFO] [30172] Received COMMIT: id:1741323542381, from:30189, delay:0.0002s, distance:291.49m (Euclidean)
[2025-03-07 13:59:08,420] [INFO] [30172] Received PREPARE: id:1741323542381, from:30027, delay:0.0002s, distance:291.64m (Euclidean)
[2025-03-07 13:59:08,420] [INFO] [30172] Missing PRE-PREPARE for REQUEST 1741323542381; ignoring PREPARE
[2025-03-07 13:59:08,422] [INFO] [30172] Received COMMIT: id:1741323542381, from:30027, delay:0.0002s, distance:291.64m (Euclidean)
[2025-03-07 13:59:08,612] [INFO] [30172] Received PREPARE: id:1741323542381, from:30190, delay:0.0001s, distance:185.34m (Euclidean)
[2025-03-07 13:59:08,612] [INFO] [30172] Missing PRE-PREPARE for REQUEST 1741323542381; ignoring PREPARE
[2025-03-07 13:59:08,616] [INFO] [30172] Received COMMIT: id:1741323542381, from:30190, delay:0.0001s, distance:185.34m (Euclidean)
[2025-03-07 13:59:08,808] [INFO] [30172] Received COMMIT: id:1741323542381, from:30177, delay:0.0001s, distance:247.27m (Euclidean)
[2025-03-07 13:59:08,844] [INFO] [30172] Received PREPARE: id:1741323542381, from:30170, delay:0.0000s, distance:78.89m (Euclidean)
[2025-03-07 13:59:08,844] [INFO] [30172] Missing PRE-PREPARE for REQUEST 1741323542381; ignoring PREPARE
[2025-03-07 13:59:08,891] [INFO] [30172] Received COMMIT: id:1741323542381, from:30191, delay:0.0002s, distance:272.18m (Euclidean)
[2025-03-07 13:59:08,891] [INFO] [30172] Received COMMIT: id:1741323542381, from:30170, delay:0.0000s, distance:78.89m (Euclidean)
[2025-03-07 13:59:08,917] [INFO] [30172] Received PREPARE: id:1741323542381, from:30157, delay:0.0001s, distance:226.73m (Euclidean)
[2025-03-07 13:59:08,917] [INFO] [30172] Missing PRE-PREPARE for REQUEST 1741323542381; ignoring PREPARE
[2025-03-07 13:59:08,917] [INFO] [30172] Received COMMIT: id:1741323542381, from:30157, delay:0.0001s, distance:226.73m (Euclidean)
[2025-03-07 13:59:08,980] [INFO] [30172] Received PREPARE: id:1741323542381, from:30035, delay:0.0001s, distance:230.73m (Euclidean)
[2025-03-07 13:59:08,980] [INFO] [30172] Missing PRE-PREPARE for REQUEST 1741323542381; ignoring PREPARE
[2025-03-07 13:59:08,980] [INFO] [30172] Received COMMIT: id:1741323542381, from:30035, delay:0.0001s, distance:230.73m (Euclidean)
[2025-03-07 13:59:09,058] [INFO] [30172] Received PREPARE: id:1741323542381, from:30076, delay:0.0002s, distance:290.52m (Euclidean)
[2025-03-07 13:59:09,058] [INFO] [30172] Missing PRE-PREPARE for REQUEST 1741323542381; ignoring PREPARE
[2025-03-07 13:59:09,058] [INFO] [30172] Received COMMIT: id:1741323542381, from:30076, delay:0.0002s, distance:290.52m (Euclidean)
[2025-03-07 13:59:09,067] [INFO] [30172] Received PREPARE: id:1741323542381, from:30025, delay:0.0000s, distance:135.40m (Euclidean)
[2025-03-07 13:59:09,067] [INFO] [30172] Missing PRE-PREPARE for REQUEST 1741323542381; ignoring PREPARE
[2025-03-07 13:59:09,071] [INFO] [30172] Received COMMIT: id:1741323542381, from:30025, delay:0.0000s, distance:135.40m (Euclidean)
[2025-03-07 13:59:09,246] [INFO] [30172] Received PREPARE: id:1741323542381, from:30124, delay:0.0000s, distance:88.22m (Euclidean)
[2025-03-07 13:59:09,246] [INFO] [30172] Missing PRE-PREPARE for REQUEST 1741323542381; ignoring PREPARE
[2025-03-07 13:59:09,260] [INFO] [30172] Received COMMIT: id:1741323542381, from:30124, delay:0.0000s, distance:88.22m (Euclidean)
[2025-03-07 13:59:09,288] [INFO] [30172] Received PREPARE: id:1741323542381, from:30103, delay:0.0000s, distance:174.16m (Euclidean)
[2025-03-07 13:59:09,288] [INFO] [30172] Missing PRE-PREPARE for REQUEST 1741323542381; ignoring PREPARE
[2025-03-07 13:59:09,288] [INFO] [30172] Received COMMIT: id:1741323542381, from:30103, delay:0.0000s, distance:174.16m (Euclidean)
[2025-03-07 13:59:09,448] [INFO] [30172] Received PREPARE: id:1741323542381, from:30158, delay:0.0000s, distance:134.88m (Euclidean)
[2025-03-07 13:59:09,448] [INFO] [30172] Missing PRE-PREPARE for REQUEST 1741323542381; ignoring PREPARE
[2025-03-07 13:59:09,512] [INFO] [30172] Received COMMIT: id:1741323542381, from:30158, delay:0.0000s, distance:134.88m (Euclidean)
[2025-03-07 13:59:09,512] [INFO] [30172] Received PREPARE: id:1741323542381, from:30057, delay:0.0001s, distance:185.25m (Euclidean)
[2025-03-07 13:59:09,512] [INFO] [30172] Missing PRE-PREPARE for REQUEST 1741323542381; ignoring PREPARE
[2025-03-07 13:59:09,512] [INFO] [30172] Received PREPARE: id:1741323542381, from:30046, delay:0.0001s, distance:232.69m (Euclidean)
[2025-03-07 13:59:09,512] [INFO] [30172] Missing PRE-PREPARE for REQUEST 1741323542381; ignoring PREPARE
[2025-03-07 13:59:09,512] [INFO] [30172] Received COMMIT: id:1741323542381, from:30057, delay:0.0001s, distance:185.25m (Euclidean)
[2025-03-07 13:59:09,512] [INFO] [30172] Received COMMIT: id:1741323542381, from:30046, delay:0.0001s, distance:232.69m (Euclidean)
[2025-03-07 13:59:09,569] [INFO] [30172] Received PREPARE: id:1741323542381, from:30115, delay:0.0001s, distance:234.75m (Euclidean)
[2025-03-07 13:59:09,569] [INFO] [30172] Missing PRE-PREPARE for REQUEST 1741323542381; ignoring PREPARE
[2025-03-07 13:59:09,569] [INFO] [30172] Received COMMIT: id:1741323542381, from:30115, delay:0.0001s, distance:234.75m (Euclidean)
[2025-03-07 13:59:09,673] [INFO] [30172] Received PREPARE: id:1741323542381, from:30180, delay:0.0001s, distance:247.86m (Euclidean)
[2025-03-07 13:59:09,673] [INFO] [30172] Missing PRE-PREPARE for REQUEST 1741323542381; ignoring PREPARE
[2025-03-07 13:59:09,673] [INFO] [30172] Received COMMIT: id:1741323542381, from:30129, delay:0.0000s, distance:190.43m (Euclidean)
[2025-03-07 13:59:09,673] [INFO] [30172] Received COMMIT: id:1741323542381, from:30180, delay:0.0001s, distance:247.86m (Euclidean)
[2025-03-07 13:59:09,673] [INFO] [30172] Received PREPARE: id:1741323542381, from:30129, delay:0.0000s, distance:190.43m (Euclidean)
[2025-03-07 13:59:09,686] [INFO] [30172] Missing PRE-PREPARE for REQUEST 1741323542381; ignoring PREPARE
[2025-03-07 13:59:09,811] [INFO] [30172] Received PREPARE: id:1741323542381, from:30093, delay:0.0001s, distance:177.85m (Euclidean)
[2025-03-07 13:59:09,811] [INFO] [30172] Missing PRE-PREPARE for REQUEST 1741323542381; ignoring PREPARE
[2025-03-07 13:59:09,811] [INFO] [30172] Received COMMIT: id:1741323542381, from:30093, delay:0.0001s, distance:177.85m (Euclidean)
[2025-03-07 13:59:09,811] [INFO] [30172] Received PREPARE: id:1741323542381, from:30108, delay:0.0001s, distance:220.11m (Euclidean)
[2025-03-07 13:59:09,811] [INFO] [30172] Missing PRE-PREPARE for REQUEST 1741323542381; ignoring PREPARE
[2025-03-07 13:59:09,811] [INFO] [30172] Received PREPARE: id:1741323542381, from:30161, delay:0.0000s, distance:175.01m (Euclidean)
[2025-03-07 13:59:09,811] [INFO] [30172] Missing PRE-PREPARE for REQUEST 1741323542381; ignoring PREPARE
[2025-03-07 13:59:09,811] [INFO] [30172] Received COMMIT: id:1741323542381, from:30108, delay:0.0001s, distance:220.11m (Euclidean)
[2025-03-07 13:59:09,811] [INFO] [30172] Received COMMIT: id:1741323542381, from:30161, delay:0.0000s, distance:175.01m (Euclidean)
[2025-03-07 13:59:09,861] [INFO] [30172] Received PREPARE: id:1741323542381, from:30154, delay:0.0001s, distance:207.09m (Euclidean)
[2025-03-07 13:59:09,862] [INFO] [30172] Missing PRE-PREPARE for REQUEST 1741323542381; ignoring PREPARE
[2025-03-07 13:59:09,862] [INFO] [30172] Received PREPARE: id:1741323542381, from:30171, delay:0.0001s, distance:219.72m (Euclidean)
[2025-03-07 13:59:09,862] [INFO] [30172] Missing PRE-PREPARE for REQUEST 1741323542381; ignoring PREPARE
[2025-03-07 13:59:09,862] [INFO] [30172] Received COMMIT: id:1741323542381, from:30154, delay:0.0001s, distance:207.09m (Euclidean)
[2025-03-07 13:59:09,862] [INFO] [30172] Received COMMIT: id:1741323542381, from:30171, delay:0.0001s, distance:219.72m (Euclidean)
[2025-03-07 13:59:10,057] [INFO] [30172] Received PREPARE: id:1741323542381, from:30169, delay:0.0000s, distance:143.62m (Euclidean)
[2025-03-07 13:59:10,057] [INFO] [30172] Missing PRE-PREPARE for REQUEST 1741323542381; ignoring PREPARE
[2025-03-07 13:59:10,057] [INFO] [30172] Received COMMIT: id:1741323542381, from:30169, delay:0.0000s, distance:143.62m (Euclidean)
[2025-03-07 13:59:10,164] [INFO] [30172] Received PREPARE: id:1741323542381, from:30149, delay:0.0001s, distance:201.66m (Euclidean)
[2025-03-07 13:59:10,164] [INFO] [30172] Missing PRE-PREPARE for REQUEST 1741323542381; ignoring PREPARE
[2025-03-07 13:59:10,164] [INFO] [30172] Received PREPARE: id:1741323542381, from:30136, delay:0.0001s, distance:211.91m (Euclidean)
[2025-03-07 13:59:10,166] [INFO] [30172] Missing PRE-PREPARE for REQUEST 1741323542381; ignoring PREPARE
[2025-03-07 13:59:10,166] [INFO] [30172] Received COMMIT: id:1741323542381, from:30136, delay:0.0001s, distance:211.91m (Euclidean)
[2025-03-07 13:59:10,166] [INFO] [30172] Received COMMIT: id:1741323542381, from:30149, delay:0.0001s, distance:201.66m (Euclidean)
[2025-03-07 13:59:10,200] [INFO] [30172] Received PREPARE: id:1741323542381, from:30112, delay:0.0001s, distance:175.57m (Euclidean)
[2025-03-07 13:59:10,200] [INFO] [30172] Missing PRE-PREPARE for REQUEST 1741323542381; ignoring PREPARE
[2025-03-07 13:59:10,200] [INFO] [30172] Received COMMIT: id:1741323542381, from:30112, delay:0.0001s, distance:175.57m (Euclidean)
[2025-03-07 13:59:10,303] [INFO] [30172] Received PREPARE: id:1741323542381, from:30074, delay:0.0001s, distance:183.13m (Euclidean)
[2025-03-07 13:59:10,303] [INFO] [30172] Missing PRE-PREPARE for REQUEST 1741323542381; ignoring PREPARE
[2025-03-07 13:59:10,303] [INFO] [30172] Received COMMIT: id:1741323542381, from:30074, delay:0.0001s, distance:183.13m (Euclidean)
[2025-03-07 13:59:10,398] [INFO] [30172] Received PREPARE: id:1741323542381, from:30041, delay:0.0001s, distance:212.67m (Euclidean)
[2025-03-07 13:59:10,398] [INFO] [30172] Missing PRE-PREPARE for REQUEST 1741323542381; ignoring PREPARE
[2025-03-07 13:59:10,398] [INFO] [30172] Received COMMIT: id:1741323542381, from:30041, delay:0.0001s, distance:212.67m (Euclidean)
[2025-03-07 13:59:10,516] [INFO] [30172] Received COMMIT: id:1741323542381, from:30096, delay:0.0000s, distance:59.13m (Euclidean)
[2025-03-07 13:59:10,695] [INFO] [30172] Received PREPARE: id:1741323542381, from:30021, delay:0.0000s, distance:133.30m (Euclidean)
[2025-03-07 13:59:10,695] [INFO] [30172] Missing PRE-PREPARE for REQUEST 1741323542381; ignoring PREPARE
[2025-03-07 13:59:10,695] [INFO] [30172] Received COMMIT: id:1741323542381, from:30021, delay:0.0000s, distance:133.30m (Euclidean)
[2025-03-07 13:59:10,817] [INFO] [30172] Received PREPARE: id:1741323542381, from:30095, delay:0.0000s, distance:60.79m (Euclidean)
[2025-03-07 13:59:10,817] [INFO] [30172] Missing PRE-PREPARE for REQUEST 1741323542381; ignoring PREPARE
[2025-03-07 13:59:10,817] [INFO] [30172] Received COMMIT: id:1741323542381, from:30095, delay:0.0000s, distance:60.79m (Euclidean)
[2025-03-07 13:59:10,968] [INFO] [30172] Received PREPARE: id:1741323542381, from:30174, delay:0.0002s, distance:278.73m (Euclidean)
[2025-03-07 13:59:10,968] [INFO] [30172] Missing PRE-PREPARE for REQUEST 1741323542381; ignoring PREPARE
[2025-03-07 13:59:10,977] [INFO] [30172] Received PREPARE: id:1741323542381, from:30051, delay:0.0001s, distance:247.16m (Euclidean)
[2025-03-07 13:59:10,977] [INFO] [30172] Missing PRE-PREPARE for REQUEST 1741323542381; ignoring PREPARE
[2025-03-07 13:59:10,977] [INFO] [30172] Received COMMIT: id:1741323542381, from:30051, delay:0.0001s, distance:247.16m (Euclidean)
[2025-03-07 13:59:11,148] [INFO] [30172] Received COMMIT: id:1741323542381, from:30174, delay:0.0002s, distance:278.73m (Euclidean)
[2025-03-07 13:59:11,173] [INFO] [30172] Received PREPARE: id:1741323542381, from:30182, delay:0.0002s, distance:259.69m (Euclidean)
[2025-03-07 13:59:11,173] [INFO] [30172] Missing PRE-PREPARE for REQUEST 1741323542381; ignoring PREPARE
[2025-03-07 13:59:11,173] [INFO] [30172] Received COMMIT: id:1741323542381, from:30182, delay:0.0002s, distance:259.69m (Euclidean)
[2025-03-07 13:59:11,267] [INFO] [30172] Received PREPARE: id:1741323542381, from:30007, delay:0.0000s, distance:193.36m (Euclidean)
[2025-03-07 13:59:11,267] [INFO] [30172] Missing PRE-PREPARE for REQUEST 1741323542381; ignoring PREPARE
[2025-03-07 13:59:11,269] [INFO] [30172] Received COMMIT: id:1741323542381, from:30007, delay:0.0000s, distance:193.36m (Euclidean)
[2025-03-07 13:59:11,269] [INFO] [30172] Received PREPARE: id:1741323542381, from:30195, delay:0.0001s, distance:236.58m (Euclidean)
[2025-03-07 13:59:11,269] [INFO] [30172] Missing PRE-PREPARE for REQUEST 1741323542381; ignoring PREPARE
[2025-03-07 13:59:11,269] [INFO] [30172] Received COMMIT: id:1741323542381, from:30195, delay:0.0001s, distance:236.58m (Euclidean)
[2025-03-07 13:59:11,441] [INFO] [30172] Received PREPARE: id:1741323542381, from:30178, delay:0.0001s, distance:201.03m (Euclidean)
[2025-03-07 13:59:11,441] [INFO] [30172] Missing PRE-PREPARE for REQUEST 1741323542381; ignoring PREPARE
[2025-03-07 13:59:11,443] [INFO] [30172] Received COMMIT: id:1741323542381, from:30178, delay:0.0001s, distance:201.03m (Euclidean)
[2025-03-07 13:59:11,453] [INFO] [30172] Received PREPARE: id:1741323542381, from:30116, delay:0.0000s, distance:89.27m (Euclidean)
[2025-03-07 13:59:11,453] [INFO] [30172] Missing PRE-PREPARE for REQUEST 1741323542381; ignoring PREPARE
[2025-03-07 13:59:11,459] [INFO] [30172] Received COMMIT: id:1741323542381, from:30116, delay:0.0000s, distance:89.27m (Euclidean)
[2025-03-07 13:59:11,782] [INFO] [30172] Received PREPARE: id:1741323542381, from:30175, delay:0.0000s, distance:122.65m (Euclidean)
[2025-03-07 13:59:11,782] [INFO] [30172] Missing PRE-PREPARE for REQUEST 1741323542381; ignoring PREPARE
[2025-03-07 13:59:11,784] [INFO] [30172] Received COMMIT: id:1741323542381, from:30175, delay:0.0000s, distance:122.65m (Euclidean)
[2025-03-07 13:59:12,179] [INFO] [30172] Received PREPARE: id:1741323542381, from:30054, delay:0.0001s, distance:248.02m (Euclidean)
[2025-03-07 13:59:12,179] [INFO] [30172] Missing PRE-PREPARE for REQUEST 1741323542381; ignoring PREPARE
[2025-03-07 13:59:12,179] [INFO] [30172] Received COMMIT: id:1741323542381, from:30054, delay:0.0001s, distance:248.02m (Euclidean)
[2025-03-07 13:59:12,278] [INFO] [30172] Received PREPARE: id:1741323542381, from:30043, delay:0.0001s, distance:212.07m (Euclidean)
[2025-03-07 13:59:12,278] [INFO] [30172] Missing PRE-PREPARE for REQUEST 1741323542381; ignoring PREPARE
[2025-03-07 13:59:12,278] [INFO] [30172] Received COMMIT: id:1741323542381, from:30043, delay:0.0001s, distance:212.07m (Euclidean)
[2025-03-07 13:59:12,336] [INFO] [30172] Received PREPARE: id:1741323542381, from:30066, delay:0.0000s, distance:97.35m (Euclidean)
[2025-03-07 13:59:12,336] [INFO] [30172] Missing PRE-PREPARE for REQUEST 1741323542381; ignoring PREPARE
[2025-03-07 13:59:12,336] [INFO] [30172] Received COMMIT: id:1741323542381, from:30066, delay:0.0000s, distance:97.35m (Euclidean)
[2025-03-07 13:59:12,462] [INFO] [30172] Received PREPARE: id:1741323542381, from:30085, delay:0.0000s, distance:89.68m (Euclidean)
[2025-03-07 13:59:12,462] [INFO] [30172] Missing PRE-PREPARE for REQUEST 1741323542381; ignoring PREPARE
[2025-03-07 13:59:12,470] [INFO] [30172] Received COMMIT: id:1741323542381, from:30085, delay:0.0000s, distance:89.68m (Euclidean)
[2025-03-07 13:59:12,592] [INFO] [30172] Received PREPARE: id:1741323542381, from:30111, delay:0.0000s, distance:123.28m (Euclidean)
[2025-03-07 13:59:12,592] [INFO] [30172] Missing PRE-PREPARE for REQUEST 1741323542381; ignoring PREPARE
[2025-03-07 13:59:12,592] [INFO] [30172] Received COMMIT: id:1741323542381, from:30111, delay:0.0000s, distance:123.28m (Euclidean)
[2025-03-07 13:59:12,708] [INFO] [30172] Received PREPARE: id:1741323542381, from:30040, delay:0.0002s, distance:278.80m (Euclidean)
[2025-03-07 13:59:12,708] [INFO] [30172] Missing PRE-PREPARE for REQUEST 1741323542381; ignoring PREPARE
[2025-03-07 13:59:12,710] [INFO] [30172] Received COMMIT: id:1741323542381, from:30040, delay:0.0002s, distance:278.80m (Euclidean)
[2025-03-07 13:59:13,036] [INFO] [30172] Received PREPARE: id:1741323542381, from:30138, delay:0.0000s, distance:100.75m (Euclidean)
[2025-03-07 13:59:13,036] [INFO] [30172] Missing PRE-PREPARE for REQUEST 1741323542381; ignoring PREPARE
[2025-03-07 13:59:13,591] [INFO] [30172] Received PREPARE: id:1741323542381, from:30146, delay:0.0001s, distance:162.92m (Euclidean)
[2025-03-07 13:59:13,591] [INFO] [30172] Missing PRE-PREPARE for REQUEST 1741323542381; ignoring PREPARE
[2025-03-07 13:59:15,011] [INFO] [30172] Received COMMIT: id:1741323542381, from:30146, delay:0.0001s, distance:162.92m (Euclidean)
[2025-03-07 13:59:15,229] [INFO] [30172] Received COMMIT: id:1741323542381, from:30138, delay:0.0000s, distance:100.75m (Euclidean)
[2025-03-07 13:59:15,891] [INFO] [30172] Received PREPARE: id:1741323542381, from:30125, delay:0.0001s, distance:209.09m (Euclidean)
[2025-03-07 13:59:15,891] [INFO] [30172] Missing PRE-PREPARE for REQUEST 1741323542381; ignoring PREPARE
[2025-03-07 13:59:15,917] [INFO] [30172] Received COMMIT: id:1741323542381, from:30125, delay:0.0001s, distance:209.09m (Euclidean)
[2025-03-07 13:59:16,102] [INFO] [30172] Received PREPARE: id:1741323542381, from:30086, delay:0.0002s, distance:283.82m (Euclidean)
[2025-03-07 13:59:16,102] [INFO] [30172] Missing PRE-PREPARE for REQUEST 1741323542381; ignoring PREPARE
[2025-03-07 13:59:16,102] [INFO] [30172] Received COMMIT: id:1741323542381, from:30086, delay:0.0002s, distance:283.82m (Euclidean)
[2025-03-07 13:59:16,211] [INFO] [30172] Received PREPARE: id:1741323542381, from:30194, delay:0.0001s, distance:228.31m (Euclidean)
[2025-03-07 13:59:16,211] [INFO] [30172] Missing PRE-PREPARE for REQUEST 1741323542381; ignoring PREPARE
[2025-03-07 13:59:16,211] [INFO] [30172] Received COMMIT: id:1741323542381, from:30194, delay:0.0001s, distance:228.31m (Euclidean)
[2025-03-07 13:59:16,278] [INFO] [30172] Received PREPARE: id:1741323542381, from:30088, delay:0.0000s, distance:42.48m (Euclidean)
[2025-03-07 13:59:16,278] [INFO] [30172] Missing PRE-PREPARE for REQUEST 1741323542381; ignoring PREPARE
[2025-03-07 13:59:16,535] [INFO] [30172] Received PREPARE: id:1741323542381, from:30114, delay:0.0001s, distance:197.75m (Euclidean)
[2025-03-07 13:59:16,535] [INFO] [30172] Missing PRE-PREPARE for REQUEST 1741323542381; ignoring PREPARE
[2025-03-07 13:59:16,544] [INFO] [30172] Received COMMIT: id:1741323542381, from:30114, delay:0.0001s, distance:197.75m (Euclidean)
[2025-03-07 13:59:16,786] [INFO] [30172] Received PREPARE: id:1741323542381, from:30094, delay:0.0000s, distance:84.22m (Euclidean)
[2025-03-07 13:59:16,788] [INFO] [30172] Missing PRE-PREPARE for REQUEST 1741323542381; ignoring PREPARE
[2025-03-07 13:59:16,788] [INFO] [30172] Received COMMIT: id:1741323542381, from:30094, delay:0.0000s, distance:84.22m (Euclidean)
[2025-03-07 13:59:17,001] [INFO] [30172] Received PREPARE: id:1741323542381, from:30061, delay:0.0001s, distance:227.71m (Euclidean)
[2025-03-07 13:59:17,001] [INFO] [30172] Missing PRE-PREPARE for REQUEST 1741323542381; ignoring PREPARE
[2025-03-07 13:59:17,003] [INFO] [30172] Received COMMIT: id:1741323542381, from:30061, delay:0.0001s, distance:227.71m (Euclidean)
[2025-03-07 13:59:17,365] [INFO] [30172] Received PREPARE: id:1741323542381, from:30081, delay:0.0002s, distance:272.90m (Euclidean)
[2025-03-07 13:59:17,365] [INFO] [30172] Missing PRE-PREPARE for REQUEST 1741323542381; ignoring PREPARE
[2025-03-07 13:59:17,365] [INFO] [30172] Received COMMIT: id:1741323542381, from:30081, delay:0.0002s, distance:272.90m (Euclidean)
[2025-03-07 13:59:17,400] [INFO] [30172] Received PREPARE: id:1741323542381, from:30135, delay:0.0000s, distance:131.72m (Euclidean)
[2025-03-07 13:59:17,400] [INFO] [30172] Missing PRE-PREPARE for REQUEST 1741323542381; ignoring PREPARE
[2025-03-07 13:59:17,400] [INFO] [30172] Received COMMIT: id:1741323542381, from:30135, delay:0.0000s, distance:131.72m (Euclidean)
[2025-03-07 13:59:17,538] [INFO] [30172] Received PREPARE: id:1741323542381, from:30117, delay:0.0002s, distance:273.60m (Euclidean)
[2025-03-07 13:59:17,538] [INFO] [30172] Missing PRE-PREPARE for REQUEST 1741323542381; ignoring PREPARE
[2025-03-07 13:59:17,539] [INFO] [30172] Received COMMIT: id:1741323542381, from:30117, delay:0.0002s, distance:273.60m (Euclidean)
[2025-03-07 13:59:17,642] [INFO] [30172] Received COMMIT: id:1741323542381, from:30088, delay:0.0000s, distance:42.48m (Euclidean)
[2025-03-07 13:59:18,099] [INFO] [30172] Received PREPARE: id:1741323542381, from:30087, delay:0.0001s, distance:203.15m (Euclidean)
[2025-03-07 13:59:18,099] [INFO] [30172] Missing PRE-PREPARE for REQUEST 1741323542381; ignoring PREPARE
[2025-03-07 13:59:18,106] [INFO] [30172] Received COMMIT: id:1741323542381, from:30087, delay:0.0001s, distance:203.15m (Euclidean)
[2025-03-07 13:59:18,201] [INFO] [30172] Received PREPARE: id:1741323542381, from:30132, delay:0.0001s, distance:211.47m (Euclidean)
[2025-03-07 13:59:18,201] [INFO] [30172] Missing PRE-PREPARE for REQUEST 1741323542381; ignoring PREPARE
[2025-03-07 13:59:18,201] [INFO] [30172] Received COMMIT: id:1741323542381, from:30132, delay:0.0001s, distance:211.47m (Euclidean)
[2025-03-07 13:59:18,241] [INFO] [30172] Received PREPARE: id:1741323542381, from:30031, delay:0.0002s, distance:250.75m (Euclidean)
[2025-03-07 13:59:18,241] [INFO] [30172] Missing PRE-PREPARE for REQUEST 1741323542381; ignoring PREPARE
[2025-03-07 13:59:18,241] [INFO] [30172] Received COMMIT: id:1741323542381, from:30031, delay:0.0002s, distance:250.75m (Euclidean)
[2025-03-07 13:59:18,474] [INFO] [30172] Received PREPARE: id:1741323542381, from:30139, delay:0.0000s, distance:148.67m (Euclidean)
[2025-03-07 13:59:18,474] [INFO] [30172] Missing PRE-PREPARE for REQUEST 1741323542381; ignoring PREPARE
[2025-03-07 13:59:18,475] [INFO] [30172] Received COMMIT: id:1741323542381, from:30139, delay:0.0000s, distance:148.67m (Euclidean)
[2025-03-07 13:59:18,783] [INFO] [30172] Received PREPARE: id:1741323542381, from:30003, delay:0.0002s, distance:260.20m (Euclidean)
[2025-03-07 13:59:18,783] [INFO] [30172] Missing PRE-PREPARE for REQUEST 1741323542381; ignoring PREPARE
[2025-03-07 13:59:18,783] [INFO] [30172] Received COMMIT: id:1741323542381, from:30003, delay:0.0002s, distance:260.20m (Euclidean)
[2025-03-07 13:59:18,878] [INFO] [30172] Received PREPARE: id:1741323542381, from:30166, delay:0.0000s, distance:126.82m (Euclidean)
[2025-03-07 13:59:18,887] [INFO] [30172] Missing PRE-PREPARE for REQUEST 1741323542381; ignoring PREPARE
[2025-03-07 13:59:18,888] [INFO] [30172] Received COMMIT: id:1741323542381, from:30166, delay:0.0000s, distance:126.82m (Euclidean)
[2025-03-07 13:59:19,023] [INFO] [30172] Received PREPARE: id:1741323542381, from:30091, delay:0.0000s, distance:112.90m (Euclidean)
[2025-03-07 13:59:19,023] [INFO] [30172] Missing PRE-PREPARE for REQUEST 1741323542381; ignoring PREPARE
[2025-03-07 13:59:19,024] [INFO] [30172] Received COMMIT: id:1741323542381, from:30091, delay:0.0000s, distance:112.90m (Euclidean)
[2025-03-07 13:59:19,056] [INFO] [30172] Received PREPARE: id:1741323542381, from:30034, delay:0.0000s, distance:188.73m (Euclidean)
[2025-03-07 13:59:19,056] [INFO] [30172] Missing PRE-PREPARE for REQUEST 1741323542381; ignoring PREPARE
[2025-03-07 13:59:19,056] [INFO] [30172] Received COMMIT: id:1741323542381, from:30034, delay:0.0000s, distance:188.73m (Euclidean)
[2025-03-07 13:59:19,066] [INFO] [30172] Received PREPARE: id:1741323542381, from:30152, delay:0.0000s, distance:116.10m (Euclidean)
[2025-03-07 13:59:19,066] [INFO] [30172] Missing PRE-PREPARE for REQUEST 1741323542381; ignoring PREPARE
[2025-03-07 13:59:19,066] [INFO] [30172] Received COMMIT: id:1741323542381, from:30152, delay:0.0000s, distance:116.10m (Euclidean)
[2025-03-07 13:59:19,242] [INFO] [30172] Received PREPARE: id:1741323542381, from:30019, delay:0.0001s, distance:243.69m (Euclidean)
[2025-03-07 13:59:19,242] [INFO] [30172] Missing PRE-PREPARE for REQUEST 1741323542381; ignoring PREPARE
[2025-03-07 13:59:19,247] [INFO] [30172] Received PREPARE: id:1741323542381, from:30064, delay:0.0002s, distance:273.43m (Euclidean)
[2025-03-07 13:59:19,247] [INFO] [30172] Missing PRE-PREPARE for REQUEST 1741323542381; ignoring PREPARE
[2025-03-07 13:59:19,247] [INFO] [30172] Received COMMIT: id:1741323542381, from:30019, delay:0.0001s, distance:243.69m (Euclidean)
[2025-03-07 13:59:19,284] [INFO] [30172] Received PREPARE: id:1741323542381, from:30187, delay:0.0001s, distance:179.14m (Euclidean)
[2025-03-07 13:59:19,284] [INFO] [30172] Missing PRE-PREPARE for REQUEST 1741323542381; ignoring PREPARE
[2025-03-07 13:59:19,284] [INFO] [30172] Received COMMIT: id:1741323542381, from:30064, delay:0.0002s, distance:273.43m (Euclidean)
[2025-03-07 13:59:19,445] [INFO] [30172] Received PREPARE: id:1741323542381, from:30173, delay:0.0001s, distance:167.83m (Euclidean)
[2025-03-07 13:59:19,445] [INFO] [30172] Missing PRE-PREPARE for REQUEST 1741323542381; ignoring PREPARE
[2025-03-07 13:59:19,445] [INFO] [30172] Received COMMIT: id:1741323542381, from:30173, delay:0.0001s, distance:167.83m (Euclidean)
[2025-03-07 13:59:19,828] [INFO] [30172] Received PREPARE: id:1741323542381, from:30159, delay:0.0001s, distance:241.91m (Euclidean)
[2025-03-07 13:59:19,828] [INFO] [30172] Missing PRE-PREPARE for REQUEST 1741323542381; ignoring PREPARE
[2025-03-07 13:59:19,828] [INFO] [30172] Received PREPARE: id:1741323542381, from:30010, delay:0.0002s, distance:276.23m (Euclidean)
[2025-03-07 13:59:19,828] [INFO] [30172] Missing PRE-PREPARE for REQUEST 1741323542381; ignoring PREPARE
[2025-03-07 13:59:19,829] [INFO] [30172] Received COMMIT: id:1741323542381, from:30159, delay:0.0001s, distance:241.91m (Euclidean)
[2025-03-07 13:59:19,829] [INFO] [30172] Received COMMIT: id:1741323542381, from:30010, delay:0.0002s, distance:276.23m (Euclidean)
[2025-03-07 13:59:20,143] [INFO] [30172] Received PREPARE: id:1741323542381, from:30156, delay:0.0001s, distance:210.63m (Euclidean)
[2025-03-07 13:59:20,143] [INFO] [30172] Missing PRE-PREPARE for REQUEST 1741323542381; ignoring PREPARE
[2025-03-07 13:59:20,145] [INFO] [30172] Received COMMIT: id:1741323542381, from:30156, delay:0.0001s, distance:210.63m (Euclidean)
[2025-03-07 13:59:20,149] [INFO] [30172] Received PREPARE: id:1741323542381, from:30006, delay:0.0000s, distance:59.49m (Euclidean)
[2025-03-07 13:59:20,149] [INFO] [30172] Missing PRE-PREPARE for REQUEST 1741323542381; ignoring PREPARE
[2025-03-07 13:59:20,149] [INFO] [30172] Received COMMIT: id:1741323542381, from:30006, delay:0.0000s, distance:59.49m (Euclidean)
[2025-03-07 13:59:20,240] [INFO] [30172] Received PREPARE: id:1741323542381, from:30067, delay:0.0001s, distance:162.64m (Euclidean)
[2025-03-07 13:59:20,240] [INFO] [30172] Missing PRE-PREPARE for REQUEST 1741323542381; ignoring PREPARE
[2025-03-07 13:59:20,246] [INFO] [30172] Received COMMIT: id:1741323542381, from:30067, delay:0.0001s, distance:162.64m (Euclidean)
[2025-03-07 13:59:20,278] [INFO] [30172] Received PREPARE: id:1741323542381, from:30105, delay:0.0001s, distance:248.13m (Euclidean)
[2025-03-07 13:59:20,278] [INFO] [30172] Missing PRE-PREPARE for REQUEST 1741323542381; ignoring PREPARE
[2025-03-07 13:59:20,278] [INFO] [30172] Received COMMIT: id:1741323542381, from:30105, delay:0.0001s, distance:248.13m (Euclidean)
[2025-03-07 13:59:20,311] [INFO] [30172] Received PREPARE: id:1741323542381, from:30068, delay:0.0001s, distance:210.79m (Euclidean)
[2025-03-07 13:59:20,311] [INFO] [30172] Missing PRE-PREPARE for REQUEST 1741323542381; ignoring PREPARE
[2025-03-07 13:59:20,311] [INFO] [30172] Received COMMIT: id:1741323542381, from:30068, delay:0.0001s, distance:210.79m (Euclidean)
[2025-03-07 13:59:20,451] [INFO] [30172] Received COMMIT: id:1741323542381, from:30187, delay:0.0001s, distance:179.14m (Euclidean)
[2025-03-07 13:59:20,507] [INFO] [30172] Received PREPARE: id:1741323542381, from:30197, delay:0.0002s, distance:271.03m (Euclidean)
[2025-03-07 13:59:20,507] [INFO] [30172] Missing PRE-PREPARE for REQUEST 1741323542381; ignoring PREPARE
[2025-03-07 13:59:20,507] [INFO] [30172] Received COMMIT: id:1741323542381, from:30197, delay:0.0002s, distance:271.03m (Euclidean)
[2025-03-07 13:59:20,632] [INFO] [30172] Received PREPARE: id:1741323542381, from:30165, delay:0.0001s, distance:180.86m (Euclidean)
[2025-03-07 13:59:20,632] [INFO] [30172] Missing PRE-PREPARE for REQUEST 1741323542381; ignoring PREPARE
[2025-03-07 13:59:20,632] [INFO] [30172] Received COMMIT: id:1741323542381, from:30165, delay:0.0001s, distance:180.86m (Euclidean)
[2025-03-07 13:59:20,692] [INFO] [30172] Received PREPARE: id:1741323542381, from:30160, delay:0.0001s, distance:245.34m (Euclidean)
[2025-03-07 13:59:20,692] [INFO] [30172] Missing PRE-PREPARE for REQUEST 1741323542381; ignoring PREPARE
[2025-03-07 13:59:20,692] [INFO] [30172] Received COMMIT: id:1741323542381, from:30160, delay:0.0001s, distance:245.34m (Euclidean)
[2025-03-07 13:59:20,709] [INFO] [30172] Received PREPARE: id:1741323542381, from:30071, delay:0.0001s, distance:209.24m (Euclidean)
[2025-03-07 13:59:20,709] [INFO] [30172] Missing PRE-PREPARE for REQUEST 1741323542381; ignoring PREPARE
[2025-03-07 13:59:20,709] [INFO] [30172] Received COMMIT: id:1741323542381, from:30071, delay:0.0001s, distance:209.24m (Euclidean)
[2025-03-07 13:59:20,751] [INFO] [30172] Received PREPARE: id:1741323542381, from:30145, delay:0.0000s, distance:68.57m (Euclidean)
[2025-03-07 13:59:20,751] [INFO] [30172] Missing PRE-PREPARE for REQUEST 1741323542381; ignoring PREPARE
[2025-03-07 13:59:20,753] [INFO] [30172] Received COMMIT: id:1741323542381, from:30145, delay:0.0000s, distance:68.57m (Euclidean)
[2025-03-07 13:59:20,915] [INFO] [30172] Received PREPARE: id:1741323542381, from:30058, delay:0.0001s, distance:225.66m (Euclidean)
[2025-03-07 13:59:20,915] [INFO] [30172] Missing PRE-PREPARE for REQUEST 1741323542381; ignoring PREPARE
[2025-03-07 13:59:20,919] [INFO] [30172] Received COMMIT: id:1741323542381, from:30058, delay:0.0001s, distance:225.66m (Euclidean)
[2025-03-07 13:59:21,169] [INFO] [30172] Received PREPARE: id:1741323542381, from:30131, delay:0.0000s, distance:27.01m (Euclidean)
[2025-03-07 13:59:21,169] [INFO] [30172] Missing PRE-PREPARE for REQUEST 1741323542381; ignoring PREPARE
[2025-03-07 13:59:21,169] [INFO] [30172] Received COMMIT: id:1741323542381, from:30131, delay:0.0000s, distance:27.01m (Euclidean)
[2025-03-07 13:59:21,201] [INFO] [30172] Received PREPARE: id:1741323542381, from:30033, delay:0.0001s, distance:203.88m (Euclidean)
[2025-03-07 13:59:21,201] [INFO] [30172] Missing PRE-PREPARE for REQUEST 1741323542381; ignoring PREPARE
[2025-03-07 13:59:21,201] [INFO] [30172] Received COMMIT: id:1741323542381, from:30033, delay:0.0001s, distance:203.88m (Euclidean)
[2025-03-07 13:59:21,221] [INFO] [30172] Received PREPARE: id:1741323542381, from:30143, delay:0.0001s, distance:185.84m (Euclidean)
[2025-03-07 13:59:21,221] [INFO] [30172] Missing PRE-PREPARE for REQUEST 1741323542381; ignoring PREPARE
[2025-03-07 13:59:21,221] [INFO] [30172] Received COMMIT: id:1741323542381, from:30143, delay:0.0001s, distance:185.84m (Euclidean)
[2025-03-07 13:59:21,279] [INFO] [30172] Received PREPARE: id:1741323542381, from:30140, delay:0.0001s, distance:170.28m (Euclidean)
[2025-03-07 13:59:21,279] [INFO] [30172] Missing PRE-PREPARE for REQUEST 1741323542381; ignoring PREPARE
[2025-03-07 13:59:21,307] [INFO] [30172] Received COMMIT: id:1741323542381, from:30140, delay:0.0001s, distance:170.28m (Euclidean)
[2025-03-07 13:59:21,503] [INFO] [30172] Received PREPARE: id:1741323542381, from:30188, delay:0.0000s, distance:106.17m (Euclidean)
[2025-03-07 13:59:21,503] [INFO] [30172] Missing PRE-PREPARE for REQUEST 1741323542381; ignoring PREPARE
[2025-03-07 13:59:21,503] [INFO] [30172] Received COMMIT: id:1741323542381, from:30188, delay:0.0000s, distance:106.17m (Euclidean)
[2025-03-07 13:59:21,690] [INFO] [30172] Received PREPARE: id:1741323542381, from:30036, delay:0.0001s, distance:238.42m (Euclidean)
[2025-03-07 13:59:21,690] [INFO] [30172] Missing PRE-PREPARE for REQUEST 1741323542381; ignoring PREPARE
[2025-03-07 13:59:21,692] [INFO] [30172] Received COMMIT: id:1741323542381, from:30036, delay:0.0001s, distance:238.42m (Euclidean)
[2025-03-07 13:59:21,694] [INFO] [30172] Received PREPARE: id:1741323542381, from:30042, delay:0.0000s, distance:124.60m (Euclidean)
[2025-03-07 13:59:21,694] [INFO] [30172] Missing PRE-PREPARE for REQUEST 1741323542381; ignoring PREPARE
[2025-03-07 13:59:21,694] [INFO] [30172] Received COMMIT: id:1741323542381, from:30042, delay:0.0000s, distance:124.60m (Euclidean)
[2025-03-07 13:59:21,800] [INFO] [30172] Received PREPARE: id:1741323542381, from:30016, delay:0.0002s, distance:259.04m (Euclidean)
[2025-03-07 13:59:21,800] [INFO] [30172] Missing PRE-PREPARE for REQUEST 1741323542381; ignoring PREPARE
[2025-03-07 13:59:21,800] [INFO] [30172] Received COMMIT: id:1741323542381, from:30016, delay:0.0002s, distance:259.04m (Euclidean)
[2025-03-07 13:59:21,899] [INFO] [30172] Received PREPARE: id:1741323542381, from:30055, delay:0.0002s, distance:257.98m (Euclidean)
[2025-03-07 13:59:21,899] [INFO] [30172] Missing PRE-PREPARE for REQUEST 1741323542381; ignoring PREPARE
[2025-03-07 13:59:21,899] [INFO] [30172] Received COMMIT: id:1741323542381, from:30055, delay:0.0002s, distance:257.98m (Euclidean)
[2025-03-07 13:59:21,983] [INFO] [30172] Received PREPARE: id:1741323542381, from:30162, delay:0.0000s, distance:97.16m (Euclidean)
[2025-03-07 13:59:21,983] [INFO] [30172] Missing PRE-PREPARE for REQUEST 1741323542381; ignoring PREPARE
[2025-03-07 13:59:22,070] [INFO] [30172] Received PREPARE: id:1741323542381, from:30052, delay:0.0000s, distance:107.44m (Euclidean)
[2025-03-07 13:59:22,070] [INFO] [30172] Missing PRE-PREPARE for REQUEST 1741323542381; ignoring PREPARE
[2025-03-07 13:59:22,104] [INFO] [30172] Received COMMIT: id:1741323542381, from:30052, delay:0.0000s, distance:107.44m (Euclidean)
[2025-03-07 13:59:22,126] [INFO] [30172] Received COMMIT: id:1741323542381, from:30162, delay:0.0000s, distance:97.16m (Euclidean)
[2025-03-07 13:59:22,364] [INFO] [30172] Received PRE-PREPARE: id:1741323542381, from:Leader(30000), delay:0.0000s, distance:196.21m (Euclidean)
[2025-03-07 13:59:22,366] [INFO] [30172] Broadcasting PREPARE for REQUEST 1741323542381
[2025-03-07 13:59:22,372] [INFO] [30172] Not broadcasting to fault node: 30077
[2025-03-07 13:59:22,386] [INFO] [30172] Not broadcasting to fault node: 30184
[2025-03-07 13:59:22,620] [INFO] [30172] Received PREPARE: id:1741323542381, from:30069, delay:0.0002s, distance:262.40m (Euclidean)
[2025-03-07 13:59:22,620] [INFO] [30172] Broadcasting COMMIT for REQUEST 1741323542381
[2025-03-07 13:59:22,628] [INFO] [30172] Not broadcasting to fault node: 30077
[2025-03-07 13:59:22,642] [INFO] [30172] Not broadcasting to fault node: 30184
[2025-03-07 13:59:22,683] [INFO] [30172] Received COMMIT: id:1741323542381, from:30069, delay:0.0002s, distance:262.40m (Euclidean)
[2025-03-07 13:59:22,757] [INFO] [30172] Received PREPARE: id:1741323542381, from:30079, delay:0.0000s, distance:138.11m (Euclidean)
[2025-03-07 13:59:22,757] [INFO] [30172] Received COMMIT: id:1741323542381, from:30079, delay:0.0000s, distance:138.11m (Euclidean)
[2025-03-07 13:59:22,811] [INFO] [30172] Received PREPARE: id:1741323542381, from:30122, delay:0.0001s, distance:176.80m (Euclidean)
[2025-03-07 13:59:22,811] [INFO] [30172] Received COMMIT: id:1741323542381, from:30122, delay:0.0001s, distance:176.80m (Euclidean)
[2025-03-07 13:59:22,861] [INFO] [30172] Received PREPARE: id:1741323542381, from:30050, delay:0.0002s, distance:260.72m (Euclidean)
[2025-03-07 13:59:22,861] [INFO] [30172] Received COMMIT: id:1741323542381, from:30050, delay:0.0002s, distance:260.72m (Euclidean)
[2025-03-07 13:59:22,907] [INFO] [30172] Received PREPARE: id:1741323542381, from:30104, delay:0.0002s, distance:252.09m (Euclidean)
[2025-03-07 13:59:22,907] [INFO] [30172] Received COMMIT: id:1741323542381, from:30104, delay:0.0002s, distance:252.09m (Euclidean)
[2025-03-07 13:59:22,975] [INFO] [30172] Received PREPARE: id:1741323542381, from:30039, delay:0.0001s, distance:163.07m (Euclidean)
[2025-03-07 13:59:22,975] [INFO] [30172] Received COMMIT: id:1741323542381, from:30039, delay:0.0001s, distance:163.07m (Euclidean)
[2025-03-07 13:59:23,006] [INFO] [30172] Received PREPARE: id:1741323542381, from:30137, delay:0.0001s, distance:247.36m (Euclidean)
[2025-03-07 13:59:23,006] [INFO] [30172] Received COMMIT: id:1741323542381, from:30137, delay:0.0001s, distance:247.36m (Euclidean)
[2025-03-07 13:59:23,057] [INFO] [30172] Received PREPARE: id:1741323542381, from:30032, delay:0.0001s, distance:164.22m (Euclidean)
[2025-03-07 13:59:23,159] [INFO] [30172] Received COMMIT: id:1741323542381, from:30032, delay:0.0001s, distance:164.22m (Euclidean)
[2025-03-07 13:59:23,410] [INFO] [30172] Received PREPARE: id:1741323542381, from:30141, delay:0.0002s, distance:278.25m (Euclidean)
[2025-03-07 13:59:23,410] [INFO] [30172] Received COMMIT: id:1741323542381, from:30141, delay:0.0002s, distance:278.25m (Euclidean)
[2025-03-07 13:59:24,208] [INFO] [30172] Received COMMIT: id:1741323542381, from:30000, delay:0.0000s, distance:196.21m (Euclidean)
[2025-03-07 13:59:24,281] [INFO] [30172] Received PREPARE: id:1741323542381, from:30099, delay:0.0002s, distance:263.63m (Euclidean)
[2025-03-07 13:59:24,281] [INFO] [30172] Received COMMIT: id:1741323542381, from:30099, delay:0.0002s, distance:263.63m (Euclidean)
[2025-03-07 13:59:24,573] [INFO] [30172] Received COMMIT: id:1741323542381, from:30151, delay:0.0000s, distance:85.17m (Euclidean)
[2025-03-07 13:59:24,573] [INFO] [30172] Received PREPARE: id:1741323542381, from:30151, delay:0.0000s, distance:85.17m (Euclidean)
[2025-03-07 13:59:24,640] [INFO] [30172] Received PREPARE: id:1741323542381, from:30001, delay:0.0000s, distance:131.93m (Euclidean)
[2025-03-07 13:59:24,640] [INFO] [30172] Received COMMIT: id:1741323542381, from:30001, delay:0.0000s, distance:131.93m (Euclidean)
[2025-03-07 13:59:24,807] [INFO] [30172] Received PREPARE: id:1741323542381, from:30045, delay:0.0002s, distance:250.21m (Euclidean)
[2025-03-07 13:59:24,807] [INFO] [30172] Received COMMIT: id:1741323542381, from:30045, delay:0.0002s, distance:250.21m (Euclidean)
[2025-03-07 13:59:24,877] [INFO] [30172] Received PREPARE: id:1741323542381, from:30193, delay:0.0001s, distance:151.56m (Euclidean)
[2025-03-07 13:59:24,877] [INFO] [30172] Received COMMIT: id:1741323542381, from:30193, delay:0.0001s, distance:151.56m (Euclidean)
[2025-03-07 13:59:25,145] [INFO] [30172] Received PREPARE: id:1741323542381, from:30017, delay:0.0000s, distance:131.67m (Euclidean)
[2025-03-07 13:59:25,145] [INFO] [30172] Received COMMIT: id:1741323542381, from:30017, delay:0.0000s, distance:131.67m (Euclidean)
[2025-03-07 13:59:25,263] [INFO] [30172] Received PREPARE: id:1741323542381, from:30075, delay:0.0000s, distance:57.09m (Euclidean)
[2025-03-07 13:59:25,265] [INFO] [30172] Received COMMIT: id:1741323542381, from:30075, delay:0.0000s, distance:57.09m (Euclidean)
[2025-03-07 13:59:25,319] [INFO] [30172] Received PREPARE: id:1741323542381, from:30073, delay:0.0000s, distance:16.70m (Euclidean)
[2025-03-07 13:59:25,319] [INFO] [30172] Received COMMIT: id:1741323542381, from:30073, delay:0.0000s, distance:16.70m (Euclidean)
[2025-03-07 13:59:25,533] [INFO] [30172] Received PREPARE: id:1741323542381, from:30153, delay:0.0001s, distance:221.52m (Euclidean)
[2025-03-07 13:59:25,533] [INFO] [30172] Received COMMIT: id:1741323542381, from:30153, delay:0.0001s, distance:221.52m (Euclidean)
[2025-03-07 13:59:25,793] [INFO] [30172] Received PREPARE: id:1741323542381, from:30142, delay:0.0000s, distance:144.56m (Euclidean)
[2025-03-07 13:59:25,793] [INFO] [30172] Received COMMIT: id:1741323542381, from:30142, delay:0.0000s, distance:144.56m (Euclidean)
[2025-03-07 13:59:25,944] [INFO] [30172] Received PREPARE: id:1741323542381, from:30014, delay:0.0000s, distance:109.21m (Euclidean)
[2025-03-07 13:59:25,944] [INFO] [30172] Received COMMIT: id:1741323542381, from:30014, delay:0.0000s, distance:109.21m (Euclidean)
[2025-03-07 13:59:26,299] [INFO] [30172] Received PREPARE: id:1741323542381, from:30038, delay:0.0001s, distance:234.69m (Euclidean)
[2025-03-07 13:59:26,299] [INFO] [30172] Received COMMIT: id:1741323542381, from:30038, delay:0.0001s, distance:234.69m (Euclidean)
[2025-03-07 13:59:26,462] [INFO] [30172] Received PREPARE: id:1741323542381, from:30186, delay:0.0001s, distance:209.82m (Euclidean)
[2025-03-07 13:59:26,467] [INFO] [30172] Received COMMIT: id:1741323542381, from:30186, delay:0.0001s, distance:209.82m (Euclidean)
[2025-03-07 13:59:26,644] [INFO] [30172] Received PREPARE: id:1741323542381, from:30008, delay:0.0000s, distance:175.37m (Euclidean)
[2025-03-07 13:59:26,644] [INFO] [30172] Received COMMIT: id:1741323542381, from:30008, delay:0.0000s, distance:175.37m (Euclidean)
[2025-03-07 13:59:26,880] [INFO] [30172] Received PREPARE: id:1741323542381, from:30084, delay:0.0000s, distance:108.76m (Euclidean)
[2025-03-07 13:59:26,880] [INFO] [30172] Received COMMIT: id:1741323542381, from:30084, delay:0.0000s, distance:108.76m (Euclidean)
[2025-03-07 13:59:27,294] [INFO] [30172] Received PREPARE: id:1741323542381, from:30072, delay:0.0000s, distance:83.02m (Euclidean)
[2025-03-07 13:59:27,294] [INFO] [30172] Received COMMIT: id:1741323542381, from:30072, delay:0.0000s, distance:83.02m (Euclidean)
[2025-03-07 13:59:27,491] [INFO] [30172] Received PREPARE: id:1741323542381, from:30012, delay:0.0000s, distance:82.59m (Euclidean)
[2025-03-07 13:59:27,770] [INFO] [30172] Received PREPARE: id:1741323542381, from:30022, delay:0.0001s, distance:194.13m (Euclidean)
[2025-03-07 13:59:27,785] [INFO] [30172] Received COMMIT: id:1741323542381, from:30022, delay:0.0001s, distance:194.13m (Euclidean)
[2025-03-07 13:59:27,812] [INFO] [30172] Received COMMIT: id:1741323542381, from:30012, delay:0.0000s, distance:82.59m (Euclidean)
[2025-03-07 13:59:27,902] [INFO] [30172] Received PREPARE: id:1741323542381, from:30078, delay:0.0000s, distance:42.01m (Euclidean)
[2025-03-07 13:59:27,902] [INFO] [30172] Received COMMIT: id:1741323542381, from:30078, delay:0.0000s, distance:42.01m (Euclidean)
[2025-03-07 13:59:28,037] [INFO] [30172] Received PREPARE: id:1741323542381, from:30018, delay:0.0000s, distance:99.73m (Euclidean)
[2025-03-07 13:59:28,047] [INFO] [30172] Received COMMIT: id:1741323542381, from:30018, delay:0.0000s, distance:99.73m (Euclidean)
[2025-03-07 13:59:28,301] [INFO] [30172] Received PREPARE: id:1741323542381, from:30148, delay:0.0001s, distance:175.57m (Euclidean)
[2025-03-07 13:59:28,341] [INFO] [30172] Received COMMIT: id:1741323542381, from:30148, delay:0.0001s, distance:175.57m (Euclidean)
[2025-03-07 13:59:28,812] [INFO] [30172] Received PREPARE: id:1741323542381, from:30097, delay:0.0002s, distance:263.73m (Euclidean)
[2025-03-07 13:59:28,812] [INFO] [30172] Received COMMIT: id:1741323542381, from:30097, delay:0.0002s, distance:263.73m (Euclidean)
[2025-03-07 13:59:28,830] [INFO] [30172] Received PREPARE: id:1741323542381, from:30030, delay:0.0002s, distance:252.62m (Euclidean)
[2025-03-07 13:59:28,919] [INFO] [30172] Received COMMIT: id:1741323542381, from:30030, delay:0.0002s, distance:252.62m (Euclidean)
[2025-03-07 13:59:33,157] [ERROR] [30172] Error sending to http://localhost:30155/commit: Cannot connect to host localhost:30155 ssl:default [         ]
Traceback (most recent call last):
  File "D:\anaconda\envs\PBFT\lib\site-packages\aiohttp\connector.py", line 980, in _wrap_create_connection
    return await self._loop.create_connection(*args, **kwargs)  # type: ignore[return-value]  # noqa
  File "D:\anaconda\envs\PBFT\lib\asyncio\base_events.py", line 948, in create_connection
    raise exceptions[0]
  File "D:\anaconda\envs\PBFT\lib\asyncio\base_events.py", line 935, in create_connection
    await self.sock_connect(sock, address)
  File "D:\anaconda\envs\PBFT\lib\asyncio\selector_events.py", line 475, in sock_connect
    return await fut
  File "D:\anaconda\envs\PBFT\lib\asyncio\selector_events.py", line 480, in _sock_connect
    sock.connect(address)
OSError: [WinError 10055]          

The above exception was the direct cause of the following exception:

Traceback (most recent call last):
  File "pbft.py", line 236, in send_message
    await send_with_delay(self.session, self.node_info, target, url, data, self.bandwidth_data)
  File "pbft.py", line 63, in send_with_delay
    async with session.post(url, json=data) as resp:
  File "D:\anaconda\envs\PBFT\lib\site-packages\aiohttp\client.py", line 1141, in __aenter__
    self._resp = await self._coro
  File "D:\anaconda\envs\PBFT\lib\site-packages\aiohttp\client.py", line 537, in _request
    req, traces=traces, timeout=real_timeout
  File "D:\anaconda\envs\PBFT\lib\site-packages\aiohttp\connector.py", line 540, in connect
    proto = await self._create_connection(req, traces, timeout)
  File "D:\anaconda\envs\PBFT\lib\site-packages\aiohttp\connector.py", line 901, in _create_connection
    _, proto = await self._create_direct_connection(req, traces, timeout)
  File "D:\anaconda\envs\PBFT\lib\site-packages\aiohttp\connector.py", line 1206, in _create_direct_connection
    raise last_exc
  File "D:\anaconda\envs\PBFT\lib\site-packages\aiohttp\connector.py", line 1187, in _create_direct_connection
    client_error=client_error,
  File "D:\anaconda\envs\PBFT\lib\site-packages\aiohttp\connector.py", line 988, in _wrap_create_connection
    raise client_error(req.connection_key, exc) from exc
aiohttp.client_exceptions.ClientConnectorError: Cannot connect to host localhost:30155 ssl:default [         ]
[2025-03-07 13:59:33,183] [INFO] [30172] Received PREPARE: id:1741323542381, from:30082, delay:0.0001s, distance:197.77m (Euclidean)
[2025-03-07 13:59:33,276] [ERROR] [30172] Error sending to http://localhost:30127/prepare: Cannot connect to host localhost:30127 ssl:default [         ]
Traceback (most recent call last):
  File "D:\anaconda\envs\PBFT\lib\site-packages\aiohttp\connector.py", line 980, in _wrap_create_connection
    return await self._loop.create_connection(*args, **kwargs)  # type: ignore[return-value]  # noqa
  File "D:\anaconda\envs\PBFT\lib\asyncio\base_events.py", line 948, in create_connection
    raise exceptions[0]
  File "D:\anaconda\envs\PBFT\lib\asyncio\base_events.py", line 935, in create_connection
    await self.sock_connect(sock, address)
  File "D:\anaconda\envs\PBFT\lib\asyncio\selector_events.py", line 475, in sock_connect
    return await fut
  File "D:\anaconda\envs\PBFT\lib\asyncio\selector_events.py", line 480, in _sock_connect
    sock.connect(address)
OSError: [WinError 10055]          

The above exception was the direct cause of the following exception:

Traceback (most recent call last):
  File "pbft.py", line 236, in send_message
    await send_with_delay(self.session, self.node_info, target, url, data, self.bandwidth_data)
  File "pbft.py", line 63, in send_with_delay
    async with session.post(url, json=data) as resp:
  File "D:\anaconda\envs\PBFT\lib\site-packages\aiohttp\client.py", line 1141, in __aenter__
    self._resp = await self._coro
  File "D:\anaconda\envs\PBFT\lib\site-packages\aiohttp\client.py", line 537, in _request
    req, traces=traces, timeout=real_timeout
  File "D:\anaconda\envs\PBFT\lib\site-packages\aiohttp\connector.py", line 540, in connect
    proto = await self._create_connection(req, traces, timeout)
  File "D:\anaconda\envs\PBFT\lib\site-packages\aiohttp\connector.py", line 901, in _create_connection
    _, proto = await self._create_direct_connection(req, traces, timeout)
  File "D:\anaconda\envs\PBFT\lib\site-packages\aiohttp\connector.py", line 1206, in _create_direct_connection
    raise last_exc
  File "D:\anaconda\envs\PBFT\lib\site-packages\aiohttp\connector.py", line 1187, in _create_direct_connection
    client_error=client_error,
  File "D:\anaconda\envs\PBFT\lib\site-packages\aiohttp\connector.py", line 988, in _wrap_create_connection
    raise client_error(req.connection_key, exc) from exc
aiohttp.client_exceptions.ClientConnectorError: Cannot connect to host localhost:30127 ssl:default [         ]
[2025-03-07 13:59:33,279] [INFO] [30172] Received COMMIT: id:1741323542381, from:30082, delay:0.0001s, distance:197.77m (Euclidean)
[2025-03-07 13:59:33,283] [ERROR] [30172] Error sending to http://localhost:30045/prepare: Cannot connect to host localhost:30045 ssl:default [         ]
Traceback (most recent call last):
  File "D:\anaconda\envs\PBFT\lib\site-packages\aiohttp\connector.py", line 980, in _wrap_create_connection
    return await self._loop.create_connection(*args, **kwargs)  # type: ignore[return-value]  # noqa
  File "D:\anaconda\envs\PBFT\lib\asyncio\base_events.py", line 948, in create_connection
    raise exceptions[0]
  File "D:\anaconda\envs\PBFT\lib\asyncio\base_events.py", line 935, in create_connection
    await self.sock_connect(sock, address)
  File "D:\anaconda\envs\PBFT\lib\asyncio\selector_events.py", line 475, in sock_connect
    return await fut
  File "D:\anaconda\envs\PBFT\lib\asyncio\selector_events.py", line 480, in _sock_connect
    sock.connect(address)
OSError: [WinError 10055]          

The above exception was the direct cause of the following exception:

Traceback (most recent call last):
  File "pbft.py", line 236, in send_message
    await send_with_delay(self.session, self.node_info, target, url, data, self.bandwidth_data)
  File "pbft.py", line 63, in send_with_delay
    async with session.post(url, json=data) as resp:
  File "D:\anaconda\envs\PBFT\lib\site-packages\aiohttp\client.py", line 1141, in __aenter__
    self._resp = await self._coro
  File "D:\anaconda\envs\PBFT\lib\site-packages\aiohttp\client.py", line 537, in _request
    req, traces=traces, timeout=real_timeout
  File "D:\anaconda\envs\PBFT\lib\site-packages\aiohttp\connector.py", line 540, in connect
    proto = await self._create_connection(req, traces, timeout)
  File "D:\anaconda\envs\PBFT\lib\site-packages\aiohttp\connector.py", line 901, in _create_connection
    _, proto = await self._create_direct_connection(req, traces, timeout)
  File "D:\anaconda\envs\PBFT\lib\site-packages\aiohttp\connector.py", line 1206, in _create_direct_connection
    raise last_exc
  File "D:\anaconda\envs\PBFT\lib\site-packages\aiohttp\connector.py", line 1187, in _create_direct_connection
    client_error=client_error,
  File "D:\anaconda\envs\PBFT\lib\site-packages\aiohttp\connector.py", line 988, in _wrap_create_connection
    raise client_error(req.connection_key, exc) from exc
aiohttp.client_exceptions.ClientConnectorError: Cannot connect to host localhost:30045 ssl:default [         ]
[2025-03-07 13:59:33,301] [ERROR] [30172] Error sending to http://localhost:30038/prepare: Cannot connect to host localhost:30038 ssl:default [         ]
Traceback (most recent call last):
  File "D:\anaconda\envs\PBFT\lib\site-packages\aiohttp\connector.py", line 980, in _wrap_create_connection
    return await self._loop.create_connection(*args, **kwargs)  # type: ignore[return-value]  # noqa
  File "D:\anaconda\envs\PBFT\lib\asyncio\base_events.py", line 948, in create_connection
    raise exceptions[0]
  File "D:\anaconda\envs\PBFT\lib\asyncio\base_events.py", line 935, in create_connection
    await self.sock_connect(sock, address)
  File "D:\anaconda\envs\PBFT\lib\asyncio\selector_events.py", line 475, in sock_connect
    return await fut
  File "D:\anaconda\envs\PBFT\lib\asyncio\selector_events.py", line 480, in _sock_connect
    sock.connect(address)
OSError: [WinError 10055]          

The above exception was the direct cause of the following exception:

Traceback (most recent call last):
  File "pbft.py", line 236, in send_message
    await send_with_delay(self.session, self.node_info, target, url, data, self.bandwidth_data)
  File "pbft.py", line 63, in send_with_delay
    async with session.post(url, json=data) as resp:
  File "D:\anaconda\envs\PBFT\lib\site-packages\aiohttp\client.py", line 1141, in __aenter__
    self._resp = await self._coro
  File "D:\anaconda\envs\PBFT\lib\site-packages\aiohttp\client.py", line 537, in _request
    req, traces=traces, timeout=real_timeout
  File "D:\anaconda\envs\PBFT\lib\site-packages\aiohttp\connector.py", line 540, in connect
    proto = await self._create_connection(req, traces, timeout)
  File "D:\anaconda\envs\PBFT\lib\site-packages\aiohttp\connector.py", line 901, in _create_connection
    _, proto = await self._create_direct_connection(req, traces, timeout)
  File "D:\anaconda\envs\PBFT\lib\site-packages\aiohttp\connector.py", line 1206, in _create_direct_connection
    raise last_exc
  File "D:\anaconda\envs\PBFT\lib\site-packages\aiohttp\connector.py", line 1187, in _create_direct_connection
    client_error=client_error,
  File "D:\anaconda\envs\PBFT\lib\site-packages\aiohttp\connector.py", line 988, in _wrap_create_connection
    raise client_error(req.connection_key, exc) from exc
aiohttp.client_exceptions.ClientConnectorError: Cannot connect to host localhost:30038 ssl:default [         ]
[2025-03-07 13:59:33,307] [ERROR] [30172] Error sending to http://localhost:30108/prepare: Cannot connect to host localhost:30108 ssl:default [         ]
Traceback (most recent call last):
  File "D:\anaconda\envs\PBFT\lib\site-packages\aiohttp\connector.py", line 980, in _wrap_create_connection
    return await self._loop.create_connection(*args, **kwargs)  # type: ignore[return-value]  # noqa
  File "D:\anaconda\envs\PBFT\lib\asyncio\base_events.py", line 948, in create_connection
    raise exceptions[0]
  File "D:\anaconda\envs\PBFT\lib\asyncio\base_events.py", line 935, in create_connection
    await self.sock_connect(sock, address)
  File "D:\anaconda\envs\PBFT\lib\asyncio\selector_events.py", line 475, in sock_connect
    return await fut
  File "D:\anaconda\envs\PBFT\lib\asyncio\selector_events.py", line 480, in _sock_connect
    sock.connect(address)
OSError: [WinError 10055]          

The above exception was the direct cause of the following exception:

Traceback (most recent call last):
  File "pbft.py", line 236, in send_message
    await send_with_delay(self.session, self.node_info, target, url, data, self.bandwidth_data)
  File "pbft.py", line 63, in send_with_delay
    async with session.post(url, json=data) as resp:
  File "D:\anaconda\envs\PBFT\lib\site-packages\aiohttp\client.py", line 1141, in __aenter__
    self._resp = await self._coro
  File "D:\anaconda\envs\PBFT\lib\site-packages\aiohttp\client.py", line 537, in _request
    req, traces=traces, timeout=real_timeout
  File "D:\anaconda\envs\PBFT\lib\site-packages\aiohttp\connector.py", line 540, in connect
    proto = await self._create_connection(req, traces, timeout)
  File "D:\anaconda\envs\PBFT\lib\site-packages\aiohttp\connector.py", line 901, in _create_connection
    _, proto = await self._create_direct_connection(req, traces, timeout)
  File "D:\anaconda\envs\PBFT\lib\site-packages\aiohttp\connector.py", line 1206, in _create_direct_connection
    raise last_exc
  File "D:\anaconda\envs\PBFT\lib\site-packages\aiohttp\connector.py", line 1187, in _create_direct_connection
    client_error=client_error,
  File "D:\anaconda\envs\PBFT\lib\site-packages\aiohttp\connector.py", line 988, in _wrap_create_connection
    raise client_error(req.connection_key, exc) from exc
aiohttp.client_exceptions.ClientConnectorError: Cannot connect to host localhost:30108 ssl:default [         ]
[2025-03-07 13:59:33,307] [ERROR] [30172] Error sending to http://localhost:30136/prepare: Cannot connect to host localhost:30136 ssl:default [          ]
Traceback (most recent call last):
  File "D:\anaconda\envs\PBFT\lib\site-packages\aiohttp\connector.py", line 980, in _wrap_create_connection
    return await self._loop.create_connection(*args, **kwargs)  # type: ignore[return-value]  # noqa
  File "D:\anaconda\envs\PBFT\lib\asyncio\base_events.py", line 948, in create_connection
    raise exceptions[0]
  File "D:\anaconda\envs\PBFT\lib\asyncio\base_events.py", line 935, in create_connection
    await self.sock_connect(sock, address)
  File "D:\anaconda\envs\PBFT\lib\asyncio\selector_events.py", line 475, in sock_connect
    return await fut
  File "D:\anaconda\envs\PBFT\lib\asyncio\selector_events.py", line 480, in _sock_connect
    sock.connect(address)
OSError: [WinError 10014]           

The above exception was the direct cause of the following exception:

Traceback (most recent call last):
  File "pbft.py", line 236, in send_message
    await send_with_delay(self.session, self.node_info, target, url, data, self.bandwidth_data)
  File "pbft.py", line 63, in send_with_delay
    async with session.post(url, json=data) as resp:
  File "D:\anaconda\envs\PBFT\lib\site-packages\aiohttp\client.py", line 1141, in __aenter__
    self._resp = await self._coro
  File "D:\anaconda\envs\PBFT\lib\site-packages\aiohttp\client.py", line 537, in _request
    req, traces=traces, timeout=real_timeout
  File "D:\anaconda\envs\PBFT\lib\site-packages\aiohttp\connector.py", line 540, in connect
    proto = await self._create_connection(req, traces, timeout)
  File "D:\anaconda\envs\PBFT\lib\site-packages\aiohttp\connector.py", line 901, in _create_connection
    _, proto = await self._create_direct_connection(req, traces, timeout)
  File "D:\anaconda\envs\PBFT\lib\site-packages\aiohttp\connector.py", line 1206, in _create_direct_connection
    raise last_exc
  File "D:\anaconda\envs\PBFT\lib\site-packages\aiohttp\connector.py", line 1187, in _create_direct_connection
    client_error=client_error,
  File "D:\anaconda\envs\PBFT\lib\site-packages\aiohttp\connector.py", line 988, in _wrap_create_connection
    raise client_error(req.connection_key, exc) from exc
aiohttp.client_exceptions.ClientConnectorError: Cannot connect to host localhost:30136 ssl:default [          ]
[2025-03-07 13:59:33,313] [ERROR] [30172] Error sending to http://localhost:30180/prepare: Cannot connect to host localhost:30180 ssl:default [         ]
Traceback (most recent call last):
  File "D:\anaconda\envs\PBFT\lib\site-packages\aiohttp\connector.py", line 980, in _wrap_create_connection
    return await self._loop.create_connection(*args, **kwargs)  # type: ignore[return-value]  # noqa
  File "D:\anaconda\envs\PBFT\lib\asyncio\base_events.py", line 948, in create_connection
    raise exceptions[0]
  File "D:\anaconda\envs\PBFT\lib\asyncio\base_events.py", line 935, in create_connection
    await self.sock_connect(sock, address)
  File "D:\anaconda\envs\PBFT\lib\asyncio\selector_events.py", line 475, in sock_connect
    return await fut
  File "D:\anaconda\envs\PBFT\lib\asyncio\selector_events.py", line 480, in _sock_connect
    sock.connect(address)
OSError: [WinError 10055]          

The above exception was the direct cause of the following exception:

Traceback (most recent call last):
  File "pbft.py", line 236, in send_message
    await send_with_delay(self.session, self.node_info, target, url, data, self.bandwidth_data)
  File "pbft.py", line 63, in send_with_delay
    async with session.post(url, json=data) as resp:
  File "D:\anaconda\envs\PBFT\lib\site-packages\aiohttp\client.py", line 1141, in __aenter__
    self._resp = await self._coro
  File "D:\anaconda\envs\PBFT\lib\site-packages\aiohttp\client.py", line 537, in _request
    req, traces=traces, timeout=real_timeout
  File "D:\anaconda\envs\PBFT\lib\site-packages\aiohttp\connector.py", line 540, in connect
    proto = await self._create_connection(req, traces, timeout)
  File "D:\anaconda\envs\PBFT\lib\site-packages\aiohttp\connector.py", line 901, in _create_connection
    _, proto = await self._create_direct_connection(req, traces, timeout)
  File "D:\anaconda\envs\PBFT\lib\site-packages\aiohttp\connector.py", line 1206, in _create_direct_connection
    raise last_exc
  File "D:\anaconda\envs\PBFT\lib\site-packages\aiohttp\connector.py", line 1187, in _create_direct_connection
    client_error=client_error,
  File "D:\anaconda\envs\PBFT\lib\site-packages\aiohttp\connector.py", line 988, in _wrap_create_connection
    raise client_error(req.connection_key, exc) from exc
aiohttp.client_exceptions.ClientConnectorError: Cannot connect to host localhost:30180 ssl:default [         ]
[2025-03-07 13:59:33,313] [ERROR] [30172] Error sending to http://localhost:30046/commit: Cannot connect to host localhost:30046 ssl:default [         ]
Traceback (most recent call last):
  File "D:\anaconda\envs\PBFT\lib\site-packages\aiohttp\connector.py", line 980, in _wrap_create_connection
    return await self._loop.create_connection(*args, **kwargs)  # type: ignore[return-value]  # noqa
  File "D:\anaconda\envs\PBFT\lib\asyncio\base_events.py", line 948, in create_connection
    raise exceptions[0]
  File "D:\anaconda\envs\PBFT\lib\asyncio\base_events.py", line 935, in create_connection
    await self.sock_connect(sock, address)
  File "D:\anaconda\envs\PBFT\lib\asyncio\selector_events.py", line 475, in sock_connect
    return await fut
  File "D:\anaconda\envs\PBFT\lib\asyncio\selector_events.py", line 480, in _sock_connect
    sock.connect(address)
OSError: [WinError 10055]          

The above exception was the direct cause of the following exception:

Traceback (most recent call last):
  File "pbft.py", line 236, in send_message
    await send_with_delay(self.session, self.node_info, target, url, data, self.bandwidth_data)
  File "pbft.py", line 63, in send_with_delay
    async with session.post(url, json=data) as resp:
  File "D:\anaconda\envs\PBFT\lib\site-packages\aiohttp\client.py", line 1141, in __aenter__
    self._resp = await self._coro
  File "D:\anaconda\envs\PBFT\lib\site-packages\aiohttp\client.py", line 537, in _request
    req, traces=traces, timeout=real_timeout
  File "D:\anaconda\envs\PBFT\lib\site-packages\aiohttp\connector.py", line 540, in connect
    proto = await self._create_connection(req, traces, timeout)
  File "D:\anaconda\envs\PBFT\lib\site-packages\aiohttp\connector.py", line 901, in _create_connection
    _, proto = await self._create_direct_connection(req, traces, timeout)
  File "D:\anaconda\envs\PBFT\lib\site-packages\aiohttp\connector.py", line 1206, in _create_direct_connection
    raise last_exc
  File "D:\anaconda\envs\PBFT\lib\site-packages\aiohttp\connector.py", line 1187, in _create_direct_connection
    client_error=client_error,
  File "D:\anaconda\envs\PBFT\lib\site-packages\aiohttp\connector.py", line 988, in _wrap_create_connection
    raise client_error(req.connection_key, exc) from exc
aiohttp.client_exceptions.ClientConnectorError: Cannot connect to host localhost:30046 ssl:default [         ]
[2025-03-07 13:59:33,327] [ERROR] [30172] Error sending to http://localhost:30141/commit: Cannot connect to host localhost:30141 ssl:default [         ]
Traceback (most recent call last):
  File "D:\anaconda\envs\PBFT\lib\site-packages\aiohttp\connector.py", line 980, in _wrap_create_connection
    return await self._loop.create_connection(*args, **kwargs)  # type: ignore[return-value]  # noqa
  File "D:\anaconda\envs\PBFT\lib\asyncio\base_events.py", line 948, in create_connection
    raise exceptions[0]
  File "D:\anaconda\envs\PBFT\lib\asyncio\base_events.py", line 935, in create_connection
    await self.sock_connect(sock, address)
  File "D:\anaconda\envs\PBFT\lib\asyncio\selector_events.py", line 475, in sock_connect
    return await fut
  File "D:\anaconda\envs\PBFT\lib\asyncio\selector_events.py", line 480, in _sock_connect
    sock.connect(address)
OSError: [WinError 10055]          

The above exception was the direct cause of the following exception:

Traceback (most recent call last):
  File "pbft.py", line 236, in send_message
    await send_with_delay(self.session, self.node_info, target, url, data, self.bandwidth_data)
  File "pbft.py", line 63, in send_with_delay
    async with session.post(url, json=data) as resp:
  File "D:\anaconda\envs\PBFT\lib\site-packages\aiohttp\client.py", line 1141, in __aenter__
    self._resp = await self._coro
  File "D:\anaconda\envs\PBFT\lib\site-packages\aiohttp\client.py", line 537, in _request
    req, traces=traces, timeout=real_timeout
  File "D:\anaconda\envs\PBFT\lib\site-packages\aiohttp\connector.py", line 540, in connect
    proto = await self._create_connection(req, traces, timeout)
  File "D:\anaconda\envs\PBFT\lib\site-packages\aiohttp\connector.py", line 901, in _create_connection
    _, proto = await self._create_direct_connection(req, traces, timeout)
  File "D:\anaconda\envs\PBFT\lib\site-packages\aiohttp\connector.py", line 1206, in _create_direct_connection
    raise last_exc
  File "D:\anaconda\envs\PBFT\lib\site-packages\aiohttp\connector.py", line 1187, in _create_direct_connection
    client_error=client_error,
  File "D:\anaconda\envs\PBFT\lib\site-packages\aiohttp\connector.py", line 988, in _wrap_create_connection
    raise client_error(req.connection_key, exc) from exc
aiohttp.client_exceptions.ClientConnectorError: Cannot connect to host localhost:30141 ssl:default [         ]
[2025-03-07 13:59:33,331] [ERROR] [30172] Error sending to http://localhost:30086/prepare: Cannot connect to host localhost:30086 ssl:default [         ]
Traceback (most recent call last):
  File "D:\anaconda\envs\PBFT\lib\site-packages\aiohttp\connector.py", line 980, in _wrap_create_connection
    return await self._loop.create_connection(*args, **kwargs)  # type: ignore[return-value]  # noqa
  File "D:\anaconda\envs\PBFT\lib\asyncio\base_events.py", line 948, in create_connection
    raise exceptions[0]
  File "D:\anaconda\envs\PBFT\lib\asyncio\base_events.py", line 935, in create_connection
    await self.sock_connect(sock, address)
  File "D:\anaconda\envs\PBFT\lib\asyncio\selector_events.py", line 475, in sock_connect
    return await fut
  File "D:\anaconda\envs\PBFT\lib\asyncio\selector_events.py", line 480, in _sock_connect
    sock.connect(address)
OSError: [WinError 10055]          

The above exception was the direct cause of the following exception:

Traceback (most recent call last):
  File "pbft.py", line 236, in send_message
    await send_with_delay(self.session, self.node_info, target, url, data, self.bandwidth_data)
  File "pbft.py", line 63, in send_with_delay
    async with session.post(url, json=data) as resp:
  File "D:\anaconda\envs\PBFT\lib\site-packages\aiohttp\client.py", line 1141, in __aenter__
    self._resp = await self._coro
  File "D:\anaconda\envs\PBFT\lib\site-packages\aiohttp\client.py", line 537, in _request
    req, traces=traces, timeout=real_timeout
  File "D:\anaconda\envs\PBFT\lib\site-packages\aiohttp\connector.py", line 540, in connect
    proto = await self._create_connection(req, traces, timeout)
  File "D:\anaconda\envs\PBFT\lib\site-packages\aiohttp\connector.py", line 901, in _create_connection
    _, proto = await self._create_direct_connection(req, traces, timeout)
  File "D:\anaconda\envs\PBFT\lib\site-packages\aiohttp\connector.py", line 1206, in _create_direct_connection
    raise last_exc
  File "D:\anaconda\envs\PBFT\lib\site-packages\aiohttp\connector.py", line 1187, in _create_direct_connection
    client_error=client_error,
  File "D:\anaconda\envs\PBFT\lib\site-packages\aiohttp\connector.py", line 988, in _wrap_create_connection
    raise client_error(req.connection_key, exc) from exc
aiohttp.client_exceptions.ClientConnectorError: Cannot connect to host localhost:30086 ssl:default [         ]
[2025-03-07 13:59:33,336] [ERROR] [30172] Error sending to http://localhost:30031/prepare: Cannot connect to host localhost:30031 ssl:default [         ]
Traceback (most recent call last):
  File "D:\anaconda\envs\PBFT\lib\site-packages\aiohttp\connector.py", line 980, in _wrap_create_connection
    return await self._loop.create_connection(*args, **kwargs)  # type: ignore[return-value]  # noqa
  File "D:\anaconda\envs\PBFT\lib\asyncio\base_events.py", line 948, in create_connection
    raise exceptions[0]
  File "D:\anaconda\envs\PBFT\lib\asyncio\base_events.py", line 935, in create_connection
    await self.sock_connect(sock, address)
  File "D:\anaconda\envs\PBFT\lib\asyncio\selector_events.py", line 475, in sock_connect
    return await fut
  File "D:\anaconda\envs\PBFT\lib\asyncio\selector_events.py", line 480, in _sock_connect
    sock.connect(address)
OSError: [WinError 10055]          

The above exception was the direct cause of the following exception:

Traceback (most recent call last):
  File "pbft.py", line 236, in send_message
    await send_with_delay(self.session, self.node_info, target, url, data, self.bandwidth_data)
  File "pbft.py", line 63, in send_with_delay
    async with session.post(url, json=data) as resp:
  File "D:\anaconda\envs\PBFT\lib\site-packages\aiohttp\client.py", line 1141, in __aenter__
    self._resp = await self._coro
  File "D:\anaconda\envs\PBFT\lib\site-packages\aiohttp\client.py", line 537, in _request
    req, traces=traces, timeout=real_timeout
  File "D:\anaconda\envs\PBFT\lib\site-packages\aiohttp\connector.py", line 540, in connect
    proto = await self._create_connection(req, traces, timeout)
  File "D:\anaconda\envs\PBFT\lib\site-packages\aiohttp\connector.py", line 901, in _create_connection
    _, proto = await self._create_direct_connection(req, traces, timeout)
  File "D:\anaconda\envs\PBFT\lib\site-packages\aiohttp\connector.py", line 1206, in _create_direct_connection
    raise last_exc
  File "D:\anaconda\envs\PBFT\lib\site-packages\aiohttp\connector.py", line 1187, in _create_direct_connection
    client_error=client_error,
  File "D:\anaconda\envs\PBFT\lib\site-packages\aiohttp\connector.py", line 988, in _wrap_create_connection
    raise client_error(req.connection_key, exc) from exc
aiohttp.client_exceptions.ClientConnectorError: Cannot connect to host localhost:30031 ssl:default [         ]
[2025-03-07 13:59:33,340] [ERROR] [30172] Error sending to http://localhost:30064/prepare: Cannot connect to host localhost:30064 ssl:default [         ]
Traceback (most recent call last):
  File "D:\anaconda\envs\PBFT\lib\site-packages\aiohttp\connector.py", line 980, in _wrap_create_connection
    return await self._loop.create_connection(*args, **kwargs)  # type: ignore[return-value]  # noqa
  File "D:\anaconda\envs\PBFT\lib\asyncio\base_events.py", line 948, in create_connection
    raise exceptions[0]
  File "D:\anaconda\envs\PBFT\lib\asyncio\base_events.py", line 935, in create_connection
    await self.sock_connect(sock, address)
  File "D:\anaconda\envs\PBFT\lib\asyncio\selector_events.py", line 475, in sock_connect
    return await fut
  File "D:\anaconda\envs\PBFT\lib\asyncio\selector_events.py", line 480, in _sock_connect
    sock.connect(address)
OSError: [WinError 10055]          

The above exception was the direct cause of the following exception:

Traceback (most recent call last):
  File "pbft.py", line 236, in send_message
    await send_with_delay(self.session, self.node_info, target, url, data, self.bandwidth_data)
  File "pbft.py", line 63, in send_with_delay
    async with session.post(url, json=data) as resp:
  File "D:\anaconda\envs\PBFT\lib\site-packages\aiohttp\client.py", line 1141, in __aenter__
    self._resp = await self._coro
  File "D:\anaconda\envs\PBFT\lib\site-packages\aiohttp\client.py", line 537, in _request
    req, traces=traces, timeout=real_timeout
  File "D:\anaconda\envs\PBFT\lib\site-packages\aiohttp\connector.py", line 540, in connect
    proto = await self._create_connection(req, traces, timeout)
  File "D:\anaconda\envs\PBFT\lib\site-packages\aiohttp\connector.py", line 901, in _create_connection
    _, proto = await self._create_direct_connection(req, traces, timeout)
  File "D:\anaconda\envs\PBFT\lib\site-packages\aiohttp\connector.py", line 1206, in _create_direct_connection
    raise last_exc
  File "D:\anaconda\envs\PBFT\lib\site-packages\aiohttp\connector.py", line 1187, in _create_direct_connection
    client_error=client_error,
  File "D:\anaconda\envs\PBFT\lib\site-packages\aiohttp\connector.py", line 988, in _wrap_create_connection
    raise client_error(req.connection_key, exc) from exc
aiohttp.client_exceptions.ClientConnectorError: Cannot connect to host localhost:30064 ssl:default [         ]
[2025-03-07 13:59:33,342] [ERROR] [30172] Error sending to http://localhost:30163/prepare: Cannot connect to host localhost:30163 ssl:default [         ]
Traceback (most recent call last):
  File "D:\anaconda\envs\PBFT\lib\site-packages\aiohttp\connector.py", line 980, in _wrap_create_connection
    return await self._loop.create_connection(*args, **kwargs)  # type: ignore[return-value]  # noqa
  File "D:\anaconda\envs\PBFT\lib\asyncio\base_events.py", line 948, in create_connection
    raise exceptions[0]
  File "D:\anaconda\envs\PBFT\lib\asyncio\base_events.py", line 935, in create_connection
    await self.sock_connect(sock, address)
  File "D:\anaconda\envs\PBFT\lib\asyncio\selector_events.py", line 475, in sock_connect
    return await fut
  File "D:\anaconda\envs\PBFT\lib\asyncio\selector_events.py", line 480, in _sock_connect
    sock.connect(address)
OSError: [WinError 10055]          

The above exception was the direct cause of the following exception:

Traceback (most recent call last):
  File "pbft.py", line 236, in send_message
    await send_with_delay(self.session, self.node_info, target, url, data, self.bandwidth_data)
  File "pbft.py", line 63, in send_with_delay
    async with session.post(url, json=data) as resp:
  File "D:\anaconda\envs\PBFT\lib\site-packages\aiohttp\client.py", line 1141, in __aenter__
    self._resp = await self._coro
  File "D:\anaconda\envs\PBFT\lib\site-packages\aiohttp\client.py", line 537, in _request
    req, traces=traces, timeout=real_timeout
  File "D:\anaconda\envs\PBFT\lib\site-packages\aiohttp\connector.py", line 540, in connect
    proto = await self._create_connection(req, traces, timeout)
  File "D:\anaconda\envs\PBFT\lib\site-packages\aiohttp\connector.py", line 901, in _create_connection
    _, proto = await self._create_direct_connection(req, traces, timeout)
  File "D:\anaconda\envs\PBFT\lib\site-packages\aiohttp\connector.py", line 1206, in _create_direct_connection
    raise last_exc
  File "D:\anaconda\envs\PBFT\lib\site-packages\aiohttp\connector.py", line 1187, in _create_direct_connection
    client_error=client_error,
  File "D:\anaconda\envs\PBFT\lib\site-packages\aiohttp\connector.py", line 988, in _wrap_create_connection
    raise client_error(req.connection_key, exc) from exc
aiohttp.client_exceptions.ClientConnectorError: Cannot connect to host localhost:30163 ssl:default [         ]
[2025-03-07 13:59:33,342] [ERROR] [30172] Error sending to http://localhost:30086/commit: Cannot connect to host localhost:30086 ssl:default [         ]
Traceback (most recent call last):
  File "D:\anaconda\envs\PBFT\lib\site-packages\aiohttp\connector.py", line 980, in _wrap_create_connection
    return await self._loop.create_connection(*args, **kwargs)  # type: ignore[return-value]  # noqa
  File "D:\anaconda\envs\PBFT\lib\asyncio\base_events.py", line 948, in create_connection
    raise exceptions[0]
  File "D:\anaconda\envs\PBFT\lib\asyncio\base_events.py", line 935, in create_connection
    await self.sock_connect(sock, address)
  File "D:\anaconda\envs\PBFT\lib\asyncio\selector_events.py", line 475, in sock_connect
    return await fut
  File "D:\anaconda\envs\PBFT\lib\asyncio\selector_events.py", line 480, in _sock_connect
    sock.connect(address)
OSError: [WinError 10055]          

The above exception was the direct cause of the following exception:

Traceback (most recent call last):
  File "pbft.py", line 236, in send_message
    await send_with_delay(self.session, self.node_info, target, url, data, self.bandwidth_data)
  File "pbft.py", line 63, in send_with_delay
    async with session.post(url, json=data) as resp:
  File "D:\anaconda\envs\PBFT\lib\site-packages\aiohttp\client.py", line 1141, in __aenter__
    self._resp = await self._coro
  File "D:\anaconda\envs\PBFT\lib\site-packages\aiohttp\client.py", line 537, in _request
    req, traces=traces, timeout=real_timeout
  File "D:\anaconda\envs\PBFT\lib\site-packages\aiohttp\connector.py", line 540, in connect
    proto = await self._create_connection(req, traces, timeout)
  File "D:\anaconda\envs\PBFT\lib\site-packages\aiohttp\connector.py", line 901, in _create_connection
    _, proto = await self._create_direct_connection(req, traces, timeout)
  File "D:\anaconda\envs\PBFT\lib\site-packages\aiohttp\connector.py", line 1206, in _create_direct_connection
    raise last_exc
  File "D:\anaconda\envs\PBFT\lib\site-packages\aiohttp\connector.py", line 1187, in _create_direct_connection
    client_error=client_error,
  File "D:\anaconda\envs\PBFT\lib\site-packages\aiohttp\connector.py", line 988, in _wrap_create_connection
    raise client_error(req.connection_key, exc) from exc
aiohttp.client_exceptions.ClientConnectorError: Cannot connect to host localhost:30086 ssl:default [         ]
[2025-03-07 13:59:33,366] [ERROR] [30172] Error sending to http://localhost:30105/prepare: Cannot connect to host localhost:30105 ssl:default [          ]
Traceback (most recent call last):
  File "D:\anaconda\envs\PBFT\lib\site-packages\aiohttp\connector.py", line 980, in _wrap_create_connection
    return await self._loop.create_connection(*args, **kwargs)  # type: ignore[return-value]  # noqa
  File "D:\anaconda\envs\PBFT\lib\asyncio\base_events.py", line 948, in create_connection
    raise exceptions[0]
  File "D:\anaconda\envs\PBFT\lib\asyncio\base_events.py", line 935, in create_connection
    await self.sock_connect(sock, address)
  File "D:\anaconda\envs\PBFT\lib\asyncio\selector_events.py", line 475, in sock_connect
    return await fut
  File "D:\anaconda\envs\PBFT\lib\asyncio\selector_events.py", line 480, in _sock_connect
    sock.connect(address)
OSError: [WinError 10014]           

The above exception was the direct cause of the following exception:

Traceback (most recent call last):
  File "pbft.py", line 236, in send_message
    await send_with_delay(self.session, self.node_info, target, url, data, self.bandwidth_data)
  File "pbft.py", line 63, in send_with_delay
    async with session.post(url, json=data) as resp:
  File "D:\anaconda\envs\PBFT\lib\site-packages\aiohttp\client.py", line 1141, in __aenter__
    self._resp = await self._coro
  File "D:\anaconda\envs\PBFT\lib\site-packages\aiohttp\client.py", line 537, in _request
    req, traces=traces, timeout=real_timeout
  File "D:\anaconda\envs\PBFT\lib\site-packages\aiohttp\connector.py", line 540, in connect
    proto = await self._create_connection(req, traces, timeout)
  File "D:\anaconda\envs\PBFT\lib\site-packages\aiohttp\connector.py", line 901, in _create_connection
    _, proto = await self._create_direct_connection(req, traces, timeout)
  File "D:\anaconda\envs\PBFT\lib\site-packages\aiohttp\connector.py", line 1206, in _create_direct_connection
    raise last_exc
  File "D:\anaconda\envs\PBFT\lib\site-packages\aiohttp\connector.py", line 1187, in _create_direct_connection
    client_error=client_error,
  File "D:\anaconda\envs\PBFT\lib\site-packages\aiohttp\connector.py", line 988, in _wrap_create_connection
    raise client_error(req.connection_key, exc) from exc
aiohttp.client_exceptions.ClientConnectorError: Cannot connect to host localhost:30105 ssl:default [          ]
[2025-03-07 13:59:37,388] [INFO] [30172] Received PREPARE: id:1741323542381, from:30163, delay:0.0001s, distance:216.07m (Euclidean)
[2025-03-07 13:59:37,388] [INFO] [30172] Received PREPARE: id:1741323542381, from:30183, delay:0.0000s, distance:82.81m (Euclidean)
[2025-03-07 13:59:38,068] [INFO] [30172] Received COMMIT: id:1741323542381, from:30163, delay:0.0001s, distance:216.07m (Euclidean)
[2025-03-07 13:59:38,565] [INFO] [30172] Received COMMIT: id:1741323542381, from:30183, delay:0.0000s, distance:82.81m (Euclidean)
[2025-03-07 13:59:38,567] [INFO] [30172] Received PREPARE: id:1741323542381, from:30044, delay:0.0001s, distance:219.04m (Euclidean)
[2025-03-07 13:59:38,736] [INFO] [30172] Received PREPARE: id:1741323542381, from:30002, delay:0.0002s, distance:287.38m (Euclidean)
[2025-03-07 13:59:38,737] [INFO] [30172] Received COMMIT: id:1741323542381, from:30185, delay:0.0001s, distance:195.52m (Euclidean)
[2025-03-07 13:59:38,738] [INFO] [30172] Received COMMIT: id:1741323542381, from:30047, delay:0.0000s, distance:121.50m (Euclidean)
[2025-03-07 13:59:38,738] [INFO] [30172] Received PREPARE: id:1741323542381, from:30192, delay:0.0001s, distance:213.35m (Euclidean)
[2025-03-07 13:59:38,754] [INFO] [30172] Received COMMIT: id:1741323542381, from:30002, delay:0.0002s, distance:287.38m (Euclidean)
[2025-03-07 13:59:38,754] [INFO] [30172] Received COMMIT: id:1741323542381, from:30192, delay:0.0001s, distance:213.35m (Euclidean)
[2025-03-07 13:59:38,833] [INFO] [30172] Received COMMIT: id:1741323542381, from:30164, delay:0.0000s, distance:104.22m (Euclidean)
